slurmstepd: task/cgroup: unable to add task[pid=51975] to memory cg '(null)'
slurmstepd: unable to build slurm cgroup for ns memory: Cannot allocate memory
slurmstepd: jobacct_gather/cgroup: unable to instanciate user 17279 memory cgroup

=================
== KDD12
=================

LSH Initialized in Node 1
140000000 Vectors, 10000 Queries
Nodes: 2
Tables: 16
RangePow: 18
Reservoir Size: 256
Hashes: 4
CMS Bucket Size: 2048
CMS Hashes: 4

LSH Initialized in Node 0
CMS Initialized in Node 1
CMS Initialized in Node 0
LSH Reservoir Initialized in Node 1
LSH Reservoir Initialized in Node 0
FLASH Controller Initialized in Node 0

Reading Data Node 0...
FLASH Controller Initialized in Node 1

Reading Data Node 1...
[readSparse]
[readSparse]
[readSparse] Read 770000000 numbers, 70000000 vectors. 
[readSparse] Read 770000000 numbers, 70000000 vectors. 
Data Read Node 1: 271.284 Seconds

Data Read Node 0: 271.284 Seconds

[readSparse]
[readSparse] Read 110000 numbers, 10000 vectors. 
Adding Vectors Node 0...
Adding Vectors Node 1...
Node 1 Table Mem Usage ranges from 0.836826 to 0.921772, average 0.889402
Node 1 Table Mem Usage ranges from 0.993481 to 0.995274, average 0.994482
Node 1 Table Mem Usage ranges from 0.993481 to 0.995274, average 0.994482
Node 1 Table Mem Usage ranges from 0.993481 to 0.995274, average 0.994482
Node 1 Table Mem Usage ranges from 0.993481 to 0.995274, average 0.994482
Vectors Added Node 1: 134.775 Seconds

Node 0 Table Mem Usage ranges from 0.823212 to 0.914341, average 0.879667
Node 0 Table Mem Usage ranges from 0.992256 to 0.995110, average 0.994392
Node 0 Table Mem Usage ranges from 0.992256 to 0.995110, average 0.994392
Node 0 Table Mem Usage ranges from 0.992256 to 0.995110, average 0.994392
Node 0 Table Mem Usage ranges from 0.992256 to 0.995110, average 0.994392
Vectors Added Node 0: 146.133 Seconds

Computing Query Hashes Node 0...
Computing Query Hashes Node 1...
Query Hashes Computed Node 0: 0.0205906 Seconds

Extracting Top K (TREE) Node 0...
Query Hashes Computed Node 1: 0.0196113 Seconds

Extracting Top K (TREE) Node 1...
Top K (TREE) Extracted Node 1: 1.23124 Seconds

Top K (TREE) Extracted Node 0: 1.53912 Seconds

Extracting Top K (LINEAR) Node 1...
Extracting Top K (LINEAR) Node 0...
Top K (LINEAR) Extracted Node 1: 1.65832 Seconds

Top K (LINEAR) Extracted Node 0: 2.06152 Seconds

Extracting Top K (BRUTEFORCE) Node 1...
Extracting Top K (BRUTEFORCE) Node 0...
Top K (BRUTEFORCE) Extracted Node 1: 0.147196 Seconds

Top K (BRUTEFORCE) Extracted Node 0: 1.97315 Seconds

