
=================
== KDD12
=================

LSH Initialized in Node 2
LSH Initialized in Node 5
140000000 Vectors, 10000 Queries
Nodes: 6
Tables: 16
RangePow: 18
Reservoir Size: 256
Hashes: 4
CMS Bucket Size: 2048
CMS Hashes: 4

LSH Initialized in Node 0
LSH Initialized in Node 3
LSH Initialized in Node 1
LSH Initialized in Node 4
CMS Initialized in Node 2
CMS Initialized in Node 0
CMS Initialized in Node 5
CMS Initialized in Node 3
CMS Initialized in Node 1
CMS Initialized in Node 4
LSH Reservoir Initialized in Node 3
LSH Reservoir Initialized in Node 1
LSH Reservoir Initialized in Node 2
LSH Reservoir Initialized in Node 4
LSH Reservoir Initialized in Node 0
FLASH Controller Initialized in Node 0

Reading Data Node 0...
FLASH Controller Initialized in Node 2

Reading Data Node 2...
[readSparse]
[readSparse]
LSH Reservoir Initialized in Node 5
FLASH Controller Initialized in Node 5

Reading Data Node 5...
FLASH Controller Initialized in Node 1

Reading Data Node 1...
[readSparse]
FLASH Controller Initialized in Node 4

Reading Data Node 4...
[readSparse]
[readSparse]
FLASH Controller Initialized in Node 3

Reading Data Node 3...
[readSparse]
[readSparse] Read 256666685 numbers, 23333335 vectors. 
[readSparse] Read 256666685 numbers, 23333335 vectors. 
[readSparse] Read 256666674 numbers, 23333334 vectors. 
[readSparse] Read 256666674 numbers, 23333334 vectors. 
[readSparse] Read 256666674 numbers, 23333334 vectors. 
[readSparse] Read 256666674 numbers, 23333334 vectors. 
Data Read Node 0: 174.201 Seconds

Data Read Node 5: 174.201 Seconds

[readSparse]
Data Read Node 2: 174.201 Seconds

Data Read Node 4: 174.201 Seconds

Data Read Node 3: 174.2 Seconds

Data Read Node 1: 174.201 Seconds

[readSparse] Read 110000 numbers, 10000 vectors. 
Adding Vectors Node 2...
Adding Vectors Node 4...
Adding Vectors Node 0...
Adding Vectors Node 1...
Adding Vectors Node 3...
Adding Vectors Node 5...
Node 4 Table Mem Usage ranges from 0.313217 to 0.457550, average 0.411697
Node 4 Table Mem Usage ranges from 0.942474 to 0.992386, average 0.983423
Node 4 Table Mem Usage ranges from 0.989925 to 0.995358, average 0.994573
Node 4 Table Mem Usage ranges from 0.994488 to 0.996544, average 0.995246
Node 4 Table Mem Usage ranges from 0.994488 to 0.996696, average 0.995304
Vectors Added Node 4: 36.3387 Seconds

Node 3 Table Mem Usage ranges from 0.526493 to 0.627319, average 0.585087
Node 3 Table Mem Usage ranges from 0.989925 to 0.992706, average 0.991757
Node 3 Table Mem Usage ranges from 0.992119 to 0.995300, average 0.993411
Node 3 Table Mem Usage ranges from 0.992119 to 0.995495, average 0.993440
Node 3 Table Mem Usage ranges from 0.992119 to 0.995495, average 0.993441
Vectors Added Node 3: 40.883 Seconds

Node 5 Table Mem Usage ranges from 0.508583 to 0.612915, average 0.568413
Node 5 Table Mem Usage ranges from 0.988468 to 0.991611, average 0.990785
Node 5 Table Mem Usage ranges from 0.991550 to 0.993740, average 0.992460
Node 5 Table Mem Usage ranges from 0.991550 to 0.993866, average 0.992484
Node 5 Table Mem Usage ranges from 0.991550 to 0.993870, average 0.992485
Vectors Added Node 5: 41.582 Seconds

Node 2 Table Mem Usage ranges from 0.521297 to 0.621578, average 0.579004
Node 2 Table Mem Usage ranges from 0.989513 to 0.993736, average 0.992445
Node 2 Table Mem Usage ranges from 0.991940 to 0.994804, average 0.994095
Node 2 Table Mem Usage ranges from 0.991940 to 0.994957, average 0.994122
Node 2 Table Mem Usage ranges from 0.991940 to 0.994957, average 0.994122
Vectors Added Node 2: 42.9768 Seconds

Node 0 Table Mem Usage ranges from 0.509312 to 0.614193, average 0.570119
Node 0 Table Mem Usage ranges from 0.990490 to 0.993599, average 0.991860
Node 0 Table Mem Usage ranges from 0.992184 to 0.995781, average 0.993556
Node 0 Table Mem Usage ranges from 0.992191 to 0.995926, average 0.993583
Node 0 Table Mem Usage ranges from 0.992191 to 0.995930, average 0.993583
Vectors Added Node 0: 43.0252 Seconds

Computing Query Hashes Node 0...
Computing Query Hashes Node 3...
Computing Query Hashes Node 2...
Node 1 Table Mem Usage ranges from 0.505798 to 0.610229, average 0.566984
Node 1 Table Mem Usage ranges from 0.989548 to 0.993771, average 0.992170
Node 1 Table Mem Usage ranges from 0.992638 to 0.994934, average 0.993829
Node 1 Table Mem Usage ranges from 0.992641 to 0.995045, average 0.993850
Node 1 Table Mem Usage ranges from 0.992641 to 0.995045, average 0.993850
Vectors Added Node 1: 43.1939 Seconds

Computing Query Hashes Node 4...
Computing Query Hashes Node 5...
Computing Query Hashes Node 1...
Query Hashes Computed Node 0: 0.0111273 Seconds

Extracting Top K (TREE) Node 0...
Query Hashes Computed Node 3: 0.0111495 Seconds

Extracting Top K (TREE) Node 3...
Query Hashes Computed Node 2: 0.0111355 Seconds

Extracting Top K (TREE) Node 2...
Query Hashes Computed Node 1: 0.0110949 Seconds

Extracting Top K (TREE) Node 1...
Query Hashes Computed Node 4: 0.0111434 Seconds

Extracting Top K (TREE) Node 4...
Query Hashes Computed Node 5: 0.0111253 Seconds

Extracting Top K (TREE) Node 5...
Top K (TREE) Extracted Node 5: 0.915856 Seconds

Top K (TREE) Extracted Node 1: 0.924185 Seconds

Top K (TREE) Extracted Node 3: 0.932999 Seconds

Top K (TREE) Extracted Node 2: 1.15012 Seconds

Top K (TREE) Extracted Node 4: 1.33656 Seconds

Top K (TREE) Extracted Node 0: 1.59391 Seconds

Extracting Top K (LINEAR) Node 3...
Extracting Top K (LINEAR) Node 1...
Extracting Top K (LINEAR) Node 5...
Extracting Top K (LINEAR) Node 0...
Extracting Top K (LINEAR) Node 2...
Extracting Top K (LINEAR) Node 4...
Top K (LINEAR) Extracted Node 1: 0.96368 Seconds

Top K (LINEAR) Extracted Node 2: 1.12307 Seconds

Top K (LINEAR) Extracted Node 3: 1.28981 Seconds

Top K (LINEAR) Extracted Node 4: 1.51489 Seconds

Top K (LINEAR) Extracted Node 5: 1.73117 Seconds

Top K (LINEAR) Extracted Node 0: 2.71822 Seconds

Extracting Top K (BRUTEFORCE) Node 0...
Extracting Top K (BRUTEFORCE) Node 3...
Extracting Top K (BRUTEFORCE) Node 2...
Extracting Top K (BRUTEFORCE) Node 1...
Extracting Top K (BRUTEFORCE) Node 4...
Extracting Top K (BRUTEFORCE) Node 5...
Top K (BRUTEFORCE) Extracted Node 1: 0.150065 Seconds

Top K (BRUTEFORCE) Extracted Node 2: 0.190881 Seconds

Top K (BRUTEFORCE) Extracted Node 3: 0.231858 Seconds

Top K (BRUTEFORCE) Extracted Node 4: 0.271599 Seconds

Top K (BRUTEFORCE) Extracted Node 5: 0.334147 Seconds

Top K (BRUTEFORCE) Extracted Node 0: 4.01938 Seconds

slurmstepd: Exceeded step memory limit at some point.
