
=================
== KDD12
=================

140000000 Vectors, 10000 Queries
Nodes: 5
Tables: 16
RangePow: 18
Reservoir Size: 256
Hashes: 4
CMS Bucket Size: 2048
CMS Hashes: 4

LSH Initialized in Node 0
LSH Initialized in Node 2
LSH Initialized in Node 4
LSH Initialized in Node 3
LSH Initialized in Node 1
CMS Initialized in Node 0
CMS Initialized in Node 2
CMS Initialized in Node 4
CMS Initialized in Node 3
CMS Initialized in Node 1
LSH Reservoir Initialized in Node 0
LSH Reservoir Initialized in Node 2
LSH Reservoir Initialized in Node 3
LSH Reservoir Initialized in Node 4
FLASH Controller Initialized in Node 0

Reading Data Node 0...
LSH Reservoir Initialized in Node 1
[readSparse]
FLASH Controller Initialized in Node 4

Reading Data Node 4...
FLASH Controller Initialized in Node 2

Reading Data Node 2...
FLASH Controller Initialized in Node 3

Reading Data Node 3...
[readSparse]
FLASH Controller Initialized in Node 1

Reading Data Node 1...
[readSparse]
[readSparse]
[readSparse]
[readSparse] Read 308000000 numbers, 28000000 vectors. 
[readSparse] Read 308000000 numbers, 28000000 vectors. 
[readSparse] Read 308000000 numbers, 28000000 vectors. 
[readSparse] Read 308000000 numbers, 28000000 vectors. 
[readSparse] Read 308000000 numbers, 28000000 vectors. 
Data Read Node 4: 151.409 Seconds

Data Read Node 0: 151.409 Seconds

[readSparse]
Data Read Node 2: 151.409 Seconds

Data Read Node 3: 151.409 Seconds

Data Read Node 1: 151.409 Seconds

[readSparse] Read 110000 numbers, 10000 vectors. 
Adding Vectors Node 0...
Adding Vectors Node 2...
Adding Vectors Node 3...
Adding Vectors Node 1...
Adding Vectors Node 4...
Node 3 Table Mem Usage ranges from 0.355392 to 0.507969, average 0.460687
Node 3 Table Mem Usage ranges from 0.961838 to 0.994167, average 0.989013
Node 3 Table Mem Usage ranges from 0.993908 to 0.995865, average 0.995105
Node 3 Table Mem Usage ranges from 0.993912 to 0.996735, average 0.995349
Node 3 Table Mem Usage ranges from 0.993912 to 0.996998, average 0.995369
Vectors Added Node 3: 43.3279 Seconds

Node 2 Table Mem Usage ranges from 0.567104 to 0.672195, average 0.628384
Node 2 Table Mem Usage ranges from 0.991680 to 0.993629, average 0.993047
Node 2 Table Mem Usage ranges from 0.991951 to 0.994659, average 0.993683
Node 2 Table Mem Usage ranges from 0.991951 to 0.994686, average 0.993688
Node 2 Table Mem Usage ranges from 0.991951 to 0.994686, average 0.993688
Vectors Added Node 2: 47.7936 Seconds

Node 0 Table Mem Usage ranges from 0.561867 to 0.673080, average 0.626615
Node 0 Table Mem Usage ranges from 0.992111 to 0.994400, average 0.993047
Node 0 Table Mem Usage ranges from 0.992302 to 0.995350, average 0.993710
Node 0 Table Mem Usage ranges from 0.992302 to 0.995384, average 0.993716
Node 0 Table Mem Usage ranges from 0.992302 to 0.995384, average 0.993716
Vectors Added Node 0: 49.116 Seconds

Node 4 Table Mem Usage ranges from 0.345604 to 0.511929, average 0.455455
Node 4 Table Mem Usage ranges from 0.988392 to 0.994446, average 0.993268
Node 4 Table Mem Usage ranges from 0.994144 to 0.996365, average 0.995035
Node 4 Table Mem Usage ranges from 0.994144 to 0.996433, average 0.995044
Node 4 Table Mem Usage ranges from 0.994144 to 0.996437, average 0.995044
Vectors Added Node 4: 62.2249 Seconds

Computing Query Hashes Node 0...
Computing Query Hashes Node 4...
Node 1 Table Mem Usage ranges from 0.565567 to 0.673176, average 0.628716
Node 1 Table Mem Usage ranges from 0.992603 to 0.995327, average 0.993645
Node 1 Table Mem Usage ranges from 0.992863 to 0.996273, average 0.994276
Node 1 Table Mem Usage ranges from 0.992863 to 0.996311, average 0.994282
Node 1 Table Mem Usage ranges from 0.992863 to 0.996311, average 0.994282
Vectors Added Node 1: 62.4654 Seconds

Computing Query Hashes Node 1...
Computing Query Hashes Node 2...
Computing Query Hashes Node 3...
Query Hashes Computed Node 0: 0.0148178 Seconds

Extracting Top K (TREE) Node 0...
Query Hashes Computed Node 3: 0.0110032 Seconds

Extracting Top K (TREE) Node 3...
Query Hashes Computed Node 4: 0.0110691 Seconds

Extracting Top K (TREE) Node 4...
Query Hashes Computed Node 1: 0.0109102 Seconds

Extracting Top K (TREE) Node 1...
Query Hashes Computed Node 2: 0.0109402 Seconds

Extracting Top K (TREE) Node 2...
Top K (TREE) Extracted Node 3: 0.894345 Seconds

Top K (TREE) Extracted Node 1: 1.02427 Seconds

Top K (TREE) Extracted Node 2: 1.22685 Seconds

Top K (TREE) Extracted Node 4: 1.40847 Seconds

Top K (TREE) Extracted Node 0: 1.65211 Seconds

Extracting Top K (LINEAR) Node 0...
Extracting Top K (LINEAR) Node 2...
Extracting Top K (LINEAR) Node 3...
Extracting Top K (LINEAR) Node 4...
Extracting Top K (LINEAR) Node 1...
Top K (LINEAR) Extracted Node 1: 1.0231 Seconds

Top K (LINEAR) Extracted Node 2: 1.18254 Seconds

Top K (LINEAR) Extracted Node 3: 1.50435 Seconds

Top K (LINEAR) Extracted Node 4: 1.66298 Seconds

Top K (LINEAR) Extracted Node 0: 2.46035 Seconds

Extracting Top K (BRUTEFORCE) Node 0...
Extracting Top K (BRUTEFORCE) Node 2...
Extracting Top K (BRUTEFORCE) Node 3...
Extracting Top K (BRUTEFORCE) Node 4...
Extracting Top K (BRUTEFORCE) Node 1...
Top K (BRUTEFORCE) Extracted Node 1: 0.130816 Seconds

Top K (BRUTEFORCE) Extracted Node 2: 0.170114 Seconds

Top K (BRUTEFORCE) Extracted Node 3: 0.259727 Seconds

Top K (BRUTEFORCE) Extracted Node 4: 0.298275 Seconds

Top K (BRUTEFORCE) Extracted Node 0: 3.32181 Seconds

