slurmstepd: task/cgroup: unable to add task[pid=56832] to memory cg '(null)'
slurmstepd: unable to build slurm cgroup for ns memory: Cannot allocate memory
slurmstepd: jobacct_gather/cgroup: unable to instanciate user 17279 memory cgroup
slurmstepd: task/cgroup: unable to add task[pid=56896] to memory cg '(null)'
slurmstepd: task/cgroup: unable to add task[pid=56897] to memory cg '(null)'
slurmstepd: task/cgroup: unable to add task[pid=56898] to memory cg '(null)'
slurmstepd: unable to build slurm cgroup for ns memory: Cannot allocate memory
slurmstepd: jobacct_gather/cgroup: unable to instanciate user 17279 memory cgroup
slurmstepd: unable to build slurm cgroup for ns memory: Cannot allocate memory
slurmstepd: jobacct_gather/cgroup: unable to instanciate user 17279 memory cgroup
slurmstepd: unable to build slurm cgroup for ns memory: Cannot allocate memory
slurmstepd: jobacct_gather/cgroup: unable to instanciate user 17279 memory cgroup

=================
== KDD12
=================

140000000 Vectors, 10000 Queries
Nodes: 3
Tables: 16
RangePow: 18
Reservoir Size: 256
Hashes: 4
CMS Bucket Size: 2048
CMS Hashes: 4

LSH Initialized in Node 0
LSH Initialized in Node 1
LSH Initialized in Node 2
CMS Initialized in Node 0
CMS Initialized in Node 1
CMS Initialized in Node 2
LSH Reservoir Initialized in Node 1
LSH Reservoir Initialized in Node 0
FLASH Controller Initialized in Node 0

Reading Data Node 0...
LSH Reservoir Initialized in Node 2
FLASH Controller Initialized in Node 2

Reading Data Node 2...
[readSparse]
FLASH Controller Initialized in Node 1

Reading Data Node 1...
[readSparse]
[readSparse]
[readSparse] Read 513333359 numbers, 46666669 vectors. 
[readSparse] Read 513333359 numbers, 46666669 vectors. 
[readSparse] Read 513333348 numbers, 46666668 vectors. 
Data Read Node 2: 170.51 Seconds

Data Read Node 0: 170.51 Seconds

Data Read Node 1: 170.51 Seconds

[readSparse]
[readSparse] Read 110000 numbers, 10000 vectors. 
Adding Vectors Node 0...
Adding Vectors Node 1...
Adding Vectors Node 2...
Node 1 Table Mem Usage ranges from 0.716549 to 0.821640, average 0.776117
Node 1 Table Mem Usage ranges from 0.972672 to 0.981464, average 0.977453
Node 1 Table Mem Usage ranges from 0.972672 to 0.981464, average 0.977469
Node 1 Table Mem Usage ranges from 0.972672 to 0.981464, average 0.977469
Node 1 Table Mem Usage ranges from 0.972672 to 0.981464, average 0.977469
Vectors Added Node 1: 49.1629 Seconds

Node 2 Table Mem Usage ranges from 0.497181 to 0.680717, average 0.625453
Node 2 Table Mem Usage ranges from 0.980469 to 0.987011, average 0.983675
Node 2 Table Mem Usage ranges from 0.980488 to 0.989429, average 0.984254
Node 2 Table Mem Usage ranges from 0.980488 to 0.989529, average 0.984261
Node 2 Table Mem Usage ranges from 0.980488 to 0.989529, average 0.984261
Vectors Added Node 2: 53.543 Seconds

Node 0 Table Mem Usage ranges from 0.708561 to 0.810898, average 0.763694
Node 0 Table Mem Usage ranges from 0.943604 to 0.988571, average 0.976630
Node 0 Table Mem Usage ranges from 0.943604 to 0.988663, average 0.976649
Node 0 Table Mem Usage ranges from 0.943604 to 0.988663, average 0.976649
Node 0 Table Mem Usage ranges from 0.943604 to 0.988663, average 0.976649
Vectors Added Node 0: 56.4918 Seconds

Computing Query Hashes Node 0...
Computing Query Hashes Node 1...
Computing Query Hashes Node 2...
Query Hashes Computed Node 0: 0.00193537 Seconds

Query Hashes Computed Node 2: 0.00204338 Seconds

Query Hashes Computed Node 1: 0.00207781 Seconds

Extracting Top K (TREE) Node 0...
Extracting Top K (TREE) Node 1...
Extracting Top K (TREE) Node 2...
Top K (TREE) Extracted Node 1: 0.711165 Seconds

Top K (TREE) Extracted Node 2: 0.939747 Seconds

Top K (TREE) Extracted Node 0: 1.05611 Seconds

Extracting Top K (LINEAR) Node 0...
Extracting Top K (LINEAR) Node 1...
Extracting Top K (LINEAR) Node 2...
Top K (LINEAR) Extracted Node 1: 0.70229 Seconds

Top K (LINEAR) Extracted Node 2: 1.14174 Seconds

Top K (LINEAR) Extracted Node 0: 1.37085 Seconds

Extracting Top K (BRUTEFORCE) Node 0...
Extracting Top K (BRUTEFORCE) Node 1...
Extracting Top K (BRUTEFORCE) Node 2...
Top K (BRUTEFORCE) Extracted Node 1: 0.125258 Seconds

Top K (BRUTEFORCE) Extracted Node 2: 0.229735 Seconds

Top K (BRUTEFORCE) Extracted Node 0: 1.22043 Seconds

[readSparse]
[readSparse] Read 1540110000 numbers, 140010000 vectors. 


================================
TOP K TREE

[similarityMetric] Averaging output. 

S@k = s_out(s_true): In top k, average output similarity (average groundtruth similarity). 
S@1 = 0.824 
S@10 = 0.779 
S@20 = 0.753 
S@30 = 0.733 
S@32 = 0.729 
S@40 = 0.716 
S@50 = 0.701 
S@64 = 0.683 
S@100 = 0.648 
S@128 = 0.626 
1 10 20 30 32 40 50 64 100 128 
0.824 0.779 0.753 0.733 0.729 0.716 0.701 0.683 0.648 0.626 


================================
TOP K LINEAR

[similarityMetric] Averaging output. 

S@k = s_out(s_true): In top k, average output similarity (average groundtruth similarity). 
S@1 = 0.822 
S@10 = 0.775 
S@20 = 0.748 
S@30 = 0.727 
S@32 = 0.723 
S@40 = 0.710 
S@50 = 0.695 
S@64 = 0.678 
S@100 = 0.646 
S@128 = 0.626 
1 10 20 30 32 40 50 64 100 128 
0.822 0.775 0.748 0.727 0.723 0.710 0.695 0.678 0.646 0.626 


================================
TOP K BRUTEFORCE

[similarityMetric] Averaging output. 

S@k = s_out(s_true): In top k, average output similarity (average groundtruth similarity). 
S@1 = 0.838 
S@10 = 0.804 
S@20 = 0.787 
S@30 = 0.774 
S@32 = 0.772 
S@40 = 0.764 
S@50 = 0.754 
S@64 = 0.743 
S@100 = 0.723 
S@128 = 0.709 
1 10 20 30 32 40 50 64 100 128 
0.838 0.804 0.787 0.774 0.772 0.764 0.754 0.743 0.723 0.709 
Similarity Metric Computed
