
=================
== KDD12
=================

LSH Initialized in Node 1
LSH Initialized in Node 2
LSH Initialized in Node 3
140000000 Vectors, 10000 Queries
Nodes: 4
Tables: 16
RangePow: 18
Reservoir Size: 256
Hashes: 4
CMS Bucket Size: 2048
CMS Hashes: 4

LSH Initialized in Node 0
CMS Initialized in Node 0
CMS Initialized in Node 2
CMS Initialized in Node 3
CMS Initialized in Node 1
LSH Reservoir Initialized in Node 0
LSH Reservoir Initialized in Node 1
LSH Reservoir Initialized in Node 2
FLASH Controller Initialized in Node 0

Reading Data Node 0...
[readSparse]
FLASH Controller Initialized in Node 1

Reading Data Node 1...
LSH Reservoir Initialized in Node 3
FLASH Controller Initialized in Node 3

Reading Data Node 3...
[readSparse]
FLASH Controller Initialized in Node 2

Reading Data Node 2...
[readSparse]
[readSparse]
[readSparse] Read 385000000 numbers, 35000000 vectors. 
[readSparse] Read 385000000 numbers, 35000000 vectors. 
[readSparse] Read 385000000 numbers, 35000000 vectors. 
[readSparse] Read 385000000 numbers, 35000000 vectors. 
Data Read Node 3: 132.247 Seconds

Data Read Node 0: 132.247 Seconds

[readSparse]
Data Read Node 2: 132.247 Seconds

Data Read Node 1: 132.247 Seconds

[readSparse] Read 110000 numbers, 10000 vectors. 
Adding Vectors Node 1...
Adding Vectors Node 0...
Adding Vectors Node 2...
Adding Vectors Node 3...
Node 2 Table Mem Usage ranges from 0.645313 to 0.755726, average 0.710841
Node 2 Table Mem Usage ranges from 0.992748 to 0.993927, average 0.993283
Node 2 Table Mem Usage ranges from 0.992748 to 0.994259, average 0.993440
Node 2 Table Mem Usage ranges from 0.992748 to 0.994259, average 0.993441
Node 2 Table Mem Usage ranges from 0.992748 to 0.994259, average 0.993441
Vectors Added Node 2: 59.0793 Seconds

Node 3 Table Mem Usage ranges from 0.407127 to 0.586060, average 0.530675
Node 3 Table Mem Usage ranges from 0.980312 to 0.994320, average 0.992638
Node 3 Table Mem Usage ranges from 0.993893 to 0.996403, average 0.994932
Node 3 Table Mem Usage ranges from 0.993893 to 0.996513, average 0.994941
Node 3 Table Mem Usage ranges from 0.993893 to 0.996513, average 0.994941
Vectors Added Node 3: 60.6248 Seconds

Node 1 Table Mem Usage ranges from 0.635132 to 0.743073, average 0.699999
Node 1 Table Mem Usage ranges from 0.991920 to 0.995667, average 0.993372
Node 1 Table Mem Usage ranges from 0.991947 to 0.996101, average 0.993522
Node 1 Table Mem Usage ranges from 0.991947 to 0.996101, average 0.993522
Node 1 Table Mem Usage ranges from 0.991947 to 0.996101, average 0.993522
Vectors Added Node 1: 62.937 Seconds

Node 0 Table Mem Usage ranges from 0.628178 to 0.743584, average 0.696136
Node 0 Table Mem Usage ranges from 0.992649 to 0.994946, average 0.993614
Node 0 Table Mem Usage ranges from 0.992752 to 0.994980, average 0.993783
Node 0 Table Mem Usage ranges from 0.992752 to 0.994980, average 0.993783
Node 0 Table Mem Usage ranges from 0.992752 to 0.994980, average 0.993783
Vectors Added Node 0: 63.5628 Seconds

Computing Query Hashes Node 1...
Computing Query Hashes Node 0...
Computing Query Hashes Node 2...
Computing Query Hashes Node 3...
Query Hashes Computed Node 1: 0.00698734 Seconds

Extracting Top K (TREE) Node 1...
Query Hashes Computed Node 0: 0.00706423 Seconds

Extracting Top K (TREE) Node 0...
Query Hashes Computed Node 2: 0.0069643 Seconds

Extracting Top K (TREE) Node 2...
Query Hashes Computed Node 3: 0.0070912 Seconds

Extracting Top K (TREE) Node 3...
Top K (TREE) Extracted Node 1: 0.947785 Seconds

Top K (TREE) Extracted Node 3: 0.957777 Seconds

Top K (TREE) Extracted Node 2: 1.15911 Seconds

Top K (TREE) Extracted Node 0: 1.40631 Seconds

Extracting Top K (LINEAR) Node 0...
Extracting Top K (LINEAR) Node 2...
Extracting Top K (LINEAR) Node 3...
Extracting Top K (LINEAR) Node 1...
Top K (LINEAR) Extracted Node 1: 0.998079 Seconds

Top K (LINEAR) Extracted Node 2: 1.3208 Seconds

Top K (LINEAR) Extracted Node 3: 1.47786 Seconds

Top K (LINEAR) Extracted Node 0: 2.1145 Seconds

Extracting Top K (BRUTEFORCE) Node 0...
Extracting Top K (BRUTEFORCE) Node 3...
Extracting Top K (BRUTEFORCE) Node 1...
Extracting Top K (BRUTEFORCE) Node 2...
Top K (BRUTEFORCE) Extracted Node 1: 0.130768 Seconds

Top K (BRUTEFORCE) Extracted Node 2: 0.218557 Seconds

Top K (BRUTEFORCE) Extracted Node 3: 0.256888 Seconds

Top K (BRUTEFORCE) Extracted Node 0: 2.80798 Seconds

