
=================
== KDD12
=================

140000000 Vectors, 10000 Queries
Nodes: 13
Tables: 16
RangePow: 18
Reservoir Size: 256
Hashes: 4
CMS Bucket Size: 2048
CMS Hashes: 4

LSH Initialized in Node 0
LSH Initialized in Node 5
LSH Initialized in Node 8
LSH Initialized in Node 9
LSH Initialized in Node 2
LSH Initialized in Node 12
LSH Initialized in Node 1
LSH Initialized in Node 6
LSH Initialized in Node 10
LSH Initialized in Node 4
LSH Initialized in Node 7
LSH Initialized in Node 11
LSH Initialized in Node 3
CMS Initialized in Node 3
CMS Initialized in Node 4
CMS Initialized in Node 5
CMS Initialized in Node 12
CMS Initialized in Node 8
CMS Initialized in Node 9
CMS Initialized in Node 1
CMS Initialized in Node 7
CMS Initialized in Node 11
CMS Initialized in Node 0
CMS Initialized in Node 6
CMS Initialized in Node 2
CMS Initialized in Node 10
LSH Reservoir Initialized in Node 11
LSH Reservoir Initialized in Node 6
LSH Reservoir Initialized in Node 4
LSH Reservoir Initialized in Node 5
LSH Reservoir Initialized in Node 3
LSH Reservoir Initialized in Node 9
LSH Reservoir Initialized in Node 7
LSH Reservoir Initialized in Node 8
LSH Reservoir Initialized in Node 1
LSH Reservoir Initialized in Node 12
LSH Reservoir Initialized in Node 2
LSH Reservoir Initialized in Node 0
LSH Reservoir Initialized in Node 10
FLASH Controller Initialized in Node 3

Reading Data Node 3...
FLASH Controller Initialized in Node 12

Reading Data Node 12...
FLASH Controller Initialized in Node 8

Reading Data Node 8...
FLASH Controller Initialized in Node 9

Reading Data Node 9...
FLASH Controller Initialized in Node 1

Reading Data Node 1...
FLASH Controller Initialized in Node 6

Reading Data Node 6...
FLASH Controller Initialized in Node 10

Reading Data Node 10...
FLASH Controller Initialized in Node 0

Reading Data Node 0...
[readSparse]
[readSparse]
FLASH Controller Initialized in Node 2

Reading Data Node 2...
[readSparse]
FLASH Controller Initialized in Node 5

Reading Data Node 5...
[readSparse]
[readSparse]
[readSparse]
FLASH Controller Initialized in Node 7

Reading Data Node 7...
FLASH Controller Initialized in Node 11

Reading Data Node 11...
[readSparse]
FLASH Controller Initialized in Node 4

Reading Data Node 4...
[readSparse]
[readSparse]
[readSparse]
[readSparse]
[readSparse]
[readSparse]
[readSparse] Read 118461552 numbers, 10769232 vectors. 
[readSparse] Read 118461552 numbers, 10769232 vectors. 
[readSparse] Read 118461552 numbers, 10769232 vectors. 
[readSparse] Read 118461552 numbers, 10769232 vectors. 
[readSparse] Read 118461552 numbers, 10769232 vectors. 
[readSparse] Read 118461552 numbers, 10769232 vectors. 
[readSparse] Read 118461552 numbers, 10769232 vectors. 
[readSparse] Read 118461541 numbers, 10769231 vectors. 
[readSparse] Read 118461552 numbers, 10769232 vectors. 
[readSparse] Read 118461552 numbers, 10769232 vectors. 
[readSparse] Read 118461552 numbers, 10769232 vectors. 
[readSparse] Read 118461541 numbers, 10769231 vectors. 
[readSparse] Read 118461541 numbers, 10769231 vectors. 
Data Read Node 11: 131.873 Seconds

Data Read Node 0: 131.873 Seconds

Data Read Node 3: 131.873 Seconds

[readSparse]
Data Read Node 6: 131.873 Seconds

Data Read Node 8: 131.873 Seconds

Data Read Node 7: 131.873 Seconds

Data Read Node 4: 131.873 Seconds

Data Read Node 2: 131.873 Seconds

Data Read Node 5: 131.873 Seconds

Data Read Node 12: 131.873 Seconds

Data Read Node 9: 131.873 Seconds

Data Read Node 1: 131.873 Seconds

Data Read Node 10: 131.873 Seconds

[readSparse] Read 110000 numbers, 10000 vectors. 
Adding Vectors Node 0...
Adding Vectors Node 3...
Adding Vectors Node 11...
Adding Vectors Node 12...
Adding Vectors Node 8...
Adding Vectors Node 7...
Adding Vectors Node 6...
Adding Vectors Node 4...
Adding Vectors Node 2...
Adding Vectors Node 5...
Adding Vectors Node 9...
Adding Vectors Node 1...
Adding Vectors Node 10...
Node 8 Table Mem Usage ranges from 0.168095 to 0.256268, average 0.221924
Node 8 Table Mem Usage ranges from 0.778828 to 0.942101, average 0.896813
Node 8 Table Mem Usage ranges from 0.921963 to 0.989819, average 0.976302
Node 8 Table Mem Usage ranges from 0.969540 to 0.993931, average 0.990489
Node 8 Table Mem Usage ranges from 0.986645 to 0.994762, average 0.993775
Vectors Added Node 8: 18.525 Seconds

Node 9 Table Mem Usage ranges from 0.166203 to 0.249790, average 0.222288
Node 9 Table Mem Usage ranges from 0.779224 to 0.941586, average 0.899523
Node 9 Table Mem Usage ranges from 0.922462 to 0.989773, average 0.976846
Node 9 Table Mem Usage ranges from 0.969341 to 0.994396, average 0.990572
Node 9 Table Mem Usage ranges from 0.986401 to 0.995216, average 0.993731
Vectors Added Node 9: 19.0945 Seconds

Node 11 Table Mem Usage ranges from 0.321983 to 0.391491, average 0.361888
Node 11 Table Mem Usage ranges from 0.936455 to 0.977551, average 0.962883
Node 11 Table Mem Usage ranges from 0.985394 to 0.992878, average 0.990647
Node 11 Table Mem Usage ranges from 0.991081 to 0.994507, average 0.993351
Node 11 Table Mem Usage ranges from 0.991112 to 0.994774, average 0.993677
Vectors Added Node 11: 19.5892 Seconds

Node 0 Table Mem Usage ranges from 0.310204 to 0.383400, average 0.352558
Node 0 Table Mem Usage ranges from 0.929913 to 0.976089, average 0.959353
Node 0 Table Mem Usage ranges from 0.985954 to 0.993114, average 0.990554
Node 0 Table Mem Usage ranges from 0.992603 to 0.994331, average 0.993325
Node 0 Table Mem Usage ranges from 0.992737 to 0.994713, average 0.993678
Vectors Added Node 0: 19.9231 Seconds

Node 7 Table Mem Usage ranges from 0.322464 to 0.390190, average 0.363078
Node 7 Table Mem Usage ranges from 0.934906 to 0.977024, average 0.962432
Node 7 Table Mem Usage ranges from 0.982559 to 0.991875, average 0.989534
Node 7 Table Mem Usage ranges from 0.990749 to 0.993526, average 0.992833
Node 7 Table Mem Usage ranges from 0.992790 to 0.994358, average 0.993464
Vectors Added Node 7: 20.1661 Seconds

Node 5 Table Mem Usage ranges from 0.321877 to 0.393921, average 0.362363
Node 5 Table Mem Usage ranges from 0.933739 to 0.976463, average 0.961426
Node 5 Table Mem Usage ranges from 0.985878 to 0.992943, average 0.990579
Node 5 Table Mem Usage ranges from 0.992496 to 0.994164, average 0.993356
Node 5 Table Mem Usage ranges from 0.992603 to 0.994652, average 0.993685
Vectors Added Node 5: 20.5907 Seconds

Node 3 Table Mem Usage ranges from 0.318569 to 0.388680, average 0.358579
Node 3 Table Mem Usage ranges from 0.930702 to 0.976017, average 0.960097
Node 3 Table Mem Usage ranges from 0.985432 to 0.993107, average 0.990572
Node 3 Table Mem Usage ranges from 0.992569 to 0.994339, average 0.993373
Node 3 Table Mem Usage ranges from 0.992771 to 0.994663, average 0.993693
Vectors Added Node 3: 20.7149 Seconds

Node 4 Table Mem Usage ranges from 0.318905 to 0.389500, average 0.359473
Node 4 Table Mem Usage ranges from 0.933838 to 0.975975, average 0.960753
Node 4 Table Mem Usage ranges from 0.986538 to 0.992271, average 0.990424
Node 4 Table Mem Usage ranges from 0.991882 to 0.994678, average 0.993228
Node 4 Table Mem Usage ranges from 0.991951 to 0.995331, average 0.993559
Vectors Added Node 4: 20.7205 Seconds

Node 6 Table Mem Usage ranges from 0.320736 to 0.392178, average 0.362028
Node 6 Table Mem Usage ranges from 0.933281 to 0.977936, average 0.961427
Node 6 Table Mem Usage ranges from 0.984524 to 0.993511, average 0.990023
Node 6 Table Mem Usage ranges from 0.991776 to 0.994682, average 0.992842
Node 6 Table Mem Usage ranges from 0.991917 to 0.994743, average 0.993168
Vectors Added Node 6: 21.4908 Seconds

Node 10 Table Mem Usage ranges from 0.162170 to 0.245060, average 0.220517
Node 10 Table Mem Usage ranges from 0.787853 to 0.940388, average 0.900654
Node 10 Table Mem Usage ranges from 0.927021 to 0.990826, average 0.977941
Node 10 Table Mem Usage ranges from 0.972019 to 0.994667, average 0.991431
Node 10 Table Mem Usage ranges from 0.991291 to 0.995510, average 0.994901
Vectors Added Node 10: 21.8063 Seconds

Node 12 Table Mem Usage ranges from 0.313065 to 0.382778, average 0.353836
Node 12 Table Mem Usage ranges from 0.936150 to 0.977459, average 0.962683
Node 12 Table Mem Usage ranges from 0.985909 to 0.993073, average 0.990717
Node 12 Table Mem Usage ranges from 0.990860 to 0.994846, average 0.993379
Node 12 Table Mem Usage ranges from 0.990887 to 0.995037, average 0.993726
Vectors Added Node 12: 22.3613 Seconds

Node 1 Table Mem Usage ranges from 0.314926 to 0.386860, average 0.356270
Node 1 Table Mem Usage ranges from 0.929962 to 0.974930, average 0.958958
Node 1 Table Mem Usage ranges from 0.985188 to 0.991890, average 0.990150
Node 1 Table Mem Usage ranges from 0.992321 to 0.993401, average 0.992958
Node 1 Table Mem Usage ranges from 0.992374 to 0.994110, average 0.993304
Vectors Added Node 1: 23.2797 Seconds

Computing Query Hashes Node 0...
Computing Query Hashes Node 3...
Computing Query Hashes Node 4...
Node 2 Table Mem Usage ranges from 0.319599 to 0.386539, average 0.357913
Node 2 Table Mem Usage ranges from 0.932304 to 0.975323, average 0.960046
Node 2 Table Mem Usage ranges from 0.987198 to 0.992363, average 0.990999
Node 2 Table Mem Usage ranges from 0.992336 to 0.995796, average 0.993781
Node 2 Table Mem Usage ranges from 0.992443 to 0.996288, average 0.994119
Vectors Added Node 2: 23.6539 Seconds

Computing Query Hashes Node 5...
Computing Query Hashes Node 12...
Computing Query Hashes Node 8...
Computing Query Hashes Node 9...
Computing Query Hashes Node 1...
Computing Query Hashes Node 7...
Computing Query Hashes Node 11...
Computing Query Hashes Node 6...
Computing Query Hashes Node 10...
Computing Query Hashes Node 2...
Query Hashes Computed Node 4: 0.00674686 Seconds

Query Hashes Computed Node 8: 0.00656836 Seconds

Query Hashes Computed Node 1: 0.00683125 Seconds

Query Hashes Computed Node 11: 0.00687243 Seconds

Query Hashes Computed Node 5: 0.0111063 Seconds

Query Hashes Computed Node 0: 0.00686695 Seconds

Query Hashes Computed Node 6: 0.00671089 Seconds

Extracting Top K (TREE) Node 0...
Query Hashes Computed Node 3: 0.0112401 Seconds

Extracting Top K (TREE) Node 5...
Extracting Top K (TREE) Node 11...
Extracting Top K (TREE) Node 6...
Extracting Top K (TREE) Node 3...
Extracting Top K (TREE) Node 4...
Query Hashes Computed Node 2: 0.00682159 Seconds

Extracting Top K (TREE) Node 2...
Query Hashes Computed Node 12: 0.00687377 Seconds

Extracting Top K (TREE) Node 12...
Extracting Top K (TREE) Node 8...
Query Hashes Computed Node 7: 0.00667092 Seconds

Extracting Top K (TREE) Node 7...
Query Hashes Computed Node 9: 0.00689795 Seconds

Extracting Top K (TREE) Node 9...
Extracting Top K (TREE) Node 1...
Query Hashes Computed Node 10: 0.00690122 Seconds

Extracting Top K (TREE) Node 10...
Top K (TREE) Extracted Node 5: 0.878843 Seconds

Top K (TREE) Extracted Node 3: 0.890069 Seconds

Top K (TREE) Extracted Node 7: 0.928973 Seconds

Top K (TREE) Extracted Node 1: 0.984721 Seconds

Top K (TREE) Extracted Node 6: 1.17494 Seconds

Top K (TREE) Extracted Node 2: 1.22001 Seconds

Top K (TREE) Extracted Node 4: 1.42584 Seconds

Top K (TREE) Extracted Node 9: 1.52218 Seconds

Top K (TREE) Extracted Node 11: 1.70178 Seconds

Top K (TREE) Extracted Node 10: 2.3564 Seconds

Top K (TREE) Extracted Node 12: 2.88509 Seconds

Top K (TREE) Extracted Node 8: 3.1495 Seconds

Top K (TREE) Extracted Node 0: 3.38399 Seconds

Extracting Top K (LINEAR) Node 3...
Extracting Top K (LINEAR) Node 4...
Extracting Top K (LINEAR) Node 5...
Extracting Top K (LINEAR) Node 12...
Extracting Top K (LINEAR) Node 8...
Extracting Top K (LINEAR) Node 0...
Extracting Top K (LINEAR) Node 2...
Extracting Top K (LINEAR) Node 9...
Extracting Top K (LINEAR) Node 1...
Extracting Top K (LINEAR) Node 11...
Extracting Top K (LINEAR) Node 6...
Extracting Top K (LINEAR) Node 10...
Extracting Top K (LINEAR) Node 7...
Top K (LINEAR) Extracted Node 1: 1.01534 Seconds

Top K (LINEAR) Extracted Node 2: 1.1728 Seconds

Top K (LINEAR) Extracted Node 3: 1.3314 Seconds

Top K (LINEAR) Extracted Node 4: 1.48774 Seconds

Top K (LINEAR) Extracted Node 5: 1.64657 Seconds

Top K (LINEAR) Extracted Node 6: 1.80415 Seconds

Top K (LINEAR) Extracted Node 7: 1.96155 Seconds

Top K (LINEAR) Extracted Node 8: 2.11927 Seconds

Top K (LINEAR) Extracted Node 9: 2.2764 Seconds

Top K (LINEAR) Extracted Node 10: 2.59355 Seconds

Top K (LINEAR) Extracted Node 11: 2.75056 Seconds

Top K (LINEAR) Extracted Node 12: 2.90815 Seconds

Top K (LINEAR) Extracted Node 0: 5.14164 Seconds

Extracting Top K (BRUTEFORCE) Node 0...
Extracting Top K (BRUTEFORCE) Node 3...
Extracting Top K (BRUTEFORCE) Node 4...
Extracting Top K (BRUTEFORCE) Node 2...
Extracting Top K (BRUTEFORCE) Node 5...
Extracting Top K (BRUTEFORCE) Node 12...
Extracting Top K (BRUTEFORCE) Node 8...
Extracting Top K (BRUTEFORCE) Node 9...
Extracting Top K (BRUTEFORCE) Node 1...
Extracting Top K (BRUTEFORCE) Node 7...
Extracting Top K (BRUTEFORCE) Node 11...
Extracting Top K (BRUTEFORCE) Node 6...
Extracting Top K (BRUTEFORCE) Node 10...
Top K (BRUTEFORCE) Extracted Node 1: 0.140643 Seconds

Top K (BRUTEFORCE) Extracted Node 2: 0.18006 Seconds

Top K (BRUTEFORCE) Extracted Node 3: 0.219947 Seconds

Top K (BRUTEFORCE) Extracted Node 4: 0.259197 Seconds

Top K (BRUTEFORCE) Extracted Node 5: 0.297198 Seconds

Top K (BRUTEFORCE) Extracted Node 6: 0.337943 Seconds

Top K (BRUTEFORCE) Extracted Node 7: 0.377266 Seconds

Top K (BRUTEFORCE) Extracted Node 8: 0.416604 Seconds

Top K (BRUTEFORCE) Extracted Node 9: 0.456772 Seconds

Top K (BRUTEFORCE) Extracted Node 10: 0.496486 Seconds

Top K (BRUTEFORCE) Extracted Node 11: 0.535827 Seconds

Top K (BRUTEFORCE) Extracted Node 12: 0.606886 Seconds

Top K (BRUTEFORCE) Extracted Node 0: 8.27346 Seconds

slurmstepd: Exceeded step memory limit at some point.
slurmstepd: Exceeded job memory limit at some point.
slurmstepd: Exceeded step memory limit at some point.
slurmstepd: Exceeded step memory limit at some point.
slurmstepd: Exceeded job memory limit at some point.
slurmstepd: Exceeded step memory limit at some point.
slurmstepd: Exceeded step memory limit at some point.
slurmstepd: Exceeded job memory limit at some point.
slurmstepd: Exceeded step memory limit at some point.
slurmstepd: Exceeded job memory limit at some point.
