
=================
== KDD12
=================

LSH Initialized in Node 8
140000000 Vectors, 10000 Queries
Nodes: 16
Tables: 16
RangePow: 18
Reservoir Size: 256
Hashes: 4
CMS Bucket Size: 2048
CMS Hashes: 4

LSH Initialized in Node 0
LSH Initialized in Node 12
LSH Initialized in Node 13
LSH Initialized in Node 11
LSH Initialized in Node 1
LSH Initialized in Node 2
LSH Initialized in Node 10
LSH Initialized in Node 14
LSH Initialized in Node 9
LSH Initialized in Node 4
LSH Initialized in Node 6
LSH Initialized in Node 3
LSH Initialized in Node 5
LSH Initialized in Node 15
LSH Initialized in Node 7
CMS Initialized in Node 0
CMS Initialized in Node 5
CMS Initialized in Node 2
CMS Initialized in Node 15
CMS Initialized in Node 10
CMS Initialized in Node 4
CMS Initialized in Node 6
CMS Initialized in Node 3
CMS Initialized in Node 8
CMS Initialized in Node 12
CMS Initialized in Node 13
CMS Initialized in Node 11
CMS Initialized in Node 7
CMS Initialized in Node 14
CMS Initialized in Node 9
CMS Initialized in Node 1
LSH Reservoir Initialized in Node 11
LSH Reservoir Initialized in Node 6
LSH Reservoir Initialized in Node 5
LSH Reservoir Initialized in Node 2
LSH Reservoir Initialized in Node 7
LSH Reservoir Initialized in Node 3
LSH Reservoir Initialized in Node 4
LSH Reservoir Initialized in Node 15
LSH Reservoir Initialized in Node 12
LSH Reservoir Initialized in Node 1
LSH Reservoir Initialized in Node 13
LSH Reservoir Initialized in Node 14
LSH Reservoir Initialized in Node 8
LSH Reservoir Initialized in Node 10
LSH Reservoir Initialized in Node 0
LSH Reservoir Initialized in Node 9
FLASH Controller Initialized in Node 6

Reading Data Node 6...
FLASH Controller Initialized in Node 3

Reading Data Node 3...
FLASH Controller Initialized in Node 0

Reading Data Node 0...
FLASH Controller Initialized in Node 11

Reading Data Node 11...
FLASH Controller Initialized in Node 5

Reading Data Node 5...
FLASH Controller Initialized in Node 2

Reading Data Node 2...
FLASH Controller Initialized in Node 15

Reading Data Node 15...
FLASH Controller Initialized in Node 7

Reading Data Node 7...
FLASH Controller Initialized in Node 10

Reading Data Node 10...
FLASH Controller Initialized in Node 4

Reading Data Node 4...
[readSparse]
FLASH Controller Initialized in Node 12

Reading Data Node 12...
FLASH Controller Initialized in Node 13

Reading Data Node 13...
[readSparse]
[readSparse]
FLASH Controller Initialized in Node 1

Reading Data Node 1...
[readSparse]
[readSparse]
[readSparse]
[readSparse]
FLASH Controller Initialized in Node 14

Reading Data Node 14...
[readSparse]
FLASH Controller Initialized in Node 9

Reading Data Node 9...
[readSparse]
[readSparse]
[readSparse]
FLASH Controller Initialized in Node 8

Reading Data Node 8...
[readSparse]
[readSparse]
[readSparse]
[readSparse]
[readSparse]
[readSparse] Read 96250000 numbers, 8750000 vectors. 
[readSparse] Read 96250000 numbers, 8750000 vectors. 
[readSparse] Read 96250000 numbers, 8750000 vectors. 
[readSparse] Read 96250000 numbers, 8750000 vectors. 
[readSparse] Read 96250000 numbers, 8750000 vectors. 
[readSparse] Read 96250000 numbers, 8750000 vectors. 
[readSparse] Read 96250000 numbers, 8750000 vectors. 
[readSparse] Read 96250000 numbers, 8750000 vectors. 
[readSparse] Read 96250000 numbers, 8750000 vectors. 
[readSparse] Read 96250000 numbers, 8750000 vectors. 
[readSparse] Read 96250000 numbers, 8750000 vectors. 
[readSparse] Read 96250000 numbers, 8750000 vectors. 
[readSparse] Read 96250000 numbers, 8750000 vectors. 
[readSparse] Read 96250000 numbers, 8750000 vectors. 
[readSparse] Read 96250000 numbers, 8750000 vectors. 
[readSparse] Read 96250000 numbers, 8750000 vectors. 
Data Read Node 13: 167.865 Seconds

Data Read Node 11: 167.865 Seconds

Data Read Node 14: 167.865 Seconds

Data Read Node 8: 167.865 Seconds

Data Read Node 0: 167.865 Seconds

Data Read Node 12: 167.865 Seconds

Data Read Node 15: 167.865 Seconds

Data Read Node 10: 167.865 Seconds

Data Read Node 9: 167.865 Seconds

Data Read Node 4: 167.865 Seconds

[readSparse]
Data Read Node 5: 167.865 Seconds

Data Read Node 2: 167.865 Seconds

Data Read Node 6: 167.865 Seconds

Data Read Node 7: 167.865 Seconds

Data Read Node 3: 167.865 Seconds

Data Read Node 1: 167.865 Seconds

[readSparse] Read 110000 numbers, 10000 vectors. 
Adding Vectors Node 0...
Adding Vectors Node 2...
Adding Vectors Node 10...
Adding Vectors Node 14...
Adding Vectors Node 13...
Adding Vectors Node 11...
Adding Vectors Node 9...
Adding Vectors Node 4...
Adding Vectors Node 3...
Adding Vectors Node 12...
Adding Vectors Node 5...
Adding Vectors Node 1...
Adding Vectors Node 15...
Adding Vectors Node 7...
Adding Vectors Node 6...
Adding Vectors Node 8...
Node 12 Table Mem Usage ranges from 0.136154 to 0.206203, average 0.181456
Node 12 Table Mem Usage ranges from 0.718437 to 0.900967, average 0.851533
Node 12 Table Mem Usage ranges from 0.890087 to 0.982674, average 0.962255
Node 12 Table Mem Usage ranges from 0.952114 to 0.992935, average 0.985922
Node 12 Table Mem Usage ranges from 0.976974 to 0.994377, average 0.992170
Vectors Added Node 12: 14.0597 Seconds

Node 11 Table Mem Usage ranges from 0.136154 to 0.208736, average 0.183425
Node 11 Table Mem Usage ranges from 0.716019 to 0.903538, average 0.851202
Node 11 Table Mem Usage ranges from 0.883541 to 0.982540, average 0.960627
Node 11 Table Mem Usage ranges from 0.947815 to 0.992416, average 0.984833
Node 11 Table Mem Usage ranges from 0.975018 to 0.993839, average 0.991425
Vectors Added Node 11: 14.1393 Seconds

Node 10 Table Mem Usage ranges from 0.139648 to 0.209816, average 0.186169
Node 10 Table Mem Usage ranges from 0.713718 to 0.901867, average 0.846586
Node 10 Table Mem Usage ranges from 0.884586 to 0.982178, average 0.959995
Node 10 Table Mem Usage ranges from 0.948914 to 0.992733, average 0.984986
Node 10 Table Mem Usage ranges from 0.976540 to 0.994137, average 0.991895
Vectors Added Node 10: 15.4153 Seconds

Node 13 Table Mem Usage ranges from 0.134087 to 0.203983, average 0.176977
Node 13 Table Mem Usage ranges from 0.726727 to 0.907776, average 0.854475
Node 13 Table Mem Usage ranges from 0.956524 to 0.988289, average 0.979864
Node 13 Table Mem Usage ranges from 0.989632 to 0.994629, average 0.992965
Node 13 Table Mem Usage ranges from 0.993790 to 0.996632, average 0.994744
Vectors Added Node 13: 15.7528 Seconds

Node 2 Table Mem Usage ranges from 0.266495 to 0.329617, average 0.302379
Node 2 Table Mem Usage ranges from 0.896938 to 0.959404, average 0.935841
Node 2 Table Mem Usage ranges from 0.975643 to 0.991356, average 0.985412
Node 2 Table Mem Usage ranges from 0.982426 to 0.993977, average 0.991602
Node 2 Table Mem Usage ranges from 0.982948 to 0.994362, average 0.992630
Vectors Added Node 2: 17.2915 Seconds

Node 8 Table Mem Usage ranges from 0.277344 to 0.337841, average 0.312112
Node 8 Table Mem Usage ranges from 0.902466 to 0.962162, average 0.940176
Node 8 Table Mem Usage ranges from 0.977119 to 0.991341, average 0.986616
Node 8 Table Mem Usage ranges from 0.991402 to 0.993587, average 0.992754
Node 8 Table Mem Usage ranges from 0.992706 to 0.994907, average 0.993785
Vectors Added Node 8: 17.3235 Seconds

Node 15 Table Mem Usage ranges from 0.276451 to 0.334183, average 0.310272
Node 15 Table Mem Usage ranges from 0.902546 to 0.959877, average 0.938006
Node 15 Table Mem Usage ranges from 0.976028 to 0.989555, average 0.985607
Node 15 Table Mem Usage ranges from 0.991135 to 0.994511, average 0.992202
Node 15 Table Mem Usage ranges from 0.991676 to 0.995720, average 0.993223
Vectors Added Node 15: 17.4881 Seconds

Node 3 Table Mem Usage ranges from 0.273479 to 0.338707, average 0.310218
Node 3 Table Mem Usage ranges from 0.900234 to 0.961445, average 0.938412
Node 3 Table Mem Usage ranges from 0.975479 to 0.991611, average 0.986115
Node 3 Table Mem Usage ranges from 0.990623 to 0.994038, average 0.992677
Node 3 Table Mem Usage ranges from 0.993114 to 0.994209, average 0.993707
Vectors Added Node 3: 17.4931 Seconds

Node 7 Table Mem Usage ranges from 0.270119 to 0.331841, average 0.305704
Node 7 Table Mem Usage ranges from 0.894608 to 0.958275, average 0.935052
Node 7 Table Mem Usage ranges from 0.975639 to 0.991196, average 0.986105
Node 7 Table Mem Usage ranges from 0.990780 to 0.993565, average 0.992538
Node 7 Table Mem Usage ranges from 0.992481 to 0.994324, average 0.993572
Vectors Added Node 7: 17.6187 Seconds

Node 6 Table Mem Usage ranges from 0.276001 to 0.336025, average 0.310568
Node 6 Table Mem Usage ranges from 0.905861 to 0.963501, average 0.941988
Node 6 Table Mem Usage ranges from 0.977814 to 0.992737, average 0.987752
Node 6 Table Mem Usage ranges from 0.990074 to 0.995037, average 0.993768
Node 6 Table Mem Usage ranges from 0.991314 to 0.995415, average 0.994786
Vectors Added Node 6: 17.7575 Seconds

Node 5 Table Mem Usage ranges from 0.271530 to 0.334999, average 0.307903
Node 5 Table Mem Usage ranges from 0.896931 to 0.960056, average 0.935683
Node 5 Table Mem Usage ranges from 0.974857 to 0.991032, average 0.985052
Node 5 Table Mem Usage ranges from 0.982693 to 0.993725, average 0.991616
Node 5 Table Mem Usage ranges from 0.983471 to 0.994129, average 0.992654
Vectors Added Node 5: 17.7909 Seconds

Node 14 Table Mem Usage ranges from 0.267254 to 0.325592, average 0.300107
Node 14 Table Mem Usage ranges from 0.900711 to 0.958122, average 0.937223
Node 14 Table Mem Usage ranges from 0.977921 to 0.990589, average 0.986626
Node 14 Table Mem Usage ranges from 0.991829 to 0.994621, average 0.992814
Node 14 Table Mem Usage ranges from 0.992531 to 0.995888, average 0.993837
Vectors Added Node 14: 17.8549 Seconds

Node 1 Table Mem Usage ranges from 0.278580 to 0.339275, average 0.312689
Node 1 Table Mem Usage ranges from 0.902195 to 0.961174, average 0.939373
Node 1 Table Mem Usage ranges from 0.976051 to 0.990749, average 0.986197
Node 1 Table Mem Usage ranges from 0.990570 to 0.993435, average 0.992546
Node 1 Table Mem Usage ranges from 0.992432 to 0.994286, average 0.993593
Vectors Added Node 1: 17.9636 Seconds

Node 9 Table Mem Usage ranges from 0.140976 to 0.213860, average 0.188206
Node 9 Table Mem Usage ranges from 0.718319 to 0.906269, average 0.851201
Node 9 Table Mem Usage ranges from 0.885193 to 0.984047, average 0.960887
Node 9 Table Mem Usage ranges from 0.949387 to 0.993965, average 0.985953
Node 9 Table Mem Usage ranges from 0.975857 to 0.995216, average 0.992568
Vectors Added Node 9: 18.1613 Seconds

Node 4 Table Mem Usage ranges from 0.266853 to 0.325615, average 0.301281
Node 4 Table Mem Usage ranges from 0.903564 to 0.961887, average 0.940657
Node 4 Table Mem Usage ranges from 0.977810 to 0.992687, average 0.987691
Node 4 Table Mem Usage ranges from 0.991577 to 0.995197, average 0.993637
Node 4 Table Mem Usage ranges from 0.994057 to 0.995583, average 0.994651
Vectors Added Node 4: 18.217 Seconds

Node 0 Table Mem Usage ranges from 0.267071 to 0.330448, average 0.304329
Node 0 Table Mem Usage ranges from 0.895031 to 0.959213, average 0.935679
Node 0 Table Mem Usage ranges from 0.976887 to 0.991718, average 0.986973
Node 0 Table Mem Usage ranges from 0.991600 to 0.994270, average 0.993370
Node 0 Table Mem Usage ranges from 0.993080 to 0.994907, average 0.994404
Vectors Added Node 0: 20.0962 Seconds

Computing Query Hashes Node 0...
Computing Query Hashes Node 5...
Computing Query Hashes Node 2...
Computing Query Hashes Node 15...
Computing Query Hashes Node 7...
Computing Query Hashes Node 14...
Computing Query Hashes Node 9...
Computing Query Hashes Node 4...
Computing Query Hashes Node 6...
Computing Query Hashes Node 3...
Computing Query Hashes Node 8...
Computing Query Hashes Node 12...
Computing Query Hashes Node 13...
Computing Query Hashes Node 11...
Computing Query Hashes Node 1...
Computing Query Hashes Node 10...
Query Hashes Computed Node 0: 0.00709151 Seconds

Query Hashes Computed Node 13: 0.0115387 Seconds

Query Hashes Computed Node 11: 0.00719999 Seconds

Query Hashes Computed Node 5: 0.0072356 Seconds

Query Hashes Computed Node 15: 0.00708139 Seconds

Query Hashes Computed Node 7: 0.0123952 Seconds

Query Hashes Computed Node 10: 0.00716325 Seconds

Query Hashes Computed Node 14: 0.00716709 Seconds

Query Hashes Computed Node 4: 0.00703675 Seconds

Query Hashes Computed Node 6: 0.00715952 Seconds

Query Hashes Computed Node 8: 0.00717671 Seconds

Query Hashes Computed Node 9: 0.00721231 Seconds

Query Hashes Computed Node 12: 0.00915418 Seconds

Query Hashes Computed Node 2: 0.0114863 Seconds

Query Hashes Computed Node 1: 0.0119281 Seconds

Extracting Top K (TREE) Node 0...
Extracting Top K (TREE) Node 13...
Extracting Top K (TREE) Node 5...
Extracting Top K (TREE) Node 15...
Extracting Top K (TREE) Node 7...
Extracting Top K (TREE) Node 10...
Extracting Top K (TREE) Node 14...
Extracting Top K (TREE) Node 4...
Extracting Top K (TREE) Node 6...
Extracting Top K (TREE) Node 12...
Extracting Top K (TREE) Node 11...
Extracting Top K (TREE) Node 9...
Extracting Top K (TREE) Node 8...
Query Hashes Computed Node 3: 0.0159655 Seconds

Extracting Top K (TREE) Node 3...
Extracting Top K (TREE) Node 1...
Extracting Top K (TREE) Node 2...
Top K (TREE) Extracted Node 3: 0.892984 Seconds

Top K (TREE) Extracted Node 5: 0.898098 Seconds

Top K (TREE) Extracted Node 7: 0.918507 Seconds

Top K (TREE) Extracted Node 9: 0.942184 Seconds

Top K (TREE) Extracted Node 1: 1.02689 Seconds

Top K (TREE) Extracted Node 6: 1.1628 Seconds

Top K (TREE) Extracted Node 2: 1.3095 Seconds

Top K (TREE) Extracted Node 11: 1.34238 Seconds

Top K (TREE) Extracted Node 13: 1.42797 Seconds

Top K (TREE) Extracted Node 15: 1.48253 Seconds

Top K (TREE) Extracted Node 4: 1.55056 Seconds

Top K (TREE) Extracted Node 10: 1.68486 Seconds

Top K (TREE) Extracted Node 14: 2.04308 Seconds

Top K (TREE) Extracted Node 12: 2.24734 Seconds

Top K (TREE) Extracted Node 8: 2.41464 Seconds

Top K (TREE) Extracted Node 0: 2.74961 Seconds

Extracting Top K (LINEAR) Node 13...
Extracting Top K (LINEAR) Node 11...
Extracting Top K (LINEAR) Node 7...
Extracting Top K (LINEAR) Node 3...
Extracting Top K (LINEAR) Node 5...
Extracting Top K (LINEAR) Node 15...
Extracting Top K (LINEAR) Node 1...
Extracting Top K (LINEAR) Node 9...
Extracting Top K (LINEAR) Node 0...
Extracting Top K (LINEAR) Node 2...
Extracting Top K (LINEAR) Node 14...
Extracting Top K (LINEAR) Node 4...
Extracting Top K (LINEAR) Node 8...
Extracting Top K (LINEAR) Node 12...
Extracting Top K (LINEAR) Node 10...
Extracting Top K (LINEAR) Node 6...
Top K (LINEAR) Extracted Node 1: 1.09354 Seconds

Top K (LINEAR) Extracted Node 2: 1.26059 Seconds

Top K (LINEAR) Extracted Node 3: 1.43515 Seconds

Top K (LINEAR) Extracted Node 4: 1.60184 Seconds

Top K (LINEAR) Extracted Node 5: 1.77617 Seconds

Top K (LINEAR) Extracted Node 6: 1.94213 Seconds

Top K (LINEAR) Extracted Node 7: 2.11645 Seconds

Top K (LINEAR) Extracted Node 8: 2.28308 Seconds

Top K (LINEAR) Extracted Node 9: 2.45791 Seconds

Top K (LINEAR) Extracted Node 10: 2.62299 Seconds

Top K (LINEAR) Extracted Node 11: 2.90161 Seconds

Top K (LINEAR) Extracted Node 12: 3.12676 Seconds

Top K (LINEAR) Extracted Node 13: 3.3009 Seconds

Top K (LINEAR) Extracted Node 14: 3.46588 Seconds

Top K (LINEAR) Extracted Node 15: 3.63949 Seconds

Top K (LINEAR) Extracted Node 0: 7.05719 Seconds

Extracting Top K (BRUTEFORCE) Node 0...
Extracting Top K (BRUTEFORCE) Node 12...
Extracting Top K (BRUTEFORCE) Node 13...
Extracting Top K (BRUTEFORCE) Node 5...
Extracting Top K (BRUTEFORCE) Node 2...
Extracting Top K (BRUTEFORCE) Node 7...
Extracting Top K (BRUTEFORCE) Node 14...
Extracting Top K (BRUTEFORCE) Node 3...
Extracting Top K (BRUTEFORCE) Node 8...
Extracting Top K (BRUTEFORCE) Node 11...
Extracting Top K (BRUTEFORCE) Node 1...
Extracting Top K (BRUTEFORCE) Node 15...
Extracting Top K (BRUTEFORCE) Node 10...
Extracting Top K (BRUTEFORCE) Node 9...
Extracting Top K (BRUTEFORCE) Node 4...
Extracting Top K (BRUTEFORCE) Node 6...
Top K (BRUTEFORCE) Extracted Node 1: 0.138416 Seconds

Top K (BRUTEFORCE) Extracted Node 2: 0.180515 Seconds

Top K (BRUTEFORCE) Extracted Node 3: 0.222543 Seconds

Top K (BRUTEFORCE) Extracted Node 4: 0.265607 Seconds

Top K (BRUTEFORCE) Extracted Node 5: 0.307839 Seconds

Top K (BRUTEFORCE) Extracted Node 6: 0.350493 Seconds

Top K (BRUTEFORCE) Extracted Node 7: 0.394023 Seconds

Top K (BRUTEFORCE) Extracted Node 8: 0.436645 Seconds

Top K (BRUTEFORCE) Extracted Node 9: 0.478747 Seconds

Top K (BRUTEFORCE) Extracted Node 10: 0.521774 Seconds

Top K (BRUTEFORCE) Extracted Node 11: 0.563988 Seconds

Top K (BRUTEFORCE) Extracted Node 12: 0.606904 Seconds

Top K (BRUTEFORCE) Extracted Node 13: 0.649209 Seconds

Top K (BRUTEFORCE) Extracted Node 14: 0.742688 Seconds

Top K (BRUTEFORCE) Extracted Node 15: 0.78434 Seconds

Top K (BRUTEFORCE) Extracted Node 0: 12.2578 Seconds

slurmstepd: Exceeded step memory limit at some point.
slurmstepd: Exceeded step memory limit at some point.
slurmstepd: Exceeded step memory limit at some point.
slurmstepd: Exceeded step memory limit at some point.
slurmstepd: Exceeded job memory limit at some point.
slurmstepd: Exceeded step memory limit at some point.
slurmstepd: Exceeded step memory limit at some point.
slurmstepd: Exceeded step memory limit at some point.
