slurmstepd: task/cgroup: unable to add task[pid=17141] to memory cg '(null)'
slurmstepd: unable to build slurm cgroup for ns memory: Cannot allocate memory
slurmstepd: jobacct_gather/cgroup: unable to instanciate user 17279 memory cgroup

=================
== KDD12
=================

LSH Initialized in Node 4
140000000 Vectors, 10000 Queries
Nodes: 8
Tables: 16
RangePow: 18
Reservoir Size: 256
Hashes: 4
CMS Bucket Size: 2048
CMS Hashes: 4

LSH Initialized in Node 0
LSH Initialized in Node 6
LSH Initialized in Node 2
LSH Initialized in Node 1
LSH Initialized in Node 5
LSH Initialized in Node 7
LSH Initialized in Node 3
CMS Initialized in Node 2
CMS Initialized in Node 1
CMS Initialized in Node 0
CMS Initialized in Node 4
CMS Initialized in Node 5
CMS Initialized in Node 3
CMS Initialized in Node 6
CMS Initialized in Node 7
LSH Reservoir Initialized in Node 6
LSH Reservoir Initialized in Node 3
LSH Reservoir Initialized in Node 5
LSH Reservoir Initialized in Node 2
LSH Reservoir Initialized in Node 7
LSH Reservoir Initialized in Node 4
LSH Reservoir Initialized in Node 0
LSH Reservoir Initialized in Node 1
FLASH Controller Initialized in Node 0

Reading Data Node 0...
[readSparse]
FLASH Controller Initialized in Node 4

Reading Data Node 4...
[readSparse]
FLASH Controller Initialized in Node 5

Reading Data Node 5...
[readSparse]
FLASH Controller Initialized in Node 3

Reading Data Node 3...
FLASH Controller Initialized in Node 2

Reading Data Node 2...
FLASH Controller Initialized in Node 6

Reading Data Node 6...
FLASH Controller Initialized in Node 7

Reading Data Node 7...
FLASH Controller Initialized in Node 1

Reading Data Node 1...
[readSparse]
[readSparse]
[readSparse]
[readSparse]
[readSparse]
[readSparse] Read 192500000 numbers, 17500000 vectors. 
[readSparse] Read 192500000 numbers, 17500000 vectors. 
[readSparse] Read 192500000 numbers, 17500000 vectors. 
[readSparse] Read 192500000 numbers, 17500000 vectors. 
[readSparse] Read 192500000 numbers, 17500000 vectors. 
[readSparse] Read 192500000 numbers, 17500000 vectors. 
[readSparse] Read 192500000 numbers, 17500000 vectors. 
[readSparse] Read 192500000 numbers, 17500000 vectors. 
Data Read Node 7: 69.6928 Seconds

Data Read Node 0: 69.6928 Seconds

[readSparse]
Data Read Node 6: 69.6928 Seconds

Data Read Node 5: 69.6928 Seconds

Data Read Node 2: 69.6928 Seconds

Data Read Node 4: 69.6928 Seconds

Data Read Node 3: 69.6928 Seconds

Data Read Node 1: 69.6928 Seconds

[readSparse] Read 110000 numbers, 10000 vectors. 
Adding Vectors Node 0...
Adding Vectors Node 4...
Adding Vectors Node 5...
Adding Vectors Node 3...
Adding Vectors Node 2...
Adding Vectors Node 6...
Adding Vectors Node 7...
Adding Vectors Node 1...
Node 5 Table Mem Usage ranges from 0.249287 to 0.369114, average 0.328623
Node 5 Table Mem Usage ranges from 0.893822 to 0.983700, average 0.964293
Node 5 Table Mem Usage ranges from 0.977425 to 0.994385, average 0.992071
Node 5 Table Mem Usage ranges from 0.992565 to 0.995457, average 0.994557
Node 5 Table Mem Usage ranges from 0.993584 to 0.996437, average 0.994925
Vectors Added Node 5: 27.5639 Seconds

Node 6 Table Mem Usage ranges from 0.245380 to 0.361034, average 0.324108
Node 6 Table Mem Usage ranges from 0.898499 to 0.984692, average 0.966034
Node 6 Table Mem Usage ranges from 0.977684 to 0.994247, average 0.992172
Node 6 Table Mem Usage ranges from 0.992588 to 0.995537, average 0.994597
Node 6 Table Mem Usage ranges from 0.994030 to 0.996403, average 0.994993
Vectors Added Node 6: 28.2124 Seconds

Node 4 Table Mem Usage ranges from 0.443436 to 0.535030, average 0.496623
Node 4 Table Mem Usage ranges from 0.979298 to 0.990845, average 0.987270
Node 4 Table Mem Usage ranges from 0.990814 to 0.994938, average 0.993248
Node 4 Table Mem Usage ranges from 0.990856 to 0.995274, average 0.993439
Node 4 Table Mem Usage ranges from 0.990856 to 0.995388, average 0.993453
Vectors Added Node 4: 29.5189 Seconds

Node 7 Table Mem Usage ranges from 0.425861 to 0.518955, average 0.479146
Node 7 Table Mem Usage ranges from 0.978046 to 0.991940, average 0.987603
Node 7 Table Mem Usage ranges from 0.991138 to 0.994583, average 0.993588
Node 7 Table Mem Usage ranges from 0.991169 to 0.994732, average 0.993795
Node 7 Table Mem Usage ranges from 0.991169 to 0.994732, average 0.993808
Vectors Added Node 7: 30.917 Seconds

Node 3 Table Mem Usage ranges from 0.442280 to 0.535179, average 0.495628
Node 3 Table Mem Usage ranges from 0.978485 to 0.992062, average 0.987254
Node 3 Table Mem Usage ranges from 0.991909 to 0.994289, average 0.993061
Node 3 Table Mem Usage ranges from 0.992039 to 0.994358, average 0.993256
Node 3 Table Mem Usage ranges from 0.992039 to 0.994358, average 0.993263
Vectors Added Node 3: 31.1043 Seconds

Node 2 Table Mem Usage ranges from 0.429417 to 0.521767, average 0.483480
Node 2 Table Mem Usage ranges from 0.978573 to 0.992764, average 0.987233
Node 2 Table Mem Usage ranges from 0.991760 to 0.995029, average 0.993016
Node 2 Table Mem Usage ranges from 0.991798 to 0.995068, average 0.993218
Node 2 Table Mem Usage ranges from 0.991798 to 0.995068, average 0.993227
Vectors Added Node 2: 31.1964 Seconds

Node 1 Table Mem Usage ranges from 0.427368 to 0.521042, average 0.481519
Node 1 Table Mem Usage ranges from 0.979187 to 0.992241, average 0.988092
Node 1 Table Mem Usage ranges from 0.993221 to 0.994617, average 0.994084
Node 1 Table Mem Usage ranges from 0.993267 to 0.995224, average 0.994288
Node 1 Table Mem Usage ranges from 0.993267 to 0.995277, average 0.994297
Vectors Added Node 1: 37.017 Seconds

Node 0 Table Mem Usage ranges from 0.430077 to 0.525383, average 0.485365
Node 0 Table Mem Usage ranges from 0.979877 to 0.992283, average 0.988546
Node 0 Table Mem Usage ranges from 0.993420 to 0.995533, average 0.994724
Node 0 Table Mem Usage ranges from 0.993484 to 0.996250, average 0.994940
Node 0 Table Mem Usage ranges from 0.993484 to 0.996304, average 0.994951
Vectors Added Node 0: 38.3966 Seconds

Computing Query Hashes Node 0...
Computing Query Hashes Node 7...
Computing Query Hashes Node 4...
Computing Query Hashes Node 3...
Computing Query Hashes Node 2...
Computing Query Hashes Node 1...
Computing Query Hashes Node 5...
Computing Query Hashes Node 6...
Query Hashes Computed Node 3: 0.00738866 Seconds

Query Hashes Computed Node 1: 0.00747112 Seconds

Query Hashes Computed Node 4: 0.00736592 Seconds

Query Hashes Computed Node 7: 0.00744078 Seconds

Query Hashes Computed Node 2: 0.0118507 Seconds

Extracting Top K (TREE) Node 1...
Query Hashes Computed Node 0: 0.0120567 Seconds

Extracting Top K (TREE) Node 0...
Extracting Top K (TREE) Node 4...
Query Hashes Computed Node 5: 0.00705356 Seconds

Extracting Top K (TREE) Node 5...
Extracting Top K (TREE) Node 3...
Extracting Top K (TREE) Node 2...
Query Hashes Computed Node 6: 0.00701848 Seconds

Extracting Top K (TREE) Node 6...
Extracting Top K (TREE) Node 7...
Top K (TREE) Extracted Node 7: 0.876002 Seconds

Top K (TREE) Extracted Node 5: 0.887795 Seconds

Top K (TREE) Extracted Node 3: 0.906683 Seconds

Top K (TREE) Extracted Node 6: 1.1166 Seconds

Top K (TREE) Extracted Node 1: 1.16984 Seconds

Top K (TREE) Extracted Node 2: 1.47094 Seconds

Top K (TREE) Extracted Node 4: 1.7382 Seconds

Top K (TREE) Extracted Node 0: 2.10325 Seconds

Extracting Top K (LINEAR) Node 4...
Extracting Top K (LINEAR) Node 3...
Extracting Top K (LINEAR) Node 7...
Extracting Top K (LINEAR) Node 1...
Extracting Top K (LINEAR) Node 2...
Extracting Top K (LINEAR) Node 0...
Extracting Top K (LINEAR) Node 5...
Extracting Top K (LINEAR) Node 6...
Top K (LINEAR) Extracted Node 1: 1.18774 Seconds

Top K (LINEAR) Extracted Node 2: 1.48254 Seconds

Top K (LINEAR) Extracted Node 3: 1.78322 Seconds

Top K (LINEAR) Extracted Node 4: 2.54312 Seconds

Top K (LINEAR) Extracted Node 5: 2.84 Seconds

Top K (LINEAR) Extracted Node 6: 3.14331 Seconds

Top K (LINEAR) Extracted Node 7: 3.45097 Seconds

Top K (LINEAR) Extracted Node 0: 5.29258 Seconds

Extracting Top K (BRUTEFORCE) Node 4...
Extracting Top K (BRUTEFORCE) Node 2...
Extracting Top K (BRUTEFORCE) Node 5...
Extracting Top K (BRUTEFORCE) Node 3...
Extracting Top K (BRUTEFORCE) Node 7...
Extracting Top K (BRUTEFORCE) Node 1...
Extracting Top K (BRUTEFORCE) Node 0...
Extracting Top K (BRUTEFORCE) Node 6...
Top K (BRUTEFORCE) Extracted Node 1: 0.185767 Seconds

Top K (BRUTEFORCE) Extracted Node 2: 0.262339 Seconds

Top K (BRUTEFORCE) Extracted Node 3: 0.341916 Seconds

Top K (BRUTEFORCE) Extracted Node 4: 0.423765 Seconds

Top K (BRUTEFORCE) Extracted Node 5: 0.49309 Seconds

Top K (BRUTEFORCE) Extracted Node 6: 0.55642 Seconds

Top K (BRUTEFORCE) Extracted Node 7: 0.69475 Seconds

Top K (BRUTEFORCE) Extracted Node 0: 6.60352 Seconds

