
=================
== KDD12
=================

LSH Initialized in Node 8
140000000 Vectors, 10000 Queries
Nodes: 9
Tables: 16
RangePow: 18
Reservoir Size: 256
Hashes: 4
CMS Bucket Size: 2048
CMS Hashes: 4

LSH Initialized in Node 0
LSH Initialized in Node 4
LSH Initialized in Node 6
LSH Initialized in Node 2
LSH Initialized in Node 5
LSH Initialized in Node 7
LSH Initialized in Node 1
LSH Initialized in Node 3
CMS Initialized in Node 2
CMS Initialized in Node 1
CMS Initialized in Node 5
CMS Initialized in Node 6
CMS Initialized in Node 8
CMS Initialized in Node 0
CMS Initialized in Node 7
CMS Initialized in Node 4
CMS Initialized in Node 3
LSH Reservoir Initialized in Node 2
LSH Reservoir Initialized in Node 6
LSH Reservoir Initialized in Node 3
LSH Reservoir Initialized in Node 4
LSH Reservoir Initialized in Node 5
LSH Reservoir Initialized in Node 7
LSH Reservoir Initialized in Node 8
LSH Reservoir Initialized in Node 0
FLASH Controller Initialized in Node 8

Reading Data Node 8...
LSH Reservoir Initialized in Node 1
[readSparse]
FLASH Controller Initialized in Node 0

Reading Data Node 0...
[readSparse]
FLASH Controller Initialized in Node 7

Reading Data Node 7...
FLASH Controller Initialized in Node 1

Reading Data Node 1...
[readSparse]
[readSparse]
FLASH Controller Initialized in Node 2

Reading Data Node 2...
[readSparse]
FLASH Controller Initialized in Node 5

Reading Data Node 5...
FLASH Controller Initialized in Node 4

Reading Data Node 4...
FLASH Controller Initialized in Node 6

Reading Data Node 6...
FLASH Controller Initialized in Node 3

Reading Data Node 3...
[readSparse]
[readSparse]
[readSparse]
[readSparse]
[readSparse] Read 171111127 numbers, 15555557 vectors. 
[readSparse] Read 171111127 numbers, 15555557 vectors. 
[readSparse] Read 171111127 numbers, 15555557 vectors. 
[readSparse] Read 171111127 numbers, 15555557 vectors. 
[readSparse] Read 171111127 numbers, 15555557 vectors. 
[readSparse] Read 171111116 numbers, 15555556 vectors. 
[readSparse] Read 171111116 numbers, 15555556 vectors. 
[readSparse] Read 171111116 numbers, 15555556 vectors. 
[readSparse] Read 171111116 numbers, 15555556 vectors. 
Data Read Node 5: 180.863 Seconds

Data Read Node 8: 180.867 Seconds

Data Read Node 7: 180.866 Seconds

Data Read Node 0: 180.866 Seconds

Data Read Node 6: 180.861 Seconds

[readSparse]
Data Read Node 1: 180.866 Seconds

Data Read Node 4: 180.862 Seconds

Data Read Node 2: 180.866 Seconds

Data Read Node 3: 180.861 Seconds

[readSparse] Read 110000 numbers, 10000 vectors. 
Adding Vectors Node 0...
Adding Vectors Node 7...
Adding Vectors Node 5...
Adding Vectors Node 3...
Adding Vectors Node 4...
Adding Vectors Node 1...
Adding Vectors Node 6...
Adding Vectors Node 8...
Adding Vectors Node 2...
Node 6 Table Mem Usage ranges from 0.227379 to 0.337368, average 0.301329
Node 6 Table Mem Usage ranges from 0.873417 to 0.978989, average 0.953924
Node 6 Table Mem Usage ranges from 0.968426 to 0.994286, average 0.990760
Node 6 Table Mem Usage ranges from 0.989967 to 0.995583, average 0.994724
Node 6 Table Mem Usage ranges from 0.994457 to 0.996700, average 0.995366
Vectors Added Node 6: 29.3226 Seconds

Node 5 Table Mem Usage ranges from 0.404579 to 0.491173, average 0.454057
Node 5 Table Mem Usage ranges from 0.924145 to 0.982937, average 0.967204
Node 5 Table Mem Usage ranges from 0.980087 to 0.993160, average 0.991076
Node 5 Table Mem Usage ranges from 0.992130 to 0.994484, average 0.993529
Node 5 Table Mem Usage ranges from 0.992840 to 0.995129, average 0.993914
Vectors Added Node 5: 30.1512 Seconds

Node 7 Table Mem Usage ranges from 0.225887 to 0.334812, average 0.299718
Node 7 Table Mem Usage ranges from 0.873215 to 0.978508, average 0.953965
Node 7 Table Mem Usage ranges from 0.969032 to 0.993782, average 0.990041
Node 7 Table Mem Usage ranges from 0.992874 to 0.995525, average 0.994493
Node 7 Table Mem Usage ranges from 0.992886 to 0.996346, average 0.994653
Vectors Added Node 7: 30.8503 Seconds

Node 2 Table Mem Usage ranges from 0.413052 to 0.499508, average 0.463050
Node 2 Table Mem Usage ranges from 0.970608 to 0.990105, average 0.984220
Node 2 Table Mem Usage ranges from 0.991974 to 0.994537, average 0.993723
Node 2 Table Mem Usage ranges from 0.992008 to 0.994816, average 0.994126
Node 2 Table Mem Usage ranges from 0.992008 to 0.994827, average 0.994152
Vectors Added Node 2: 32.375 Seconds

Node 8 Table Mem Usage ranges from 0.412971 to 0.499023, average 0.463048
Node 8 Table Mem Usage ranges from 0.971115 to 0.989704, average 0.983749
Node 8 Table Mem Usage ranges from 0.990749 to 0.994160, average 0.993103
Node 8 Table Mem Usage ranges from 0.990795 to 0.994473, average 0.993521
Node 8 Table Mem Usage ranges from 0.990795 to 0.994480, average 0.993552
Vectors Added Node 8: 32.5724 Seconds

Node 4 Table Mem Usage ranges from 0.396515 to 0.484997, average 0.448312
Node 4 Table Mem Usage ranges from 0.971935 to 0.990379, average 0.984676
Node 4 Table Mem Usage ranges from 0.992718 to 0.994709, average 0.994076
Node 4 Table Mem Usage ranges from 0.992775 to 0.995544, average 0.994522
Node 4 Table Mem Usage ranges from 0.992775 to 0.995686, average 0.994548
Vectors Added Node 4: 32.6905 Seconds

Node 3 Table Mem Usage ranges from 0.404747 to 0.490883, average 0.453421
Node 3 Table Mem Usage ranges from 0.972862 to 0.991226, average 0.984665
Node 3 Table Mem Usage ranges from 0.993015 to 0.995075, average 0.993702
Node 3 Table Mem Usage ranges from 0.993130 to 0.995174, average 0.994100
Node 3 Table Mem Usage ranges from 0.993134 to 0.995174, average 0.994129
Vectors Added Node 3: 33.0473 Seconds

Node 1 Table Mem Usage ranges from 0.405910 to 0.495872, average 0.457193
Node 1 Table Mem Usage ranges from 0.970184 to 0.990841, average 0.983622
Node 1 Table Mem Usage ranges from 0.992462 to 0.995007, average 0.993523
Node 1 Table Mem Usage ranges from 0.992817 to 0.995090, average 0.993925
Node 1 Table Mem Usage ranges from 0.992832 to 0.995098, average 0.993951
Vectors Added Node 1: 36.8346 Seconds

Computing Query Hashes Node 8...
Node 0 Table Mem Usage ranges from 0.399059 to 0.489033, average 0.451421
Node 0 Table Mem Usage ranges from 0.972630 to 0.990234, average 0.984653
Node 0 Table Mem Usage ranges from 0.993542 to 0.996040, average 0.994380
Node 0 Table Mem Usage ranges from 0.993668 to 0.996552, average 0.994819
Node 0 Table Mem Usage ranges from 0.993675 to 0.996689, average 0.994848
Vectors Added Node 0: 39.4474 Seconds

Computing Query Hashes Node 7...
Computing Query Hashes Node 0...
Computing Query Hashes Node 1...
Computing Query Hashes Node 5...
Computing Query Hashes Node 4...
Computing Query Hashes Node 6...
Computing Query Hashes Node 2...
Computing Query Hashes Node 3...
Query Hashes Computed Node 2: 0.00679383 Seconds

Query Hashes Computed Node 0: 0.00680313 Seconds

Query Hashes Computed Node 6: 0.00683357 Seconds

Query Hashes Computed Node 8: 0.00678286 Seconds

Query Hashes Computed Node 1: 0.00761832 Seconds

Query Hashes Computed Node 5: 0.00681805 Seconds

Query Hashes Computed Node 3: 0.00681507 Seconds

Query Hashes Computed Node 4: 0.0128808 Seconds

Extracting Top K (TREE) Node 6...
Extracting Top K (TREE) Node 8...
Extracting Top K (TREE) Node 0...
Extracting Top K (TREE) Node 5...
Extracting Top K (TREE) Node 4...
Extracting Top K (TREE) Node 3...
Query Hashes Computed Node 7: 0.0130853 Seconds

Extracting Top K (TREE) Node 7...
Extracting Top K (TREE) Node 1...
Extracting Top K (TREE) Node 2...
Top K (TREE) Extracted Node 5: 1.00039 Seconds

Top K (TREE) Extracted Node 3: 1.02202 Seconds

Top K (TREE) Extracted Node 7: 1.04791 Seconds

Top K (TREE) Extracted Node 1: 1.16082 Seconds

Top K (TREE) Extracted Node 6: 1.32848 Seconds

Top K (TREE) Extracted Node 2: 1.41363 Seconds

Top K (TREE) Extracted Node 4: 1.64177 Seconds

Top K (TREE) Extracted Node 8: 1.85699 Seconds

Top K (TREE) Extracted Node 0: 2.19239 Seconds

Extracting Top K (LINEAR) Node 6...
Extracting Top K (LINEAR) Node 8...
Extracting Top K (LINEAR) Node 2...
Extracting Top K (LINEAR) Node 0...
Extracting Top K (LINEAR) Node 7...
Extracting Top K (LINEAR) Node 1...
Extracting Top K (LINEAR) Node 5...
Extracting Top K (LINEAR) Node 3...
Extracting Top K (LINEAR) Node 4...
Top K (LINEAR) Extracted Node 1: 1.13096 Seconds

Top K (LINEAR) Extracted Node 2: 1.30494 Seconds

Top K (LINEAR) Extracted Node 3: 1.48211 Seconds

Top K (LINEAR) Extracted Node 4: 1.65606 Seconds

Top K (LINEAR) Extracted Node 5: 1.82989 Seconds

Top K (LINEAR) Extracted Node 6: 2.14147 Seconds

Top K (LINEAR) Extracted Node 7: 2.31417 Seconds

Top K (LINEAR) Extracted Node 8: 2.48229 Seconds

Top K (LINEAR) Extracted Node 0: 4.32999 Seconds

Extracting Top K (BRUTEFORCE) Node 6...
Extracting Top K (BRUTEFORCE) Node 8...
Extracting Top K (BRUTEFORCE) Node 2...
Extracting Top K (BRUTEFORCE) Node 0...
Extracting Top K (BRUTEFORCE) Node 7...
Extracting Top K (BRUTEFORCE) Node 1...
Extracting Top K (BRUTEFORCE) Node 5...
Extracting Top K (BRUTEFORCE) Node 3...
Extracting Top K (BRUTEFORCE) Node 4...
Top K (BRUTEFORCE) Extracted Node 1: 0.143022 Seconds

Top K (BRUTEFORCE) Extracted Node 2: 0.188314 Seconds

Top K (BRUTEFORCE) Extracted Node 3: 0.233541 Seconds

Top K (BRUTEFORCE) Extracted Node 4: 0.277115 Seconds

Top K (BRUTEFORCE) Extracted Node 5: 0.323719 Seconds

Top K (BRUTEFORCE) Extracted Node 6: 0.368211 Seconds

Top K (BRUTEFORCE) Extracted Node 7: 0.467159 Seconds

Top K (BRUTEFORCE) Extracted Node 8: 0.509767 Seconds

Top K (BRUTEFORCE) Extracted Node 0: 6.70735 Seconds

