
=================
== KDD12
=================

LSH Initialized in Node 4
LSH Initialized in Node 2
140000000 Vectors, 10000 Queries
Nodes: 10
Tables: 16
RangePow: 18
Reservoir Size: 256
Hashes: 4
CMS Bucket Size: 2048
CMS Hashes: 4

LSH Initialized in Node 0
LSH Initialized in Node 6
LSH Initialized in Node 8
LSH Initialized in Node 5
LSH Initialized in Node 9
LSH Initialized in Node 1
LSH Initialized in Node 7
LSH Initialized in Node 3
CMS Initialized in Node 0
CMS Initialized in Node 5
CMS Initialized in Node 4
CMS Initialized in Node 7
CMS Initialized in Node 9
CMS Initialized in Node 1
CMS Initialized in Node 3
CMS Initialized in Node 8
CMS Initialized in Node 2
CMS Initialized in Node 6
LSH Reservoir Initialized in Node 8
LSH Reservoir Initialized in Node 4
LSH Reservoir Initialized in Node 7
LSH Reservoir Initialized in Node 2
LSH Reservoir Initialized in Node 9
LSH Reservoir Initialized in Node 5
LSH Reservoir Initialized in Node 3
LSH Reservoir Initialized in Node 6
LSH Reservoir Initialized in Node 0
LSH Reservoir Initialized in Node 1
FLASH Controller Initialized in Node 4

Reading Data Node 4...
FLASH Controller Initialized in Node 2

Reading Data Node 2...
FLASH Controller Initialized in Node 0

Reading Data Node 0...
FLASH Controller Initialized in Node 1

Reading Data Node 1...
FLASH Controller Initialized in Node 6

Reading Data Node 6...
[readSparse]
FLASH Controller Initialized in Node 7

Reading Data Node 7...
FLASH Controller Initialized in Node 8

Reading Data Node 8...
FLASH Controller Initialized in Node 9

Reading Data Node 9...
[readSparse]
[readSparse]
[readSparse]
[readSparse]
FLASH Controller Initialized in Node 3

Reading Data Node 3...
FLASH Controller Initialized in Node 5

Reading Data Node 5...
[readSparse]
[readSparse]
[readSparse]
[readSparse]
[readSparse]
[readSparse] Read 154000000 numbers, 14000000 vectors. 
[readSparse] Read 154000000 numbers, 14000000 vectors. 
[readSparse] Read 154000000 numbers, 14000000 vectors. 
[readSparse] Read 154000000 numbers, 14000000 vectors. 
[readSparse] Read 154000000 numbers, 14000000 vectors. 
[readSparse] Read 154000000 numbers, 14000000 vectors. 
[readSparse] Read 154000000 numbers, 14000000 vectors. 
[readSparse] Read 154000000 numbers, 14000000 vectors. 
[readSparse] Read 154000000 numbers, 14000000 vectors. 
[readSparse] Read 154000000 numbers, 14000000 vectors. 
Data Read Node 6: 178.427 Seconds

Data Read Node 4: 178.427 Seconds

Data Read Node 7: 178.427 Seconds

Data Read Node 8: 178.427 Seconds

Data Read Node 9: 178.427 Seconds

Data Read Node 2: 178.427 Seconds

Data Read Node 0: 178.427 Seconds

Data Read Node 1: 178.427 Seconds

Data Read Node 3: 178.427 Seconds

Data Read Node 5: 178.427 Seconds

[readSparse]
[readSparse] Read 110000 numbers, 10000 vectors. 
Adding Vectors Node 4...
Adding Vectors Node 7...
Adding Vectors Node 8...
Adding Vectors Node 9...
Adding Vectors Node 2...
Adding Vectors Node 0...
Adding Vectors Node 1...
Adding Vectors Node 6...
Adding Vectors Node 3...
Adding Vectors Node 5...
Node 7 Table Mem Usage ranges from 0.207405 to 0.310635, average 0.276388
Node 7 Table Mem Usage ranges from 0.847397 to 0.972572, average 0.941898
Node 7 Table Mem Usage ranges from 0.958286 to 0.994091, average 0.988328
Node 7 Table Mem Usage ranges from 0.985878 to 0.995358, average 0.994162
Node 7 Table Mem Usage ranges from 0.993908 to 0.995922, average 0.995229
Vectors Added Node 7: 25.4868 Seconds

Node 6 Table Mem Usage ranges from 0.211021 to 0.310139, average 0.277980
Node 6 Table Mem Usage ranges from 0.845203 to 0.970867, average 0.939527
Node 6 Table Mem Usage ranges from 0.956024 to 0.992867, average 0.987028
Node 6 Table Mem Usage ranges from 0.985306 to 0.994545, average 0.993255
Node 6 Table Mem Usage ranges from 0.993355 to 0.995186, average 0.994349
Vectors Added Node 6: 27.1257 Seconds

Node 8 Table Mem Usage ranges from 0.202770 to 0.314098, average 0.269275
Node 8 Table Mem Usage ranges from 0.852562 to 0.972492, average 0.941830
Node 8 Table Mem Usage ranges from 0.985958 to 0.993599, average 0.992133
Node 8 Table Mem Usage ranges from 0.993366 to 0.995758, average 0.994401
Node 8 Table Mem Usage ranges from 0.993374 to 0.996349, average 0.994536
Vectors Added Node 8: 28.4832 Seconds

Node 5 Table Mem Usage ranges from 0.383076 to 0.467823, average 0.431712
Node 5 Table Mem Usage ranges from 0.962418 to 0.988171, average 0.979363
Node 5 Table Mem Usage ranges from 0.991096 to 0.994385, average 0.992618
Node 5 Table Mem Usage ranges from 0.992012 to 0.994606, average 0.993378
Node 5 Table Mem Usage ranges from 0.992027 to 0.994610, average 0.993434
Vectors Added Node 5: 29.1302 Seconds

Node 4 Table Mem Usage ranges from 0.375206 to 0.455349, average 0.422238
Node 4 Table Mem Usage ranges from 0.962357 to 0.987026, average 0.979154
Node 4 Table Mem Usage ranges from 0.991913 to 0.993698, average 0.993114
Node 4 Table Mem Usage ranges from 0.993008 to 0.994637, average 0.993881
Node 4 Table Mem Usage ranges from 0.993011 to 0.994896, average 0.993937
Vectors Added Node 4: 29.4446 Seconds

Node 2 Table Mem Usage ranges from 0.373280 to 0.454819, average 0.420834
Node 2 Table Mem Usage ranges from 0.961891 to 0.986546, average 0.978342
Node 2 Table Mem Usage ranges from 0.991306 to 0.993004, average 0.992299
Node 2 Table Mem Usage ranges from 0.992279 to 0.993958, average 0.993035
Node 2 Table Mem Usage ranges from 0.992294 to 0.994335, average 0.993105
Vectors Added Node 2: 29.5435 Seconds

Node 3 Table Mem Usage ranges from 0.386787 to 0.466248, average 0.432813
Node 3 Table Mem Usage ranges from 0.963936 to 0.986469, average 0.978817
Node 3 Table Mem Usage ranges from 0.991169 to 0.993702, average 0.992071
Node 3 Table Mem Usage ranges from 0.991360 to 0.994705, average 0.992826
Node 3 Table Mem Usage ranges from 0.991367 to 0.994953, average 0.992882
Vectors Added Node 3: 30.5433 Seconds

Node 9 Table Mem Usage ranges from 0.381802 to 0.463654, average 0.429646
Node 9 Table Mem Usage ranges from 0.961864 to 0.987469, average 0.979031
Node 9 Table Mem Usage ranges from 0.992653 to 0.994480, average 0.993478
Node 9 Table Mem Usage ranges from 0.993011 to 0.995445, average 0.994262
Node 9 Table Mem Usage ranges from 0.993023 to 0.995762, average 0.994325
Vectors Added Node 9: 31.3232 Seconds

Node 1 Table Mem Usage ranges from 0.386414 to 0.466476, average 0.428774
Node 1 Table Mem Usage ranges from 0.957664 to 0.988407, average 0.977110
Node 1 Table Mem Usage ranges from 0.969498 to 0.994926, average 0.990412
Node 1 Table Mem Usage ranges from 0.969784 to 0.996021, average 0.991174
Node 1 Table Mem Usage ranges from 0.969788 to 0.996258, average 0.991232
Vectors Added Node 1: 33.7694 Seconds

Computing Query Hashes Node 4...
Computing Query Hashes Node 7...
Computing Query Hashes Node 8...
Computing Query Hashes Node 9...
Node 0 Table Mem Usage ranges from 0.371166 to 0.458729, average 0.421918
Node 0 Table Mem Usage ranges from 0.962666 to 0.989071, average 0.980226
Node 0 Table Mem Usage ranges from 0.992924 to 0.995132, average 0.994358
Node 0 Table Mem Usage ranges from 0.994392 to 0.995670, average 0.995151
Node 0 Table Mem Usage ranges from 0.994400 to 0.995975, average 0.995214
Vectors Added Node 0: 35.4081 Seconds

Computing Query Hashes Node 0...
Computing Query Hashes Node 5...
Computing Query Hashes Node 2...
Computing Query Hashes Node 1...
Computing Query Hashes Node 3...
Computing Query Hashes Node 6...
Query Hashes Computed Node 1: 0.0126851 Seconds

Query Hashes Computed Node 6: 0.0124937 Seconds

Query Hashes Computed Node 4: 0.0125669 Seconds

Query Hashes Computed Node 7: 0.0125082 Seconds

Extracting Top K (TREE) Node 7...
Query Hashes Computed Node 8: 0.0125992 Seconds

Extracting Top K (TREE) Node 8...
Query Hashes Computed Node 9: 0.0126242 Seconds

Query Hashes Computed Node 2: 0.0175934 Seconds

Query Hashes Computed Node 0: 0.0150033 Seconds

Extracting Top K (TREE) Node 1...
Extracting Top K (TREE) Node 6...
Query Hashes Computed Node 3: 0.0126233 Seconds

Query Hashes Computed Node 5: 0.0125724 Seconds

Extracting Top K (TREE) Node 4...
Extracting Top K (TREE) Node 9...
Extracting Top K (TREE) Node 2...
Extracting Top K (TREE) Node 0...
Extracting Top K (TREE) Node 3...
Extracting Top K (TREE) Node 5...
Top K (TREE) Extracted Node 7: 0.922924 Seconds

Top K (TREE) Extracted Node 9: 0.97903 Seconds

Top K (TREE) Extracted Node 5: 0.990097 Seconds

Top K (TREE) Extracted Node 3: 1.00003 Seconds

Top K (TREE) Extracted Node 1: 1.09865 Seconds

Top K (TREE) Extracted Node 6: 1.22135 Seconds

Top K (TREE) Extracted Node 2: 1.35505 Seconds

Top K (TREE) Extracted Node 4: 1.57406 Seconds

Top K (TREE) Extracted Node 8: 1.79647 Seconds

Top K (TREE) Extracted Node 0: 2.12588 Seconds

Extracting Top K (LINEAR) Node 4...
Extracting Top K (LINEAR) Node 7...
Extracting Top K (LINEAR) Node 8...
Extracting Top K (LINEAR) Node 9...
Extracting Top K (LINEAR) Node 2...
Extracting Top K (LINEAR) Node 0...
Extracting Top K (LINEAR) Node 1...
Extracting Top K (LINEAR) Node 6...
Extracting Top K (LINEAR) Node 3...
Extracting Top K (LINEAR) Node 5...
Top K (LINEAR) Extracted Node 1: 1.10666 Seconds

Top K (LINEAR) Extracted Node 2: 1.28699 Seconds

Top K (LINEAR) Extracted Node 3: 1.46562 Seconds

Top K (LINEAR) Extracted Node 4: 1.64018 Seconds

Top K (LINEAR) Extracted Node 5: 1.81508 Seconds

Top K (LINEAR) Extracted Node 6: 1.99147 Seconds

Top K (LINEAR) Extracted Node 7: 2.20165 Seconds

Top K (LINEAR) Extracted Node 8: 2.52617 Seconds

Top K (LINEAR) Extracted Node 9: 2.69715 Seconds

Top K (LINEAR) Extracted Node 0: 4.72227 Seconds

Extracting Top K (BRUTEFORCE) Node 4...
Extracting Top K (BRUTEFORCE) Node 7...
Extracting Top K (BRUTEFORCE) Node 8...
Extracting Top K (BRUTEFORCE) Node 9...
Extracting Top K (BRUTEFORCE) Node 2...
Extracting Top K (BRUTEFORCE) Node 0...
Extracting Top K (BRUTEFORCE) Node 1...
Extracting Top K (BRUTEFORCE) Node 6...
Extracting Top K (BRUTEFORCE) Node 3...
Extracting Top K (BRUTEFORCE) Node 5...
Top K (BRUTEFORCE) Extracted Node 1: 0.152093 Seconds

Top K (BRUTEFORCE) Extracted Node 2: 0.197263 Seconds

Top K (BRUTEFORCE) Extracted Node 3: 0.241761 Seconds

Top K (BRUTEFORCE) Extracted Node 4: 0.287012 Seconds

Top K (BRUTEFORCE) Extracted Node 5: 0.330295 Seconds

Top K (BRUTEFORCE) Extracted Node 6: 0.378148 Seconds

Top K (BRUTEFORCE) Extracted Node 7: 0.423844 Seconds

Top K (BRUTEFORCE) Extracted Node 8: 0.47104 Seconds

Top K (BRUTEFORCE) Extracted Node 9: 0.569145 Seconds

Top K (BRUTEFORCE) Extracted Node 0: 7.58061 Seconds

