
=================
== KDD12
=================

140000000 Vectors, 10000 Queries
Nodes: 9
Tables: 16
RangePow: 18
Reservoir Size: 256
Hashes: 4
Using CMS Aggregation
Using Tree Aggregation
CMS Bucket Size: 2048
CMS Hashes: 4

LSH Initialized in Node 0
LSH Initialized in Node 1
LSH Initialized in Node 2
LSH Initialized in Node 4
LSH Initialized in Node 6
LSH Initialized in Node 3
LSH Initialized in Node 5
LSH Initialized in Node 7
LSH Initialized in Node 8
CMS Initialized in Node 0
CMS Initialized in Node 1
CMS Initialized in Node 2
CMS Initialized in Node 3
CMS Initialized in Node 4
CMS Initialized in Node 5
CMS Initialized in Node 6
CMS Initialized in Node 7
CMS Initialized in Node 8
LSH Reservoir Initialized in Node 4
LSH Reservoir Initialized in Node 2
LSH Reservoir Initialized in Node 6
LSH Reservoir Initialized in Node 8
LSH Reservoir Initialized in Node 7
LSH Reservoir Initialized in Node 0
LSH Reservoir Initialized in Node 5
LSH Reservoir Initialized in Node 3
LSH Reservoir Initialized in Node 1
FLASH Controller Initialized in Node 1

Reading Data Node 1...
FLASH Controller Initialized in Node 0

Reading Data Node 0...
FLASH Controller Initialized in Node 2

Reading Data Node 2...
FLASH Controller Initialized in Node 3

Reading Data Node 3...
FLASH Controller Initialized in Node 4

Reading Data Node 4...
FLASH Controller Initialized in Node 5

Reading Data Node 5...
FLASH Controller Initialized in Node 6

Reading Data Node 6...
FLASH Controller Initialized in Node 7

Reading Data Node 7...
FLASH Controller Initialized in Node 8

Reading Data Node 8...
[readSparse]
[readSparse]
[readSparse]
[readSparse]
[readSparse]
[readSparse]
[readSparse]
[readSparse]
[readSparse]
[readSparse] Read 171111127 numbers, 15555557 vectors. 
[readSparse] Read 171111127 numbers, 15555557 vectors. 
[readSparse] Read 171111127 numbers, 15555557 vectors. 
[readSparse] Read 171111127 numbers, 15555557 vectors. 
[readSparse] Read 171111127 numbers, 15555557 vectors. 
[readSparse] Read 171111116 numbers, 15555556 vectors. 
[readSparse] Read 171111116 numbers, 15555556 vectors. 
[readSparse] Read 171111116 numbers, 15555556 vectors. 
[readSparse] Read 171111116 numbers, 15555556 vectors. 
Data Read Node 7: 100.22 Seconds

Data Read Node 8: 100.22 Seconds

Data Read Node 1: 100.22 Seconds

Data Read Node 3: 100.22 Seconds

Data Read Node 6: 100.22 Seconds

Data Read Node 0: 100.22 Seconds

Data Read Node 2: 100.22 Seconds

Data Read Node 4: 100.22 Seconds

Data Read Node 5: 100.22 Seconds

[readSparse]
[readSparse] Read 110000 numbers, 10000 vectors. 
Adding Vectors Node 0...
Adding Vectors Node 1...
Adding Vectors Node 2...
Adding Vectors Node 3...
Adding Vectors Node 4...
Adding Vectors Node 5...
Adding Vectors Node 6...
Adding Vectors Node 7...
Adding Vectors Node 8...
Node 5 Table Mem Usage ranges from 0.407063 to 0.496567, average 0.458402
Node 5 Table Mem Usage ranges from 0.927727 to 0.989300, average 0.972910
Node 5 Table Mem Usage ranges from 0.983681 to 0.999367, average 0.996785
Node 5 Table Mem Usage ranges from 0.995724 to 0.999722, average 0.999238
Node 5 Table Mem Usage ranges from 0.998703 to 0.999756, average 0.999623
Vectors Added Node 5: 46.6335 Seconds

Node 6 Table Mem Usage ranges from 0.228516 to 0.340172, average 0.303578
Node 6 Table Mem Usage ranges from 0.876041 to 0.984020, average 0.958158
Node 6 Table Mem Usage ranges from 0.971066 to 0.999268, average 0.994998
Node 6 Table Mem Usage ranges from 0.992607 to 0.999733, average 0.998962
Node 6 Table Mem Usage ranges from 0.997993 to 0.999794, average 0.999605
Vectors Added Node 6: 46.9681 Seconds

Node 7 Table Mem Usage ranges from 0.227444 to 0.337971, average 0.302345
Node 7 Table Mem Usage ranges from 0.876602 to 0.985352, average 0.959071
Node 7 Table Mem Usage ranges from 0.972458 to 0.999332, average 0.995152
Node 7 Table Mem Usage ranges from 0.998535 to 0.999775, average 0.999604
Node 7 Table Mem Usage ranges from 0.999702 to 0.999863, average 0.999763
Vectors Added Node 7: 49.0452 Seconds

Node 3 Table Mem Usage ranges from 0.408119 to 0.494579, average 0.457510
Node 3 Table Mem Usage ranges from 0.977818 to 0.996315, average 0.990242
Node 3 Table Mem Usage ranges from 0.998032 to 0.999634, average 0.999280
Node 3 Table Mem Usage ranges from 0.999580 to 0.999744, average 0.999678
Node 3 Table Mem Usage ranges from 0.999645 to 0.999786, average 0.999707
Vectors Added Node 3: 53.8731 Seconds

Node 1 Table Mem Usage ranges from 0.409523 to 0.499603, average 0.461547
Node 1 Table Mem Usage ranges from 0.975193 to 0.996025, average 0.989373
Node 1 Table Mem Usage ranges from 0.997978 to 0.999695, average 0.999275
Node 1 Table Mem Usage ranges from 0.999573 to 0.999775, average 0.999677
Node 1 Table Mem Usage ranges from 0.999573 to 0.999775, average 0.999704
Vectors Added Node 1: 54.0296 Seconds

Node 4 Table Mem Usage ranges from 0.399227 to 0.489273, average 0.452080
Node 4 Table Mem Usage ranges from 0.975964 to 0.996227, average 0.989829
Node 4 Table Mem Usage ranges from 0.997917 to 0.999641, average 0.999229
Node 4 Table Mem Usage ranges from 0.999577 to 0.999767, average 0.999675
Node 4 Table Mem Usage ranges from 0.999626 to 0.999775, average 0.999702
Vectors Added Node 4: 55.477 Seconds

Node 2 Table Mem Usage ranges from 0.416531 to 0.503857, average 0.467170
Node 2 Table Mem Usage ranges from 0.975517 to 0.996262, average 0.989762
Node 2 Table Mem Usage ranges from 0.998024 to 0.999645, average 0.999266
Node 2 Table Mem Usage ranges from 0.999588 to 0.999722, average 0.999669
Node 2 Table Mem Usage ranges from 0.999630 to 0.999737, average 0.999695
Vectors Added Node 2: 55.4949 Seconds

Node 0 Table Mem Usage ranges from 0.400982 to 0.493439, average 0.454950
Node 0 Table Mem Usage ranges from 0.975677 to 0.995922, average 0.989518
Node 0 Table Mem Usage ranges from 0.997906 to 0.999622, average 0.999245
Node 0 Table Mem Usage ranges from 0.999599 to 0.999752, average 0.999683
Node 0 Table Mem Usage ranges from 0.999653 to 0.999775, average 0.999712
Vectors Added Node 0: 55.6408 Seconds

Computing Query Hashes Node 5...
Computing Query Hashes Node 6...
Computing Query Hashes Node 7...
Node 8 Table Mem Usage ranges from 0.416534 to 0.503689, average 0.467560
Node 8 Table Mem Usage ranges from 0.976406 to 0.996147, average 0.989905
Node 8 Table Mem Usage ranges from 0.997978 to 0.999649, average 0.999259
Node 8 Table Mem Usage ranges from 0.999577 to 0.999756, average 0.999677
Node 8 Table Mem Usage ranges from 0.999638 to 0.999775, average 0.999708
Vectors Added Node 8: 55.6984 Seconds

Computing Query Hashes Node 8...
Computing Query Hashes Node 0...
Computing Query Hashes Node 1...
Computing Query Hashes Node 2...
Computing Query Hashes Node 3...
Computing Query Hashes Node 4...
Query Hashes Computed Node 8: 0.00242912 Seconds

Query Hashes Computed Node 4: 0.00246956 Seconds

Query Hashes Computed Node 7: 0.00246061 Seconds

Query Hashes Computed Node 0: 0.00250555 Seconds

Query Hashes Computed Node 3: 0.00249693 Seconds

Query Hashes Computed Node 5: 0.00251187 Seconds

Query Hashes Computed Node 6: 0.00253732 Seconds

Query Hashes Computed Node 1: 0.00254846 Seconds

Query Hashes Computed Node 2: 0.00257076 Seconds

Extracting Top K (CMS) Node 0...
Extracting Top K (CMS) Node 1...
Extracting Top K (CMS) Node 2...
Extracting Top K (CMS) Node 3...
Extracting Top K (CMS) Node 4...
Extracting Top K (CMS) Node 5...
Extracting Top K (CMS) Node 6...
Extracting Top K (CMS) Node 7...
Extracting Top K (CMS) Node 8...
Top K Extracted Node 7: 2.26947 Seconds

Top K Extracted Node 5: 2.30827 Seconds

Top K Extracted Node 1: 2.31206 Seconds

Top K Extracted Node 3: 2.31278 Seconds

Top K Extracted Node 2: 2.84049 Seconds

Top K Extracted Node 6: 2.85627 Seconds

Top K Extracted Node 4: 3.30258 Seconds

Top K Extracted Node 8: 3.69524 Seconds

Top K Extracted Node 0: 4.25442 Seconds

[readSparse]
slurmstepd: Exceeded job memory limit at some point.
[readSparse] Read 1540110000 numbers, 140010000 vectors. 


================================
TOP K CMS

[similarityMetric] Averaging output. 

S@k = s_out(s_true): In top k, average output similarity (average groundtruth similarity). 
S@1 = 0.832 
S@10 = 0.793 
S@20 = 0.771 
S@30 = 0.755 
S@32 = 0.752 
S@40 = 0.742 
S@50 = 0.730 
S@64 = 0.717 
S@100 = 0.692 
S@128 = 0.676 
1 10 20 30 32 40 50 64 100 128 
0.832 0.793 0.771 0.755 0.752 0.742 0.730 0.717 0.692 0.676 
Similarity Metric Computed
slurmstepd: Exceeded job memory limit at some point.
