
=================
== KDD12
=================

140000000 Vectors, 10000 Queries
Nodes: 3
Tables: 16
RangePow: 18
Reservoir Size: 256
Hashes: 4
Using Bruteforce Aggregation
Using Tree Aggregation
CMS Bucket Size: 2048
CMS Hashes: 4

LSH Initialized in Node 0
LSH Initialized in Node 1
LSH Initialized in Node 2
CMS Initialized in Node 0
CMS Initialized in Node 2
CMS Initialized in Node 1
LSH Reservoir Initialized in Node 1
LSH Reservoir Initialized in Node 2
LSH Reservoir Initialized in Node 0
FLASH Controller Initialized in Node 0

Reading Data Node 0...
FLASH Controller Initialized in Node 1

Reading Data Node 1...
FLASH Controller Initialized in Node 2

Reading Data Node 2...
[readSparse]
[readSparse]
[readSparse]
[readSparse] Read 513333359 numbers, 46666669 vectors. 
[readSparse] Read 513333359 numbers, 46666669 vectors. 
[readSparse] Read 513333348 numbers, 46666668 vectors. 
Data Read Node 2: 140.069 Seconds

Data Read Node 0: 140.069 Seconds

Data Read Node 1: 140.069 Seconds

[readSparse]
[readSparse] Read 110000 numbers, 10000 vectors. 
Adding Vectors Node 0...
Adding Vectors Node 1...
Adding Vectors Node 2...
Node 1 Table Mem Usage ranges from 0.735748 to 0.839893, average 0.797717
Node 1 Table Mem Usage ranges from 0.999596 to 0.999760, average 0.999682
Node 1 Table Mem Usage ranges from 0.999599 to 0.999767, average 0.999699
Node 1 Table Mem Usage ranges from 0.999599 to 0.999767, average 0.999699
Node 1 Table Mem Usage ranges from 0.999599 to 0.999767, average 0.999699
Vectors Added Node 1: 134.288 Seconds

Node 2 Table Mem Usage ranges from 0.505337 to 0.696739, average 0.639182
Node 2 Table Mem Usage ranges from 0.994293 to 0.999748, average 0.999153
Node 2 Table Mem Usage ranges from 0.999657 to 0.999832, average 0.999731
Node 2 Table Mem Usage ranges from 0.999657 to 0.999863, average 0.999738
Node 2 Table Mem Usage ranges from 0.999657 to 0.999863, average 0.999738
Vectors Added Node 2: 139.532 Seconds

Node 0 Table Mem Usage ranges from 0.718857 to 0.830799, average 0.786202
Node 0 Table Mem Usage ranges from 0.999538 to 0.999741, average 0.999674
Node 0 Table Mem Usage ranges from 0.999538 to 0.999771, average 0.999693
Node 0 Table Mem Usage ranges from 0.999538 to 0.999771, average 0.999693
Node 0 Table Mem Usage ranges from 0.999538 to 0.999771, average 0.999693
Vectors Added Node 0: 149.237 Seconds

Computing Query Hashes Node 0...
Computing Query Hashes Node 1...
Computing Query Hashes Node 2...
Query Hashes Computed Node 0: 0.00475026 Seconds

Query Hashes Computed Node 2: 0.00484454 Seconds

Query Hashes Computed Node 1: 0.00491836 Seconds

Extracting Top K (CMS) Node 2...
Extracting Top K (CMS) Node 0...
Extracting Top K (CMS) Node 1...
Top K Extracted Node 1: 1.78718 Seconds

Top K Extracted Node 2: 2.19525 Seconds

Top K Extracted Node 0: 2.63141 Seconds

[readSparse]
[readSparse] Read 1540110000 numbers, 140010000 vectors. 


================================
TOP K CMS

[similarityMetric] Averaging output. 

S@k = s_out(s_true): In top k, average output similarity (average groundtruth similarity). 
S@1 = 0.824 
S@10 = 0.780 
S@20 = 0.753 
S@30 = 0.734 
S@32 = 0.730 
S@40 = 0.717 
S@50 = 0.702 
S@64 = 0.684 
S@100 = 0.650 
S@128 = 0.628 
1 10 20 30 32 40 50 64 100 128 
0.824 0.780 0.753 0.734 0.730 0.717 0.702 0.684 0.650 0.628 
Similarity Metric Computed
