
=================
== KDD12
=================

140000000 Vectors, 10000 Queries
Nodes: 4
Tables: 16
RangePow: 18
Reservoir Size: 256
Hashes: 4
Using CMS Aggregation
Using Linear Aggregation
CMS Bucket Size: 2048
CMS Hashes: 4

LSH Initialized in Node 0
LSH Initialized in Node 2
LSH Initialized in Node 1
LSH Initialized in Node 3
CMS Initialized in Node 0
CMS Initialized in Node 1
CMS Initialized in Node 2
CMS Initialized in Node 3
LSH Reservoir Initialized in Node 3
LSH Reservoir Initialized in Node 1
LSH Reservoir Initialized in Node 2
LSH Reservoir Initialized in Node 0
FLASH Controller Initialized in Node 0

Reading Data Node 0...
FLASH Controller Initialized in Node 1

Reading Data Node 1...
FLASH Controller Initialized in Node 2

Reading Data Node 2...
[readSparse]
FLASH Controller Initialized in Node 3

Reading Data Node 3...
[readSparse]
[readSparse]
[readSparse]
[readSparse] Read 385000000 numbers, 35000000 vectors. 
[readSparse] Read 385000000 numbers, 35000000 vectors. 
[readSparse] Read 385000000 numbers, 35000000 vectors. 
[readSparse] Read 385000000 numbers, 35000000 vectors. 
Data Read Node 2: 132.081 Seconds

Data Read Node 3: 132.081 Seconds

Data Read Node 0: 132.081 Seconds

[readSparse]
Data Read Node 1: 132.081 Seconds

[readSparse] Read 110000 numbers, 10000 vectors. 
Adding Vectors Node 0...
Adding Vectors Node 1...
Adding Vectors Node 2...
Adding Vectors Node 3...
Node 2 Table Mem Usage ranges from 0.650269 to 0.762299, average 0.716697
Node 2 Table Mem Usage ranges from 0.998951 to 0.999775, average 0.999518
Node 2 Table Mem Usage ranges from 0.999577 to 0.999798, average 0.999675
Node 2 Table Mem Usage ranges from 0.999577 to 0.999798, average 0.999676
Node 2 Table Mem Usage ranges from 0.999577 to 0.999798, average 0.999676
Vectors Added Node 2: 103.294 Seconds

Node 3 Table Mem Usage ranges from 0.409599 to 0.590797, average 0.534611
Node 3 Table Mem Usage ranges from 0.983574 to 0.999531, average 0.997429
Node 3 Table Mem Usage ranges from 0.999638 to 0.999802, average 0.999723
Node 3 Table Mem Usage ranges from 0.999638 to 0.999813, average 0.999732
Node 3 Table Mem Usage ranges from 0.999638 to 0.999813, average 0.999732
Vectors Added Node 3: 103.914 Seconds

Node 1 Table Mem Usage ranges from 0.638351 to 0.749954, average 0.705708
Node 1 Table Mem Usage ranges from 0.998997 to 0.999706, average 0.999541
Node 1 Table Mem Usage ranges from 0.999577 to 0.999767, average 0.999691
Node 1 Table Mem Usage ranges from 0.999577 to 0.999767, average 0.999691
Node 1 Table Mem Usage ranges from 0.999577 to 0.999767, average 0.999691
Vectors Added Node 1: 108.923 Seconds

Node 0 Table Mem Usage ranges from 0.632828 to 0.748665, average 0.701628
Node 0 Table Mem Usage ranges from 0.999016 to 0.999699, average 0.999524
Node 0 Table Mem Usage ranges from 0.999603 to 0.999775, average 0.999692
Node 0 Table Mem Usage ranges from 0.999603 to 0.999775, average 0.999692
Node 0 Table Mem Usage ranges from 0.999603 to 0.999775, average 0.999692
Vectors Added Node 0: 113.42 Seconds

Computing Query Hashes Node 1...
Computing Query Hashes Node 3...
Computing Query Hashes Node 0...
Computing Query Hashes Node 2...
Query Hashes Computed Node 0: 0.00406724 Seconds

Extracting Top K (CMS) Node 0...
Query Hashes Computed Node 1: 0.00408917 Seconds

Extracting Top K (CMS) Node 1...
Query Hashes Computed Node 2: 0.00406812 Seconds

Extracting Top K (CMS) Node 2...
Query Hashes Computed Node 3: 0.00407673 Seconds

Extracting Top K (CMS) Node 3...
Top K Extracted Node 1: 1.7518 Seconds

Top K Extracted Node 2: 1.9697 Seconds

Top K Extracted Node 3: 2.40592 Seconds

Top K Extracted Node 0: 3.39226 Seconds

[readSparse]
[readSparse] Read 1540110000 numbers, 140010000 vectors. 


================================
TOP K CMS

[similarityMetric] Averaging output. 

S@k = s_out(s_true): In top k, average output similarity (average groundtruth similarity). 
S@1 = 0.828 
S@10 = 0.785 
S@20 = 0.760 
S@30 = 0.741 
S@32 = 0.737 
S@40 = 0.725 
S@50 = 0.711 
S@64 = 0.694 
S@100 = 0.663 
S@128 = 0.643 
1 10 20 30 32 40 50 64 100 128 
0.828 0.785 0.760 0.741 0.737 0.725 0.711 0.694 0.663 0.643 
Similarity Metric Computed
