
=================
== KDD12
=================

140000000 Vectors, 10000 Queries
Nodes: 7
Tables: 16
RangePow: 18
Reservoir Size: 256
Hashes: 4
Using CMS Aggregation
Using Linear Aggregation
CMS Bucket Size: 2048
CMS Hashes: 4

LSH Initialized in Node 0
LSH Initialized in Node 4
LSH Initialized in Node 1
LSH Initialized in Node 2
LSH Initialized in Node 3
LSH Initialized in Node 5
LSH Initialized in Node 6
CMS Initialized in Node 0
CMS Initialized in Node 1
CMS Initialized in Node 2
CMS Initialized in Node 3
CMS Initialized in Node 4
CMS Initialized in Node 5
CMS Initialized in Node 6
LSH Reservoir Initialized in Node 5
LSH Reservoir Initialized in Node 3
LSH Reservoir Initialized in Node 1
LSH Reservoir Initialized in Node 6
LSH Reservoir Initialized in Node 2
LSH Reservoir Initialized in Node 4
LSH Reservoir Initialized in Node 0
FLASH Controller Initialized in Node 1

Reading Data Node 1...
FLASH Controller Initialized in Node 3

Reading Data Node 3...
FLASH Controller Initialized in Node 5

Reading Data Node 5...
FLASH Controller Initialized in Node 0

Reading Data Node 0...
[readSparse]
FLASH Controller Initialized in Node 2

Reading Data Node 2...
[readSparse]
FLASH Controller Initialized in Node 4

Reading Data Node 4...
[readSparse]
FLASH Controller Initialized in Node 6

Reading Data Node 6...
[readSparse]
[readSparse]
[readSparse]
[readSparse]
[readSparse] Read 220000000 numbers, 20000000 vectors. 
[readSparse] Read 220000000 numbers, 20000000 vectors. 
[readSparse] Read 220000000 numbers, 20000000 vectors. 
[readSparse] Read 220000000 numbers, 20000000 vectors. 
[readSparse] Read 220000000 numbers, 20000000 vectors. 
[readSparse] Read 220000000 numbers, 20000000 vectors. 
[readSparse] Read 220000000 numbers, 20000000 vectors. 
Data Read Node 1: 119.571 Seconds

Data Read Node 3: 119.571 Seconds

Data Read Node 5: 119.571 Seconds

Data Read Node 6: 119.571 Seconds

Data Read Node 0: 119.571 Seconds

Data Read Node 2: 119.571 Seconds

Data Read Node 4: 119.571 Seconds

[readSparse]
[readSparse] Read 110000 numbers, 10000 vectors. 
Adding Vectors Node 0...
Adding Vectors Node 1...
Adding Vectors Node 2...
Adding Vectors Node 3...
Adding Vectors Node 4...
Adding Vectors Node 5...
Adding Vectors Node 6...
Node 5 Table Mem Usage ranges from 0.276466 to 0.413261, average 0.368577
Node 5 Table Mem Usage ranges from 0.922981 to 0.994835, average 0.979924
Node 5 Table Mem Usage ranges from 0.988014 to 0.999603, average 0.998205
Node 5 Table Mem Usage ranges from 0.997787 to 0.999763, average 0.999549
Node 5 Table Mem Usage ranges from 0.999569 to 0.999825, average 0.999721
Vectors Added Node 5: 58.4865 Seconds

Node 4 Table Mem Usage ranges from 0.278709 to 0.411999, average 0.369040
Node 4 Table Mem Usage ranges from 0.922585 to 0.994781, average 0.979557
Node 4 Table Mem Usage ranges from 0.986973 to 0.999622, average 0.998051
Node 4 Table Mem Usage ranges from 0.997593 to 0.999737, average 0.999519
Node 4 Table Mem Usage ranges from 0.999439 to 0.999790, average 0.999694
Vectors Added Node 4: 59.1996 Seconds

Node 3 Table Mem Usage ranges from 0.484058 to 0.582104, average 0.540830
Node 3 Table Mem Usage ranges from 0.989563 to 0.998764, average 0.996063
Node 3 Table Mem Usage ranges from 0.999432 to 0.999718, average 0.999604
Node 3 Table Mem Usage ranges from 0.999622 to 0.999748, average 0.999684
Node 3 Table Mem Usage ranges from 0.999626 to 0.999748, average 0.999686
Vectors Added Node 3: 67.4895 Seconds

Node 1 Table Mem Usage ranges from 0.484497 to 0.584610, average 0.542315
Node 1 Table Mem Usage ranges from 0.989391 to 0.998779, average 0.996094
Node 1 Table Mem Usage ranges from 0.999382 to 0.999733, average 0.999616
Node 1 Table Mem Usage ranges from 0.999622 to 0.999767, average 0.999696
Node 1 Table Mem Usage ranges from 0.999622 to 0.999790, average 0.999700
Vectors Added Node 1: 68.0246 Seconds

Node 6 Table Mem Usage ranges from 0.481693 to 0.580978, average 0.539604
Node 6 Table Mem Usage ranges from 0.989464 to 0.998734, average 0.996045
Node 6 Table Mem Usage ranges from 0.999355 to 0.999767, average 0.999614
Node 6 Table Mem Usage ranges from 0.999596 to 0.999775, average 0.999692
Node 6 Table Mem Usage ranges from 0.999596 to 0.999775, average 0.999696
Vectors Added Node 6: 69.1866 Seconds

Node 2 Table Mem Usage ranges from 0.465759 to 0.565910, average 0.523384
Node 2 Table Mem Usage ranges from 0.989899 to 0.998787, average 0.996237
Node 2 Table Mem Usage ranges from 0.999397 to 0.999676, average 0.999592
Node 2 Table Mem Usage ranges from 0.999569 to 0.999763, average 0.999675
Node 2 Table Mem Usage ranges from 0.999569 to 0.999771, average 0.999676
Vectors Added Node 2: 69.9243 Seconds

Node 0 Table Mem Usage ranges from 0.468262 to 0.571701, average 0.528524
Node 0 Table Mem Usage ranges from 0.989647 to 0.998787, average 0.996096
Node 0 Table Mem Usage ranges from 0.999317 to 0.999775, average 0.999595
Node 0 Table Mem Usage ranges from 0.999596 to 0.999786, average 0.999681
Node 0 Table Mem Usage ranges from 0.999596 to 0.999786, average 0.999684
Vectors Added Node 0: 70.0022 Seconds

Computing Query Hashes Node 0...
Computing Query Hashes Node 1...
Computing Query Hashes Node 2...
Computing Query Hashes Node 3...
Computing Query Hashes Node 4...
Computing Query Hashes Node 5...
Computing Query Hashes Node 6...
Query Hashes Computed Node 6: 0.00263102 Seconds

Query Hashes Computed Node 0: 0.00272294 Seconds

Query Hashes Computed Node 5: 0.00276161 Seconds

Query Hashes Computed Node 1: 0.00281542 Seconds

Query Hashes Computed Node 2: 0.002789 Seconds

Query Hashes Computed Node 3: 0.0028507 Seconds

Query Hashes Computed Node 4: 0.0028223 Seconds

Extracting Top K (CMS) Node 0...
Extracting Top K (CMS) Node 1...
Extracting Top K (CMS) Node 2...
Extracting Top K (CMS) Node 3...
Extracting Top K (CMS) Node 4...
Extracting Top K (CMS) Node 5...
Extracting Top K (CMS) Node 6...
Top K Extracted Node 1: 1.69784 Seconds

Top K Extracted Node 2: 1.91809 Seconds

Top K Extracted Node 3: 2.15896 Seconds

Top K Extracted Node 4: 2.37995 Seconds

Top K Extracted Node 5: 2.62318 Seconds

Top K Extracted Node 6: 3.04321 Seconds

Top K Extracted Node 0: 5.1173 Seconds

[readSparse]
[readSparse] Read 1540110000 numbers, 140010000 vectors. 


================================
TOP K CMS

[similarityMetric] Averaging output. 

S@k = s_out(s_true): In top k, average output similarity (average groundtruth similarity). 
S@1 = 0.827 
S@10 = 0.786 
S@20 = 0.762 
S@30 = 0.745 
S@32 = 0.742 
S@40 = 0.731 
S@50 = 0.719 
S@64 = 0.704 
S@100 = 0.676 
S@128 = 0.659 
1 10 20 30 32 40 50 64 100 128 
0.827 0.786 0.762 0.745 0.742 0.731 0.719 0.704 0.676 0.659 
Similarity Metric Computed
