
=================
== KDD12
=================

140000000 Vectors, 10000 Queries
Nodes: 2
Tables: 16
RangePow: 18
Reservoir Size: 256
Hashes: 4
Using CMS Aggregation
Using Tree Aggregation
CMS Bucket Size: 2048
CMS Hashes: 4

LSH Initialized in Node 0
LSH Initialized in Node 1
CMS Initialized in Node 0
CMS Initialized in Node 1
LSH Reservoir Initialized in Node 1
LSH Reservoir Initialized in Node 0
FLASH Controller Initialized in Node 0

Reading Data Node 0...
FLASH Controller Initialized in Node 1

Reading Data Node 1...
[readSparse]
[readSparse]
[readSparse] Read 770000000 numbers, 70000000 vectors. 
[readSparse] Read 770000000 numbers, 70000000 vectors. 
Data Read Node 1: 236.261 Seconds

Data Read Node 0: 236.261 Seconds

[readSparse]
[readSparse] Read 110000 numbers, 10000 vectors. 
Adding Vectors Node 0...
Adding Vectors Node 1...
Node 1 Table Mem Usage ranges from 0.841652 to 0.927505, average 0.894575
Node 1 Table Mem Usage ranges from 0.999611 to 0.999752, average 0.999698
Node 1 Table Mem Usage ranges from 0.999611 to 0.999752, average 0.999698
Node 1 Table Mem Usage ranges from 0.999611 to 0.999752, average 0.999698
Node 1 Table Mem Usage ranges from 0.999611 to 0.999752, average 0.999698
Vectors Added Node 1: 192.279 Seconds

Node 0 Table Mem Usage ranges from 0.827774 to 0.919659, average 0.884889
Node 0 Table Mem Usage ranges from 0.999535 to 0.999737, average 0.999671
Node 0 Table Mem Usage ranges from 0.999535 to 0.999737, average 0.999671
Node 0 Table Mem Usage ranges from 0.999535 to 0.999737, average 0.999671
Node 0 Table Mem Usage ranges from 0.999535 to 0.999737, average 0.999671
Vectors Added Node 0: 213.285 Seconds

Computing Query Hashes Node 0...
Computing Query Hashes Node 1...
Query Hashes Computed Node 0: 0.00650471 Seconds

Extracting Top K (CMS) Node 0...
Query Hashes Computed Node 1: 0.00651948 Seconds

Extracting Top K (CMS) Node 1...
Top K Extracted Node 1: 1.8882 Seconds

Top K Extracted Node 0: 2.36701 Seconds

[readSparse]
