
=================
== KDD12
=================

140000000 Vectors, 10000 Queries
Nodes: 7
Tables: 16
RangePow: 18
Reservoir Size: 256
Hashes: 4
Using CMS Aggregation
Using Tree Aggregation
CMS Bucket Size: 2048
CMS Hashes: 4

LSH Initialized in Node 0
LSH Initialized in Node 2
LSH Initialized in Node 4
LSH Initialized in Node 1
LSH Initialized in Node 3
LSH Initialized in Node 5
LSH Initialized in Node 6
CMS Initialized in Node 2
CMS Initialized in Node 4
CMS Initialized in Node 6
CMS Initialized in Node 0
CMS Initialized in Node 1
CMS Initialized in Node 3
CMS Initialized in Node 5
LSH Reservoir Initialized in Node 5
LSH Reservoir Initialized in Node 3
LSH Reservoir Initialized in Node 1
LSH Reservoir Initialized in Node 6
LSH Reservoir Initialized in Node 4
LSH Reservoir Initialized in Node 2
LSH Reservoir Initialized in Node 0
FLASH Controller Initialized in Node 0

Reading Data Node 0...
FLASH Controller Initialized in Node 1

Reading Data Node 1...
FLASH Controller Initialized in Node 3

Reading Data Node 3...
FLASH Controller Initialized in Node 5

Reading Data Node 5...
[readSparse]
[readSparse]
FLASH Controller Initialized in Node 2

Reading Data Node 2...
[readSparse]
[readSparse]
FLASH Controller Initialized in Node 4

Reading Data Node 4...
[readSparse]
[readSparse]
FLASH Controller Initialized in Node 6

Reading Data Node 6...
[readSparse]
[readSparse] Read 220000000 numbers, 20000000 vectors. 
[readSparse] Read 220000000 numbers, 20000000 vectors. 
[readSparse] Read 220000000 numbers, 20000000 vectors. 
[readSparse] Read 220000000 numbers, 20000000 vectors. 
[readSparse] Read 220000000 numbers, 20000000 vectors. 
[readSparse] Read 220000000 numbers, 20000000 vectors. 
[readSparse] Read 220000000 numbers, 20000000 vectors. 
Data Read Node 0: 70.3135 Seconds

Data Read Node 1: 70.3135 Seconds

Data Read Node 2: 70.3135 Seconds

Data Read Node 3: 70.3135 Seconds

Data Read Node 4: 70.3135 Seconds

Data Read Node 5: 70.3135 Seconds

Data Read Node 6: 70.3135 Seconds

[readSparse]
[readSparse] Read 110000 numbers, 10000 vectors. 
Adding Vectors Node 0...
Adding Vectors Node 1...
Adding Vectors Node 2...
Adding Vectors Node 3...
Adding Vectors Node 4...
Adding Vectors Node 5...
Adding Vectors Node 6...
Node 5 Table Mem Usage ranges from 0.276443 to 0.413177, average 0.368567
Node 5 Table Mem Usage ranges from 0.922943 to 0.994862, average 0.979915
Node 5 Table Mem Usage ranges from 0.987980 to 0.999634, average 0.998197
Node 5 Table Mem Usage ranges from 0.997753 to 0.999767, average 0.999541
Node 5 Table Mem Usage ranges from 0.999535 to 0.999821, average 0.999712
Vectors Added Node 5: 58.8136 Seconds

Node 4 Table Mem Usage ranges from 0.278740 to 0.412041, average 0.369052
Node 4 Table Mem Usage ranges from 0.922642 to 0.994804, average 0.979583
Node 4 Table Mem Usage ranges from 0.987041 to 0.999645, average 0.998077
Node 4 Table Mem Usage ranges from 0.997662 to 0.999763, average 0.999545
Node 4 Table Mem Usage ranges from 0.999508 to 0.999825, average 0.999720
Vectors Added Node 4: 59.4167 Seconds

Node 3 Table Mem Usage ranges from 0.484055 to 0.582054, average 0.540843
Node 3 Table Mem Usage ranges from 0.989536 to 0.998722, average 0.996072
Node 3 Table Mem Usage ranges from 0.999401 to 0.999702, average 0.999612
Node 3 Table Mem Usage ranges from 0.999626 to 0.999744, average 0.999692
Node 3 Table Mem Usage ranges from 0.999626 to 0.999752, average 0.999694
Vectors Added Node 3: 66.3538 Seconds

Node 1 Table Mem Usage ranges from 0.484440 to 0.584587, average 0.542316
Node 1 Table Mem Usage ranges from 0.989338 to 0.998760, average 0.996084
Node 1 Table Mem Usage ranges from 0.999329 to 0.999699, average 0.999606
Node 1 Table Mem Usage ranges from 0.999584 to 0.999763, average 0.999686
Node 1 Table Mem Usage ranges from 0.999584 to 0.999763, average 0.999690
Vectors Added Node 1: 67.2442 Seconds

Node 6 Table Mem Usage ranges from 0.481663 to 0.580967, average 0.539597
Node 6 Table Mem Usage ranges from 0.989422 to 0.998730, average 0.996035
Node 6 Table Mem Usage ranges from 0.999313 to 0.999687, average 0.999604
Node 6 Table Mem Usage ranges from 0.999580 to 0.999756, average 0.999682
Node 6 Table Mem Usage ranges from 0.999580 to 0.999756, average 0.999686
Vectors Added Node 6: 69.2487 Seconds

Node 2 Table Mem Usage ranges from 0.465752 to 0.565945, average 0.523382
Node 2 Table Mem Usage ranges from 0.989880 to 0.998764, average 0.996230
Node 2 Table Mem Usage ranges from 0.999378 to 0.999683, average 0.999585
Node 2 Table Mem Usage ranges from 0.999565 to 0.999756, average 0.999668
Node 2 Table Mem Usage ranges from 0.999569 to 0.999756, average 0.999669
Vectors Added Node 2: 69.9302 Seconds

Node 0 Table Mem Usage ranges from 0.468250 to 0.571758, average 0.528540
Node 0 Table Mem Usage ranges from 0.989632 to 0.998730, average 0.996103
Node 0 Table Mem Usage ranges from 0.999302 to 0.999741, average 0.999602
Node 0 Table Mem Usage ranges from 0.999580 to 0.999767, average 0.999688
Node 0 Table Mem Usage ranges from 0.999580 to 0.999771, average 0.999691
Vectors Added Node 0: 70.125 Seconds

Computing Query Hashes Node 0...
Computing Query Hashes Node 1...
Computing Query Hashes Node 3...
Computing Query Hashes Node 5...
Computing Query Hashes Node 2...
Computing Query Hashes Node 4...
Computing Query Hashes Node 6...
Query Hashes Computed Node 4: 0.00266746 Seconds

Query Hashes Computed Node 5: 0.0027079 Seconds

Query Hashes Computed Node 3: 0.00274698 Seconds

Query Hashes Computed Node 6: 0.00275828 Seconds

Query Hashes Computed Node 2: 0.00278429 Seconds

Query Hashes Computed Node 0: 0.00285327 Seconds

Query Hashes Computed Node 1: 0.00287388 Seconds

Extracting Top K (CMS) Node 2...
Extracting Top K (CMS) Node 6...
Extracting Top K (CMS) Node 0...
Extracting Top K (CMS) Node 1...
Extracting Top K (CMS) Node 3...
Extracting Top K (CMS) Node 4...
Extracting Top K (CMS) Node 5...
Top K Extracted Node 5: 1.62391 Seconds

Top K Extracted Node 3: 1.70105 Seconds

Top K Extracted Node 1: 1.71071 Seconds

Top K Extracted Node 6: 2.1081 Seconds

Top K Extracted Node 2: 2.18795 Seconds

Top K Extracted Node 4: 2.61109 Seconds

Top K Extracted Node 0: 3.11673 Seconds

[readSparse]
[readSparse] Read 1540110000 numbers, 140010000 vectors. 


================================
TOP K CMS

[similarityMetric] Averaging output. 

S@k = s_out(s_true): In top k, average output similarity (average groundtruth similarity). 
S@1 = 0.831 
S@10 = 0.792 
S@20 = 0.769 
S@30 = 0.752 
S@32 = 0.749 
S@40 = 0.739 
S@50 = 0.727 
S@64 = 0.713 
S@100 = 0.688 
S@128 = 0.671 
1 10 20 30 32 40 50 64 100 128 
0.831 0.792 0.769 0.752 0.749 0.739 0.727 0.713 0.688 0.671 
Similarity Metric Computed
