
=================
== KDD12
=================

140000000 Vectors, 10000 Queries
Nodes: 10
Tables: 16
RangePow: 18
Reservoir Size: 256
Hashes: 4
Using CMS Aggregation
Using Tree Aggregation
CMS Bucket Size: 2048
CMS Hashes: 4

LSH Initialized in Node 0
LSH Initialized in Node 2
LSH Initialized in Node 4
LSH Initialized in Node 8
LSH Initialized in Node 1
LSH Initialized in Node 3
LSH Initialized in Node 5
LSH Initialized in Node 6
LSH Initialized in Node 7
LSH Initialized in Node 9
CMS Initialized in Node 0
CMS Initialized in Node 1
CMS Initialized in Node 2
CMS Initialized in Node 3
CMS Initialized in Node 4
CMS Initialized in Node 5
CMS Initialized in Node 6
CMS Initialized in Node 7
CMS Initialized in Node 8
CMS Initialized in Node 9
LSH Reservoir Initialized in Node 4
LSH Reservoir Initialized in Node 7
LSH Reservoir Initialized in Node 5
LSH Reservoir Initialized in Node 2
LSH Reservoir Initialized in Node 8
LSH Reservoir Initialized in Node 3
LSH Reservoir Initialized in Node 6
LSH Reservoir Initialized in Node 9
LSH Reservoir Initialized in Node 0
LSH Reservoir Initialized in Node 1
FLASH Controller Initialized in Node 0

Reading Data Node 0...
FLASH Controller Initialized in Node 4

Reading Data Node 4...
FLASH Controller Initialized in Node 1

Reading Data Node 1...
FLASH Controller Initialized in Node 2

Reading Data Node 2...
FLASH Controller Initialized in Node 3

Reading Data Node 3...
FLASH Controller Initialized in Node 5

Reading Data Node 5...
FLASH Controller Initialized in Node 6

Reading Data Node 6...
FLASH Controller Initialized in Node 7

Reading Data Node 7...
FLASH Controller Initialized in Node 8

Reading Data Node 8...
FLASH Controller Initialized in Node 9

Reading Data Node 9...
[readSparse]
[readSparse]
[readSparse]
[readSparse]
[readSparse]
[readSparse]
[readSparse]
[readSparse]
[readSparse]
[readSparse]
[readSparse] Read 154000000 numbers, 14000000 vectors. 
[readSparse] Read 154000000 numbers, 14000000 vectors. 
[readSparse] Read 154000000 numbers, 14000000 vectors. 
[readSparse] Read 154000000 numbers, 14000000 vectors. 
[readSparse] Read 154000000 numbers, 14000000 vectors. 
[readSparse] Read 154000000 numbers, 14000000 vectors. 
[readSparse] Read 154000000 numbers, 14000000 vectors. 
[readSparse] Read 154000000 numbers, 14000000 vectors. 
[readSparse] Read 154000000 numbers, 14000000 vectors. 
[readSparse] Read 154000000 numbers, 14000000 vectors. 
Data Read Node 8: 94.8362 Seconds

Data Read Node 7: 94.8362 Seconds

Data Read Node 9: 94.8362 Seconds

Data Read Node 1: 94.8362 Seconds

Data Read Node 6: 94.8362 Seconds

Data Read Node 0: 94.8362 Seconds

Data Read Node 2: 94.8362 Seconds

Data Read Node 3: 94.8362 Seconds

Data Read Node 5: 94.8362 Seconds

Data Read Node 4: 94.8362 Seconds

[readSparse]
[readSparse] Read 110000 numbers, 10000 vectors. 
Adding Vectors Node 0...
Adding Vectors Node 1...
Adding Vectors Node 2...
Adding Vectors Node 3...
Adding Vectors Node 4...
Adding Vectors Node 5...
Adding Vectors Node 6...
Adding Vectors Node 7...
Adding Vectors Node 8...
Adding Vectors Node 9...
Node 7 Table Mem Usage ranges from 0.208698 to 0.313278, average 0.278485
Node 7 Table Mem Usage ranges from 0.850254 to 0.977291, average 0.946101
Node 7 Table Mem Usage ranges from 0.961193 to 0.998814, average 0.992543
Node 7 Table Mem Usage ranges from 0.988789 to 0.999657, average 0.998377
Node 7 Table Mem Usage ranges from 0.996819 to 0.999748, average 0.999444
Vectors Added Node 7: 41.8248 Seconds

Node 6 Table Mem Usage ranges from 0.212570 to 0.313519, average 0.280618
Node 6 Table Mem Usage ranges from 0.848583 to 0.976566, average 0.944610
Node 6 Table Mem Usage ranges from 0.959461 to 0.998566, average 0.992125
Node 6 Table Mem Usage ranges from 0.988743 to 0.999653, average 0.998352
Node 6 Table Mem Usage ranges from 0.996792 to 0.999760, average 0.999446
Vectors Added Node 6: 42.1676 Seconds

Node 5 Table Mem Usage ranges from 0.386982 to 0.471680, average 0.436182
Node 5 Table Mem Usage ranges from 0.968052 to 0.994041, average 0.985580
Node 5 Table Mem Usage ranges from 0.996738 to 0.999619, average 0.998837
Node 5 Table Mem Usage ranges from 0.999409 to 0.999706, average 0.999596
Node 5 Table Mem Usage ranges from 0.999546 to 0.999706, average 0.999652
Vectors Added Node 5: 46.8098 Seconds

Node 8 Table Mem Usage ranges from 0.204189 to 0.317501, average 0.271815
Node 8 Table Mem Usage ranges from 0.855888 to 0.978771, average 0.946994
Node 8 Table Mem Usage ranges from 0.989361 to 0.999226, average 0.997314
Node 8 Table Mem Usage ranges from 0.998940 to 0.999775, average 0.999582
Node 8 Table Mem Usage ranges from 0.999619 to 0.999851, average 0.999717
Vectors Added Node 8: 47.2773 Seconds

Node 4 Table Mem Usage ranges from 0.378475 to 0.460335, average 0.426410
Node 4 Table Mem Usage ranges from 0.967220 to 0.993504, average 0.984894
Node 4 Table Mem Usage ranges from 0.996780 to 0.999546, average 0.998855
Node 4 Table Mem Usage ranges from 0.999504 to 0.999699, average 0.999622
Node 4 Table Mem Usage ranges from 0.999596 to 0.999763, average 0.999678
Vectors Added Node 4: 49.3669 Seconds

Node 3 Table Mem Usage ranges from 0.389893 to 0.472301, average 0.437742
Node 3 Table Mem Usage ranges from 0.968708 to 0.993927, average 0.985631
Node 3 Table Mem Usage ranges from 0.996895 to 0.999615, average 0.998888
Node 3 Table Mem Usage ranges from 0.999485 to 0.999744, average 0.999642
Node 3 Table Mem Usage ranges from 0.999596 to 0.999752, average 0.999698
Vectors Added Node 3: 49.4605 Seconds

Node 2 Table Mem Usage ranges from 0.376919 to 0.460308, average 0.425666
Node 2 Table Mem Usage ranges from 0.967197 to 0.993698, average 0.984912
Node 2 Table Mem Usage ranges from 0.996819 to 0.999527, average 0.998871
Node 2 Table Mem Usage ranges from 0.999268 to 0.999710, average 0.999606
Node 2 Table Mem Usage ranges from 0.999584 to 0.999752, average 0.999676
Vectors Added Node 2: 49.5738 Seconds

Node 0 Table Mem Usage ranges from 0.373905 to 0.462151, average 0.425281
Node 0 Table Mem Usage ranges from 0.966389 to 0.993580, average 0.984711
Node 0 Table Mem Usage ranges from 0.996647 to 0.999554, average 0.998844
Node 0 Table Mem Usage ranges from 0.999393 to 0.999722, average 0.999637
Node 0 Table Mem Usage ranges from 0.999630 to 0.999779, average 0.999699
Vectors Added Node 0: 49.8163 Seconds

Node 1 Table Mem Usage ranges from 0.388550 to 0.470734, average 0.435302
Node 1 Table Mem Usage ranges from 0.969009 to 0.994026, average 0.985543
Node 1 Table Mem Usage ranges from 0.996944 to 0.999504, average 0.998845
Node 1 Table Mem Usage ranges from 0.999493 to 0.999699, average 0.999607
Node 1 Table Mem Usage ranges from 0.999550 to 0.999737, average 0.999666
Vectors Added Node 1: 49.9008 Seconds

Computing Query Hashes Node 0...
Computing Query Hashes Node 2...
Computing Query Hashes Node 4...
Computing Query Hashes Node 6...
Computing Query Hashes Node 8...
Node 9 Table Mem Usage ranges from 0.384407 to 0.468185, average 0.433517
Node 9 Table Mem Usage ranges from 0.965763 to 0.993553, average 0.984378
Node 9 Table Mem Usage ranges from 0.996666 to 0.999584, average 0.998825
Node 9 Table Mem Usage ranges from 0.999344 to 0.999687, average 0.999610
Node 9 Table Mem Usage ranges from 0.999607 to 0.999706, average 0.999673
Vectors Added Node 9: 50.0062 Seconds

Computing Query Hashes Node 9...
Computing Query Hashes Node 1...
Computing Query Hashes Node 3...
Computing Query Hashes Node 5...
Computing Query Hashes Node 7...
Query Hashes Computed Node 2: 0.00554374 Seconds

Query Hashes Computed Node 3: 0.00550671 Seconds

Query Hashes Computed Node 4: 0.00552146 Seconds

Query Hashes Computed Node 5: 0.00548253 Seconds

Query Hashes Computed Node 6: 0.00552855 Seconds

Query Hashes Computed Node 7: 0.00549907 Seconds

Query Hashes Computed Node 9: 0.00553396 Seconds

Query Hashes Computed Node 0: 0.00559707 Seconds

Query Hashes Computed Node 1: 0.005564 Seconds

Extracting Top K (CMS) Node 1...
Extracting Top K (CMS) Node 7...
Query Hashes Computed Node 8: 0.00558107 Seconds

Extracting Top K (CMS) Node 8...
Extracting Top K (CMS) Node 0...
Extracting Top K (CMS) Node 3...
Extracting Top K (CMS) Node 4...
Extracting Top K (CMS) Node 5...
Extracting Top K (CMS) Node 6...
Extracting Top K (CMS) Node 9...
Extracting Top K (CMS) Node 2...
Top K Extracted Node 7: 2.51008 Seconds

Top K Extracted Node 3: 2.60596 Seconds

Top K Extracted Node 9: 2.60711 Seconds

Top K Extracted Node 5: 2.60775 Seconds

Top K Extracted Node 1: 2.61339 Seconds

Top K Extracted Node 6: 3.14578 Seconds

Top K Extracted Node 2: 3.15044 Seconds

Top K Extracted Node 4: 3.5936 Seconds

Top K Extracted Node 8: 4.02231 Seconds

Top K Extracted Node 0: 4.55509 Seconds

[readSparse]
slurmstepd: Exceeded job memory limit at some point.
[readSparse] Read 1540110000 numbers, 140010000 vectors. 


================================
TOP K CMS

[similarityMetric] Averaging output. 

S@k = s_out(s_true): In top k, average output similarity (average groundtruth similarity). 
S@1 = 0.827 
S@10 = 0.789 
S@20 = 0.767 
S@30 = 0.751 
S@32 = 0.748 
S@40 = 0.738 
S@50 = 0.726 
S@64 = 0.713 
S@100 = 0.688 
S@128 = 0.672 
1 10 20 30 32 40 50 64 100 128 
0.827 0.789 0.767 0.751 0.748 0.738 0.726 0.713 0.688 0.672 
Similarity Metric Computed
slurmstepd: Exceeded job memory limit at some point.
