
=================
== KDD12
=================

140000000 Vectors, 10000 Queries
Nodes: 2
Tables: 16
RangePow: 18
Reservoir Size: 256
Hashes: 4
Using CMS Aggregation
Using Tree Aggregation
CMS Bucket Size: 2048
CMS Hashes: 4

LSH Initialized in Node 0
LSH Initialized in Node 1
CMS Initialized in Node 0
CMS Initialized in Node 1
LSH Reservoir Initialized in Node 1
LSH Reservoir Initialized in Node 0
FLASH Controller Initialized in Node 0

Reading Data Node 0...
FLASH Controller Initialized in Node 1

Reading Data Node 1...
[readSparse]
[readSparse]
[readSparse] Read 770000000 numbers, 70000000 vectors. 
[readSparse] Read 770000000 numbers, 70000000 vectors. 
Data Read Node 1: 237.389 Seconds

Data Read Node 0: 237.389 Seconds

[readSparse]
[readSparse] Read 110000 numbers, 10000 vectors. 
Adding Vectors Node 0...
Adding Vectors Node 1...
Node 1 Table Mem Usage ranges from 0.788113 to 0.843498, average 0.819213
Node 1 Table Mem Usage ranges from 0.902443 to 0.965813, average 0.923951
Node 1 Table Mem Usage ranges from 0.902443 to 0.965813, average 0.923951
Node 1 Table Mem Usage ranges from 0.902443 to 0.965813, average 0.923951
Node 1 Table Mem Usage ranges from 0.902443 to 0.965813, average 0.923951
Vectors Added Node 1: 46.5711 Seconds

Node 0 Table Mem Usage ranges from 0.775158 to 0.848236, average 0.819437
Node 0 Table Mem Usage ranges from 0.923355 to 0.946285, average 0.933741
Node 0 Table Mem Usage ranges from 0.923355 to 0.946285, average 0.933741
Node 0 Table Mem Usage ranges from 0.923355 to 0.946285, average 0.933741
Node 0 Table Mem Usage ranges from 0.923355 to 0.946285, average 0.933741
Vectors Added Node 0: 48.9585 Seconds

Computing Query Hashes Node 0...
Computing Query Hashes Node 1...
Query Hashes Computed Node 0: 0.00200194 Seconds

Extracting Top K (CMS) Node 0...
Query Hashes Computed Node 1: 0.00202695 Seconds

Extracting Top K (CMS) Node 1...
Top K Extracted Node 1: 0.548814 Seconds

Top K Extracted Node 0: 0.612426 Seconds

[readSparse]
[readSparse] Read 1540110000 numbers, 140010000 vectors. 


================================
TOP K CMS

[similarityMetric] Averaging output. 

S@k = s_out(s_true): In top k, average output similarity (average groundtruth similarity). 
S@1 = 0.813 
S@10 = 0.757 
S@20 = 0.723 
S@30 = 0.697 
S@32 = 0.692 
S@40 = 0.675 
S@50 = 0.658 
S@64 = 0.637 
S@100 = 0.596 
S@128 = 0.571 
1 10 20 30 32 40 50 64 100 128 
0.813 0.757 0.723 0.697 0.692 0.675 0.658 0.637 0.596 0.571 
Similarity Metric Computed
