
=================
== Webspam
=================

340000 Vectors, 10000 Queries
Nodes: 5
Tables: 24
RangePow: 18
Reservoir Size: 256
Hashes: 8
Using CMS Aggregation
Using Linear Aggregation
CMS Bucket Size: 1024
CMS Hashes: 4

LSH Initialized in Node 0
LSH Initialized in Node 2
LSH Initialized in Node 4
LSH Initialized in Node 1
LSH Initialized in Node 3
CMS Initialized in Node 0
CMS Initialized in Node 1
CMS Initialized in Node 3
CMS Initialized in Node 4
CMS Initialized in Node 2
LSH Reservoir Initialized in Node 3
LSH Reservoir Initialized in Node 1
LSH Reservoir Initialized in Node 4
LSH Reservoir Initialized in Node 0
LSH Reservoir Initialized in Node 2
FLASH Controller Initialized in Node 0

Reading Data Node 0...
FLASH Controller Initialized in Node 2

Reading Data Node 2...
FLASH Controller Initialized in Node 4

Reading Data Node 4...
FLASH Controller Initialized in Node 1

Reading Data Node 1...
FLASH Controller Initialized in Node 3

Reading Data Node 3...
[readSparse]
[readSparse]
[readSparse]
[readSparse]
[readSparse]
[readSparse] Read 252759461 numbers, 68000 vectors. 
[readSparse] Read 253645866 numbers, 68000 vectors. 
[readSparse] Read 254019522 numbers, 68000 vectors. 
[readSparse] Read 254017273 numbers, 68000 vectors. 
[readSparse] Read 253047606 numbers, 68000 vectors. 
Data Read Node 2: 73.801 Seconds

Data Read Node 4: 73.801 Seconds

Data Read Node 0: 73.801 Seconds

Data Read Node 3: 73.801 Seconds

[readSparse]
Data Read Node 1: 73.801 Seconds

[readSparse] Read 37207718 numbers, 10000 vectors. 
Adding Vectors Node 0...
Adding Vectors Node 1...
Adding Vectors Node 2...
Adding Vectors Node 3...
Adding Vectors Node 4...
Node 1 Table Mem Usage ranges from 0.003288 to 0.004105, average 0.003744
Node 1 Table Mem Usage ranges from 0.025459 to 0.033649, average 0.030346
Node 1 Table Mem Usage ranges from 0.042866 to 0.057468, average 0.051617
Node 1 Table Mem Usage ranges from 0.058136 to 0.078545, average 0.070367
Node 1 Table Mem Usage ranges from 0.072132 to 0.098160, average 0.087686
Vectors Added Node 1: 1.26529 Seconds

Node 3 Table Mem Usage ranges from 0.003235 to 0.004093, average 0.003753
Node 3 Table Mem Usage ranges from 0.025421 to 0.033482, average 0.030224
Node 3 Table Mem Usage ranges from 0.042690 to 0.057213, average 0.051459
Node 3 Table Mem Usage ranges from 0.058075 to 0.078423, average 0.070119
Node 3 Table Mem Usage ranges from 0.072144 to 0.098141, average 0.087642
Vectors Added Node 3: 1.27004 Seconds

Node 4 Table Mem Usage ranges from 0.003311 to 0.004189, average 0.003766
Node 4 Table Mem Usage ranges from 0.025364 to 0.033600, average 0.030210
Node 4 Table Mem Usage ranges from 0.042942 to 0.057362, average 0.051649
Node 4 Table Mem Usage ranges from 0.058323 to 0.078506, average 0.070466
Node 4 Table Mem Usage ranges from 0.072411 to 0.098076, average 0.087681
Vectors Added Node 4: 1.36058 Seconds

Node 0 Table Mem Usage ranges from 0.003277 to 0.004089, average 0.003758
Node 0 Table Mem Usage ranges from 0.025108 to 0.033367, average 0.030036
Node 0 Table Mem Usage ranges from 0.042469 to 0.056763, average 0.051127
Node 0 Table Mem Usage ranges from 0.057667 to 0.078037, average 0.069797
Node 0 Table Mem Usage ranges from 0.071712 to 0.097511, average 0.086940
Vectors Added Node 0: 1.36319 Seconds

Node 2 Table Mem Usage ranges from 0.003296 to 0.004215, average 0.003785
Node 2 Table Mem Usage ranges from 0.025497 to 0.033615, average 0.030280
Node 2 Table Mem Usage ranges from 0.042835 to 0.057205, average 0.051439
Node 2 Table Mem Usage ranges from 0.058048 to 0.078136, average 0.070029
Node 2 Table Mem Usage ranges from 0.072231 to 0.097778, average 0.087469
Vectors Added Node 2: 1.3655 Seconds

Computing Query Hashes Node 0...
Computing Query Hashes Node 1...
Computing Query Hashes Node 2...
Computing Query Hashes Node 3...
Computing Query Hashes Node 4...
Query Hashes Computed Node 4: 0.0356591 Seconds

Query Hashes Computed Node 0: 0.0358583 Seconds

Query Hashes Computed Node 3: 0.0358754 Seconds

Query Hashes Computed Node 1: 0.0359445 Seconds

Query Hashes Computed Node 2: 0.03596 Seconds

Extracting Top K (CMS) Node 0...
Extracting Top K (CMS) Node 1...
Extracting Top K (CMS) Node 2...
Extracting Top K (CMS) Node 3...
Extracting Top K (CMS) Node 4...
Top K Extracted Node 1: 1.82363 Seconds

Top K Extracted Node 2: 1.93384 Seconds

Top K Extracted Node 3: 2.05361 Seconds

Top K Extracted Node 4: 2.26331 Seconds

Top K Extracted Node 0: 2.8724 Seconds

Reading Groundtruth Node 0...
Groundtruth Read Node 0: 0.000864071 Seconds

[readSparse]
[readSparse] Read 1304697446 numbers, 350000 vectors. 


================================
TOP K CMS

[similarityMetric] Averaging gtruth. 
[similarityMetric] Averaging output. 

S@k = s_out(s_true): In top k, average output similarity (average groundtruth similarity). 
S@1 = 0.901 (0.000) 
S@10 = 0.857 (0.000) 
S@20 = 0.840 (0.000) 
S@30 = 0.830 (0.000) 
S@32 = 0.829 (0.000) 
S@40 = 0.823 (0.000) 
S@50 = 0.818 (0.000) 
S@64 = 0.811 (0.000) 
S@100 = 0.798 (0.000) 
S@128 = 0.790 (0.000) 
1 10 20 30 32 40 50 64 100 128 
0.901 0.857 0.840 0.830 0.829 0.823 0.818 0.811 0.798 0.790 
0.000 0.000 0.000 0.000 0.000 0.000 0.000 0.000 0.000 0.000 

Similarity Metric Computed
Evaluation Complete
