
=================
== KDD12
=================

140000000 Vectors, 10000 Queries
Nodes: 6
Tables: 16
RangePow: 18
Reservoir Size: 256
Hashes: 4
Using Bruteforce Aggregation
Using Linear Aggregation
CMS Bucket Size: 2048
CMS Hashes: 4

LSH Initialized in Node 0
LSH Initialized in Node 2
LSH Initialized in Node 3
LSH Initialized in Node 4
LSH Initialized in Node 5
LSH Initialized in Node 1
CMS Initialized in Node 0
CMS Initialized in Node 2
CMS Initialized in Node 4
CMS Initialized in Node 1
CMS Initialized in Node 3
CMS Initialized in Node 5
LSH Reservoir Initialized in Node 4
LSH Reservoir Initialized in Node 2
LSH Reservoir Initialized in Node 5
LSH Reservoir Initialized in Node 3
LSH Reservoir Initialized in Node 1
LSH Reservoir Initialized in Node 0
FLASH Controller Initialized in Node 0

Reading Data Node 0...
FLASH Controller Initialized in Node 1

Reading Data Node 1...
FLASH Controller Initialized in Node 2

Reading Data Node 2...
FLASH Controller Initialized in Node 3

Reading Data Node 3...
FLASH Controller Initialized in Node 4

Reading Data Node 4...
FLASH Controller Initialized in Node 5

Reading Data Node 5...
[readSparse]
[readSparse]
[readSparse]
[readSparse]
[readSparse]
[readSparse]
[readSparse] Read 256666685 numbers, 23333335 vectors. 
[readSparse] Read 256666685 numbers, 23333335 vectors. 
[readSparse] Read 256666674 numbers, 23333334 vectors. 
[readSparse] Read 256666674 numbers, 23333334 vectors. 
[readSparse] Read 256666674 numbers, 23333334 vectors. 
[readSparse] Read 256666674 numbers, 23333334 vectors. 
Data Read Node 3: 77.4659 Seconds

Data Read Node 5: 77.4659 Seconds

Data Read Node 1: 77.4659 Seconds

Data Read Node 4: 77.4659 Seconds

Data Read Node 0: 77.4659 Seconds

Data Read Node 2: 77.4659 Seconds

[readSparse]
[readSparse] Read 110000 numbers, 10000 vectors. 
Adding Vectors Node 0...
Adding Vectors Node 1...
Adding Vectors Node 2...
Adding Vectors Node 3...
Adding Vectors Node 4...
Adding Vectors Node 5...
Node 4 Table Mem Usage ranges from 0.314983 to 0.461113, average 0.414686
Node 4 Table Mem Usage ranges from 0.945610 to 0.997501, average 0.987834
Node 4 Table Mem Usage ranges from 0.993061 to 0.999718, average 0.998984
Node 4 Table Mem Usage ranges from 0.999008 to 0.999779, average 0.999657
Node 4 Table Mem Usage ranges from 0.999546 to 0.999821, average 0.999715
Vectors Added Node 4: 67.452 Seconds

Node 3 Table Mem Usage ranges from 0.529961 to 0.633804, average 0.590494
Node 3 Table Mem Usage ranges from 0.994175 to 0.999393, average 0.997997
Node 3 Table Mem Usage ranges from 0.999550 to 0.999722, average 0.999652
Node 3 Table Mem Usage ranges from 0.999622 to 0.999748, average 0.999681
Node 3 Table Mem Usage ranges from 0.999622 to 0.999752, average 0.999681
Vectors Added Node 3: 73.4412 Seconds

Node 5 Table Mem Usage ranges from 0.513515 to 0.619976, average 0.574574
Node 5 Table Mem Usage ranges from 0.994339 to 0.999367, average 0.998004
Node 5 Table Mem Usage ranges from 0.999607 to 0.999718, average 0.999678
Node 5 Table Mem Usage ranges from 0.999664 to 0.999737, average 0.999703
Node 5 Table Mem Usage ranges from 0.999664 to 0.999741, average 0.999703
Vectors Added Node 5: 78.0329 Seconds

Node 2 Table Mem Usage ranges from 0.525257 to 0.626705, average 0.583747
Node 2 Table Mem Usage ranges from 0.994343 to 0.999382, average 0.998005
Node 2 Table Mem Usage ranges from 0.999557 to 0.999733, average 0.999654
Node 2 Table Mem Usage ranges from 0.999561 to 0.999786, average 0.999682
Node 2 Table Mem Usage ranges from 0.999561 to 0.999786, average 0.999682
Vectors Added Node 2: 78.7419 Seconds

Node 1 Table Mem Usage ranges from 0.509663 to 0.614929, average 0.571890
Node 1 Table Mem Usage ranges from 0.994202 to 0.999413, average 0.998004
Node 1 Table Mem Usage ranges from 0.999577 to 0.999722, average 0.999664
Node 1 Table Mem Usage ranges from 0.999580 to 0.999741, average 0.999684
Node 1 Table Mem Usage ranges from 0.999580 to 0.999741, average 0.999684
Vectors Added Node 1: 79.1048 Seconds

Node 0 Table Mem Usage ranges from 0.512253 to 0.620144, average 0.575318
Node 0 Table Mem Usage ranges from 0.994335 to 0.999336, average 0.997971
Node 0 Table Mem Usage ranges from 0.999580 to 0.999790, average 0.999667
Node 0 Table Mem Usage ranges from 0.999599 to 0.999798, average 0.999694
Node 0 Table Mem Usage ranges from 0.999599 to 0.999798, average 0.999694
Vectors Added Node 0: 79.4119 Seconds

Computing Query Hashes Node 0...
Computing Query Hashes Node 1...
Computing Query Hashes Node 3...
Computing Query Hashes Node 5...
Computing Query Hashes Node 2...
Computing Query Hashes Node 4...
Query Hashes Computed Node 2: 0.00297168 Seconds

Query Hashes Computed Node 3: 0.00298031 Seconds

Query Hashes Computed Node 4: 0.00296838 Seconds

Query Hashes Computed Node 5: 0.00298003 Seconds

Query Hashes Computed Node 0: 0.00303931 Seconds

Query Hashes Computed Node 1: 0.00306557 Seconds

Extracting Top K (CMS) Node 1...
Extracting Top K (CMS) Node 2...
Extracting Top K (CMS) Node 3...
Extracting Top K (CMS) Node 4...
Extracting Top K (CMS) Node 5...
Extracting Top K (CMS) Node 0...
Top K Extracted Node 1: 1.71249 Seconds

Top K Extracted Node 2: 1.93154 Seconds

Top K Extracted Node 3: 2.17079 Seconds

Top K Extracted Node 4: 2.39046 Seconds

Top K Extracted Node 5: 2.82884 Seconds

Top K Extracted Node 0: 4.49842 Seconds

[readSparse]
[readSparse] Read 1540110000 numbers, 140010000 vectors. 


================================
TOP K CMS

[similarityMetric] Averaging output. 

S@k = s_out(s_true): In top k, average output similarity (average groundtruth similarity). 
S@1 = 0.830 
S@10 = 0.788 
S@20 = 0.765 
S@30 = 0.748 
S@32 = 0.745 
S@40 = 0.733 
S@50 = 0.721 
S@64 = 0.706 
S@100 = 0.678 
S@128 = 0.660 
1 10 20 30 32 40 50 64 100 128 
0.830 0.788 0.765 0.748 0.745 0.733 0.721 0.706 0.678 0.660 
Similarity Metric Computed
