
=================
== KDD12
=================

140000000 Vectors, 10000 Queries
Nodes: 12
Tables: 16
RangePow: 18
Reservoir Size: 256
Hashes: 4
CMS Bucket Size: 2048
CMS Hashes: 4

LSH Initialized in Node 0
LSH Initialized in Node 8
LSH Initialized in Node 4
LSH Initialized in Node 10
LSH Initialized in Node 6
LSH Initialized in Node 2
LSH Initialized in Node 9
LSH Initialized in Node 5
LSH Initialized in Node 1
LSH Initialized in Node 11
LSH Initialized in Node 7
LSH Initialized in Node 3
CMS Initialized in Node 6
CMS Initialized in Node 0
CMS Initialized in Node 7
CMS Initialized in Node 3
CMS Initialized in Node 2
CMS Initialized in Node 10
CMS Initialized in Node 9
CMS Initialized in Node 5
CMS Initialized in Node 11
CMS Initialized in Node 8
CMS Initialized in Node 4
CMS Initialized in Node 1
LSH Reservoir Initialized in Node 7
LSH Reservoir Initialized in Node 6
LSH Reservoir Initialized in Node 8
LSH Reservoir Initialized in Node 2
LSH Reservoir Initialized in Node 1
LSH Reservoir Initialized in Node 5
LSH Reservoir Initialized in Node 9
LSH Reservoir Initialized in Node 10
LSH Reservoir Initialized in Node 0
LSH Reservoir Initialized in Node 4
LSH Reservoir Initialized in Node 3
FLASH Controller Initialized in Node 6

Reading Data Node 6...
FLASH Controller Initialized in Node 0

Reading Data Node 0...
FLASH Controller Initialized in Node 7

Reading Data Node 7...
FLASH Controller Initialized in Node 8

Reading Data Node 8...
FLASH Controller Initialized in Node 2

Reading Data Node 2...
FLASH Controller Initialized in Node 1

Reading Data Node 1...
FLASH Controller Initialized in Node 10

Reading Data Node 10...
FLASH Controller Initialized in Node 5

Reading Data Node 5...
LSH Reservoir Initialized in Node 11
FLASH Controller Initialized in Node 11

Reading Data Node 11...
[readSparse]
FLASH Controller Initialized in Node 3

Reading Data Node 3...
FLASH Controller Initialized in Node 4

Reading Data Node 4...
[readSparse]
[readSparse]
FLASH Controller Initialized in Node 9

Reading Data Node 9...
[readSparse]
[readSparse]
[readSparse]
[readSparse]
[readSparse]
[readSparse]
[readSparse]
[readSparse]
[readSparse]
[readSparse] Read 128333348 numbers, 11666668 vectors. 
[readSparse] Read 128333348 numbers, 11666668 vectors. 
[readSparse] Read 128333348 numbers, 11666668 vectors. 
[readSparse] Read 128333348 numbers, 11666668 vectors. 
[readSparse] Read 128333348 numbers, 11666668 vectors. 
[readSparse] Read 128333348 numbers, 11666668 vectors. 
[readSparse] Read 128333337 numbers, 11666667 vectors. 
[readSparse] Read 128333348 numbers, 11666668 vectors. 
[readSparse] Read 128333348 numbers, 11666668 vectors. 
[readSparse] Read 128333337 numbers, 11666667 vectors. 
[readSparse] Read 128333337 numbers, 11666667 vectors. 
[readSparse] Read 128333337 numbers, 11666667 vectors. 
Data Read Node 0: 86.3878 Seconds

Data Read Node 7: 86.3879 Seconds

Data Read Node 8: 86.3879 Seconds

Data Read Node 3: 86.3882 Seconds

Data Read Node 2: 86.3879 Seconds

Data Read Node 10: 86.3879 Seconds

Data Read Node 9: 86.3879 Seconds

Data Read Node 11: 86.3879 Seconds

Data Read Node 6: 86.3879 Seconds

[readSparse]
Data Read Node 4: 86.3878 Seconds

Data Read Node 5: 86.3879 Seconds

Data Read Node 1: 86.3879 Seconds

[readSparse] Read 110000 numbers, 10000 vectors. 
Adding Vectors Node 6...
Adding Vectors Node 0...
Adding Vectors Node 7...
Adding Vectors Node 8...
Adding Vectors Node 3...
Adding Vectors Node 2...
Adding Vectors Node 9...
Adding Vectors Node 11...
Adding Vectors Node 10...
Adding Vectors Node 5...
Adding Vectors Node 4...
Adding Vectors Node 1...
Node 7 Table Mem Usage ranges from 0.182255 to 0.268200, average 0.239542
Node 7 Table Mem Usage ranges from 0.803677 to 0.953148, average 0.913769
Node 7 Table Mem Usage ranges from 0.935814 to 0.992397, average 0.981772
Node 7 Table Mem Usage ranges from 0.976116 to 0.995823, average 0.992841
Node 7 Table Mem Usage ranges from 0.989960 to 0.996181, average 0.995240
Vectors Added Node 7: 20.3823 Seconds

Node 8 Table Mem Usage ranges from 0.178699 to 0.268105, average 0.239099
Node 8 Table Mem Usage ranges from 0.806110 to 0.951462, average 0.913123
Node 8 Table Mem Usage ranges from 0.936451 to 0.991558, average 0.981555
Node 8 Table Mem Usage ranges from 0.976009 to 0.994907, average 0.992430
Node 8 Table Mem Usage ranges from 0.989529 to 0.995720, average 0.994694
Vectors Added Node 8: 22.1875 Seconds

Node 9 Table Mem Usage ranges from 0.174915 to 0.260479, average 0.231863
Node 9 Table Mem Usage ranges from 0.804451 to 0.952244, average 0.914541
Node 9 Table Mem Usage ranges from 0.938942 to 0.991817, average 0.981855
Node 9 Table Mem Usage ranges from 0.976818 to 0.994606, average 0.992253
Node 9 Table Mem Usage ranges from 0.989857 to 0.995415, average 0.994499
Vectors Added Node 9: 22.3456 Seconds

Node 6 Table Mem Usage ranges from 0.339203 to 0.413403, average 0.382193
Node 6 Table Mem Usage ranges from 0.944717 to 0.981739, average 0.969189
Node 6 Table Mem Usage ranges from 0.988426 to 0.993259, average 0.992058
Node 6 Table Mem Usage ranges from 0.993275 to 0.994465, average 0.993948
Node 6 Table Mem Usage ranges from 0.993282 to 0.994904, average 0.994142
Vectors Added Node 6: 24.0513 Seconds

Node 2 Table Mem Usage ranges from 0.322266 to 0.394802, average 0.365020
Node 2 Table Mem Usage ranges from 0.943935 to 0.979599, average 0.967306
Node 2 Table Mem Usage ranges from 0.988571 to 0.991943, average 0.990879
Node 2 Table Mem Usage ranges from 0.991562 to 0.994530, average 0.992777
Node 2 Table Mem Usage ranges from 0.991631 to 0.995117, average 0.992984
Vectors Added Node 2: 24.1715 Seconds

Node 11 Table Mem Usage ranges from 0.324162 to 0.398899, average 0.367029
Node 11 Table Mem Usage ranges from 0.944416 to 0.980240, average 0.968140
Node 11 Table Mem Usage ranges from 0.988480 to 0.992565, average 0.991536
Node 11 Table Mem Usage ranges from 0.992710 to 0.993977, average 0.993405
Node 11 Table Mem Usage ranges from 0.992741 to 0.994637, average 0.993622
Vectors Added Node 11: 24.6319 Seconds

Node 5 Table Mem Usage ranges from 0.338600 to 0.414074, average 0.382333
Node 5 Table Mem Usage ranges from 0.946358 to 0.981956, average 0.969126
Node 5 Table Mem Usage ranges from 0.987850 to 0.993351, average 0.991466
Node 5 Table Mem Usage ranges from 0.992455 to 0.994022, average 0.993352
Node 5 Table Mem Usage ranges from 0.992599 to 0.994396, average 0.993564
Vectors Added Node 5: 24.8517 Seconds

Node 10 Table Mem Usage ranges from 0.330803 to 0.404156, average 0.371672
Node 10 Table Mem Usage ranges from 0.944527 to 0.979588, average 0.967287
Node 10 Table Mem Usage ranges from 0.989426 to 0.993263, average 0.991485
Node 10 Table Mem Usage ranges from 0.992126 to 0.995491, average 0.993382
Node 10 Table Mem Usage ranges from 0.992176 to 0.995770, average 0.993589
Vectors Added Node 10: 25.0971 Seconds

Node 4 Table Mem Usage ranges from 0.332787 to 0.404846, average 0.373839
Node 4 Table Mem Usage ranges from 0.946339 to 0.980968, average 0.968555
Node 4 Table Mem Usage ranges from 0.987942 to 0.992279, average 0.991167
Node 4 Table Mem Usage ranges from 0.992474 to 0.993847, average 0.993037
Node 4 Table Mem Usage ranges from 0.992496 to 0.994316, average 0.993242
Vectors Added Node 4: 25.6807 Seconds

Node 3 Table Mem Usage ranges from 0.328575 to 0.398922, average 0.369110
Node 3 Table Mem Usage ranges from 0.946987 to 0.981506, average 0.968644
Node 3 Table Mem Usage ranges from 0.973991 to 0.993507, average 0.991290
Node 3 Table Mem Usage ranges from 0.974934 to 0.995201, average 0.993139
Node 3 Table Mem Usage ranges from 0.974995 to 0.995823, average 0.993347
Vectors Added Node 3: 27.8077 Seconds

Node 1 Table Mem Usage ranges from 0.329777 to 0.401115, average 0.371466
Node 1 Table Mem Usage ranges from 0.943947 to 0.981995, average 0.968795
Node 1 Table Mem Usage ranges from 0.989826 to 0.994198, average 0.992947
Node 1 Table Mem Usage ranges from 0.993862 to 0.995865, average 0.994854
Node 1 Table Mem Usage ranges from 0.993919 to 0.996300, average 0.995076
Vectors Added Node 1: 28.6723 Seconds

Node 0 Table Mem Usage ranges from 0.328209 to 0.406181, average 0.373152
Node 0 Table Mem Usage ranges from 0.941181 to 0.982529, average 0.967647
Node 0 Table Mem Usage ranges from 0.988880 to 0.995140, average 0.992734
Node 0 Table Mem Usage ranges from 0.993851 to 0.995609, average 0.994641
Node 0 Table Mem Usage ranges from 0.993919 to 0.995651, average 0.994862
Vectors Added Node 0: 31.1286 Seconds

Computing Query Hashes Node 0...
Computing Query Hashes Node 10...
Computing Query Hashes Node 9...
Computing Query Hashes Node 5...
Computing Query Hashes Node 11...
Computing Query Hashes Node 6...
Computing Query Hashes Node 7...
Computing Query Hashes Node 8...
Computing Query Hashes Node 3...
Computing Query Hashes Node 2...
Computing Query Hashes Node 4...
Computing Query Hashes Node 1...
Query Hashes Computed Node 6: 0.0170245 Seconds

Query Hashes Computed Node 7: 0.0169173 Seconds

Query Hashes Computed Node 1: 0.0174238 Seconds

Query Hashes Computed Node 5: 0.0127311 Seconds

Extracting Top K (TREE) Node 6...
Extracting Top K (TREE) Node 7...
Query Hashes Computed Node 2: 0.0126947 Seconds

Query Hashes Computed Node 4: 0.0126878 Seconds

Extracting Top K (TREE) Node 1...
Query Hashes Computed Node 10: 0.0182823 Seconds

Extracting Top K (TREE) Node 5...
Query Hashes Computed Node 11: 0.0182791 Seconds

Extracting Top K (TREE) Node 2...
Extracting Top K (TREE) Node 4...
Extracting Top K (TREE) Node 10...
Extracting Top K (TREE) Node 11...
Query Hashes Computed Node 0: 0.0181468 Seconds

Extracting Top K (TREE) Node 0...
Query Hashes Computed Node 8: 0.0175059 Seconds

Extracting Top K (TREE) Node 8...
Query Hashes Computed Node 3: 0.0179046 Seconds

Extracting Top K (TREE) Node 3...
Query Hashes Computed Node 9: 0.0182412 Seconds

Extracting Top K (TREE) Node 9...
Top K (TREE) Extracted Node 7: 0.902826 Seconds

Top K (TREE) Extracted Node 9: 0.983331 Seconds

Top K (TREE) Extracted Node 11: 1.05017 Seconds

Top K (TREE) Extracted Node 3: 1.06143 Seconds

Top K (TREE) Extracted Node 5: 1.07058 Seconds

Top K (TREE) Extracted Node 1: 1.10009 Seconds

Top K (TREE) Extracted Node 10: 1.32469 Seconds

Top K (TREE) Extracted Node 6: 1.3484 Seconds

Top K (TREE) Extracted Node 2: 1.43629 Seconds

Top K (TREE) Extracted Node 4: 1.68112 Seconds

Top K (TREE) Extracted Node 8: 1.91362 Seconds

Top K (TREE) Extracted Node 0: 2.25384 Seconds

Extracting Top K (LINEAR) Node 6...
Extracting Top K (LINEAR) Node 0...
Extracting Top K (LINEAR) Node 7...
Extracting Top K (LINEAR) Node 8...
Extracting Top K (LINEAR) Node 3...
Extracting Top K (LINEAR) Node 2...
Extracting Top K (LINEAR) Node 1...
Extracting Top K (LINEAR) Node 10...
Extracting Top K (LINEAR) Node 9...
Extracting Top K (LINEAR) Node 5...
Extracting Top K (LINEAR) Node 11...
Extracting Top K (LINEAR) Node 4...
Top K (LINEAR) Extracted Node 1: 1.13437 Seconds

Top K (LINEAR) Extracted Node 2: 1.308 Seconds

Top K (LINEAR) Extracted Node 3: 1.48188 Seconds

Top K (LINEAR) Extracted Node 4: 1.65629 Seconds

Top K (LINEAR) Extracted Node 5: 1.83005 Seconds

Top K (LINEAR) Extracted Node 6: 2.00418 Seconds

Top K (LINEAR) Extracted Node 7: 2.17842 Seconds

Top K (LINEAR) Extracted Node 8: 2.35311 Seconds

Top K (LINEAR) Extracted Node 9: 2.71301 Seconds

Top K (LINEAR) Extracted Node 10: 2.88846 Seconds

Top K (LINEAR) Extracted Node 11: 3.06291 Seconds

Top K (LINEAR) Extracted Node 0: 5.65344 Seconds

Extracting Top K (BRUTEFORCE) Node 6...
Extracting Top K (BRUTEFORCE) Node 0...
Extracting Top K (BRUTEFORCE) Node 7...
Extracting Top K (BRUTEFORCE) Node 8...
Extracting Top K (BRUTEFORCE) Node 3...
Extracting Top K (BRUTEFORCE) Node 2...
Extracting Top K (BRUTEFORCE) Node 4...
Extracting Top K (BRUTEFORCE) Node 1...
Extracting Top K (BRUTEFORCE) Node 10...
Extracting Top K (BRUTEFORCE) Node 9...
Extracting Top K (BRUTEFORCE) Node 5...
Extracting Top K (BRUTEFORCE) Node 11...
Top K (BRUTEFORCE) Extracted Node 1: 0.147979 Seconds

Top K (BRUTEFORCE) Extracted Node 2: 0.192353 Seconds

Top K (BRUTEFORCE) Extracted Node 3: 0.23548 Seconds

Top K (BRUTEFORCE) Extracted Node 4: 0.278994 Seconds

Top K (BRUTEFORCE) Extracted Node 5: 0.322536 Seconds

Top K (BRUTEFORCE) Extracted Node 6: 0.364918 Seconds

Top K (BRUTEFORCE) Extracted Node 7: 0.409693 Seconds

Top K (BRUTEFORCE) Extracted Node 8: 0.453179 Seconds

Top K (BRUTEFORCE) Extracted Node 9: 0.497151 Seconds

Top K (BRUTEFORCE) Extracted Node 10: 0.540331 Seconds

Top K (BRUTEFORCE) Extracted Node 11: 0.59743 Seconds

Top K (BRUTEFORCE) Extracted Node 0: 9.54177 Seconds

