
=================
== KDD12
=================

LSH Initialized in Node 8
LSH Initialized in Node 4
LSH Initialized in Node 9
LSH Initialized in Node 1
LSH Initialized in Node 12
LSH Initialized in Node 5
LSH Initialized in Node 11
LSH Initialized in Node 7
LSH Initialized in Node 13
LSH Initialized in Node 3
140000000 Vectors, 10000 Queries
Nodes: 14
Tables: 16
RangePow: 18
Reservoir Size: 256
Hashes: 4
CMS Bucket Size: 2048
CMS Hashes: 4

LSH Initialized in Node 0
LSH Initialized in Node 6
LSH Initialized in Node 10
LSH Initialized in Node 2
CMS Initialized in Node 4
CMS Initialized in Node 10
CMS Initialized in Node 2
CMS Initialized in Node 12
CMS Initialized in Node 8
CMS Initialized in Node 6
CMS Initialized in Node 0
CMS Initialized in Node 3
CMS Initialized in Node 9
CMS Initialized in Node 7
CMS Initialized in Node 1
CMS Initialized in Node 13
CMS Initialized in Node 11
CMS Initialized in Node 5
LSH Reservoir Initialized in Node 5
LSH Reservoir Initialized in Node 11
LSH Reservoir Initialized in Node 7
LSH Reservoir Initialized in Node 3
LSH Reservoir Initialized in Node 6
LSH Reservoir Initialized in Node 2
LSH Reservoir Initialized in Node 1
LSH Reservoir Initialized in Node 4
LSH Reservoir Initialized in Node 8
LSH Reservoir Initialized in Node 10
LSH Reservoir Initialized in Node 13
LSH Reservoir Initialized in Node 12
LSH Reservoir Initialized in Node 0
FLASH Controller Initialized in Node 13

Reading Data Node 13...
FLASH Controller Initialized in Node 4

Reading Data Node 4...
LSH Reservoir Initialized in Node 9
FLASH Controller Initialized in Node 10

Reading Data Node 10...
FLASH Controller Initialized in Node 2

Reading Data Node 2...
FLASH Controller Initialized in Node 0

Reading Data Node 0...
[readSparse]
FLASH Controller Initialized in Node 12

Reading Data Node 12...
[readSparse]
[readSparse]
FLASH Controller Initialized in Node 9

Reading Data Node 9...
FLASH Controller Initialized in Node 7

Reading Data Node 7...
FLASH Controller Initialized in Node 1

Reading Data Node 1...
FLASH Controller Initialized in Node 11

Reading Data Node 11...
[readSparse]
[readSparse]
FLASH Controller Initialized in Node 8

Reading Data Node 8...
[readSparse]
FLASH Controller Initialized in Node 6

Reading Data Node 6...
[readSparse]
[readSparse]
FLASH Controller Initialized in Node 3

Reading Data Node 3...
[readSparse]
[readSparse]
FLASH Controller Initialized in Node 5

Reading Data Node 5...
[readSparse]
[readSparse]
[readSparse]
[readSparse]
[readSparse] Read 110000000 numbers, 10000000 vectors. 
[readSparse] Read 110000000 numbers, 10000000 vectors. 
[readSparse] Read 110000000 numbers, 10000000 vectors. 
[readSparse] Read 110000000 numbers, 10000000 vectors. 
[readSparse] Read 110000000 numbers, 10000000 vectors. 
[readSparse] Read 110000000 numbers, 10000000 vectors. 
[readSparse] Read 110000000 numbers, 10000000 vectors. 
[readSparse] Read 110000000 numbers, 10000000 vectors. 
[readSparse] Read 110000000 numbers, 10000000 vectors. 
[readSparse] Read 110000000 numbers, 10000000 vectors. 
[readSparse] Read 110000000 numbers, 10000000 vectors. 
[readSparse] Read 110000000 numbers, 10000000 vectors. 
[readSparse] Read 110000000 numbers, 10000000 vectors. 
[readSparse] Read 110000000 numbers, 10000000 vectors. 
Data Read Node 9: 47.023 Seconds

Data Read Node 0: 47.023 Seconds

Data Read Node 11: 47.023 Seconds

[readSparse]
Data Read Node 12: 47.023 Seconds

Data Read Node 13: 47.023 Seconds

Data Read Node 4: 47.023 Seconds

Data Read Node 8: 47.023 Seconds

Data Read Node 6: 47.023 Seconds

Data Read Node 7: 47.023 Seconds

Data Read Node 3: 47.023 Seconds

Data Read Node 10: 47.023 Seconds

Data Read Node 1: 47.023 Seconds

Data Read Node 2: 47.023 Seconds

Data Read Node 5: 47.023 Seconds

[readSparse] Read 110000 numbers, 10000 vectors. 
Adding Vectors Node 0...
Adding Vectors Node 11...
Adding Vectors Node 8...
Adding Vectors Node 6...
Adding Vectors Node 7...
Adding Vectors Node 2...
Adding Vectors Node 13...
Adding Vectors Node 4...
Adding Vectors Node 9...
Adding Vectors Node 3...
Adding Vectors Node 10...
Adding Vectors Node 1...
Adding Vectors Node 12...
Adding Vectors Node 5...
Node 9 Table Mem Usage ranges from 0.159447 to 0.236046, average 0.209696
Node 9 Table Mem Usage ranges from 0.761440 to 0.933128, average 0.883175
Node 9 Table Mem Usage ranges from 0.913864 to 0.989307, average 0.972977
Node 9 Table Mem Usage ranges from 0.965786 to 0.994778, average 0.989914
Node 9 Table Mem Usage ranges from 0.984505 to 0.995274, average 0.993953
Vectors Added Node 9: 16.8046 Seconds

Node 11 Table Mem Usage ranges from 0.159790 to 0.242401, average 0.209251
Node 11 Table Mem Usage ranges from 0.759987 to 0.934593, average 0.883909
Node 11 Table Mem Usage ranges from 0.912251 to 0.989254, average 0.972648
Node 11 Table Mem Usage ranges from 0.967972 to 0.994404, average 0.990233
Node 11 Table Mem Usage ranges from 0.993652 to 0.995831, average 0.994992
Vectors Added Node 11: 17.2459 Seconds

Node 8 Table Mem Usage ranges from 0.155167 to 0.231575, average 0.207454
Node 8 Table Mem Usage ranges from 0.759815 to 0.929752, average 0.882035
Node 8 Table Mem Usage ranges from 0.911125 to 0.988369, average 0.972196
Node 8 Table Mem Usage ranges from 0.963341 to 0.994736, average 0.989360
Node 8 Table Mem Usage ranges from 0.982693 to 0.995594, average 0.993595
Vectors Added Node 8: 17.267 Seconds

Node 10 Table Mem Usage ranges from 0.153519 to 0.235935, average 0.209210
Node 10 Table Mem Usage ranges from 0.760811 to 0.929508, average 0.883899
Node 10 Table Mem Usage ranges from 0.911625 to 0.987881, average 0.972456
Node 10 Table Mem Usage ranges from 0.963451 to 0.994465, average 0.989555
Node 10 Table Mem Usage ranges from 0.983704 to 0.995548, average 0.993756
Vectors Added Node 10: 17.4127 Seconds

Node 13 Table Mem Usage ranges from 0.305038 to 0.374855, average 0.344565
Node 13 Table Mem Usage ranges from 0.926071 to 0.974674, average 0.956083
Node 13 Table Mem Usage ranges from 0.983322 to 0.993927, average 0.989973
Node 13 Table Mem Usage ranges from 0.992912 to 0.995178, average 0.993718
Node 13 Table Mem Usage ranges from 0.993332 to 0.995323, average 0.994224
Vectors Added Node 13: 18.9008 Seconds

Node 12 Table Mem Usage ranges from 0.303898 to 0.370094, average 0.342862
Node 12 Table Mem Usage ranges from 0.922821 to 0.971104, average 0.954106
Node 12 Table Mem Usage ranges from 0.983761 to 0.991749, average 0.989662
Node 12 Table Mem Usage ranges from 0.991627 to 0.994816, average 0.993562
Node 12 Table Mem Usage ranges from 0.991886 to 0.995518, average 0.994069
Vectors Added Node 12: 19.1634 Seconds

Node 7 Table Mem Usage ranges from 0.303822 to 0.370724, average 0.342765
Node 7 Table Mem Usage ranges from 0.922325 to 0.971310, average 0.954127
Node 7 Table Mem Usage ranges from 0.982124 to 0.990669, average 0.988376
Node 7 Table Mem Usage ranges from 0.991657 to 0.992565, average 0.992072
Node 7 Table Mem Usage ranges from 0.991756 to 0.993492, average 0.992579
Vectors Added Node 7: 19.3601 Seconds

Node 2 Table Mem Usage ranges from 0.305984 to 0.371555, average 0.343469
Node 2 Table Mem Usage ranges from 0.925186 to 0.971161, average 0.954243
Node 2 Table Mem Usage ranges from 0.983273 to 0.991074, average 0.988550
Node 2 Table Mem Usage ranges from 0.991161 to 0.994232, average 0.992364
Node 2 Table Mem Usage ranges from 0.991344 to 0.995010, average 0.992869
Vectors Added Node 2: 19.4739 Seconds

Node 3 Table Mem Usage ranges from 0.302841 to 0.367199, average 0.339661
Node 3 Table Mem Usage ranges from 0.925396 to 0.971363, average 0.954632
Node 3 Table Mem Usage ranges from 0.982132 to 0.991001, average 0.988572
Node 3 Table Mem Usage ranges from 0.991627 to 0.992741, average 0.992142
Node 3 Table Mem Usage ranges from 0.991913 to 0.993469, average 0.992649
Vectors Added Node 3: 19.6582 Seconds

Node 6 Table Mem Usage ranges from 0.304790 to 0.371170, average 0.343177
Node 6 Table Mem Usage ranges from 0.921867 to 0.971184, average 0.953724
Node 6 Table Mem Usage ranges from 0.983116 to 0.992146, average 0.989476
Node 6 Table Mem Usage ranges from 0.992157 to 0.993885, average 0.993321
Node 6 Table Mem Usage ranges from 0.992245 to 0.994972, average 0.993841
Vectors Added Node 6: 19.7006 Seconds

Node 0 Table Mem Usage ranges from 0.294113 to 0.364357, average 0.334816
Node 0 Table Mem Usage ranges from 0.918343 to 0.971573, average 0.952254
Node 0 Table Mem Usage ranges from 0.983345 to 0.993336, average 0.990099
Node 0 Table Mem Usage ranges from 0.992970 to 0.994629, average 0.993870
Node 0 Table Mem Usage ranges from 0.993469 to 0.995045, average 0.994406
Vectors Added Node 0: 19.8218 Seconds

Node 5 Table Mem Usage ranges from 0.297894 to 0.367310, average 0.337838
Node 5 Table Mem Usage ranges from 0.919285 to 0.969898, average 0.951948
Node 5 Table Mem Usage ranges from 0.983181 to 0.992191, average 0.989383
Node 5 Table Mem Usage ranges from 0.992317 to 0.993618, average 0.993134
Node 5 Table Mem Usage ranges from 0.992512 to 0.994476, average 0.993654
Vectors Added Node 5: 19.9052 Seconds

Node 1 Table Mem Usage ranges from 0.298431 to 0.367092, average 0.338899
Node 1 Table Mem Usage ranges from 0.920227 to 0.970619, average 0.952837
Node 1 Table Mem Usage ranges from 0.982658 to 0.991974, average 0.989512
Node 1 Table Mem Usage ranges from 0.992630 to 0.993828, average 0.993372
Node 1 Table Mem Usage ranges from 0.993210 to 0.994484, average 0.993898
Vectors Added Node 1: 20.3985 Seconds

Computing Query Hashes Node 0...
Node 4 Table Mem Usage ranges from 0.291275 to 0.359779, average 0.329943
Node 4 Table Mem Usage ranges from 0.922409 to 0.973152, average 0.954378
Node 4 Table Mem Usage ranges from 0.983513 to 0.994205, average 0.990077
Node 4 Table Mem Usage ranges from 0.992744 to 0.995510, average 0.993685
Node 4 Table Mem Usage ranges from 0.993011 to 0.995659, average 0.994214
Vectors Added Node 4: 21.8111 Seconds

Computing Query Hashes Node 2...
Computing Query Hashes Node 12...
Computing Query Hashes Node 13...
Computing Query Hashes Node 11...
Computing Query Hashes Node 4...
Computing Query Hashes Node 9...
Computing Query Hashes Node 8...
Computing Query Hashes Node 6...
Computing Query Hashes Node 7...
Computing Query Hashes Node 3...
Computing Query Hashes Node 10...
Computing Query Hashes Node 1...
Computing Query Hashes Node 5...
Query Hashes Computed Node 2: 0.00684275 Seconds

Query Hashes Computed Node 6: 0.00674049 Seconds

Query Hashes Computed Node 10: 0.00686076 Seconds

Query Hashes Computed Node 8: 0.00673661 Seconds

Query Hashes Computed Node 4: 0.00685323 Seconds

Query Hashes Computed Node 7: 0.00675587 Seconds

Query Hashes Computed Node 12: 0.0110661 Seconds

Query Hashes Computed Node 9: 0.00672086 Seconds

Query Hashes Computed Node 13: 0.0112334 Seconds

Query Hashes Computed Node 1: 0.00685263 Seconds

Query Hashes Computed Node 3: 0.0113362 Seconds

Query Hashes Computed Node 11: 0.00680498 Seconds

Query Hashes Computed Node 5: 0.00686326 Seconds

Query Hashes Computed Node 0: 0.014242 Seconds

Extracting Top K (TREE) Node 0...
Extracting Top K (TREE) Node 12...
Extracting Top K (TREE) Node 13...
Extracting Top K (TREE) Node 11...
Extracting Top K (TREE) Node 4...
Extracting Top K (TREE) Node 9...
Extracting Top K (TREE) Node 8...
Extracting Top K (TREE) Node 6...
Extracting Top K (TREE) Node 7...
Extracting Top K (TREE) Node 3...
Extracting Top K (TREE) Node 10...
Extracting Top K (TREE) Node 1...
Extracting Top K (TREE) Node 5...
Extracting Top K (TREE) Node 2...
Top K (TREE) Extracted Node 11: 0.835536 Seconds

Top K (TREE) Extracted Node 9: 0.839279 Seconds

Top K (TREE) Extracted Node 13: 0.859418 Seconds

Top K (TREE) Extracted Node 7: 0.904961 Seconds

Top K (TREE) Extracted Node 1: 0.906502 Seconds

Top K (TREE) Extracted Node 3: 0.916443 Seconds

Top K (TREE) Extracted Node 5: 0.966241 Seconds

Top K (TREE) Extracted Node 10: 1.09461 Seconds

Top K (TREE) Extracted Node 2: 1.15896 Seconds

Top K (TREE) Extracted Node 6: 1.2374 Seconds

Top K (TREE) Extracted Node 12: 1.30855 Seconds

Top K (TREE) Extracted Node 4: 1.47121 Seconds

Top K (TREE) Extracted Node 8: 1.66249 Seconds

Top K (TREE) Extracted Node 0: 1.92386 Seconds

Extracting Top K (LINEAR) Node 0...
Extracting Top K (LINEAR) Node 11...
Extracting Top K (LINEAR) Node 4...
Extracting Top K (LINEAR) Node 9...
Extracting Top K (LINEAR) Node 8...
Extracting Top K (LINEAR) Node 6...
Extracting Top K (LINEAR) Node 7...
Extracting Top K (LINEAR) Node 3...
Extracting Top K (LINEAR) Node 10...
Extracting Top K (LINEAR) Node 1...
Extracting Top K (LINEAR) Node 5...
Extracting Top K (LINEAR) Node 2...
Extracting Top K (LINEAR) Node 13...
Extracting Top K (LINEAR) Node 12...
Top K (LINEAR) Extracted Node 1: 0.96185 Seconds

Top K (LINEAR) Extracted Node 2: 1.12208 Seconds

Top K (LINEAR) Extracted Node 3: 1.28164 Seconds

Top K (LINEAR) Extracted Node 4: 1.4415 Seconds

Top K (LINEAR) Extracted Node 5: 1.601 Seconds

Top K (LINEAR) Extracted Node 6: 1.7605 Seconds

Top K (LINEAR) Extracted Node 7: 1.92121 Seconds

Top K (LINEAR) Extracted Node 8: 2.08217 Seconds

Top K (LINEAR) Extracted Node 9: 2.24271 Seconds

Top K (LINEAR) Extracted Node 10: 2.40356 Seconds

Top K (LINEAR) Extracted Node 11: 2.7321 Seconds

Top K (LINEAR) Extracted Node 12: 2.89524 Seconds

Top K (LINEAR) Extracted Node 13: 3.05547 Seconds

Top K (LINEAR) Extracted Node 0: 5.32487 Seconds

Extracting Top K (BRUTEFORCE) Node 11...
Extracting Top K (BRUTEFORCE) Node 7...
Extracting Top K (BRUTEFORCE) Node 3...
Extracting Top K (BRUTEFORCE) Node 5...
Extracting Top K (BRUTEFORCE) Node 13...
Extracting Top K (BRUTEFORCE) Node 1...
Extracting Top K (BRUTEFORCE) Node 9...
Extracting Top K (BRUTEFORCE) Node 0...
Extracting Top K (BRUTEFORCE) Node 8...
Extracting Top K (BRUTEFORCE) Node 2...
Extracting Top K (BRUTEFORCE) Node 4...
Extracting Top K (BRUTEFORCE) Node 6...
Extracting Top K (BRUTEFORCE) Node 12...
Extracting Top K (BRUTEFORCE) Node 10...
Top K (BRUTEFORCE) Extracted Node 2: 0.146568 Seconds

Top K (BRUTEFORCE) Extracted Node 1: 0.189181 Seconds

Top K (BRUTEFORCE) Extracted Node 3: 0.229014 Seconds

Top K (BRUTEFORCE) Extracted Node 4: 0.264553 Seconds

Top K (BRUTEFORCE) Extracted Node 5: 0.306933 Seconds

Top K (BRUTEFORCE) Extracted Node 6: 0.343927 Seconds

Top K (BRUTEFORCE) Extracted Node 7: 0.386364 Seconds

Top K (BRUTEFORCE) Extracted Node 8: 0.42428 Seconds

Top K (BRUTEFORCE) Extracted Node 9: 0.467051 Seconds

Top K (BRUTEFORCE) Extracted Node 10: 0.503431 Seconds

Top K (BRUTEFORCE) Extracted Node 11: 0.546756 Seconds

Top K (BRUTEFORCE) Extracted Node 12: 0.583088 Seconds

Top K (BRUTEFORCE) Extracted Node 13: 0.676477 Seconds

Top K (BRUTEFORCE) Extracted Node 0: 8.55232 Seconds

