
=================
== KDD12
=================

140000000 Vectors, 10000 Queries
Nodes: 13
Tables: 16
RangePow: 18
Reservoir Size: 256
Hashes: 4
CMS Bucket Size: 2048
CMS Hashes: 4

LSH Initialized in Node 0
LSH Initialized in Node 1
LSH Initialized in Node 2
LSH Initialized in Node 10
LSH Initialized in Node 8
LSH Initialized in Node 7
LSH Initialized in Node 9
LSH Initialized in Node 5
LSH Initialized in Node 3
LSH Initialized in Node 6
LSH Initialized in Node 4
LSH Initialized in Node 12
LSH Initialized in Node 11
CMS Initialized in Node 9
CMS Initialized in Node 4
CMS Initialized in Node 5
CMS Initialized in Node 12
CMS Initialized in Node 8
CMS Initialized in Node 1
CMS Initialized in Node 7
CMS Initialized in Node 2
CMS Initialized in Node 0
CMS Initialized in Node 10
CMS Initialized in Node 6
CMS Initialized in Node 3
CMS Initialized in Node 11
LSH Reservoir Initialized in Node 4
LSH Reservoir Initialized in Node 10
LSH Reservoir Initialized in Node 1
LSH Reservoir Initialized in Node 3
LSH Reservoir Initialized in Node 2
LSH Reservoir Initialized in Node 9
LSH Reservoir Initialized in Node 7
LSH Reservoir Initialized in Node 5
LSH Reservoir Initialized in Node 12
LSH Reservoir Initialized in Node 0
LSH Reservoir Initialized in Node 8
LSH Reservoir Initialized in Node 11
FLASH Controller Initialized in Node 0

Reading Data Node 0...
[readSparse]
FLASH Controller Initialized in Node 9

Reading Data Node 9...
FLASH Controller Initialized in Node 2

Reading Data Node 2...
FLASH Controller Initialized in Node 12

Reading Data Node 12...
FLASH Controller Initialized in Node 10

Reading Data Node 10...
[readSparse]
FLASH Controller Initialized in Node 8

Reading Data Node 8...
[readSparse]
FLASH Controller Initialized in Node 11

Reading Data Node 11...
FLASH Controller Initialized in Node 1

Reading Data Node 1...
[readSparse]
[readSparse]
FLASH Controller Initialized in Node 4

Reading Data Node 4...
[readSparse]
FLASH Controller Initialized in Node 5

Reading Data Node 5...
[readSparse]
FLASH Controller Initialized in Node 3

Reading Data Node 3...
[readSparse]
FLASH Controller Initialized in Node 7

Reading Data Node 7...
[readSparse]
LSH Reservoir Initialized in Node 6
FLASH Controller Initialized in Node 6

Reading Data Node 6...
[readSparse]
[readSparse]
[readSparse]
[readSparse]
[readSparse] Read 118461552 numbers, 10769232 vectors. 
[readSparse] Read 118461552 numbers, 10769232 vectors. 
[readSparse] Read 118461552 numbers, 10769232 vectors. 
[readSparse] Read 118461552 numbers, 10769232 vectors. 
[readSparse] Read 118461552 numbers, 10769232 vectors. 
[readSparse] Read 118461552 numbers, 10769232 vectors. 
[readSparse] Read 118461552 numbers, 10769232 vectors. 
[readSparse] Read 118461552 numbers, 10769232 vectors. 
[readSparse] Read 118461552 numbers, 10769232 vectors. 
[readSparse] Read 118461552 numbers, 10769232 vectors. 
[readSparse] Read 118461541 numbers, 10769231 vectors. 
[readSparse] Read 118461541 numbers, 10769231 vectors. 
[readSparse] Read 118461541 numbers, 10769231 vectors. 
Data Read Node 7: 132.798 Seconds

Data Read Node 11: 132.798 Seconds

Data Read Node 10: 132.798 Seconds

Data Read Node 3: 132.798 Seconds

Data Read Node 9: 132.798 Seconds

Data Read Node 4: 132.799 Seconds

Data Read Node 2: 132.798 Seconds

Data Read Node 12: 132.798 Seconds

Data Read Node 8: 132.798 Seconds

Data Read Node 1: 132.798 Seconds

Data Read Node 5: 132.798 Seconds

Data Read Node 0: 132.798 Seconds

[readSparse]
Data Read Node 6: 132.798 Seconds

[readSparse] Read 110000 numbers, 10000 vectors. 
Adding Vectors Node 0...
Adding Vectors Node 9...
Adding Vectors Node 3...
Adding Vectors Node 7...
Adding Vectors Node 4...
Adding Vectors Node 2...
Adding Vectors Node 10...
Adding Vectors Node 5...
Adding Vectors Node 12...
Adding Vectors Node 8...
Adding Vectors Node 11...
Adding Vectors Node 6...
Adding Vectors Node 1...
Node 10 Table Mem Usage ranges from 0.161949 to 0.244831, average 0.220487
Node 10 Table Mem Usage ranges from 0.787285 to 0.939121, average 0.900500
Node 10 Table Mem Usage ranges from 0.926449 to 0.990116, average 0.977780
Node 10 Table Mem Usage ranges from 0.971439 to 0.994865, average 0.991270
Node 10 Table Mem Usage ranges from 0.990711 to 0.995770, average 0.994739
Vectors Added Node 10: 17.6831 Seconds

Node 9 Table Mem Usage ranges from 0.166176 to 0.249599, average 0.222220
Node 9 Table Mem Usage ranges from 0.779099 to 0.941322, average 0.899169
Node 9 Table Mem Usage ranges from 0.922340 to 0.989479, average 0.976492
Node 9 Table Mem Usage ranges from 0.969231 to 0.993435, average 0.990218
Node 9 Table Mem Usage ranges from 0.986294 to 0.994843, average 0.993376
Vectors Added Node 9: 17.9234 Seconds

Node 8 Table Mem Usage ranges from 0.168228 to 0.256386, average 0.222098
Node 8 Table Mem Usage ranges from 0.779163 to 0.942528, average 0.897278
Node 8 Table Mem Usage ranges from 0.922329 to 0.990257, average 0.976778
Node 8 Table Mem Usage ranges from 0.969906 to 0.994370, average 0.990966
Node 8 Table Mem Usage ranges from 0.987011 to 0.995358, average 0.994251
Vectors Added Node 8: 18.2847 Seconds

Node 7 Table Mem Usage ranges from 0.321835 to 0.390572, average 0.362577
Node 7 Table Mem Usage ranges from 0.933983 to 0.977070, average 0.961562
Node 7 Table Mem Usage ranges from 0.981647 to 0.991779, average 0.988665
Node 7 Table Mem Usage ranges from 0.989838 to 0.993073, average 0.991963
Node 7 Table Mem Usage ranges from 0.991367 to 0.993507, average 0.992594
Vectors Added Node 7: 18.9221 Seconds

Node 3 Table Mem Usage ranges from 0.318310 to 0.389488, average 0.358610
Node 3 Table Mem Usage ranges from 0.930275 to 0.976936, average 0.960070
Node 3 Table Mem Usage ranges from 0.985008 to 0.993877, average 0.990546
Node 3 Table Mem Usage ranges from 0.992287 to 0.994980, average 0.993347
Node 3 Table Mem Usage ranges from 0.992489 to 0.995060, average 0.993667
Vectors Added Node 3: 20.0887 Seconds

Node 12 Table Mem Usage ranges from 0.312820 to 0.381454, average 0.353223
Node 12 Table Mem Usage ranges from 0.935860 to 0.976025, average 0.961875
Node 12 Table Mem Usage ranges from 0.985619 to 0.991692, average 0.989911
Node 12 Table Mem Usage ranges from 0.991920 to 0.993217, average 0.992573
Node 12 Table Mem Usage ranges from 0.991989 to 0.993984, average 0.992919
Vectors Added Node 12: 20.2365 Seconds

Node 1 Table Mem Usage ranges from 0.315212 to 0.387234, average 0.356250
Node 1 Table Mem Usage ranges from 0.930267 to 0.974815, average 0.958756
Node 1 Table Mem Usage ranges from 0.985493 to 0.991711, average 0.989947
Node 1 Table Mem Usage ranges from 0.991192 to 0.993431, average 0.992754
Node 1 Table Mem Usage ranges from 0.991325 to 0.994415, average 0.993101
Vectors Added Node 1: 20.4112 Seconds

Node 5 Table Mem Usage ranges from 0.321857 to 0.394905, average 0.362424
Node 5 Table Mem Usage ranges from 0.933582 to 0.977726, average 0.961475
Node 5 Table Mem Usage ranges from 0.985710 to 0.993923, average 0.990626
Node 5 Table Mem Usage ranges from 0.992092 to 0.994797, average 0.993403
Node 5 Table Mem Usage ranges from 0.992321 to 0.994881, average 0.993732
Vectors Added Node 5: 20.4978 Seconds

Node 4 Table Mem Usage ranges from 0.319145 to 0.390312, average 0.360192
Node 4 Table Mem Usage ranges from 0.934563 to 0.977089, average 0.961915
Node 4 Table Mem Usage ranges from 0.987270 to 0.993385, average 0.991585
Node 4 Table Mem Usage ranges from 0.993580 to 0.995659, average 0.994389
Node 4 Table Mem Usage ranges from 0.993649 to 0.996071, average 0.994720
Vectors Added Node 4: 22.7878 Seconds

Node 2 Table Mem Usage ranges from 0.318707 to 0.387604, average 0.358271
Node 2 Table Mem Usage ranges from 0.931290 to 0.976643, average 0.960546
Node 2 Table Mem Usage ranges from 0.986183 to 0.993679, average 0.991498
Node 2 Table Mem Usage ranges from 0.993340 to 0.994820, average 0.994280
Node 2 Table Mem Usage ranges from 0.993446 to 0.995399, average 0.994618
Vectors Added Node 2: 22.913 Seconds

Node 11 Table Mem Usage ranges from 0.322224 to 0.392632, average 0.362170
Node 11 Table Mem Usage ranges from 0.937050 to 0.979248, average 0.963499
Node 11 Table Mem Usage ranges from 0.985973 to 0.994514, average 0.991263
Node 11 Table Mem Usage ranges from 0.992958 to 0.995552, average 0.993967
Node 11 Table Mem Usage ranges from 0.993225 to 0.995640, average 0.994293
Vectors Added Node 11: 23.4182 Seconds

Node 0 Table Mem Usage ranges from 0.310612 to 0.384636, average 0.353315
Node 0 Table Mem Usage ranges from 0.930569 to 0.977966, average 0.960654
Node 0 Table Mem Usage ranges from 0.986599 to 0.994911, average 0.991858
Node 0 Table Mem Usage ranges from 0.993641 to 0.995987, average 0.994629
Node 0 Table Mem Usage ranges from 0.993912 to 0.996048, average 0.994982
Vectors Added Node 0: 31.2227 Seconds

Computing Query Hashes Node 9...
Computing Query Hashes Node 10...
Computing Query Hashes Node 4...
Computing Query Hashes Node 2...
Computing Query Hashes Node 8...
Computing Query Hashes Node 3...
Computing Query Hashes Node 7...
Computing Query Hashes Node 11...
Node 6 Table Mem Usage ranges from 0.322735 to 0.392185, average 0.363425
Node 6 Table Mem Usage ranges from 0.936363 to 0.978874, average 0.963611
Node 6 Table Mem Usage ranges from 0.987610 to 0.994236, average 0.992209
Node 6 Table Mem Usage ranges from 0.994370 to 0.995911, average 0.995028
Node 6 Table Mem Usage ranges from 0.994473 to 0.996563, average 0.995354
Vectors Added Node 6: 33.4722 Seconds

Computing Query Hashes Node 6...
Computing Query Hashes Node 0...
Computing Query Hashes Node 1...
Computing Query Hashes Node 5...
Computing Query Hashes Node 12...
Query Hashes Computed Node 4: 0.0104283 Seconds

Query Hashes Computed Node 6: 0.0119199 Seconds

Query Hashes Computed Node 7: 0.0106207 Seconds

Query Hashes Computed Node 12: 0.0104171 Seconds

Query Hashes Computed Node 1: 0.010465 Seconds

Query Hashes Computed Node 5: 0.0105022 Seconds

Query Hashes Computed Node 10: 0.0105417 Seconds

Query Hashes Computed Node 9: 0.010562 Seconds

Query Hashes Computed Node 8: 0.0105783 Seconds

Query Hashes Computed Node 3: 0.01043 Seconds

Query Hashes Computed Node 2: 0.0144989 Seconds

Query Hashes Computed Node 0: 0.016086 Seconds

Extracting Top K (TREE) Node 1...
Extracting Top K (TREE) Node 9...
Extracting Top K (TREE) Node 8...
Extracting Top K (TREE) Node 3...
Extracting Top K (TREE) Node 7...
Extracting Top K (TREE) Node 0...
Extracting Top K (TREE) Node 12...
Extracting Top K (TREE) Node 10...
Extracting Top K (TREE) Node 6...
Extracting Top K (TREE) Node 4...
Extracting Top K (TREE) Node 5...
Query Hashes Computed Node 11: 0.014838 Seconds

Extracting Top K (TREE) Node 11...
Extracting Top K (TREE) Node 2...
Top K (TREE) Extracted Node 9: 0.798921 Seconds

Top K (TREE) Extracted Node 3: 0.870067 Seconds

Top K (TREE) Extracted Node 5: 0.878433 Seconds

Top K (TREE) Extracted Node 11: 0.92237 Seconds

Top K (TREE) Extracted Node 7: 1.0297 Seconds

Top K (TREE) Extracted Node 1: 1.09135 Seconds

Top K (TREE) Extracted Node 10: 1.15269 Seconds

Top K (TREE) Extracted Node 6: 1.30521 Seconds

Top K (TREE) Extracted Node 12: 1.35035 Seconds

Top K (TREE) Extracted Node 2: 1.36576 Seconds

Top K (TREE) Extracted Node 4: 1.60901 Seconds

Top K (TREE) Extracted Node 8: 1.83742 Seconds

Top K (TREE) Extracted Node 0: 2.17048 Seconds

Extracting Top K (LINEAR) Node 0...
Extracting Top K (LINEAR) Node 1...
Extracting Top K (LINEAR) Node 9...
Extracting Top K (LINEAR) Node 4...
Extracting Top K (LINEAR) Node 2...
Extracting Top K (LINEAR) Node 5...
Extracting Top K (LINEAR) Node 12...
Extracting Top K (LINEAR) Node 10...
Extracting Top K (LINEAR) Node 8...
Extracting Top K (LINEAR) Node 3...
Extracting Top K (LINEAR) Node 7...
Extracting Top K (LINEAR) Node 11...
Extracting Top K (LINEAR) Node 6...
Top K (LINEAR) Extracted Node 1: 1.13271 Seconds

Top K (LINEAR) Extracted Node 2: 1.30905 Seconds

Top K (LINEAR) Extracted Node 3: 1.49079 Seconds

Top K (LINEAR) Extracted Node 4: 1.67054 Seconds

Top K (LINEAR) Extracted Node 5: 1.85163 Seconds

Top K (LINEAR) Extracted Node 6: 2.03347 Seconds

Top K (LINEAR) Extracted Node 7: 2.21276 Seconds

Top K (LINEAR) Extracted Node 8: 2.39328 Seconds

Top K (LINEAR) Extracted Node 9: 2.57615 Seconds

Top K (LINEAR) Extracted Node 10: 2.98126 Seconds

Top K (LINEAR) Extracted Node 11: 3.16326 Seconds

Top K (LINEAR) Extracted Node 12: 3.34401 Seconds

Top K (LINEAR) Extracted Node 0: 6.05001 Seconds

Extracting Top K (BRUTEFORCE) Node 0...
Extracting Top K (BRUTEFORCE) Node 1...
Extracting Top K (BRUTEFORCE) Node 9...
Extracting Top K (BRUTEFORCE) Node 4...
Extracting Top K (BRUTEFORCE) Node 2...
Extracting Top K (BRUTEFORCE) Node 5...
Extracting Top K (BRUTEFORCE) Node 12...
Extracting Top K (BRUTEFORCE) Node 10...
Extracting Top K (BRUTEFORCE) Node 8...
Extracting Top K (BRUTEFORCE) Node 3...
Extracting Top K (BRUTEFORCE) Node 7...
Extracting Top K (BRUTEFORCE) Node 11...
Extracting Top K (BRUTEFORCE) Node 6...
Top K (BRUTEFORCE) Extracted Node 1: 0.160156 Seconds

Top K (BRUTEFORCE) Extracted Node 2: 0.207753 Seconds

Top K (BRUTEFORCE) Extracted Node 3: 0.253669 Seconds

Top K (BRUTEFORCE) Extracted Node 4: 0.299626 Seconds

Top K (BRUTEFORCE) Extracted Node 5: 0.345873 Seconds

Top K (BRUTEFORCE) Extracted Node 6: 0.392513 Seconds

Top K (BRUTEFORCE) Extracted Node 7: 0.437732 Seconds

Top K (BRUTEFORCE) Extracted Node 8: 0.482408 Seconds

Top K (BRUTEFORCE) Extracted Node 9: 0.528115 Seconds

Top K (BRUTEFORCE) Extracted Node 10: 0.573086 Seconds

Top K (BRUTEFORCE) Extracted Node 11: 0.618958 Seconds

Top K (BRUTEFORCE) Extracted Node 12: 0.721274 Seconds

Top K (BRUTEFORCE) Extracted Node 0: 9.9127 Seconds

