
=================
== KDD12
=================

LSH Initialized in Node 8
LSH Initialized in Node 2
LSH Initialized in Node 17
LSH Initialized in Node 4
LSH Initialized in Node 16
LSH Initialized in Node 9
140000000 Vectors, 10000 Queries
Nodes: 20
Tables: 16
RangePow: 18
Reservoir Size: 256
Hashes: 4
CMS Bucket Size: 2048
CMS Hashes: 4

LSH Initialized in Node 0
LSH Initialized in Node 6
LSH Initialized in Node 12
LSH Initialized in Node 18
LSH Initialized in Node 14
LSH Initialized in Node 10
LSH Initialized in Node 3
LSH Initialized in Node 15
LSH Initialized in Node 11
LSH Initialized in Node 19
LSH Initialized in Node 7
LSH Initialized in Node 13
LSH Initialized in Node 1
LSH Initialized in Node 5
CMS Initialized in Node 8
CMS Initialized in Node 1
CMS Initialized in Node 3
CMS Initialized in Node 2
CMS Initialized in Node 17
CMS Initialized in Node 4
CMS Initialized in Node 15
CMS Initialized in Node 16
CMS Initialized in Node 11
CMS Initialized in Node 19
CMS Initialized in Node 18
CMS Initialized in Node 9
CMS Initialized in Node 0
CMS Initialized in Node 14
CMS Initialized in Node 13
CMS Initialized in Node 6
CMS Initialized in Node 7
CMS Initialized in Node 12
CMS Initialized in Node 5
CMS Initialized in Node 10
LSH Reservoir Initialized in Node 9
LSH Reservoir Initialized in Node 3
LSH Reservoir Initialized in Node 18
LSH Reservoir Initialized in Node 14
LSH Reservoir Initialized in Node 13
LSH Reservoir Initialized in Node 11
LSH Reservoir Initialized in Node 12
LSH Reservoir Initialized in Node 15
LSH Reservoir Initialized in Node 2
LSH Reservoir Initialized in Node 6
LSH Reservoir Initialized in Node 8
LSH Reservoir Initialized in Node 4
LSH Reservoir Initialized in Node 7
LSH Reservoir Initialized in Node 19
LSH Reservoir Initialized in Node 16
LSH Reservoir Initialized in Node 1
LSH Reservoir Initialized in Node 17
LSH Reservoir Initialized in Node 10
LSH Reservoir Initialized in Node 0
FLASH Controller Initialized in Node 8

Reading Data Node 8...
FLASH Controller Initialized in Node 3

Reading Data Node 3...
FLASH Controller Initialized in Node 2

Reading Data Node 2...
FLASH Controller Initialized in Node 17

Reading Data Node 17...
FLASH Controller Initialized in Node 4

Reading Data Node 4...
FLASH Controller Initialized in Node 15

Reading Data Node 15...
FLASH Controller Initialized in Node 16

Reading Data Node 16...
FLASH Controller Initialized in Node 11

Reading Data Node 11...
FLASH Controller Initialized in Node 19

Reading Data Node 19...
FLASH Controller Initialized in Node 18

Reading Data Node 18...
FLASH Controller Initialized in Node 9

Reading Data Node 9...
FLASH Controller Initialized in Node 14

Reading Data Node 14...
FLASH Controller Initialized in Node 13

Reading Data Node 13...
FLASH Controller Initialized in Node 6

Reading Data Node 6...
FLASH Controller Initialized in Node 7

Reading Data Node 7...
FLASH Controller Initialized in Node 12

Reading Data Node 12...
LSH Reservoir Initialized in Node 5
[readSparse]
FLASH Controller Initialized in Node 1

Reading Data Node 1...
[readSparse]
[readSparse]
[readSparse]
[readSparse]
[readSparse]
[readSparse]
[readSparse]
[readSparse]
[readSparse]
[readSparse]
FLASH Controller Initialized in Node 0

Reading Data Node 0...
[readSparse]
[readSparse]
[readSparse]
[readSparse]
[readSparse]
[readSparse]
FLASH Controller Initialized in Node 5

Reading Data Node 5...
FLASH Controller Initialized in Node 10

Reading Data Node 10...
[readSparse]
[readSparse]
[readSparse]
[readSparse] Read 77000000 numbers, 7000000 vectors. 
[readSparse] Read 77000000 numbers, 7000000 vectors. 
[readSparse] Read 77000000 numbers, 7000000 vectors. 
[readSparse] Read 77000000 numbers, 7000000 vectors. 
[readSparse] Read 77000000 numbers, 7000000 vectors. 
[readSparse] Read 77000000 numbers, 7000000 vectors. 
[readSparse] Read 77000000 numbers, 7000000 vectors. 
[readSparse] Read 77000000 numbers, 7000000 vectors. 
[readSparse] Read 77000000 numbers, 7000000 vectors. 
[readSparse] Read 77000000 numbers, 7000000 vectors. 
[readSparse] Read 77000000 numbers, 7000000 vectors. 
[readSparse] Read 77000000 numbers, 7000000 vectors. 
[readSparse] Read 77000000 numbers, 7000000 vectors. 
[readSparse] Read 77000000 numbers, 7000000 vectors. 
[readSparse] Read 77000000 numbers, 7000000 vectors. 
[readSparse] Read 77000000 numbers, 7000000 vectors. 
[readSparse] Read 77000000 numbers, 7000000 vectors. 
[readSparse] Read 77000000 numbers, 7000000 vectors. 
[readSparse] Read 77000000 numbers, 7000000 vectors. 
[readSparse] Read 77000000 numbers, 7000000 vectors. 
Data Read Node 17: 198.284 Seconds

Data Read Node 18: 198.284 Seconds

Data Read Node 14: 198.284 Seconds

Data Read Node 13: 198.284 Seconds

Data Read Node 2: 198.284 Seconds

Data Read Node 15: 198.284 Seconds

Data Read Node 16: 198.284 Seconds

Data Read Node 9: 198.284 Seconds

Data Read Node 7: 198.284 Seconds

Data Read Node 1: 198.284 Seconds

Data Read Node 4: 198.284 Seconds

Data Read Node 11: 198.284 Seconds

Data Read Node 19: 198.284 Seconds

Data Read Node 6: 198.284 Seconds

Data Read Node 12: 198.284 Seconds

Data Read Node 8: 198.284 Seconds

Data Read Node 3: 198.284 Seconds

Data Read Node 0: 198.284 Seconds

Data Read Node 10: 198.284 Seconds

[readSparse]
Data Read Node 5: 198.284 Seconds

[readSparse] Read 110000 numbers, 10000 vectors. 
Adding Vectors Node 1...
Adding Vectors Node 2...
Adding Vectors Node 4...
Adding Vectors Node 15...
Adding Vectors Node 16...
Adding Vectors Node 11...
Adding Vectors Node 19...
Adding Vectors Node 18...
Adding Vectors Node 9...
Adding Vectors Node 0...
Adding Vectors Node 14...
Adding Vectors Node 13...
Adding Vectors Node 6...
Adding Vectors Node 7...
Adding Vectors Node 12...
Adding Vectors Node 8...
Adding Vectors Node 3...
Adding Vectors Node 17...
Adding Vectors Node 5...
Adding Vectors Node 10...
Node 13 Table Mem Usage ranges from 0.116432 to 0.170879, average 0.152739
Node 13 Table Mem Usage ranges from 0.651997 to 0.855560, average 0.790058
Node 13 Table Mem Usage ranges from 0.839420 to 0.968399, average 0.935348
Node 13 Table Mem Usage ranges from 0.920338 to 0.989574, average 0.974940
Node 13 Table Mem Usage ranges from 0.957153 to 0.993755, average 0.987509
Vectors Added Node 13: 11.2367 Seconds

Node 14 Table Mem Usage ranges from 0.115181 to 0.171886, average 0.152377
Node 14 Table Mem Usage ranges from 0.651947 to 0.853882, average 0.794393
Node 14 Table Mem Usage ranges from 0.835777 to 0.969246, average 0.935481
Node 14 Table Mem Usage ranges from 0.917603 to 0.990276, average 0.975022
Node 14 Table Mem Usage ranges from 0.955528 to 0.994236, average 0.987608
Vectors Added Node 14: 11.2896 Seconds

Node 12 Table Mem Usage ranges from 0.117554 to 0.173271, average 0.154966
Node 12 Table Mem Usage ranges from 0.651966 to 0.848381, average 0.789235
Node 12 Table Mem Usage ranges from 0.833759 to 0.966194, average 0.932810
Node 12 Table Mem Usage ranges from 0.914459 to 0.987995, average 0.973187
Node 12 Table Mem Usage ranges from 0.953621 to 0.992294, average 0.986174
Vectors Added Node 12: 11.504 Seconds

Node 16 Table Mem Usage ranges from 0.111015 to 0.179298, average 0.148724
Node 16 Table Mem Usage ranges from 0.653667 to 0.856884, average 0.794472
Node 16 Table Mem Usage ranges from 0.841057 to 0.969467, average 0.935706
Node 16 Table Mem Usage ranges from 0.937378 to 0.989674, average 0.978610
Node 16 Table Mem Usage ranges from 0.984531 to 0.994080, average 0.992104
Vectors Added Node 16: 11.8111 Seconds

Node 15 Table Mem Usage ranges from 0.111286 to 0.168869, average 0.148386
Node 15 Table Mem Usage ranges from 0.646236 to 0.845268, average 0.789894
Node 15 Table Mem Usage ranges from 0.838379 to 0.966984, average 0.935929
Node 15 Table Mem Usage ranges from 0.920784 to 0.989143, average 0.975378
Node 15 Table Mem Usage ranges from 0.957615 to 0.993477, average 0.987752
Vectors Added Node 15: 12.2764 Seconds

Node 18 Table Mem Usage ranges from 0.232933 to 0.285728, average 0.263429
Node 18 Table Mem Usage ranges from 0.852051 to 0.933170, average 0.901996
Node 18 Table Mem Usage ranges from 0.955639 to 0.986252, average 0.975260
Node 18 Table Mem Usage ranges from 0.983158 to 0.993195, average 0.989268
Node 18 Table Mem Usage ranges from 0.990681 to 0.994194, average 0.992174
Vectors Added Node 18: 12.9081 Seconds

Node 9 Table Mem Usage ranges from 0.223675 to 0.275913, average 0.253534
Node 9 Table Mem Usage ranges from 0.857143 to 0.933613, average 0.904775
Node 9 Table Mem Usage ranges from 0.959747 to 0.987293, average 0.977953
Node 9 Table Mem Usage ranges from 0.984764 to 0.993378, average 0.990603
Node 9 Table Mem Usage ranges from 0.991917 to 0.994251, average 0.993324
Vectors Added Node 9: 13.1253 Seconds

Node 6 Table Mem Usage ranges from 0.234871 to 0.288437, average 0.265882
Node 6 Table Mem Usage ranges from 0.859886 to 0.936169, average 0.906426
Node 6 Table Mem Usage ranges from 0.959518 to 0.987576, average 0.977418
Node 6 Table Mem Usage ranges from 0.983795 to 0.993702, average 0.989996
Node 6 Table Mem Usage ranges from 0.991356 to 0.994602, average 0.992886
Vectors Added Node 6: 13.1694 Seconds

Node 11 Table Mem Usage ranges from 0.232239 to 0.283695, average 0.263335
Node 11 Table Mem Usage ranges from 0.849728 to 0.928185, average 0.898847
Node 11 Table Mem Usage ranges from 0.935715 to 0.979847, average 0.966538
Node 11 Table Mem Usage ranges from 0.966251 to 0.989666, average 0.984395
Node 11 Table Mem Usage ranges from 0.980091 to 0.991928, average 0.990037
Vectors Added Node 11: 13.2614 Seconds

Node 7 Table Mem Usage ranges from 0.233917 to 0.288025, average 0.265262
Node 7 Table Mem Usage ranges from 0.853775 to 0.934692, average 0.903067
Node 7 Table Mem Usage ranges from 0.956532 to 0.986816, average 0.975872
Node 7 Table Mem Usage ranges from 0.983414 to 0.993324, average 0.989537
Node 7 Table Mem Usage ranges from 0.990864 to 0.994541, average 0.992378
Vectors Added Node 7: 13.3241 Seconds

Node 8 Table Mem Usage ranges from 0.225590 to 0.278614, average 0.256927
Node 8 Table Mem Usage ranges from 0.848232 to 0.928783, average 0.897962
Node 8 Table Mem Usage ranges from 0.957588 to 0.985512, average 0.976056
Node 8 Table Mem Usage ranges from 0.984196 to 0.991936, average 0.989700
Node 8 Table Mem Usage ranges from 0.991394 to 0.993153, average 0.992496
Vectors Added Node 8: 13.3801 Seconds

Node 17 Table Mem Usage ranges from 0.235981 to 0.288425, average 0.265312
Node 17 Table Mem Usage ranges from 0.860123 to 0.937328, average 0.906671
Node 17 Table Mem Usage ranges from 0.958607 to 0.987755, average 0.977031
Node 17 Table Mem Usage ranges from 0.983261 to 0.993484, average 0.989676
Node 17 Table Mem Usage ranges from 0.990955 to 0.994667, average 0.992545
Vectors Added Node 17: 13.6306 Seconds

Node 3 Table Mem Usage ranges from 0.236195 to 0.289070, average 0.266367
Node 3 Table Mem Usage ranges from 0.854557 to 0.934765, average 0.902922
Node 3 Table Mem Usage ranges from 0.956730 to 0.986813, average 0.976021
Node 3 Table Mem Usage ranges from 0.983383 to 0.993546, average 0.989740
Node 3 Table Mem Usage ranges from 0.990814 to 0.994476, average 0.992629
Vectors Added Node 3: 13.8209 Seconds

Node 2 Table Mem Usage ranges from 0.234650 to 0.287186, average 0.263983
Node 2 Table Mem Usage ranges from 0.859592 to 0.936848, average 0.905611
Node 2 Table Mem Usage ranges from 0.959621 to 0.987686, average 0.977002
Node 2 Table Mem Usage ranges from 0.983749 to 0.993702, average 0.989691
Node 2 Table Mem Usage ranges from 0.991085 to 0.994629, average 0.992550
Vectors Added Node 2: 13.9967 Seconds

Node 19 Table Mem Usage ranges from 0.228752 to 0.281406, average 0.258647
Node 19 Table Mem Usage ranges from 0.849854 to 0.929466, average 0.898674
Node 19 Table Mem Usage ranges from 0.958168 to 0.985676, average 0.976591
Node 19 Table Mem Usage ranges from 0.984341 to 0.992020, average 0.990010
Node 19 Table Mem Usage ranges from 0.991875 to 0.993443, average 0.992857
Vectors Added Node 19: 14.0434 Seconds

Node 4 Table Mem Usage ranges from 0.227188 to 0.279594, average 0.257601
Node 4 Table Mem Usage ranges from 0.847607 to 0.930218, average 0.898657
Node 4 Table Mem Usage ranges from 0.958485 to 0.987141, average 0.977286
Node 4 Table Mem Usage ranges from 0.985081 to 0.993500, average 0.990871
Node 4 Table Mem Usage ranges from 0.992245 to 0.994339, average 0.993682
Vectors Added Node 4: 14.2053 Seconds

Node 10 Table Mem Usage ranges from 0.234562 to 0.287327, average 0.264730
Node 10 Table Mem Usage ranges from 0.858181 to 0.936375, average 0.906998
Node 10 Table Mem Usage ranges from 0.959587 to 0.987015, average 0.978131
Node 10 Table Mem Usage ranges from 0.984882 to 0.993393, average 0.990791
Node 10 Table Mem Usage ranges from 0.992138 to 0.994652, average 0.993599
Vectors Added Node 10: 14.6741 Seconds

Node 1 Table Mem Usage ranges from 0.228477 to 0.277981, average 0.257311
Node 1 Table Mem Usage ranges from 0.857708 to 0.934299, average 0.905337
Node 1 Table Mem Usage ranges from 0.960915 to 0.987560, average 0.978534
Node 1 Table Mem Usage ranges from 0.985657 to 0.993713, average 0.991245
Node 1 Table Mem Usage ranges from 0.992683 to 0.994713, average 0.993973
Vectors Added Node 1: 14.7596 Seconds

Node 0 Table Mem Usage ranges from 0.226517 to 0.279934, average 0.257797
Node 0 Table Mem Usage ranges from 0.847233 to 0.930435, average 0.899211
Node 0 Table Mem Usage ranges from 0.958313 to 0.986973, average 0.977534
Node 0 Table Mem Usage ranges from 0.985615 to 0.993477, average 0.991315
Node 0 Table Mem Usage ranges from 0.992912 to 0.994663, average 0.994167
Vectors Added Node 0: 19.9254 Seconds

Computing Query Hashes Node 8...
Computing Query Hashes Node 1...
Computing Query Hashes Node 3...
Computing Query Hashes Node 2...
Computing Query Hashes Node 17...
Computing Query Hashes Node 4...
Computing Query Hashes Node 15...
Computing Query Hashes Node 16...
Computing Query Hashes Node 11...
Computing Query Hashes Node 19...
Computing Query Hashes Node 18...
Computing Query Hashes Node 9...
Computing Query Hashes Node 0...
Computing Query Hashes Node 14...
Computing Query Hashes Node 13...
Computing Query Hashes Node 6...
Computing Query Hashes Node 7...
Computing Query Hashes Node 12...
Node 5 Table Mem Usage ranges from 0.227131 to 0.276608, average 0.255974
Node 5 Table Mem Usage ranges from 0.859741 to 0.934959, average 0.906635
Node 5 Table Mem Usage ranges from 0.962471 to 0.988312, average 0.979537
Node 5 Table Mem Usage ranges from 0.986637 to 0.994358, average 0.992001
Node 5 Table Mem Usage ranges from 0.993504 to 0.995430, average 0.994683
Vectors Added Node 5: 22.3244 Seconds

Computing Query Hashes Node 5...
Computing Query Hashes Node 10...
Query Hashes Computed Node 8: 0.00978241 Seconds

Query Hashes Computed Node 4: 0.0098118 Seconds

Query Hashes Computed Node 15: 0.00945782 Seconds

Query Hashes Computed Node 11: 0.0139714 Seconds

Query Hashes Computed Node 19: 0.00968707 Seconds

Query Hashes Computed Node 18: 0.0137403 Seconds

Query Hashes Computed Node 0: 0.0140976 Seconds

Query Hashes Computed Node 14: 0.00965945 Seconds

Query Hashes Computed Node 6: 0.00981826 Seconds

Query Hashes Computed Node 7: 0.00976621 Seconds

Query Hashes Computed Node 5: 0.00986948 Seconds

Query Hashes Computed Node 10: 0.0141209 Seconds

Query Hashes Computed Node 12: 0.0137123 Seconds

Query Hashes Computed Node 1: 0.0137838 Seconds

Extracting Top K (TREE) Node 8...
Extracting Top K (TREE) Node 4...
Extracting Top K (TREE) Node 11...
Extracting Top K (TREE) Node 19...
Extracting Top K (TREE) Node 18...
Extracting Top K (TREE) Node 7...
Query Hashes Computed Node 17: 0.013658 Seconds

Extracting Top K (TREE) Node 17...
Extracting Top K (TREE) Node 15...
Extracting Top K (TREE) Node 14...
Extracting Top K (TREE) Node 5...
Extracting Top K (TREE) Node 6...
Extracting Top K (TREE) Node 10...
Query Hashes Computed Node 2: 0.0138272 Seconds

Extracting Top K (TREE) Node 2...
Query Hashes Computed Node 3: 0.0138128 Seconds

Extracting Top K (TREE) Node 3...
Extracting Top K (TREE) Node 1...
Query Hashes Computed Node 16: 0.0175602 Seconds

Extracting Top K (TREE) Node 16...
Query Hashes Computed Node 9: 0.0135233 Seconds

Extracting Top K (TREE) Node 9...
Extracting Top K (TREE) Node 0...
Query Hashes Computed Node 13: 0.013606 Seconds

Extracting Top K (TREE) Node 13...
Extracting Top K (TREE) Node 12...
Top K (TREE) Extracted Node 13: 0.765027 Seconds

Top K (TREE) Extracted Node 15: 0.767523 Seconds

Top K (TREE) Extracted Node 19: 0.835589 Seconds

Top K (TREE) Extracted Node 9: 0.838828 Seconds

Top K (TREE) Extracted Node 3: 0.845694 Seconds

Top K (TREE) Extracted Node 17: 0.848573 Seconds

Top K (TREE) Extracted Node 7: 0.870659 Seconds

Top K (TREE) Extracted Node 11: 0.893604 Seconds

Top K (TREE) Extracted Node 14: 1.00784 Seconds

Top K (TREE) Extracted Node 1: 1.05227 Seconds

Top K (TREE) Extracted Node 18: 1.07705 Seconds

Top K (TREE) Extracted Node 5: 1.10694 Seconds

Top K (TREE) Extracted Node 10: 1.13417 Seconds

Top K (TREE) Extracted Node 2: 1.33228 Seconds

Top K (TREE) Extracted Node 6: 1.34023 Seconds

Top K (TREE) Extracted Node 12: 1.34147 Seconds

Top K (TREE) Extracted Node 4: 1.58567 Seconds

Top K (TREE) Extracted Node 8: 1.81907 Seconds

Top K (TREE) Extracted Node 16: 2.04912 Seconds

Top K (TREE) Extracted Node 0: 2.38427 Seconds

Extracting Top K (LINEAR) Node 1...
Extracting Top K (LINEAR) Node 3...
Extracting Top K (LINEAR) Node 2...
Extracting Top K (LINEAR) Node 17...
Extracting Top K (LINEAR) Node 4...
Extracting Top K (LINEAR) Node 15...
Extracting Top K (LINEAR) Node 16...
Extracting Top K (LINEAR) Node 11...
Extracting Top K (LINEAR) Node 19...
Extracting Top K (LINEAR) Node 9...
Extracting Top K (LINEAR) Node 0...
Extracting Top K (LINEAR) Node 14...
Extracting Top K (LINEAR) Node 13...
Extracting Top K (LINEAR) Node 6...
Extracting Top K (LINEAR) Node 7...
Extracting Top K (LINEAR) Node 12...
Extracting Top K (LINEAR) Node 5...
Extracting Top K (LINEAR) Node 10...
Extracting Top K (LINEAR) Node 8...
Extracting Top K (LINEAR) Node 18...
Top K (LINEAR) Extracted Node 1: 1.10821 Seconds

Top K (LINEAR) Extracted Node 2: 1.28621 Seconds

Top K (LINEAR) Extracted Node 3: 1.45675 Seconds

Top K (LINEAR) Extracted Node 4: 1.63761 Seconds

Top K (LINEAR) Extracted Node 5: 1.81418 Seconds

Top K (LINEAR) Extracted Node 6: 1.99927 Seconds

Top K (LINEAR) Extracted Node 7: 2.18315 Seconds

Top K (LINEAR) Extracted Node 8: 2.36554 Seconds

Top K (LINEAR) Extracted Node 9: 2.54741 Seconds

Top K (LINEAR) Extracted Node 10: 2.72871 Seconds

Top K (LINEAR) Extracted Node 11: 2.90904 Seconds

Top K (LINEAR) Extracted Node 12: 3.09136 Seconds

Top K (LINEAR) Extracted Node 13: 3.27127 Seconds

Top K (LINEAR) Extracted Node 14: 3.44823 Seconds

Top K (LINEAR) Extracted Node 15: 3.62765 Seconds

Top K (LINEAR) Extracted Node 16: 3.80739 Seconds

Top K (LINEAR) Extracted Node 17: 4.11586 Seconds

Top K (LINEAR) Extracted Node 18: 4.28432 Seconds

Top K (LINEAR) Extracted Node 19: 4.45998 Seconds

Top K (LINEAR) Extracted Node 0: 8.33575 Seconds

Extracting Top K (BRUTEFORCE) Node 1...
Extracting Top K (BRUTEFORCE) Node 15...
Extracting Top K (BRUTEFORCE) Node 19...
Extracting Top K (BRUTEFORCE) Node 7...
Extracting Top K (BRUTEFORCE) Node 5...
Extracting Top K (BRUTEFORCE) Node 3...
Extracting Top K (BRUTEFORCE) Node 17...
Extracting Top K (BRUTEFORCE) Node 11...
Extracting Top K (BRUTEFORCE) Node 9...
Extracting Top K (BRUTEFORCE) Node 13...
Extracting Top K (BRUTEFORCE) Node 4...
Extracting Top K (BRUTEFORCE) Node 16...
Extracting Top K (BRUTEFORCE) Node 14...
Extracting Top K (BRUTEFORCE) Node 6...
Extracting Top K (BRUTEFORCE) Node 12...
Extracting Top K (BRUTEFORCE) Node 8...
Extracting Top K (BRUTEFORCE) Node 2...
Extracting Top K (BRUTEFORCE) Node 18...
Extracting Top K (BRUTEFORCE) Node 10...
Extracting Top K (BRUTEFORCE) Node 0...
Top K (BRUTEFORCE) Extracted Node 2: 0.139797 Seconds

Top K (BRUTEFORCE) Extracted Node 1: 0.184068 Seconds

Top K (BRUTEFORCE) Extracted Node 3: 0.224318 Seconds

Top K (BRUTEFORCE) Extracted Node 4: 0.262349 Seconds

Top K (BRUTEFORCE) Extracted Node 5: 0.307 Seconds

Top K (BRUTEFORCE) Extracted Node 6: 0.342923 Seconds

Top K (BRUTEFORCE) Extracted Node 7: 0.388927 Seconds

Top K (BRUTEFORCE) Extracted Node 8: 0.427263 Seconds

Top K (BRUTEFORCE) Extracted Node 9: 0.471492 Seconds

Top K (BRUTEFORCE) Extracted Node 10: 0.508982 Seconds

Top K (BRUTEFORCE) Extracted Node 11: 0.552496 Seconds

Top K (BRUTEFORCE) Extracted Node 12: 0.588277 Seconds

Top K (BRUTEFORCE) Extracted Node 13: 0.634434 Seconds

Top K (BRUTEFORCE) Extracted Node 14: 0.670358 Seconds

Top K (BRUTEFORCE) Extracted Node 15: 0.714767 Seconds

Top K (BRUTEFORCE) Extracted Node 16: 0.751193 Seconds

Top K (BRUTEFORCE) Extracted Node 17: 0.795629 Seconds

Top K (BRUTEFORCE) Extracted Node 18: 0.833485 Seconds

Top K (BRUTEFORCE) Extracted Node 19: 0.926402 Seconds

Top K (BRUTEFORCE) Extracted Node 0: 14.7532 Seconds

