
=================
== KDD12
=================

140000000 Vectors, 10000 Queries
Nodes: 15
Tables: 16
RangePow: 18
Reservoir Size: 256
Hashes: 4
CMS Bucket Size: 2048
CMS Hashes: 4

LSH Initialized in Node 0
LSH Initialized in Node 8
LSH Initialized in Node 12
LSH Initialized in Node 10
LSH Initialized in Node 4
LSH Initialized in Node 1
LSH Initialized in Node 9
LSH Initialized in Node 11
LSH Initialized in Node 7
LSH Initialized in Node 3
LSH Initialized in Node 5
LSH Initialized in Node 2
LSH Initialized in Node 13
LSH Initialized in Node 14
LSH Initialized in Node 6
CMS Initialized in Node 12
CMS Initialized in Node 6
CMS Initialized in Node 8
CMS Initialized in Node 10
CMS Initialized in Node 14
CMS Initialized in Node 4
CMS Initialized in Node 2
CMS Initialized in Node 0
CMS Initialized in Node 1
CMS Initialized in Node 9
CMS Initialized in Node 11
CMS Initialized in Node 13
CMS Initialized in Node 3
CMS Initialized in Node 5
CMS Initialized in Node 7
LSH Reservoir Initialized in Node 11
LSH Reservoir Initialized in Node 6
LSH Reservoir Initialized in Node 1
LSH Reservoir Initialized in Node 12
LSH Reservoir Initialized in Node 5
LSH Reservoir Initialized in Node 2
LSH Reservoir Initialized in Node 7
LSH Reservoir Initialized in Node 3
LSH Reservoir Initialized in Node 4
LSH Reservoir Initialized in Node 13
LSH Reservoir Initialized in Node 14
LSH Reservoir Initialized in Node 10
LSH Reservoir Initialized in Node 8
LSH Reservoir Initialized in Node 0
FLASH Controller Initialized in Node 12

Reading Data Node 12...
LSH Reservoir Initialized in Node 9
FLASH Controller Initialized in Node 10

Reading Data Node 10...
FLASH Controller Initialized in Node 11

Reading Data Node 11...
[readSparse]
FLASH Controller Initialized in Node 2

Reading Data Node 2...
[readSparse]
FLASH Controller Initialized in Node 7

Reading Data Node 7...
[readSparse]
FLASH Controller Initialized in Node 6

Reading Data Node 6...
[readSparse]
FLASH Controller Initialized in Node 3

Reading Data Node 3...
[readSparse]
FLASH Controller Initialized in Node 14

Reading Data Node 14...
FLASH Controller Initialized in Node 4

Reading Data Node 4...
FLASH Controller Initialized in Node 1

Reading Data Node 1...
FLASH Controller Initialized in Node 5

Reading Data Node 5...
FLASH Controller Initialized in Node 9

Reading Data Node 9...
FLASH Controller Initialized in Node 0

Reading Data Node 0...
[readSparse]
[readSparse]
FLASH Controller Initialized in Node 13

Reading Data Node 13...
[readSparse]
FLASH Controller Initialized in Node 8

Reading Data Node 8...
[readSparse]
[readSparse]
[readSparse]
[readSparse]
[readSparse]
[readSparse]
[readSparse]
[readSparse] Read 102666674 numbers, 9333334 vectors. 
[readSparse] Read 102666674 numbers, 9333334 vectors. 
[readSparse] Read 102666674 numbers, 9333334 vectors. 
[readSparse] Read 102666663 numbers, 9333333 vectors. 
[readSparse] Read 102666674 numbers, 9333334 vectors. 
[readSparse] Read 102666663 numbers, 9333333 vectors. 
[readSparse] Read 102666674 numbers, 9333334 vectors. 
[readSparse] Read 102666663 numbers, 9333333 vectors. 
[readSparse] Read 102666663 numbers, 9333333 vectors. 
[readSparse] Read 102666663 numbers, 9333333 vectors. 
[readSparse] Read 102666663 numbers, 9333333 vectors. 
[readSparse] Read 102666663 numbers, 9333333 vectors. 
[readSparse] Read 102666663 numbers, 9333333 vectors. 
[readSparse] Read 102666663 numbers, 9333333 vectors. 
[readSparse] Read 102666663 numbers, 9333333 vectors. 
Data Read Node 13: 69.7978 Seconds

Data Read Node 12: 69.7979 Seconds

Data Read Node 11: 69.7979 Seconds

Data Read Node 2: 69.7978 Seconds

Data Read Node 7: 69.7979 Seconds

Data Read Node 8: 69.7978 Seconds

Data Read Node 10: 69.7978 Seconds

Data Read Node 14: 69.7979 Seconds

Data Read Node 0: 69.7978 Seconds

Data Read Node 6: 69.7979 Seconds

Data Read Node 4: 69.7978 Seconds

Data Read Node 9: 69.7979 Seconds

[readSparse]
Data Read Node 3: 69.7979 Seconds

Data Read Node 1: 69.7978 Seconds

Data Read Node 5: 69.7978 Seconds

[readSparse] Read 110000 numbers, 10000 vectors. 
Adding Vectors Node 0...
Adding Vectors Node 12...
Adding Vectors Node 11...
Adding Vectors Node 2...
Adding Vectors Node 13...
Adding Vectors Node 7...
Adding Vectors Node 8...
Adding Vectors Node 3...
Adding Vectors Node 10...
Adding Vectors Node 4...
Adding Vectors Node 9...
Adding Vectors Node 14...
Adding Vectors Node 1...
Adding Vectors Node 6...
Adding Vectors Node 5...
Node 11 Table Mem Usage ranges from 0.147030 to 0.223324, average 0.196950
Node 11 Table Mem Usage ranges from 0.737926 to 0.920116, average 0.865998
Node 11 Table Mem Usage ranges from 0.898323 to 0.985569, average 0.966753
Node 11 Table Mem Usage ranges from 0.958408 to 0.993729, average 0.988062
Node 11 Table Mem Usage ranges from 0.981331 to 0.994995, average 0.993279
Vectors Added Node 11: 14.8547 Seconds

Node 10 Table Mem Usage ranges from 0.148216 to 0.223846, average 0.198880
Node 10 Table Mem Usage ranges from 0.746925 to 0.915764, average 0.868062
Node 10 Table Mem Usage ranges from 0.901154 to 0.985519, average 0.966747
Node 10 Table Mem Usage ranges from 0.957336 to 0.993118, average 0.987310
Node 10 Table Mem Usage ranges from 0.979919 to 0.994152, average 0.992532
Vectors Added Node 10: 16.1353 Seconds

Node 12 Table Mem Usage ranges from 0.142933 to 0.231705, average 0.190743
Node 12 Table Mem Usage ranges from 0.741009 to 0.919060, average 0.867390
Node 12 Table Mem Usage ranges from 0.899887 to 0.984737, average 0.967063
Node 12 Table Mem Usage ranges from 0.984901 to 0.994499, average 0.992376
Node 12 Table Mem Usage ranges from 0.992805 to 0.995895, average 0.994683
Vectors Added Node 12: 16.27 Seconds

Node 13 Table Mem Usage ranges from 0.282085 to 0.349117, average 0.320519
Node 13 Table Mem Usage ranges from 0.906902 to 0.963223, average 0.942882
Node 13 Table Mem Usage ranges from 0.979580 to 0.990677, average 0.987322
Node 13 Table Mem Usage ranges from 0.990887 to 0.992977, average 0.992310
Node 13 Table Mem Usage ranges from 0.991295 to 0.993961, average 0.993054
Vectors Added Node 13: 17.2198 Seconds

Node 8 Table Mem Usage ranges from 0.284508 to 0.346863, average 0.320587
Node 8 Table Mem Usage ranges from 0.915718 to 0.967747, average 0.948881
Node 8 Table Mem Usage ranges from 0.980328 to 0.992092, average 0.988494
Node 8 Table Mem Usage ranges from 0.990410 to 0.993973, average 0.992950
Node 8 Table Mem Usage ranges from 0.992115 to 0.994698, average 0.993888
Vectors Added Node 8: 17.5462 Seconds

Node 2 Table Mem Usage ranges from 0.281773 to 0.344364, average 0.318539
Node 2 Table Mem Usage ranges from 0.915028 to 0.966873, average 0.948237
Node 2 Table Mem Usage ranges from 0.979939 to 0.991653, average 0.988251
Node 2 Table Mem Usage ranges from 0.991478 to 0.993382, average 0.992981
Node 2 Table Mem Usage ranges from 0.992897 to 0.994347, average 0.993737
Vectors Added Node 2: 18.5723 Seconds

Node 14 Table Mem Usage ranges from 0.288845 to 0.353535, average 0.326161
Node 14 Table Mem Usage ranges from 0.912777 to 0.965973, average 0.946031
Node 14 Table Mem Usage ranges from 0.978100 to 0.990108, average 0.986600
Node 14 Table Mem Usage ranges from 0.990490 to 0.992142, average 0.991641
Node 14 Table Mem Usage ranges from 0.991745 to 0.993206, average 0.992388
Vectors Added Node 14: 18.6714 Seconds

Node 7 Table Mem Usage ranges from 0.289150 to 0.353321, average 0.326219
Node 7 Table Mem Usage ranges from 0.911098 to 0.966095, average 0.946649
Node 7 Table Mem Usage ranges from 0.979122 to 0.991856, average 0.988054
Node 7 Table Mem Usage ranges from 0.991695 to 0.994087, average 0.993189
Node 7 Table Mem Usage ranges from 0.992081 to 0.994675, average 0.993946
Vectors Added Node 7: 18.803 Seconds

Node 6 Table Mem Usage ranges from 0.279781 to 0.344986, average 0.317957
Node 6 Table Mem Usage ranges from 0.907543 to 0.964378, average 0.943647
Node 6 Table Mem Usage ranges from 0.979443 to 0.991966, average 0.987995
Node 6 Table Mem Usage ranges from 0.991241 to 0.993721, average 0.992871
Node 6 Table Mem Usage ranges from 0.992805 to 0.994328, average 0.993602
Vectors Added Node 6: 18.8524 Seconds

Node 3 Table Mem Usage ranges from 0.281334 to 0.344326, average 0.318486
Node 3 Table Mem Usage ranges from 0.907688 to 0.964367, average 0.943674
Node 3 Table Mem Usage ranges from 0.980072 to 0.991631, average 0.988049
Node 3 Table Mem Usage ranges from 0.991901 to 0.993423, average 0.993007
Node 3 Table Mem Usage ranges from 0.993080 to 0.994267, average 0.993713
Vectors Added Node 3: 18.8612 Seconds

Node 5 Table Mem Usage ranges from 0.282490 to 0.347004, average 0.319332
Node 5 Table Mem Usage ranges from 0.915131 to 0.968777, average 0.948009
Node 5 Table Mem Usage ranges from 0.980003 to 0.992958, average 0.988204
Node 5 Table Mem Usage ranges from 0.991444 to 0.994671, average 0.992913
Node 5 Table Mem Usage ranges from 0.992435 to 0.994926, average 0.993643
Vectors Added Node 5: 18.8804 Seconds

Node 1 Table Mem Usage ranges from 0.290981 to 0.352875, average 0.327028
Node 1 Table Mem Usage ranges from 0.911018 to 0.966415, average 0.946374
Node 1 Table Mem Usage ranges from 0.978985 to 0.991314, average 0.987747
Node 1 Table Mem Usage ranges from 0.991608 to 0.993397, average 0.992893
Node 1 Table Mem Usage ranges from 0.992970 to 0.994156, average 0.993644
Vectors Added Node 1: 19.224 Seconds

Node 9 Table Mem Usage ranges from 0.151630 to 0.223656, average 0.200317
Node 9 Table Mem Usage ranges from 0.737015 to 0.916996, average 0.865526
Node 9 Table Mem Usage ranges from 0.897968 to 0.986446, average 0.967160
Node 9 Table Mem Usage ranges from 0.955444 to 0.994007, average 0.987787
Node 9 Table Mem Usage ranges from 0.979931 to 0.995167, average 0.993354
Vectors Added Node 9: 19.2499 Seconds

Node 4 Table Mem Usage ranges from 0.287632 to 0.353741, average 0.325488
Node 4 Table Mem Usage ranges from 0.911053 to 0.967518, average 0.946781
Node 4 Table Mem Usage ranges from 0.979240 to 0.992386, average 0.988064
Node 4 Table Mem Usage ranges from 0.991966 to 0.994152, average 0.993227
Node 4 Table Mem Usage ranges from 0.992672 to 0.994789, average 0.993976
Vectors Added Node 4: 19.5248 Seconds

Node 0 Table Mem Usage ranges from 0.280586 to 0.346352, average 0.318750
Node 0 Table Mem Usage ranges from 0.907440 to 0.964622, average 0.943849
Node 0 Table Mem Usage ranges from 0.980690 to 0.991676, average 0.988366
Node 0 Table Mem Usage ranges from 0.992714 to 0.994900, average 0.993367
Node 0 Table Mem Usage ranges from 0.993000 to 0.995689, average 0.994127
Vectors Added Node 0: 19.9079 Seconds

Computing Query Hashes Node 12...
Computing Query Hashes Node 2...
Computing Query Hashes Node 13...
Computing Query Hashes Node 7...
Computing Query Hashes Node 8...
Computing Query Hashes Node 4...
Computing Query Hashes Node 9...
Computing Query Hashes Node 0...
Computing Query Hashes Node 11...
Computing Query Hashes Node 6...
Computing Query Hashes Node 3...
Computing Query Hashes Node 10...
Computing Query Hashes Node 1...
Computing Query Hashes Node 5...
Computing Query Hashes Node 14...
Query Hashes Computed Node 5: 0.00971095 Seconds

Query Hashes Computed Node 0: 0.0105798 Seconds

Query Hashes Computed Node 12: 0.0137961 Seconds

Query Hashes Computed Node 11: 0.0137096 Seconds

Query Hashes Computed Node 2: 0.00975737 Seconds

Query Hashes Computed Node 7: 0.0148589 Seconds

Query Hashes Computed Node 6: 0.00971324 Seconds

Query Hashes Computed Node 8: 0.00968629 Seconds

Query Hashes Computed Node 3: 0.00974248 Seconds

Extracting Top K (TREE) Node 3...
Query Hashes Computed Node 14: 0.0150543 Seconds

Query Hashes Computed Node 4: 0.00971151 Seconds

Query Hashes Computed Node 1: 0.00976309 Seconds

Extracting Top K (TREE) Node 5...
Query Hashes Computed Node 9: 0.00970517 Seconds

Extracting Top K (TREE) Node 0...
Extracting Top K (TREE) Node 11...
Extracting Top K (TREE) Node 2...
Extracting Top K (TREE) Node 7...
Extracting Top K (TREE) Node 6...
Extracting Top K (TREE) Node 8...
Extracting Top K (TREE) Node 14...
Extracting Top K (TREE) Node 4...
Extracting Top K (TREE) Node 1...
Extracting Top K (TREE) Node 9...
Query Hashes Computed Node 13: 0.0136951 Seconds

Extracting Top K (TREE) Node 13...
Extracting Top K (TREE) Node 12...
Query Hashes Computed Node 10: 0.0137104 Seconds

Extracting Top K (TREE) Node 10...
Top K (TREE) Extracted Node 11: 0.810201 Seconds

Top K (TREE) Extracted Node 13: 0.860317 Seconds

Top K (TREE) Extracted Node 3: 0.90655 Seconds

Top K (TREE) Extracted Node 7: 0.912194 Seconds

Top K (TREE) Extracted Node 9: 0.937583 Seconds

Top K (TREE) Extracted Node 1: 0.943774 Seconds

Top K (TREE) Extracted Node 5: 0.954954 Seconds

Top K (TREE) Extracted Node 14: 1.09085 Seconds

Top K (TREE) Extracted Node 2: 1.18768 Seconds

Top K (TREE) Extracted Node 10: 1.19788 Seconds

Top K (TREE) Extracted Node 6: 1.1985 Seconds

Top K (TREE) Extracted Node 4: 1.41507 Seconds

Top K (TREE) Extracted Node 12: 1.49601 Seconds

Top K (TREE) Extracted Node 8: 1.70239 Seconds

Top K (TREE) Extracted Node 0: 2.02074 Seconds

Extracting Top K (LINEAR) Node 0...
Extracting Top K (LINEAR) Node 12...
Extracting Top K (LINEAR) Node 11...
Extracting Top K (LINEAR) Node 2...
Extracting Top K (LINEAR) Node 13...
Extracting Top K (LINEAR) Node 7...
Extracting Top K (LINEAR) Node 6...
Extracting Top K (LINEAR) Node 8...
Extracting Top K (LINEAR) Node 3...
Extracting Top K (LINEAR) Node 10...
Extracting Top K (LINEAR) Node 14...
Extracting Top K (LINEAR) Node 4...
Extracting Top K (LINEAR) Node 1...
Extracting Top K (LINEAR) Node 5...
Extracting Top K (LINEAR) Node 9...
Top K (LINEAR) Extracted Node 1: 0.966254 Seconds

Top K (LINEAR) Extracted Node 2: 1.13011 Seconds

Top K (LINEAR) Extracted Node 3: 1.29281 Seconds

Top K (LINEAR) Extracted Node 4: 1.4539 Seconds

Top K (LINEAR) Extracted Node 5: 1.61587 Seconds

Top K (LINEAR) Extracted Node 6: 1.77689 Seconds

Top K (LINEAR) Extracted Node 7: 1.93818 Seconds

Top K (LINEAR) Extracted Node 8: 2.10027 Seconds

Top K (LINEAR) Extracted Node 9: 2.26174 Seconds

Top K (LINEAR) Extracted Node 10: 2.42245 Seconds

Top K (LINEAR) Extracted Node 11: 2.58346 Seconds

Top K (LINEAR) Extracted Node 12: 2.9064 Seconds

Top K (LINEAR) Extracted Node 13: 3.06732 Seconds

Top K (LINEAR) Extracted Node 14: 3.22718 Seconds

Top K (LINEAR) Extracted Node 0: 6.08933 Seconds

Extracting Top K (BRUTEFORCE) Node 0...
Extracting Top K (BRUTEFORCE) Node 12...
Extracting Top K (BRUTEFORCE) Node 11...
Extracting Top K (BRUTEFORCE) Node 2...
Extracting Top K (BRUTEFORCE) Node 13...
Extracting Top K (BRUTEFORCE) Node 7...
Extracting Top K (BRUTEFORCE) Node 6...
Extracting Top K (BRUTEFORCE) Node 8...
Extracting Top K (BRUTEFORCE) Node 3...
Extracting Top K (BRUTEFORCE) Node 10...
Extracting Top K (BRUTEFORCE) Node 14...
Extracting Top K (BRUTEFORCE) Node 4...
Extracting Top K (BRUTEFORCE) Node 1...
Extracting Top K (BRUTEFORCE) Node 5...
Extracting Top K (BRUTEFORCE) Node 9...
Top K (BRUTEFORCE) Extracted Node 1: 0.140765 Seconds

Top K (BRUTEFORCE) Extracted Node 2: 0.182256 Seconds

Top K (BRUTEFORCE) Extracted Node 3: 0.224531 Seconds

Top K (BRUTEFORCE) Extracted Node 4: 0.266408 Seconds

Top K (BRUTEFORCE) Extracted Node 5: 0.308449 Seconds

Top K (BRUTEFORCE) Extracted Node 6: 0.349691 Seconds

Top K (BRUTEFORCE) Extracted Node 7: 0.39013 Seconds

Top K (BRUTEFORCE) Extracted Node 8: 0.433221 Seconds

Top K (BRUTEFORCE) Extracted Node 9: 0.474928 Seconds

Top K (BRUTEFORCE) Extracted Node 10: 0.516487 Seconds

Top K (BRUTEFORCE) Extracted Node 11: 0.557622 Seconds

Top K (BRUTEFORCE) Extracted Node 12: 0.599106 Seconds

Top K (BRUTEFORCE) Extracted Node 13: 0.690107 Seconds

Top K (BRUTEFORCE) Extracted Node 14: 0.730379 Seconds

Top K (BRUTEFORCE) Extracted Node 0: 10.2639 Seconds

