LSH Initialized in Node 0
LSH Initialized in Node 1
CMS Initialized in Node 0
CMS Initialized in Node 1
LSH Reservoir Initialized in Node 1
LSH Reservoir Initialized in Node 0
FLASH Controller Initialized in Node 1
FLASH Controller Initialized in Node 0

Reading Data Node 0...
[readSparse]
1000
2000
3000
4000
5000
6000
7000
8000
9000
10000
[readSparse] Read 38357581 numbers, 10300 vectors. 
Data Read Node 0: 15.325 Seconds

Reading Groundtruth Node 0...
Groundtruth Read Node 0: 0.0034799 Seconds

[Status Rank 0]:
	Data Vector Range: [300, 5300)
	Data Range: [1100633, 19747643)
	Query Vector Range: [0, 150)
	Query Range: [0, 536537)

Adding Vectors Node 0...
[Status Rank 1]:
	Data Vector Range: [5300, 10300)
	Data Range: [19747643, 38357581)
	Query Vector Range: [150, 300)
	Query Range: [536537, 1100633)

Adding Vectors Node 1...
Node 1 Table Mem Usage ranges from 0.001373 to 0.002441, average 0.002082
Node 1 Table Mem Usage ranges from 0.009674 to 0.020142, average 0.016142
Node 1 Table Mem Usage ranges from 0.015839 to 0.035522, average 0.026543
Node 1 Table Mem Usage ranges from 0.020996 to 0.048187, average 0.035704
Node 1 Table Mem Usage ranges from 0.026154 to 0.060516, average 0.044145
Vectors Added Node 1: 0.13023 Seconds

Node 0 Table Mem Usage ranges from 0.001251 to 0.002686, average 0.002156
Node 0 Table Mem Usage ranges from 0.009857 to 0.020905, average 0.016284
Node 0 Table Mem Usage ranges from 0.016296 to 0.035156, average 0.026692
Node 0 Table Mem Usage ranges from 0.022247 to 0.048492, average 0.036142
Node 0 Table Mem Usage ranges from 0.027252 to 0.060394, average 0.044994
Vectors Added Node 0: 0.131229 Seconds

Computing Query Hashes Node 0...
Computing Query Hashes Node 1...
Query Hashes Computed Node 0: 0.00349195 Seconds

Extracting Top K (CMS) Node 0...
Query Hashes Computed Node 1: 0.00350635 Seconds

Extracting Top K (CMS) Node 1...
Top K Extracted Node 1: 0.0278498 Seconds

Top K Extracted Node 0: 0.0349816 Seconds



================================
TOP K CMS

[similarityMetric] Averaging gtruth. 
[similarityMetric] Averaging output. 
Count Min Sketch Destroyed

S@k = s_out(s_true): In top k, average output similarity (average groundtruth similarity). 
S@1 = 0.523 (0.000) 
S@10 = 0.546 (0.000) 
S@20 = 0.541 (0.000) 
S@30 = 0.531 (0.000) 
S@32 = 0.530 (0.000) 
S@40 = 0.523 (0.000) 
S@50 = 0.516 (0.000) 
S@64 = 0.508 (0.000) 
S@100 = 0.492 (0.000) 
S@128 = 0.475 (0.000) 
1 10 20 30 32 40 50 64 100 128 
0.523 0.546 0.541 0.531 0.530 0.523 0.516 0.508 0.492 0.475 
0.000 0.000 0.000 0.000 0.000 0.000 0.000 0.000 0.000 0.000 

Similarity Metric Computed
S@1 = 0.000 
S@10 = 0.000 
S@20 = 0.000 
S@30 = 0.000 
S@32 = 0.000 
S@40 = 0.000 
S@50 = 0.000 
S@64 = 0.000 
S@100 = 0.000 
S@128 = 0.000 
1 10 20 30 32 40 50 64 100 128 
0.000 0.000 0.000 0.000 0.000 0.000 0.000 0.000 0.000 0.000 

Similarity of Data Computed

R@k: Average fraction of query where the nearest neighbor is in the k first results. 
R@1 = 0.000 
R@10 = 0.000 
R@20 = 0.003 
R@30 = 0.003 
R@32 = 0.003 
R@40 = 0.003 
R@50 = 0.003 
R@64 = 0.003 
R@100 = 0.003 
R@128 = 0.003 
1 10 20 30 32 40 50 64 100 128 
0.000 0.000 0.003 0.003 0.003 0.003 0.003 0.003 0.003 0.003 


T@k Average fraction of top k nearest neighbors returned in k first results. 
T@1 = 0.000
T@10 = 0.000
T@20 = 0.000
T@30 = 0.000
T@32 = 0.000
T@40 = 0.000
T@50 = 0.000
T@64 = 0.000
T@100 = 0.000
T@128 = 0.000
1 10 20 30 32 40 50 64 100 128 
0.000 0.000 0.000 0.000 0.000 0.000 0.000 0.000 0.000 0.000 


Gg@k: Average recall of sim>g neighbors in k first results. 
G0.95@1 = -nan (0 queries 0 contributions)
G0.95@10 = -nan (0 queries 0 contributions)
G0.95@20 = -nan (0 queries 0 contributions)
G0.95@30 = -nan (0 queries 0 contributions)
G0.95@32 = -nan (0 queries 0 contributions)
G0.95@40 = -nan (0 queries 0 contributions)
G0.95@50 = -nan (0 queries 0 contributions)
G0.95@64 = -nan (0 queries 0 contributions)
G0.95@100 = -nan (0 queries 0 contributions)
G0.95@128 = -nan (0 queries 0 contributions)
1 10 20 30 32 40 50 64 100 128 
-nan -nan -nan -nan -nan -nan -nan -nan -nan -nan 

G0.90@1 = -nan (0 queries 0 contributions)
G0.90@10 = -nan (0 queries 0 contributions)
G0.90@20 = -nan (0 queries 0 contributions)
G0.90@30 = -nan (0 queries 0 contributions)
G0.90@32 = -nan (0 queries 0 contributions)
G0.90@40 = -nan (0 queries 0 contributions)
G0.90@50 = -nan (0 queries 0 contributions)
G0.90@64 = -nan (0 queries 0 contributions)
G0.90@100 = -nan (0 queries 0 contributions)
G0.90@128 = -nan (0 queries 0 contributions)
1 10 20 30 32 40 50 64 100 128 
-nan -nan -nan -nan -nan -nan -nan -nan -nan -nan 

G0.85@1 = -nan (0 queries 0 contributions)
G0.85@10 = -nan (0 queries 0 contributions)
G0.85@20 = -nan (0 queries 0 contributions)
G0.85@30 = -nan (0 queries 0 contributions)
G0.85@32 = -nan (0 queries 0 contributions)
G0.85@40 = -nan (0 queries 0 contributions)
G0.85@50 = -nan (0 queries 0 contributions)
G0.85@64 = -nan (0 queries 0 contributions)
G0.85@100 = -nan (0 queries 0 contributions)
G0.85@128 = -nan (0 queries 0 contributions)
1 10 20 30 32 40 50 64 100 128 
-nan -nan -nan -nan -nan -nan -nan -nan -nan -nan 

G0.80@1 = -nan (0 queries 0 contributions)
G0.80@10 = -nan (0 queries 0 contributions)
G0.80@20 = -nan (0 queries 0 contributions)
G0.80@30 = -nan (0 queries 0 contributions)
G0.80@32 = -nan (0 queries 0 contributions)
G0.80@40 = -nan (0 queries 0 contributions)
G0.80@50 = -nan (0 queries 0 contributions)
G0.80@64 = -nan (0 queries 0 contributions)
G0.80@100 = -nan (0 queries 0 contributions)
G0.80@128 = -nan (0 queries 0 contributions)
1 10 20 30 32 40 50 64 100 128 
-nan -nan -nan -nan -nan -nan -nan -nan -nan -nan 

G0.75@1 = -nan (0 queries 0 contributions)
G0.75@10 = -nan (0 queries 0 contributions)
G0.75@20 = -nan (0 queries 0 contributions)
G0.75@30 = -nan (0 queries 0 contributions)
G0.75@32 = -nan (0 queries 0 contributions)
G0.75@40 = -nan (0 queries 0 contributions)
G0.75@50 = -nan (0 queries 0 contributions)
G0.75@64 = -nan (0 queries 0 contributions)
G0.75@100 = -nan (0 queries 0 contributions)
G0.75@128 = -nan (0 queries 0 contributions)
1 10 20 30 32 40 50 64 100 128 
-nan -nan -nan -nan -nan -nan -nan -nan -nan -nan 

G0.70@1 = -nan (0 queries 0 contributions)
G0.70@10 = -nan (0 queries 0 contributions)
G0.70@20 = -nan (0 queries 0 contributions)
G0.70@30 = -nan (0 queries 0 contributions)
G0.70@32 = -nan (0 queries 0 contributions)
G0.70@40 = -nan (0 queries 0 contributions)
G0.70@50 = -nan (0 queries 0 contributions)
G0.70@64 = -nan (0 queries 0 contributions)
G0.70@100 = -nan (0 queries 0 contributions)
G0.70@128 = -nan (0 queries 0 contributions)
1 10 20 30 32 40 50 64 100 128 
-nan -nan -nan -nan -nan -nan -nan -nan -nan -nan 

G0.65@1 = -nan (0 queries 0 contributions)
G0.65@10 = -nan (0 queries 0 contributions)
G0.65@20 = -nan (0 queries 0 contributions)
G0.65@30 = -nan (0 queries 0 contributions)
G0.65@32 = -nan (0 queries 0 contributions)
G0.65@40 = -nan (0 queries 0 contributions)
G0.65@50 = -nan (0 queries 0 contributions)
G0.65@64 = -nan (0 queries 0 contributions)
G0.65@100 = -nan (0 queries 0 contributions)
G0.65@128 = -nan (0 queries 0 contributions)
1 10 20 30 32 40 50 64 100 128 
-nan -nan -nan -nan -nan -nan -nan -nan -nan -nan 

G0.50@1 = -nan (0 queries 0 contributions)
G0.50@10 = -nan (0 queries 0 contributions)
G0.50@20 = -nan (0 queries 0 contributions)
G0.50@30 = -nan (0 queries 0 contributions)
G0.50@32 = -nan (0 queries 0 contributions)
G0.50@40 = -nan (0 queries 0 contributions)
G0.50@50 = -nan (0 queries 0 contributions)
G0.50@64 = -nan (0 queries 0 contributions)
G0.50@100 = -nan (0 queries 0 contributions)
G0.50@128 = -nan (0 queries 0 contributions)
1 10 20 30 32 40 50 64 100 128 
-nan -nan -nan -nan -nan -nan -nan -nan -nan -nan 

Evaluation Complete
Count Min Sketch Destroyed
