LSH Initialized in Node 0
LSH Initialized in Node 1
LSH Initialized in Node 2
LSH Initialized in Node 3
CMS Initialized in Node 0
CMS Initialized in Node 1
CMS Initialized in Node 2
CMS Initialized in Node 3
LSH Reservoir Initialized in Node 0
LSH Reservoir Initialized in Node 1
LSH Reservoir Initialized in Node 2
LSH Reservoir Initialized in Node 3
FLASH Controller Initialized in Node 0

Reading Data Node 0...
FLASH Controller Initialized in Node 1
FLASH Controller Initialized in Node 2
FLASH Controller Initialized in Node 3
[readSparse]
1000
2000
3000
4000
5000
6000
7000
8000
9000
10000
[readSparse] Read 38357581 numbers, 10300 vectors. 
Data Read Node 0: 14.6342 Seconds

Reading Groundtruth Node 0...
Groundtruth Read Node 0: 0.00330118 Seconds

[Status Rank 0]:
	Data Vector Range: [300, 2800)
	Data Range: [1100633, 10531330)
	Query Vector Range: [0, 75)
	Query Range: [0, 260073)

Adding Vectors Node 0...
[Status Rank 1]:
	Data Vector Range: [2800, 5300)
	Data Range: [10531330, 19747643)
	Query Vector Range: [75, 150)
	Query Range: [260073, 536537)

Adding Vectors Node 1...
[Status Rank 2]:
	Data Vector Range: [5300, 7800)
	Data Range: [19747643, 29003925)
	Query Vector Range: [150, 225)
	Query Range: [536537, 821914)

Adding Vectors Node 2...
[Status Rank 3]:
	Data Vector Range: [7800, 10300)
	Data Range: [29003925, 38357581)
	Query Vector Range: [225, 300)
	Query Range: [821914, 1100633)

Adding Vectors Node 3...
Node 1 Table Mem Usage ranges from 0.000885 to 0.001434, average 0.001269
Node 1 Table Mem Usage ranges from 0.006714 to 0.011383, average 0.009722
Node 1 Table Mem Usage ranges from 0.010864 to 0.020233, average 0.017032
Node 1 Table Mem Usage ranges from 0.014740 to 0.027924, average 0.022996
Node 1 Table Mem Usage ranges from 0.018219 to 0.035217, average 0.028639
Vectors Added Node 1: 0.0630584 Seconds

Node 0 Table Mem Usage ranges from 0.000885 to 0.001373, average 0.001206
Node 0 Table Mem Usage ranges from 0.006287 to 0.010986, average 0.009485
Node 0 Table Mem Usage ranges from 0.010559 to 0.019562, average 0.016533
Node 0 Table Mem Usage ranges from 0.014069 to 0.027222, average 0.022408
Node 0 Table Mem Usage ranges from 0.017212 to 0.034210, average 0.027623
Vectors Added Node 0: 0.0645089 Seconds

Computing Query Hashes Node 0...
Computing Query Hashes Node 1...
Node 2 Table Mem Usage ranges from 0.000977 to 0.001373, average 0.001194
Node 2 Table Mem Usage ranges from 0.006073 to 0.010803, average 0.009415
Node 2 Table Mem Usage ranges from 0.010162 to 0.019043, average 0.016098
Node 2 Table Mem Usage ranges from 0.014008 to 0.026672, average 0.021952
Node 2 Table Mem Usage ranges from 0.017120 to 0.033813, average 0.027259
Vectors Added Node 2: 0.0637255 Seconds

Computing Query Hashes Node 2...
Node 3 Table Mem Usage ranges from 0.000977 to 0.001465, average 0.001305
Node 3 Table Mem Usage ranges from 0.006256 to 0.011597, average 0.009845
Node 3 Table Mem Usage ranges from 0.010315 to 0.019958, average 0.016479
Node 3 Table Mem Usage ranges from 0.014038 to 0.027313, average 0.022373
Node 3 Table Mem Usage ranges from 0.016937 to 0.034149, average 0.027533
Vectors Added Node 3: 0.0639825 Seconds

Computing Query Hashes Node 3...
Query Hashes Computed Node 0: 0.00199731 Seconds

Extracting Top K (CMS) Node 0...
Query Hashes Computed Node 1: 0.00200405 Seconds

Extracting Top K (CMS) Node 1...
Query Hashes Computed Node 2: 0.00199811 Seconds

Extracting Top K (CMS) Node 2...
Query Hashes Computed Node 3: 0.00198778 Seconds

Extracting Top K (CMS) Node 3...
Top K Extracted Node 1: 0.0245229 Seconds

Top K Extracted Node 2: 0.0294411 Seconds

Top K Extracted Node 3: 0.0385407 Seconds

Top K Extracted Node 0: 0.0521515 Seconds



================================
TOP K CMS

[similarityMetric] Averaging gtruth. 
[similarityMetric] Averaging output. 
Count Min Sketch Destroyed
Count Min Sketch Destroyed
Count Min Sketch Destroyed

S@k = s_out(s_true): In top k, average output similarity (average groundtruth similarity). 
S@1 = 0.424 (0.000) 
S@10 = 0.441 (0.000) 
S@20 = 0.445 (0.000) 
S@30 = 0.444 (0.000) 
S@32 = 0.444 (0.000) 
S@40 = 0.444 (0.000) 
S@50 = 0.443 (0.000) 
S@64 = 0.440 (0.000) 
S@100 = 0.434 (0.000) 
S@128 = 0.429 (0.000) 
1 10 20 30 32 40 50 64 100 128 
0.424 0.441 0.445 0.444 0.444 0.444 0.443 0.440 0.434 0.429 
0.000 0.000 0.000 0.000 0.000 0.000 0.000 0.000 0.000 0.000 

Similarity Metric Computed
S@1 = 0.000 
S@10 = 0.000 
S@20 = 0.000 
S@30 = 0.000 
S@32 = 0.000 
S@40 = 0.000 
S@50 = 0.000 
S@64 = 0.000 
S@100 = 0.000 
S@128 = 0.000 
1 10 20 30 32 40 50 64 100 128 
0.000 0.000 0.000 0.000 0.000 0.000 0.000 0.000 0.000 0.000 

Similarity of Data Computed

R@k: Average fraction of query where the nearest neighbor is in the k first results. 
R@1 = 0.000 
R@10 = 0.000 
R@20 = 0.000 
R@30 = 0.000 
R@32 = 0.000 
R@40 = 0.000 
R@50 = 0.000 
R@64 = 0.000 
R@100 = 0.000 
R@128 = 0.000 
1 10 20 30 32 40 50 64 100 128 
0.000 0.000 0.000 0.000 0.000 0.000 0.000 0.000 0.000 0.000 


T@k Average fraction of top k nearest neighbors returned in k first results. 
T@1 = 0.000
T@10 = 0.000
T@20 = 0.000
T@30 = 0.000
T@32 = 0.000
T@40 = 0.000
T@50 = 0.000
T@64 = 0.000
T@100 = 0.000
T@128 = 0.000
1 10 20 30 32 40 50 64 100 128 
0.000 0.000 0.000 0.000 0.000 0.000 0.000 0.000 0.000 0.000 


Gg@k: Average recall of sim>g neighbors in k first results. 
G0.95@1 = -nan (0 queries 0 contributions)
G0.95@10 = -nan (0 queries 0 contributions)
G0.95@20 = -nan (0 queries 0 contributions)
G0.95@30 = -nan (0 queries 0 contributions)
G0.95@32 = -nan (0 queries 0 contributions)
G0.95@40 = -nan (0 queries 0 contributions)
G0.95@50 = -nan (0 queries 0 contributions)
G0.95@64 = -nan (0 queries 0 contributions)
G0.95@100 = -nan (0 queries 0 contributions)
G0.95@128 = -nan (0 queries 0 contributions)
1 10 20 30 32 40 50 64 100 128 
-nan -nan -nan -nan -nan -nan -nan -nan -nan -nan 

G0.90@1 = -nan (0 queries 0 contributions)
G0.90@10 = -nan (0 queries 0 contributions)
G0.90@20 = -nan (0 queries 0 contributions)
G0.90@30 = -nan (0 queries 0 contributions)
G0.90@32 = -nan (0 queries 0 contributions)
G0.90@40 = -nan (0 queries 0 contributions)
G0.90@50 = -nan (0 queries 0 contributions)
G0.90@64 = -nan (0 queries 0 contributions)
G0.90@100 = -nan (0 queries 0 contributions)
G0.90@128 = -nan (0 queries 0 contributions)
1 10 20 30 32 40 50 64 100 128 
-nan -nan -nan -nan -nan -nan -nan -nan -nan -nan 

G0.85@1 = -nan (0 queries 0 contributions)
G0.85@10 = -nan (0 queries 0 contributions)
G0.85@20 = -nan (0 queries 0 contributions)
G0.85@30 = -nan (0 queries 0 contributions)
G0.85@32 = -nan (0 queries 0 contributions)
G0.85@40 = -nan (0 queries 0 contributions)
G0.85@50 = -nan (0 queries 0 contributions)
G0.85@64 = -nan (0 queries 0 contributions)
G0.85@100 = -nan (0 queries 0 contributions)
G0.85@128 = -nan (0 queries 0 contributions)
1 10 20 30 32 40 50 64 100 128 
-nan -nan -nan -nan -nan -nan -nan -nan -nan -nan 

G0.80@1 = -nan (0 queries 0 contributions)
G0.80@10 = -nan (0 queries 0 contributions)
G0.80@20 = -nan (0 queries 0 contributions)
G0.80@30 = -nan (0 queries 0 contributions)
G0.80@32 = -nan (0 queries 0 contributions)
G0.80@40 = -nan (0 queries 0 contributions)
G0.80@50 = -nan (0 queries 0 contributions)
G0.80@64 = -nan (0 queries 0 contributions)
G0.80@100 = -nan (0 queries 0 contributions)
G0.80@128 = -nan (0 queries 0 contributions)
1 10 20 30 32 40 50 64 100 128 
-nan -nan -nan -nan -nan -nan -nan -nan -nan -nan 

G0.75@1 = -nan (0 queries 0 contributions)
G0.75@10 = -nan (0 queries 0 contributions)
G0.75@20 = -nan (0 queries 0 contributions)
G0.75@30 = -nan (0 queries 0 contributions)
G0.75@32 = -nan (0 queries 0 contributions)
G0.75@40 = -nan (0 queries 0 contributions)
G0.75@50 = -nan (0 queries 0 contributions)
G0.75@64 = -nan (0 queries 0 contributions)
G0.75@100 = -nan (0 queries 0 contributions)
G0.75@128 = -nan (0 queries 0 contributions)
1 10 20 30 32 40 50 64 100 128 
-nan -nan -nan -nan -nan -nan -nan -nan -nan -nan 

G0.70@1 = -nan (0 queries 0 contributions)
G0.70@10 = -nan (0 queries 0 contributions)
G0.70@20 = -nan (0 queries 0 contributions)
G0.70@30 = -nan (0 queries 0 contributions)
G0.70@32 = -nan (0 queries 0 contributions)
G0.70@40 = -nan (0 queries 0 contributions)
G0.70@50 = -nan (0 queries 0 contributions)
G0.70@64 = -nan (0 queries 0 contributions)
G0.70@100 = -nan (0 queries 0 contributions)
G0.70@128 = -nan (0 queries 0 contributions)
1 10 20 30 32 40 50 64 100 128 
-nan -nan -nan -nan -nan -nan -nan -nan -nan -nan 

G0.65@1 = -nan (0 queries 0 contributions)
G0.65@10 = -nan (0 queries 0 contributions)
G0.65@20 = -nan (0 queries 0 contributions)
G0.65@30 = -nan (0 queries 0 contributions)
G0.65@32 = -nan (0 queries 0 contributions)
G0.65@40 = -nan (0 queries 0 contributions)
G0.65@50 = -nan (0 queries 0 contributions)
G0.65@64 = -nan (0 queries 0 contributions)
G0.65@100 = -nan (0 queries 0 contributions)
G0.65@128 = -nan (0 queries 0 contributions)
1 10 20 30 32 40 50 64 100 128 
-nan -nan -nan -nan -nan -nan -nan -nan -nan -nan 

G0.50@1 = -nan (0 queries 0 contributions)
G0.50@10 = -nan (0 queries 0 contributions)
G0.50@20 = -nan (0 queries 0 contributions)
G0.50@30 = -nan (0 queries 0 contributions)
G0.50@32 = -nan (0 queries 0 contributions)
G0.50@40 = -nan (0 queries 0 contributions)
G0.50@50 = -nan (0 queries 0 contributions)
G0.50@64 = -nan (0 queries 0 contributions)
G0.50@100 = -nan (0 queries 0 contributions)
G0.50@128 = -nan (0 queries 0 contributions)
1 10 20 30 32 40 50 64 100 128 
-nan -nan -nan -nan -nan -nan -nan -nan -nan -nan 

Evaluation Complete
Count Min Sketch Destroyed
