LSH Initialized in Node 0
LSH Initialized in Node 1
LSH Initialized in Node 2
LSH Initialized in Node 3
CMS Initialized in Node 0
CMS Initialized in Node 2
CMS Initialized in Node 1
CMS Initialized in Node 3
LSH Reservoir Initialized in Node 3
LSH Reservoir Initialized in Node 1
LSH Reservoir Initialized in Node 2
LSH Reservoir Initialized in Node 0
FLASH Controller Initialized in Node 0

Reading Data Node 0...
FLASH Controller Initialized in Node 1
FLASH Controller Initialized in Node 2
FLASH Controller Initialized in Node 3
[readSparse]
[readSparse]
[readSparse]
[readSparse]
[readSparse] Read 316320716 numbers, 85000 vectors. 
[readSparse] Read 316858307 numbers, 85000 vectors. 
[readSparse] Read 317907487 numbers, 85000 vectors. 
[readSparse] Read 316403218 numbers, 85000 vectors. 
Data Read Node 0: 87.4752 Seconds

[readSparse]
[readSparse] Read 37207718 numbers, 10000 vectors. 
Adding Vectors Node 0...
Adding Vectors Node 1...
Adding Vectors Node 2...
Adding Vectors Node 3...
Node 3 Table Mem Usage ranges from 0.003994 to 0.005077, average 0.004567
Node 3 Table Mem Usage ranges from 0.030430 to 0.040573, average 0.036238
Node 3 Table Mem Usage ranges from 0.051239 to 0.068562, average 0.061696
Node 3 Table Mem Usage ranges from 0.069538 to 0.093620, average 0.083982
Node 3 Table Mem Usage ranges from 0.086090 to 0.116692, average 0.104314
Vectors Added Node 3: 1.61107 Seconds

Node 1 Table Mem Usage ranges from 0.004025 to 0.005112, average 0.004626
Node 1 Table Mem Usage ranges from 0.030144 to 0.040260, average 0.036219
Node 1 Table Mem Usage ranges from 0.050613 to 0.068848, average 0.061301
Node 1 Table Mem Usage ranges from 0.068901 to 0.094063, average 0.083619
Node 1 Table Mem Usage ranges from 0.085663 to 0.117252, average 0.104146
Vectors Added Node 1: 1.61211 Seconds

Node 0 Table Mem Usage ranges from 0.003971 to 0.005013, average 0.004560
Node 0 Table Mem Usage ranges from 0.030140 to 0.040195, average 0.036145
Node 0 Table Mem Usage ranges from 0.050793 to 0.068226, average 0.061209
Node 0 Table Mem Usage ranges from 0.068645 to 0.093189, average 0.083204
Node 0 Table Mem Usage ranges from 0.085381 to 0.116306, average 0.103528
Vectors Added Node 0: 1.69746 Seconds

Computing Query Hashes Node 0...
Computing Query Hashes Node 1...
Node 2 Table Mem Usage ranges from 0.003891 to 0.005039, average 0.004457
Node 2 Table Mem Usage ranges from 0.030170 to 0.040161, average 0.035993
Node 2 Table Mem Usage ranges from 0.050644 to 0.068325, average 0.061015
Node 2 Table Mem Usage ranges from 0.069031 to 0.094082, average 0.083629
Node 2 Table Mem Usage ranges from 0.085442 to 0.117004, average 0.103812
Vectors Added Node 2: 1.69953 Seconds

Computing Query Hashes Node 2...
Computing Query Hashes Node 3...
Query Hashes Computed Node 0: 0.0440267 Seconds

Extracting Top K (CMS) Node 0...
Query Hashes Computed Node 1: 0.0440501 Seconds

Extracting Top K (CMS) Node 1...
Query Hashes Computed Node 2: 0.0440504 Seconds

Extracting Top K (CMS) Node 2...
Query Hashes Computed Node 3: 0.0440628 Seconds

Extracting Top K (CMS) Node 3...
Top K Extracted Node 3: 1.7934 Seconds

Top K Extracted Node 1: 1.80474 Seconds

Top K Extracted Node 2: 1.99906 Seconds

Top K Extracted Node 0: 2.23132 Seconds

Reading Groundtruth Node 0...
Groundtruth Read Node 0: 0.0011803 Seconds

[readSparse]
[readSparse] Read 1304697446 numbers, 350000 vectors. 


================================
TOP K CMS

[similarityMetric] Averaging gtruth. 
[similarityMetric] Averaging output. 

S@k = s_out(s_true): In top k, average output similarity (average groundtruth similarity). 
S@1 = 0.901 (0.000) 
S@10 = 0.857 (0.000) 
S@20 = 0.841 (0.000) 
S@30 = 0.831 (0.000) 
S@32 = 0.829 (0.000) 
S@40 = 0.824 (0.000) 
S@50 = 0.818 (0.000) 
S@64 = 0.811 (0.000) 
S@100 = 0.799 (0.000) 
S@128 = 0.791 (0.000) 
1 10 20 30 32 40 50 64 100 128 
0.901 0.857 0.841 0.831 0.829 0.824 0.818 0.811 0.799 0.791 
0.000 0.000 0.000 0.000 0.000 0.000 0.000 0.000 0.000 0.000 

Similarity Metric Computed
S@1 = 0.000 
S@10 = 0.000 
S@20 = 0.000 
S@30 = 0.000 
S@32 = 0.000 
S@40 = 0.000 
S@50 = 0.000 
S@64 = 0.000 
S@100 = 0.000 
S@128 = 0.000 
1 10 20 30 32 40 50 64 100 128 
0.000 0.000 0.000 0.000 0.000 0.000 0.000 0.000 0.000 0.000 

Similarity of Data Computed
Evaluation Complete
