slurmstepd: task/cgroup: unable to add task[pid=18419] to memory cg '(null)'
slurmstepd: task/cgroup: unable to add task[pid=18420] to memory cg '(null)'
slurmstepd: unable to build slurm cgroup for ns memory: Cannot allocate memory
slurmstepd: jobacct_gather/cgroup: unable to instanciate user 17279 memory cgroup
slurmstepd: unable to build slurm cgroup for ns memory: Cannot allocate memory
slurmstepd: jobacct_gather/cgroup: unable to instanciate user 17279 memory cgroup

=================
== KDD12
=================

140000000 Vectors, 10000 Queries
Nodes: 12
Tables: 16
RangePow: 18
Reservoir Size: 256
Hashes: 4
Using CMS Aggregation
Using Tree Aggregation
CMS Bucket Size: 2048
CMS Hashes: 4

LSH Initialized in Node 0
LSH Initialized in Node 8
LSH Initialized in Node 10
LSH Initialized in Node 4
LSH Initialized in Node 2
LSH Initialized in Node 6
LSH Initialized in Node 9
LSH Initialized in Node 1
LSH Initialized in Node 11
LSH Initialized in Node 3
LSH Initialized in Node 7
LSH Initialized in Node 5
CMS Initialized in Node 0
CMS Initialized in Node 4
CMS Initialized in Node 10
CMS Initialized in Node 2
CMS Initialized in Node 6
CMS Initialized in Node 8
CMS Initialized in Node 9
CMS Initialized in Node 7
CMS Initialized in Node 1
CMS Initialized in Node 5
CMS Initialized in Node 3
CMS Initialized in Node 11
LSH Reservoir Initialized in Node 0
LSH Reservoir Initialized in Node 1
LSH Reservoir Initialized in Node 5
LSH Reservoir Initialized in Node 11
LSH Reservoir Initialized in Node 4
LSH Reservoir Initialized in Node 10
LSH Reservoir Initialized in Node 3
LSH Reservoir Initialized in Node 7
LSH Reservoir Initialized in Node 9
LSH Reservoir Initialized in Node 6
LSH Reservoir Initialized in Node 2
FLASH Controller Initialized in Node 0

Reading Data Node 0...
FLASH Controller Initialized in Node 1

Reading Data Node 1...
[readSparse]
LSH Reservoir Initialized in Node 8
FLASH Controller Initialized in Node 10

Reading Data Node 10...
FLASH Controller Initialized in Node 4

Reading Data Node 4...
[readSparse]
FLASH Controller Initialized in Node 11

Reading Data Node 11...
[readSparse]
FLASH Controller Initialized in Node 5

Reading Data Node 5...
[readSparse]
[readSparse]
[readSparse]
FLASH Controller Initialized in Node 7

Reading Data Node 7...
FLASH Controller Initialized in Node 6

Reading Data Node 6...
FLASH Controller Initialized in Node 2

Reading Data Node 2...
FLASH Controller Initialized in Node 3

Reading Data Node 3...
FLASH Controller Initialized in Node 8

Reading Data Node 8...
FLASH Controller Initialized in Node 9

Reading Data Node 9...
[readSparse]
[readSparse]
[readSparse]
[readSparse]
[readSparse]
[readSparse]
[readSparse] Read 128333348 numbers, 11666668 vectors. 
[readSparse] Read 128333348 numbers, 11666668 vectors. 
[readSparse] Read 128333348 numbers, 11666668 vectors. 
[readSparse] Read 128333348 numbers, 11666668 vectors. 
[readSparse] Read 128333348 numbers, 11666668 vectors. 
[readSparse] Read 128333337 numbers, 11666667 vectors. 
[readSparse] Read 128333348 numbers, 11666668 vectors. 
[readSparse] Read 128333337 numbers, 11666667 vectors. 
[readSparse] Read 128333348 numbers, 11666668 vectors. 
[readSparse] Read 128333348 numbers, 11666668 vectors. 
[readSparse] Read 128333337 numbers, 11666667 vectors. 
[readSparse] Read 128333337 numbers, 11666667 vectors. 
Data Read Node 8: 104.285 Seconds

Data Read Node 9: 104.285 Seconds

Data Read Node 0: 104.314 Seconds

Data Read Node 1: 104.314 Seconds

[readSparse]
Data Read Node 6: 104.294 Seconds

Data Read Node 10: 104.314 Seconds

Data Read Node 2: 104.285 Seconds

Data Read Node 4: 104.314 Seconds

Data Read Node 7: 104.294 Seconds

Data Read Node 11: 104.314 Seconds

Data Read Node 3: 104.285 Seconds

Data Read Node 5: 104.314 Seconds

[readSparse] Read 110000 numbers, 10000 vectors. 
Adding Vectors Node 0...
Adding Vectors Node 1...
Adding Vectors Node 8...
Adding Vectors Node 2...
Adding Vectors Node 6...
Adding Vectors Node 9...
Adding Vectors Node 4...
Adding Vectors Node 3...
Adding Vectors Node 5...
Adding Vectors Node 7...
Adding Vectors Node 10...
Adding Vectors Node 11...
Node 9 Table Mem Usage ranges from 0.159218 to 0.244652, average 0.209332
Node 9 Table Mem Usage ranges from 0.771816 to 0.919662, average 0.869511
Node 9 Table Mem Usage ranges from 0.905804 to 0.959827, average 0.936667
Node 9 Table Mem Usage ranges from 0.934269 to 0.968639, average 0.947059
Node 9 Table Mem Usage ranges from 0.934628 to 0.970852, average 0.949305
Vectors Added Node 9: 8.25528 Seconds

Node 8 Table Mem Usage ranges from 0.162632 to 0.254589, average 0.216165
Node 8 Table Mem Usage ranges from 0.772995 to 0.914223, average 0.868309
Node 8 Table Mem Usage ranges from 0.902882 to 0.960793, average 0.936568
Node 8 Table Mem Usage ranges from 0.934856 to 0.970615, average 0.947438
Node 8 Table Mem Usage ranges from 0.935097 to 0.972889, average 0.949702
Vectors Added Node 8: 8.42891 Seconds

Node 7 Table Mem Usage ranges from 0.171997 to 0.247910, average 0.222508
Node 7 Table Mem Usage ranges from 0.781181 to 0.914757, average 0.879077
Node 7 Table Mem Usage ranges from 0.912838 to 0.953297, average 0.946919
Node 7 Table Mem Usage ranges from 0.953094 to 0.961212, average 0.957982
Node 7 Table Mem Usage ranges from 0.954102 to 0.968842, average 0.960380
Vectors Added Node 7: 8.44166 Seconds

Node 3 Table Mem Usage ranges from 0.295181 to 0.339848, average 0.320032
Node 3 Table Mem Usage ranges from 0.884209 to 0.933647, average 0.899661
Node 3 Table Mem Usage ranges from 0.903008 to 0.960926, average 0.922287
Node 3 Table Mem Usage ranges from 0.903419 to 0.966190, average 0.924136
Node 3 Table Mem Usage ranges from 0.903439 to 0.967007, average 0.924344
Vectors Added Node 3: 9.14404 Seconds

Node 5 Table Mem Usage ranges from 0.315796 to 0.374050, average 0.346893
Node 5 Table Mem Usage ranges from 0.874271 to 0.924015, average 0.917957
Node 5 Table Mem Usage ranges from 0.885502 to 0.951900, average 0.940282
Node 5 Table Mem Usage ranges from 0.885841 to 0.957550, average 0.942169
Node 5 Table Mem Usage ranges from 0.885857 to 0.958447, average 0.942381
Vectors Added Node 5: 9.16798 Seconds

Node 1 Table Mem Usage ranges from 0.265694 to 0.342491, average 0.314834
Node 1 Table Mem Usage ranges from 0.850266 to 0.900368, average 0.889761
Node 1 Table Mem Usage ranges from 0.865616 to 0.928688, average 0.913893
Node 1 Table Mem Usage ranges from 0.866348 to 0.934258, average 0.915800
Node 1 Table Mem Usage ranges from 0.866379 to 0.935165, average 0.916023
Vectors Added Node 1: 9.17638 Seconds

Node 11 Table Mem Usage ranges from 0.294155 to 0.349007, average 0.325926
Node 11 Table Mem Usage ranges from 0.900497 to 0.922016, average 0.911199
Node 11 Table Mem Usage ranges from 0.924026 to 0.944496, average 0.934576
Node 11 Table Mem Usage ranges from 0.924515 to 0.949829, average 0.936445
Node 11 Table Mem Usage ranges from 0.924530 to 0.950653, average 0.936662
Vectors Added Node 11: 9.19522 Seconds

Node 0 Table Mem Usage ranges from 0.299908 to 0.343170, average 0.324784
Node 0 Table Mem Usage ranges from 0.887157 to 0.933475, average 0.901741
Node 0 Table Mem Usage ranges from 0.906666 to 0.964653, average 0.926805
Node 0 Table Mem Usage ranges from 0.907135 to 0.969666, average 0.928712
Node 0 Table Mem Usage ranges from 0.907150 to 0.970581, average 0.928933
Vectors Added Node 0: 9.27289 Seconds

Node 10 Table Mem Usage ranges from 0.289318 to 0.345169, average 0.317825
Node 10 Table Mem Usage ranges from 0.847847 to 0.900623, average 0.891586
Node 10 Table Mem Usage ranges from 0.863205 to 0.928078, average 0.915764
Node 10 Table Mem Usage ranges from 0.863976 to 0.933590, average 0.917660
Node 10 Table Mem Usage ranges from 0.864025 to 0.934422, average 0.917868
Vectors Added Node 10: 9.30658 Seconds

Node 4 Table Mem Usage ranges from 0.305012 to 0.364376, average 0.339234
Node 4 Table Mem Usage ranges from 0.903408 to 0.926033, average 0.917867
Node 4 Table Mem Usage ranges from 0.934143 to 0.946068, average 0.940457
Node 4 Table Mem Usage ranges from 0.934841 to 0.950424, average 0.942326
Node 4 Table Mem Usage ranges from 0.934868 to 0.951324, average 0.942531
Vectors Added Node 4: 9.33083 Seconds

Node 2 Table Mem Usage ranges from 0.278671 to 0.332138, average 0.310558
Node 2 Table Mem Usage ranges from 0.879829 to 0.894653, average 0.889789
Node 2 Table Mem Usage ranges from 0.904415 to 0.924393, average 0.913341
Node 2 Table Mem Usage ranges from 0.904850 to 0.930111, average 0.915239
Node 2 Table Mem Usage ranges from 0.904881 to 0.930939, average 0.915446
Vectors Added Node 2: 9.35083 Seconds

Computing Query Hashes Node 0...
Computing Query Hashes Node 8...
Computing Query Hashes Node 10...
Computing Query Hashes Node 2...
Node 6 Table Mem Usage ranges from 0.315548 to 0.377831, average 0.350516
Node 6 Table Mem Usage ranges from 0.908848 to 0.935547, average 0.923469
Node 6 Table Mem Usage ranges from 0.938362 to 0.953789, average 0.946317
Node 6 Table Mem Usage ranges from 0.939117 to 0.958145, average 0.948207
Node 6 Table Mem Usage ranges from 0.939156 to 0.958950, average 0.948401
Vectors Added Node 6: 9.41969 Seconds

Computing Query Hashes Node 6...
Computing Query Hashes Node 4...
Computing Query Hashes Node 1...
Computing Query Hashes Node 3...
Computing Query Hashes Node 7...
Computing Query Hashes Node 5...
Computing Query Hashes Node 11...
Computing Query Hashes Node 9...
Query Hashes Computed Node 9: 0.00615968 Seconds

Query Hashes Computed Node 10: 0.00620524 Seconds

Query Hashes Computed Node 6: 0.00640411 Seconds

Query Hashes Computed Node 0: 0.00650577 Seconds

Query Hashes Computed Node 7: 0.0108163 Seconds

Query Hashes Computed Node 3: 0.0109397 Seconds

Query Hashes Computed Node 4: 0.0110178 Seconds

Query Hashes Computed Node 8: 0.0116116 Seconds

Query Hashes Computed Node 1: 0.013536 Seconds

Query Hashes Computed Node 5: 0.0138082 Seconds

Extracting Top K (CMS) Node 1...
Query Hashes Computed Node 11: 0.0138419 Seconds

Extracting Top K (CMS) Node 4...
Extracting Top K (CMS) Node 0...
Extracting Top K (CMS) Node 5...
Query Hashes Computed Node 2: 0.0138899 Seconds

Extracting Top K (CMS) Node 2...
Extracting Top K (CMS) Node 8...
Extracting Top K (CMS) Node 3...
Extracting Top K (CMS) Node 6...
Extracting Top K (CMS) Node 9...
Extracting Top K (CMS) Node 10...
Extracting Top K (CMS) Node 7...
Extracting Top K (CMS) Node 11...
Top K Extracted Node 9: 0.518668 Seconds

Top K Extracted Node 11: 0.536092 Seconds

Top K Extracted Node 3: 0.536813 Seconds

Top K Extracted Node 5: 0.53756 Seconds

Top K Extracted Node 1: 0.538453 Seconds

Top K Extracted Node 7: 0.545212 Seconds

Top K Extracted Node 10: 0.638665 Seconds

Top K Extracted Node 2: 0.640208 Seconds

Top K Extracted Node 6: 0.650799 Seconds

Top K Extracted Node 4: 0.743385 Seconds

Top K Extracted Node 8: 0.833161 Seconds

Top K Extracted Node 0: 0.901681 Seconds

[readSparse]
[readSparse] Read 1540110000 numbers, 140010000 vectors. 


================================
TOP K CMS

[similarityMetric] Averaging output. 

S@k = s_out(s_true): In top k, average output similarity (average groundtruth similarity). 
S@1 = 0.833 
S@10 = 0.794 
S@20 = 0.772 
S@30 = 0.757 
S@32 = 0.754 
S@40 = 0.743 
S@50 = 0.732 
S@64 = 0.719 
S@100 = 0.694 
S@128 = 0.679 
1 10 20 30 32 40 50 64 100 128 
0.833 0.794 0.772 0.757 0.754 0.743 0.732 0.719 0.694 0.679 
Similarity Metric Computed
