
=================
== KDD12
=================

140000000 Vectors, 10000 Queries
Nodes: 5
Tables: 16
RangePow: 18
Reservoir Size: 256
Hashes: 4
Using CMS Aggregation
Using Linear Aggregation
CMS Bucket Size: 2048
CMS Hashes: 4

LSH Initialized in Node 0
LSH Initialized in Node 2
LSH Initialized in Node 4
LSH Initialized in Node 1
LSH Initialized in Node 3
CMS Initialized in Node 0
CMS Initialized in Node 1
CMS Initialized in Node 2
CMS Initialized in Node 3
CMS Initialized in Node 4
LSH Reservoir Initialized in Node 3
LSH Reservoir Initialized in Node 1
LSH Reservoir Initialized in Node 2
LSH Reservoir Initialized in Node 4
LSH Reservoir Initialized in Node 0
FLASH Controller Initialized in Node 3

Reading Data Node 3...
FLASH Controller Initialized in Node 0

Reading Data Node 0...
FLASH Controller Initialized in Node 1

Reading Data Node 1...
FLASH Controller Initialized in Node 2

Reading Data Node 2...
[readSparse]
FLASH Controller Initialized in Node 4

Reading Data Node 4...
[readSparse]
[readSparse]
[readSparse]
[readSparse]
[readSparse] Read 308000000 numbers, 28000000 vectors. 
[readSparse] Read 308000000 numbers, 28000000 vectors. 
[readSparse] Read 308000000 numbers, 28000000 vectors. 
[readSparse] Read 308000000 numbers, 28000000 vectors. 
[readSparse] Read 308000000 numbers, 28000000 vectors. 
Data Read Node 0: 118.674 Seconds

[readSparse]
Data Read Node 1: 118.674 Seconds

Data Read Node 2: 118.674 Seconds

Data Read Node 3: 118.674 Seconds

Data Read Node 4: 118.674 Seconds

[readSparse] Read 110000 numbers, 10000 vectors. 
Adding Vectors Node 0...
Adding Vectors Node 1...
Adding Vectors Node 2...
Adding Vectors Node 3...
Adding Vectors Node 4...
Node 3 Table Mem Usage ranges from 0.357235 to 0.512363, average 0.463862
Node 3 Table Mem Usage ranges from 0.964661 to 0.998909, average 0.993396
Node 3 Table Mem Usage ranges from 0.997154 to 0.999760, average 0.999489
Node 3 Table Mem Usage ranges from 0.999565 to 0.999828, average 0.999733
Node 3 Table Mem Usage ranges from 0.999660 to 0.999851, average 0.999753
Vectors Added Node 3: 76.3962 Seconds

Node 1 Table Mem Usage ranges from 0.568398 to 0.679157, average 0.633560
Node 1 Table Mem Usage ranges from 0.997356 to 0.999626, average 0.999075
Node 1 Table Mem Usage ranges from 0.999554 to 0.999763, average 0.999706
Node 1 Table Mem Usage ranges from 0.999554 to 0.999767, average 0.999712
Node 1 Table Mem Usage ranges from 0.999554 to 0.999767, average 0.999712
Vectors Added Node 1: 87.8149 Seconds

Node 4 Table Mem Usage ranges from 0.347786 to 0.516262, average 0.458862
Node 4 Table Mem Usage ranges from 0.991806 to 0.999382, average 0.997965
Node 4 Table Mem Usage ranges from 0.999622 to 0.999844, average 0.999732
Node 4 Table Mem Usage ranges from 0.999622 to 0.999859, average 0.999740
Node 4 Table Mem Usage ranges from 0.999622 to 0.999859, average 0.999741
Vectors Added Node 4: 91.2634 Seconds

Node 2 Table Mem Usage ranges from 0.571384 to 0.677773, average 0.633715
Node 2 Table Mem Usage ranges from 0.997261 to 0.999588, average 0.999042
Node 2 Table Mem Usage ranges from 0.999577 to 0.999752, average 0.999678
Node 2 Table Mem Usage ranges from 0.999577 to 0.999756, average 0.999682
Node 2 Table Mem Usage ranges from 0.999577 to 0.999756, average 0.999682
Vectors Added Node 2: 91.648 Seconds

Node 0 Table Mem Usage ranges from 0.565525 to 0.679234, average 0.631907
Node 0 Table Mem Usage ranges from 0.997238 to 0.999580, average 0.999013
Node 0 Table Mem Usage ranges from 0.999615 to 0.999752, average 0.999676
Node 0 Table Mem Usage ranges from 0.999615 to 0.999752, average 0.999682
Node 0 Table Mem Usage ranges from 0.999615 to 0.999752, average 0.999682
Vectors Added Node 0: 94.0879 Seconds

Computing Query Hashes Node 0...
Computing Query Hashes Node 1...
Computing Query Hashes Node 2...
Computing Query Hashes Node 3...
Computing Query Hashes Node 4...
Query Hashes Computed Node 4: 0.00324306 Seconds

Query Hashes Computed Node 3: 0.00337126 Seconds

Query Hashes Computed Node 0: 0.00337997 Seconds

Query Hashes Computed Node 1: 0.00344704 Seconds

Query Hashes Computed Node 2: 0.00344261 Seconds

Extracting Top K (CMS) Node 0...
Extracting Top K (CMS) Node 1...
Extracting Top K (CMS) Node 2...
Extracting Top K (CMS) Node 3...
Extracting Top K (CMS) Node 4...
Top K Extracted Node 1: 1.72102 Seconds

Top K Extracted Node 2: 1.93999 Seconds

Top K Extracted Node 3: 2.17845 Seconds

Top K Extracted Node 4: 2.59467 Seconds

Top K Extracted Node 0: 3.92889 Seconds

[readSparse]
[readSparse] Read 1540110000 numbers, 140010000 vectors. 


================================
TOP K CMS

[similarityMetric] Averaging output. 

S@k = s_out(s_true): In top k, average output similarity (average groundtruth similarity). 
S@1 = 0.821 
S@10 = 0.778 
S@20 = 0.754 
S@30 = 0.737 
S@32 = 0.733 
S@40 = 0.722 
S@50 = 0.708 
S@64 = 0.693 
S@100 = 0.662 
S@128 = 0.643 
1 10 20 30 32 40 50 64 100 128 
0.821 0.778 0.754 0.737 0.733 0.722 0.708 0.693 0.662 0.643 
Similarity Metric Computed
