
=================
== KDD12
=================

140000000 Vectors, 10000 Queries
Nodes: 8
Tables: 16
RangePow: 18
Reservoir Size: 256
Hashes: 4
Using CMS Aggregation
Using Linear Aggregation
CMS Bucket Size: 2048
CMS Hashes: 4

LSH Initialized in Node 0
LSH Initialized in Node 4
LSH Initialized in Node 1
LSH Initialized in Node 2
LSH Initialized in Node 5
LSH Initialized in Node 6
LSH Initialized in Node 3
LSH Initialized in Node 7
CMS Initialized in Node 0
CMS Initialized in Node 1
CMS Initialized in Node 2
CMS Initialized in Node 3
CMS Initialized in Node 4
CMS Initialized in Node 5
CMS Initialized in Node 7
CMS Initialized in Node 6
LSH Reservoir Initialized in Node 6
LSH Reservoir Initialized in Node 7
LSH Reservoir Initialized in Node 4
LSH Reservoir Initialized in Node 5
LSH Reservoir Initialized in Node 3
LSH Reservoir Initialized in Node 2
LSH Reservoir Initialized in Node 1
LSH Reservoir Initialized in Node 0
FLASH Controller Initialized in Node 0

Reading Data Node 0...
FLASH Controller Initialized in Node 1

Reading Data Node 1...
FLASH Controller Initialized in Node 2

Reading Data Node 2...
FLASH Controller Initialized in Node 3

Reading Data Node 3...
[readSparse]
FLASH Controller Initialized in Node 4

Reading Data Node 4...
FLASH Controller Initialized in Node 5

Reading Data Node 5...
FLASH Controller Initialized in Node 6

Reading Data Node 6...
[readSparse]
FLASH Controller Initialized in Node 7

Reading Data Node 7...
[readSparse]
[readSparse]
[readSparse]
[readSparse]
[readSparse]
[readSparse]
[readSparse] Read 192500000 numbers, 17500000 vectors. 
[readSparse] Read 192500000 numbers, 17500000 vectors. 
[readSparse] Read 192500000 numbers, 17500000 vectors. 
[readSparse] Read 192500000 numbers, 17500000 vectors. 
[readSparse] Read 192500000 numbers, 17500000 vectors. 
[readSparse] Read 192500000 numbers, 17500000 vectors. 
[readSparse] Read 192500000 numbers, 17500000 vectors. 
[readSparse] Read 192500000 numbers, 17500000 vectors. 
Data Read Node 6: 107.64 Seconds

Data Read Node 7: 107.64 Seconds

Data Read Node 2: 107.64 Seconds

Data Read Node 4: 107.64 Seconds

Data Read Node 0: 107.64 Seconds

Data Read Node 3: 107.64 Seconds

[readSparse]
Data Read Node 1: 107.64 Seconds

Data Read Node 5: 107.64 Seconds

[readSparse] Read 110000 numbers, 10000 vectors. 
Adding Vectors Node 0...
Adding Vectors Node 1...
Adding Vectors Node 2...
Adding Vectors Node 3...
Adding Vectors Node 4...
Adding Vectors Node 5...
Adding Vectors Node 6...
Adding Vectors Node 7...
Node 5 Table Mem Usage ranges from 0.250706 to 0.372639, average 0.331322
Node 5 Table Mem Usage ranges from 0.896790 to 0.989830, average 0.969059
Node 5 Table Mem Usage ranges from 0.980412 to 0.999523, average 0.996841
Node 5 Table Mem Usage ranges from 0.995556 to 0.999783, average 0.999327
Node 5 Table Mem Usage ranges from 0.998875 to 0.999882, average 0.999695
Vectors Added Node 5: 50.9767 Seconds

Node 6 Table Mem Usage ranges from 0.246849 to 0.364273, average 0.326830
Node 6 Table Mem Usage ranges from 0.901772 to 0.989964, average 0.970797
Node 6 Table Mem Usage ranges from 0.980995 to 0.999519, average 0.996938
Node 6 Table Mem Usage ranges from 0.995899 to 0.999760, average 0.999363
Node 6 Table Mem Usage ranges from 0.999630 to 0.999908, average 0.999759
Vectors Added Node 6: 54.148 Seconds

Node 4 Table Mem Usage ranges from 0.446613 to 0.540916, average 0.501447
Node 4 Table Mem Usage ranges from 0.983627 to 0.997913, average 0.993512
Node 4 Table Mem Usage ranges from 0.998760 to 0.999710, average 0.999491
Node 4 Table Mem Usage ranges from 0.999603 to 0.999748, average 0.999682
Node 4 Table Mem Usage ranges from 0.999649 to 0.999748, average 0.999695
Vectors Added Node 4: 56.7172 Seconds

Node 7 Table Mem Usage ranges from 0.429703 to 0.523304, average 0.483596
Node 7 Table Mem Usage ranges from 0.983376 to 0.997753, average 0.993505
Node 7 Table Mem Usage ranges from 0.998764 to 0.999725, average 0.999490
Node 7 Table Mem Usage ranges from 0.999634 to 0.999767, average 0.999697
Node 7 Table Mem Usage ranges from 0.999634 to 0.999775, average 0.999710
Vectors Added Node 7: 59.8178 Seconds

Node 1 Table Mem Usage ranges from 0.430721 to 0.525135, average 0.485683
Node 1 Table Mem Usage ranges from 0.983662 to 0.997669, average 0.993499
Node 1 Table Mem Usage ranges from 0.998745 to 0.999744, average 0.999491
Node 1 Table Mem Usage ranges from 0.999634 to 0.999790, average 0.999695
Node 1 Table Mem Usage ranges from 0.999638 to 0.999790, average 0.999704
Vectors Added Node 1: 60.6534 Seconds

Node 3 Table Mem Usage ranges from 0.446552 to 0.539715, average 0.500668
Node 3 Table Mem Usage ranges from 0.984207 to 0.997818, average 0.993684
Node 3 Table Mem Usage ranges from 0.998917 to 0.999725, average 0.999491
Node 3 Table Mem Usage ranges from 0.999607 to 0.999756, average 0.999687
Node 3 Table Mem Usage ranges from 0.999615 to 0.999767, average 0.999693
Vectors Added Node 3: 60.659 Seconds

Node 2 Table Mem Usage ranges from 0.433708 to 0.525646, average 0.488441
Node 2 Table Mem Usage ranges from 0.984253 to 0.997978, average 0.993708
Node 2 Table Mem Usage ranges from 0.998833 to 0.999779, average 0.999490
Node 2 Table Mem Usage ranges from 0.999634 to 0.999828, average 0.999693
Node 2 Table Mem Usage ranges from 0.999641 to 0.999828, average 0.999701
Vectors Added Node 2: 61.0316 Seconds

Node 0 Table Mem Usage ranges from 0.432621 to 0.529625, average 0.489033
Node 0 Table Mem Usage ranges from 0.983295 to 0.997761, average 0.993287
Node 0 Table Mem Usage ranges from 0.998779 to 0.999683, average 0.999465
Node 0 Table Mem Usage ranges from 0.999630 to 0.999748, average 0.999681
Node 0 Table Mem Usage ranges from 0.999638 to 0.999756, average 0.999692
Vectors Added Node 0: 62.084 Seconds

Computing Query Hashes Node 0...
Computing Query Hashes Node 1...
Computing Query Hashes Node 3...
Computing Query Hashes Node 5...
Computing Query Hashes Node 7...
Computing Query Hashes Node 2...
Computing Query Hashes Node 4...
Computing Query Hashes Node 6...
Query Hashes Computed Node 4: 0.00246042 Seconds

Query Hashes Computed Node 3: 0.00248869 Seconds

Query Hashes Computed Node 5: 0.00255695 Seconds

Query Hashes Computed Node 6: 0.00253878 Seconds

Query Hashes Computed Node 0: 0.00257086 Seconds

Query Hashes Computed Node 2: 0.00256758 Seconds

Query Hashes Computed Node 7: 0.00258963 Seconds

Query Hashes Computed Node 1: 0.00259614 Seconds

Extracting Top K (CMS) Node 0...
Extracting Top K (CMS) Node 1...
Extracting Top K (CMS) Node 2...
Extracting Top K (CMS) Node 3...
Extracting Top K (CMS) Node 4...
Extracting Top K (CMS) Node 5...
Extracting Top K (CMS) Node 6...
Extracting Top K (CMS) Node 7...
Top K Extracted Node 1: 1.68031 Seconds

Top K Extracted Node 2: 1.90014 Seconds

Top K Extracted Node 3: 2.14032 Seconds

Top K Extracted Node 4: 2.47665 Seconds

Top K Extracted Node 5: 2.90384 Seconds

Top K Extracted Node 6: 3.3206 Seconds

Top K Extracted Node 7: 4.17456 Seconds

Top K Extracted Node 0: 6.72978 Seconds

[readSparse]
slurmstepd: Exceeded job memory limit at some point.
[readSparse] Read 1540110000 numbers, 140010000 vectors. 


================================
TOP K CMS

[similarityMetric] Averaging output. 

S@k = s_out(s_true): In top k, average output similarity (average groundtruth similarity). 
S@1 = 0.829 
S@10 = 0.786 
S@20 = 0.763 
S@30 = 0.746 
S@32 = 0.743 
S@40 = 0.732 
S@50 = 0.720 
S@64 = 0.705 
S@100 = 0.678 
S@128 = 0.661 
1 10 20 30 32 40 50 64 100 128 
0.829 0.786 0.763 0.746 0.743 0.732 0.720 0.705 0.678 0.661 
Similarity Metric Computed
slurmstepd: Exceeded job memory limit at some point.
