slurmstepd: task/cgroup: unable to add task[pid=70825] to memory cg '(null)'
slurmstepd: unable to build slurm cgroup for ns memory: Cannot allocate memory
slurmstepd: jobacct_gather/cgroup: unable to instanciate user 17279 memory cgroup
slurmstepd: task/cgroup: unable to add task[pid=70889] to memory cg '(null)'
slurmstepd: task/cgroup: unable to add task[pid=70890] to memory cg '(null)'
slurmstepd: task/cgroup: unable to add task[pid=70892] to memory cg '(null)'
slurmstepd: task/cgroup: unable to add task[pid=70891] to memory cg '(null)'
slurmstepd: unable to build slurm cgroup for ns memory: Cannot allocate memory
slurmstepd: jobacct_gather/cgroup: unable to instanciate user 17279 memory cgroup
slurmstepd: unable to build slurm cgroup for ns memory: Cannot allocate memory
slurmstepd: jobacct_gather/cgroup: unable to instanciate user 17279 memory cgroup
slurmstepd: unable to build slurm cgroup for ns memory: Cannot allocate memory
slurmstepd: jobacct_gather/cgroup: unable to instanciate user 17279 memory cgroup
slurmstepd: unable to build slurm cgroup for ns memory: Cannot allocate memory
slurmstepd: jobacct_gather/cgroup: unable to instanciate user 17279 memory cgroup

=================
== KDD12
=================

140000000 Vectors, 10000 Queries
Nodes: 4
Tables: 16
RangePow: 18
Reservoir Size: 256
Hashes: 4
CMS Bucket Size: 2048
CMS Hashes: 4
LSH Initialized in Node 0
LSH Initialized in Node 1
LSH Initialized in Node 2
LSH Initialized in Node 3
CMS Initialized in Node 0
CMS Initialized in Node 1
CMS Initialized in Node 2
CMS Initialized in Node 3
LSH Reservoir Initialized in Node 3
LSH Reservoir Initialized in Node 1
LSH Reservoir Initialized in Node 2
LSH Reservoir Initialized in Node 0
FLASH Controller Initialized in Node 0

Reading Data Node 0...
FLASH Controller Initialized in Node 1

Reading Data Node 1...
FLASH Controller Initialized in Node 3

Reading Data Node 3...
FLASH Controller Initialized in Node 2

Reading Data Node 2...
[readSparse]
[readSparse]
[readSparse]
[readSparse]
[readSparse] Read 385000000 numbers, 35000000 vectors. 
[readSparse] Read 385000000 numbers, 35000000 vectors. 
[readSparse] Read 385000000 numbers, 35000000 vectors. 
[readSparse] Read 385000000 numbers, 35000000 vectors. 
Data Read Node 2: 150.474 Seconds

Data Read Node 3: 150.474 Seconds

Data Read Node 0: 150.474 Seconds

[readSparse]
Data Read Node 1: 150.474 Seconds

[readSparse] Read 110000 numbers, 10000 vectors. 
Adding Vectors Node 0...
Adding Vectors Node 1...
Adding Vectors Node 2...
Adding Vectors Node 3...
Node 2 Table Mem Usage ranges from 0.650261 to 0.762276, average 0.716687
Node 2 Table Mem Usage ranges from 0.998924 to 0.999710, average 0.999504
Node 2 Table Mem Usage ranges from 0.999554 to 0.999733, average 0.999661
Node 2 Table Mem Usage ranges from 0.999554 to 0.999733, average 0.999662
Node 2 Table Mem Usage ranges from 0.999554 to 0.999733, average 0.999662
Vectors Added Node 2: 102.673 Seconds

Node 3 Table Mem Usage ranges from 0.409615 to 0.590752, average 0.534614
Node 3 Table Mem Usage ranges from 0.983631 to 0.999554, average 0.997442
Node 3 Table Mem Usage ranges from 0.999657 to 0.999828, average 0.999737
Node 3 Table Mem Usage ranges from 0.999657 to 0.999832, average 0.999745
Node 3 Table Mem Usage ranges from 0.999657 to 0.999832, average 0.999745
Vectors Added Node 3: 103.919 Seconds

Node 1 Table Mem Usage ranges from 0.638401 to 0.749992, average 0.705718
Node 1 Table Mem Usage ranges from 0.999020 to 0.999714, average 0.999548
Node 1 Table Mem Usage ranges from 0.999619 to 0.999752, average 0.999699
Node 1 Table Mem Usage ranges from 0.999619 to 0.999752, average 0.999699
Node 1 Table Mem Usage ranges from 0.999619 to 0.999752, average 0.999699
Vectors Added Node 1: 109.178 Seconds

Node 0 Table Mem Usage ranges from 0.632847 to 0.748714, average 0.701614
Node 0 Table Mem Usage ranges from 0.999035 to 0.999649, average 0.999501
Node 0 Table Mem Usage ranges from 0.999584 to 0.999763, average 0.999669
Node 0 Table Mem Usage ranges from 0.999584 to 0.999763, average 0.999669
Node 0 Table Mem Usage ranges from 0.999584 to 0.999763, average 0.999669
Vectors Added Node 0: 112.364 Seconds

Computing Query Hashes Node 0...
Computing Query Hashes Node 1...
Computing Query Hashes Node 2...
Computing Query Hashes Node 3...
Query Hashes Computed Node 0: 0.00392281 Seconds

Extracting Top K (CMS) Node 0...
Query Hashes Computed Node 1: 0.00393402 Seconds

Extracting Top K (CMS) Node 1...
Query Hashes Computed Node 2: 0.00393174 Seconds

Extracting Top K (CMS) Node 2...
Query Hashes Computed Node 3: 0.0039217 Seconds

Extracting Top K (CMS) Node 3...
Top K Extracted Node 3: 1.74295 Seconds

Top K Extracted Node 1: 1.77369 Seconds

Top K Extracted Node 2: 2.20478 Seconds

Top K Extracted Node 0: 2.69227 Seconds

[readSparse]
[readSparse] Read 1540110000 numbers, 140010000 vectors. 


================================
TOP K CMS

[similarityMetric] Averaging output. 

S@k = s_out(s_true): In top k, average output similarity (average groundtruth similarity). 
S@1 = 0.829 
S@10 = 0.787 
S@20 = 0.763 
S@30 = 0.745 
S@32 = 0.742 
S@40 = 0.730 
S@50 = 0.716 
S@64 = 0.701 
S@100 = 0.671 
S@128 = 0.652 
1 10 20 30 32 40 50 64 100 128 
0.829 0.787 0.763 0.745 0.742 0.730 0.716 0.701 0.671 0.652 
Similarity Metric Computed
