LSH Initialized in Node 0
LSH Initialized in Node 1
LSH Initialized in Node 2
LSH Initialized in Node 3
CMS Initialized in Node 0
CMS Initialized in Node 1
CMS Initialized in Node 2
CMS Initialized in Node 3
LSH Reservoir Initialized in Node 1
LSH Reservoir Initialized in Node 3
LSH Reservoir Initialized in Node 2
LSH Reservoir Initialized in Node 0
FLASH Controller Initialized in Node 0
FLASH Controller Initialized in Node 1
FLASH Controller Initialized in Node 3

Reading Data Node 0...
FLASH Controller Initialized in Node 2
[readSparse]
[readSparse]
[readSparse]
[readSparse]
1000
2000
[readSparse] Read 9430697 numbers, 2500 vectors. 
3000
4000
5000
[readSparse] Read 9216313 numbers, 2500 vectors. 
6000
7000
[readSparse] Read 9256282 numbers, 2500 vectors. 
8000
9000
10000
[readSparse] Read 9353656 numbers, 2500 vectors. 
Data Read Node 0: 4.21072 Seconds

[readSparse]
[readSparse] Read 1100633 numbers, 300 vectors. 
Adding Vectors Node 0...
Adding Vectors Node 1...
Adding Vectors Node 2...
Adding Vectors Node 3...
Node 1 Table Mem Usage ranges from 0.000164 to 0.000191, average 0.000180
Node 1 Table Mem Usage ranges from 0.001427 to 0.001892, average 0.001665
Node 1 Table Mem Usage ranges from 0.002625 to 0.003414, average 0.003078
Node 1 Table Mem Usage ranges from 0.003681 to 0.004852, average 0.004370
Node 1 Table Mem Usage ranges from 0.004765 to 0.006294, average 0.005616
Vectors Added Node 1: 0.0561081 Seconds

Node 2 Table Mem Usage ranges from 0.000149 to 0.000191, average 0.000178
Node 2 Table Mem Usage ranges from 0.001385 to 0.001808, average 0.001630
Node 2 Table Mem Usage ranges from 0.002548 to 0.003368, average 0.002991
Node 2 Table Mem Usage ranges from 0.003590 to 0.004776, average 0.004241
Node 2 Table Mem Usage ranges from 0.004589 to 0.006134, average 0.005449
Vectors Added Node 2: 0.0568711 Seconds

Node 3 Table Mem Usage ranges from 0.000168 to 0.000191, average 0.000185
Node 3 Table Mem Usage ranges from 0.001438 to 0.001869, average 0.001676
Node 3 Table Mem Usage ranges from 0.002571 to 0.003407, average 0.003023
Node 3 Table Mem Usage ranges from 0.003632 to 0.004868, average 0.004276
Node 3 Table Mem Usage ranges from 0.004589 to 0.006195, average 0.005471
Vectors Added Node 3: 0.0569617 Seconds

Node 0 Table Mem Usage ranges from 0.000149 to 0.000187, average 0.000174
Node 0 Table Mem Usage ranges from 0.001369 to 0.001854, average 0.001635
Node 0 Table Mem Usage ranges from 0.002529 to 0.003422, average 0.003050
Node 0 Table Mem Usage ranges from 0.003616 to 0.004868, average 0.004328
Node 0 Table Mem Usage ranges from 0.004559 to 0.006252, average 0.005525
Vectors Added Node 0: 0.0579714 Seconds

Computing Query Hashes Node 0...
Computing Query Hashes Node 1...
Computing Query Hashes Node 2...
Computing Query Hashes Node 3...
Query Hashes Computed Node 0: 0.00152783 Seconds

Query Hashes Computed Node 2: 0.00153138 Seconds

Query Hashes Computed Node 1: 0.0015534 Seconds

Query Hashes Computed Node 3: 0.00155069 Seconds

Extracting Top K (CMS) Node 0...
Extracting Top K (CMS) Node 1...
Extracting Top K (CMS) Node 2...
Extracting Top K (CMS) Node 3...
Top K Extracted Node 1: 0.120066 Seconds

Top K Extracted Node 2: 0.133459 Seconds

Top K Extracted Node 3: 0.160715 Seconds

Top K Extracted Node 0: 0.201362 Seconds

Reading Groundtruth Node 0...
Groundtruth Read Node 0: 0.00372355 Seconds

[readSparse]
1000
2000
3000
4000
5000
6000
7000
8000
9000
10000
[readSparse] Read 38357581 numbers, 10300 vectors. 


================================
TOP K CMS

[similarityMetric] Averaging gtruth. 
[similarityMetric] Averaging output. 

S@k = s_out(s_true): In top k, average output similarity (average groundtruth similarity). 
S@1 = 0.805 (0.000) 
S@10 = 0.738 (0.000) 
S@20 = 0.708 (0.000) 
S@30 = 0.688 (0.000) 
S@32 = 0.684 (0.000) 
S@40 = 0.672 (0.000) 
S@50 = 0.659 (0.000) 
S@64 = 0.645 (0.000) 
S@100 = 0.621 (0.000) 
S@128 = 0.605 (0.000) 
1 10 20 30 32 40 50 64 100 128 
0.805 0.738 0.708 0.688 0.684 0.672 0.659 0.645 0.621 0.605 
0.000 0.000 0.000 0.000 0.000 0.000 0.000 0.000 0.000 0.000 

Similarity Metric Computed
Evaluation Complete
