LSH Initialized in Node 0
LSH Initialized in Node 1
LSH Initialized in Node 2
LSH Initialized in Node 3
CMS Initialized in Node 0
CMS Initialized in Node 1
CMS Initialized in Node 2
CMS Initialized in Node 3
LSH Reservoir Initialized in Node 3
LSH Reservoir Initialized in Node 1
LSH Reservoir Initialized in Node 2
LSH Reservoir Initialized in Node 0
FLASH Controller Initialized in Node 0

Reading Data Node 0...
FLASH Controller Initialized in Node 1

Reading Data Node 1...
FLASH Controller Initialized in Node 3

Reading Data Node 3...
[readSparse]
FLASH Controller Initialized in Node 2

Reading Data Node 2...
[readSparse]
[readSparse]
[readSparse]
[readSparse] Read 385000000 numbers, 35000000 vectors. 
[readSparse] Read 385000000 numbers, 35000000 vectors. 
[readSparse] Read 385000000 numbers, 35000000 vectors. 
[readSparse] Read 385000000 numbers, 35000000 vectors. 
Data Read Node 3: 132.786 Seconds

Data Read Node 2: 132.786 Seconds

Data Read Node 1: 132.786 Seconds

Data Read Node 0: 132.786 Seconds

[readSparse]
[readSparse] Read 110000 numbers, 10000 vectors. 
Adding Vectors Node 0...
Adding Vectors Node 1...
Adding Vectors Node 2...
Adding Vectors Node 3...
Node 2 Table Mem Usage ranges from 0.650288 to 0.762321, average 0.716697
Node 2 Table Mem Usage ranges from 0.998947 to 0.999680, average 0.999517
Node 2 Table Mem Usage ranges from 0.999611 to 0.999802, average 0.999674
Node 2 Table Mem Usage ranges from 0.999611 to 0.999805, average 0.999675
Node 2 Table Mem Usage ranges from 0.999611 to 0.999805, average 0.999675
Vectors Added Node 2: 102.633 Seconds

Node 3 Table Mem Usage ranges from 0.409611 to 0.590717, average 0.534614
Node 3 Table Mem Usage ranges from 0.983631 to 0.999626, average 0.997439
Node 3 Table Mem Usage ranges from 0.999641 to 0.999840, average 0.999734
Node 3 Table Mem Usage ranges from 0.999641 to 0.999847, average 0.999742
Node 3 Table Mem Usage ranges from 0.999641 to 0.999847, average 0.999742
Vectors Added Node 3: 103.639 Seconds

Node 1 Table Mem Usage ranges from 0.638371 to 0.750034, average 0.705709
Node 1 Table Mem Usage ranges from 0.998989 to 0.999687, average 0.999543
Node 1 Table Mem Usage ranges from 0.999634 to 0.999771, average 0.999694
Node 1 Table Mem Usage ranges from 0.999634 to 0.999771, average 0.999694
Node 1 Table Mem Usage ranges from 0.999634 to 0.999771, average 0.999694
Vectors Added Node 1: 108.614 Seconds

Node 0 Table Mem Usage ranges from 0.632843 to 0.748665, average 0.701630
Node 0 Table Mem Usage ranges from 0.999035 to 0.999722, average 0.999522
Node 0 Table Mem Usage ranges from 0.999607 to 0.999779, average 0.999691
Node 0 Table Mem Usage ranges from 0.999607 to 0.999779, average 0.999691
Node 0 Table Mem Usage ranges from 0.999607 to 0.999779, average 0.999691
Vectors Added Node 0: 112.668 Seconds

Computing Query Hashes Node 1...
Computing Query Hashes Node 3...
Computing Query Hashes Node 0...
Computing Query Hashes Node 2...
Query Hashes Computed Node 3: 0.00396832 Seconds

Query Hashes Computed Node 0: 0.00396591 Seconds

Query Hashes Computed Node 1: 0.0039914 Seconds

Query Hashes Computed Node 2: 0.00397934 Seconds

Extracting Top K (CMS) Node 2...
Extracting Top K (CMS) Node 0...
Extracting Top K (CMS) Node 1...
Extracting Top K (CMS) Node 3...
Top K Extracted Node 3: 1.73428 Seconds

Top K Extracted Node 1: 1.75871 Seconds

Top K Extracted Node 2: 2.18906 Seconds

Top K Extracted Node 0: 2.67319 Seconds

[readSparse]
[readSparse] Read 1540110000 numbers, 140010000 vectors. 


================================
TOP K CMS

[similarityMetric] Averaging output. 

S@k = s_out(s_true): In top k, average output similarity (average groundtruth similarity). 
S@1 = 0.829 
S@10 = 0.787 
S@20 = 0.763 
S@30 = 0.745 
S@32 = 0.742 
S@40 = 0.730 
S@50 = 0.716 
S@64 = 0.701 
S@100 = 0.671 
S@128 = 0.652 
1 10 20 30 32 40 50 64 100 128 
0.829 0.787 0.763 0.745 0.742 0.730 0.716 0.701 0.671 0.652 
Similarity Metric Computed
