LSH Initialized in Node 0
LSH Initialized in Node 1
LSH Initialized in Node 2
LSH Initialized in Node 3
CMS Initialized in Node 0
CMS Initialized in Node 1
CMS Initialized in Node 2
CMS Initialized in Node 3
LSH Reservoir Initialized in Node 3
LSH Reservoir Initialized in Node 1
LSH Reservoir Initialized in Node 2
LSH Reservoir Initialized in Node 0
FLASH Controller Initialized in Node 0

Reading Data Node 0...
[readSparse]
FLASH Controller Initialized in Node 1
[readSparse]
FLASH Controller Initialized in Node 2
[readSparse]
FLASH Controller Initialized in Node 3
[readSparse]
[readSparse] Read 316858307 numbers, 85000 vectors. 
[readSparse] Read 316320716 numbers, 85000 vectors. 
[readSparse] Read 317907487 numbers, 85000 vectors. 
[readSparse] Read 316403218 numbers, 85000 vectors. 
Data Read Node 0: 145.004 Seconds

[readSparse]
[readSparse] Read 37207718 numbers, 10000 vectors. 
Adding Vectors Node 0...
Adding Vectors Node 1...
Adding Vectors Node 2...
Adding Vectors Node 3...
Node 3 Table Mem Usage ranges from 0.003952 to 0.005199, average 0.004643
Node 3 Table Mem Usage ranges from 0.030777 to 0.042107, average 0.037042
Node 3 Table Mem Usage ranges from 0.052189 to 0.072250, average 0.063211
Node 3 Table Mem Usage ranges from 0.070812 to 0.099064, average 0.086078
Node 3 Table Mem Usage ranges from 0.087914 to 0.123482, average 0.107024
Vectors Added Node 3: 1.78708 Seconds

Node 1 Table Mem Usage ranges from 0.003971 to 0.005268, average 0.004700
Node 1 Table Mem Usage ranges from 0.030849 to 0.042191, average 0.037102
Node 1 Table Mem Usage ranges from 0.051979 to 0.072216, average 0.062874
Node 1 Table Mem Usage ranges from 0.070663 to 0.098900, average 0.085673
Node 1 Table Mem Usage ranges from 0.087929 to 0.123211, average 0.106736
Vectors Added Node 1: 1.78804 Seconds

Node 0 Table Mem Usage ranges from 0.003883 to 0.005257, average 0.004629
Node 0 Table Mem Usage ranges from 0.030701 to 0.042072, average 0.037045
Node 0 Table Mem Usage ranges from 0.051689 to 0.071842, average 0.062788
Node 0 Table Mem Usage ranges from 0.070316 to 0.098099, average 0.085448
Node 0 Table Mem Usage ranges from 0.087677 to 0.122330, average 0.106318
Vectors Added Node 0: 1.87273 Seconds

Computing Query Hashes Node 0...
Computing Query Hashes Node 1...
Node 2 Table Mem Usage ranges from 0.003792 to 0.005085, average 0.004516
Node 2 Table Mem Usage ranges from 0.030300 to 0.042088, average 0.036794
Node 2 Table Mem Usage ranges from 0.051552 to 0.071823, average 0.062485
Node 2 Table Mem Usage ranges from 0.070438 to 0.098785, average 0.085670
Node 2 Table Mem Usage ranges from 0.087292 to 0.122871, average 0.106461
Vectors Added Node 2: 1.87449 Seconds

Computing Query Hashes Node 2...
Computing Query Hashes Node 3...
Query Hashes Computed Node 0: 0.0473519 Seconds

Extracting Top K (CMS) Node 0...
Query Hashes Computed Node 1: 0.0473195 Seconds

Extracting Top K (CMS) Node 1...
Query Hashes Computed Node 2: 0.0473343 Seconds

Extracting Top K (CMS) Node 2...
Query Hashes Computed Node 3: 0.0473172 Seconds

Extracting Top K (CMS) Node 3...
Top K Extracted Node 3: 2.32138 Seconds

Top K Extracted Node 1: 2.34123 Seconds

Top K Extracted Node 2: 2.53639 Seconds

Top K Extracted Node 0: 2.77309 Seconds

Reading Groundtruth Node 0...
Groundtruth Read Node 0: 0.00276264 Seconds

[readSparse]
[readSparse] Read 1304697446 numbers, 350000 vectors. 


================================
TOP K CMS

[similarityMetric] Averaging gtruth. 
[similarityMetric] Averaging output. 

S@k = s_out(s_true): In top k, average output similarity (average groundtruth similarity). 
S@1 = 0.905 (0.000) 
S@10 = 0.859 (0.000) 
S@20 = 0.841 (0.000) 
S@30 = 0.832 (0.000) 
S@32 = 0.830 (0.000) 
S@40 = 0.825 (0.000) 
S@50 = 0.820 (0.000) 
S@64 = 0.813 (0.000) 
S@100 = 0.802 (0.000) 
S@128 = 0.795 (0.000) 
1 10 20 30 32 40 50 64 100 128 
0.905 0.859 0.841 0.832 0.830 0.825 0.820 0.813 0.802 0.795 
0.000 0.000 0.000 0.000 0.000 0.000 0.000 0.000 0.000 0.000 

Similarity Metric Computed
S@1 = 0.000 
S@10 = 0.000 
S@20 = 0.000 
S@30 = 0.000 
S@32 = 0.000 
S@40 = 0.000 
S@50 = 0.000 
S@64 = 0.000 
S@100 = 0.000 
S@128 = 0.000 
1 10 20 30 32 40 50 64 100 128 
0.000 0.000 0.000 0.000 0.000 0.000 0.000 0.000 0.000 0.000 

Similarity of Data Computed
Evaluation Complete
