
=================
== KDD12
=================

140000000 Vectors, 10000 Queries
Nodes: 5
Tables: 16
RangePow: 18
Reservoir Size: 256
Hashes: 4
Using Bruteforce Aggregation
Using Tree Aggregation
CMS Bucket Size: 2048
CMS Hashes: 4

LSH Initialized in Node 0
LSH Initialized in Node 2
LSH Initialized in Node 4
LSH Initialized in Node 1
LSH Initialized in Node 3
CMS Initialized in Node 0
CMS Initialized in Node 1
CMS Initialized in Node 2
CMS Initialized in Node 3
CMS Initialized in Node 4
LSH Reservoir Initialized in Node 3
LSH Reservoir Initialized in Node 1
LSH Reservoir Initialized in Node 4
LSH Reservoir Initialized in Node 2
LSH Reservoir Initialized in Node 0
FLASH Controller Initialized in Node 0

Reading Data Node 0...
FLASH Controller Initialized in Node 2

Reading Data Node 2...
FLASH Controller Initialized in Node 3

Reading Data Node 3...
FLASH Controller Initialized in Node 1

Reading Data Node 1...
FLASH Controller Initialized in Node 4

Reading Data Node 4...
[readSparse]
[readSparse]
[readSparse]
[readSparse]
[readSparse]
[readSparse] Read 308000000 numbers, 28000000 vectors. 
[readSparse] Read 308000000 numbers, 28000000 vectors. 
[readSparse] Read 308000000 numbers, 28000000 vectors. 
[readSparse] Read 308000000 numbers, 28000000 vectors. 
[readSparse] Read 308000000 numbers, 28000000 vectors. 
Data Read Node 1: 91.8403 Seconds

Data Read Node 3: 91.8403 Seconds

Data Read Node 4: 91.8403 Seconds

Data Read Node 0: 91.8403 Seconds

[readSparse]
Data Read Node 2: 91.8403 Seconds

[readSparse] Read 110000 numbers, 10000 vectors. 
Adding Vectors Node 0...
Adding Vectors Node 1...
Adding Vectors Node 2...
Adding Vectors Node 3...
Adding Vectors Node 4...
Node 3 Table Mem Usage ranges from 0.357235 to 0.512375, average 0.463864
Node 3 Table Mem Usage ranges from 0.964657 to 0.998936, average 0.993403
Node 3 Table Mem Usage ranges from 0.997150 to 0.999748, average 0.999496
Node 3 Table Mem Usage ranges from 0.999561 to 0.999828, average 0.999740
Node 3 Table Mem Usage ranges from 0.999683 to 0.999828, average 0.999759
Vectors Added Node 3: 76.7039 Seconds

Node 1 Table Mem Usage ranges from 0.568386 to 0.679119, average 0.633536
Node 1 Table Mem Usage ranges from 0.997334 to 0.999577, average 0.999053
Node 1 Table Mem Usage ranges from 0.999622 to 0.999775, average 0.999684
Node 1 Table Mem Usage ranges from 0.999622 to 0.999775, average 0.999690
Node 1 Table Mem Usage ranges from 0.999622 to 0.999775, average 0.999690
Vectors Added Node 1: 88.9016 Seconds

Node 4 Table Mem Usage ranges from 0.347816 to 0.516258, average 0.458853
Node 4 Table Mem Usage ranges from 0.991825 to 0.999294, average 0.997950
Node 4 Table Mem Usage ranges from 0.999630 to 0.999802, average 0.999717
Node 4 Table Mem Usage ranges from 0.999630 to 0.999870, average 0.999726
Node 4 Table Mem Usage ranges from 0.999630 to 0.999874, average 0.999726
Vectors Added Node 4: 93.4503 Seconds

Node 2 Table Mem Usage ranges from 0.571522 to 0.677845, average 0.633721
Node 2 Table Mem Usage ranges from 0.997421 to 0.999634, average 0.999050
Node 2 Table Mem Usage ranges from 0.999561 to 0.999798, average 0.999686
Node 2 Table Mem Usage ranges from 0.999561 to 0.999825, average 0.999690
Node 2 Table Mem Usage ranges from 0.999561 to 0.999825, average 0.999690
Vectors Added Node 2: 93.4696 Seconds

Node 0 Table Mem Usage ranges from 0.565495 to 0.679188, average 0.631912
Node 0 Table Mem Usage ranges from 0.997223 to 0.999577, average 0.999021
Node 0 Table Mem Usage ranges from 0.999615 to 0.999760, average 0.999685
Node 0 Table Mem Usage ranges from 0.999615 to 0.999763, average 0.999690
Node 0 Table Mem Usage ranges from 0.999615 to 0.999763, average 0.999690
Vectors Added Node 0: 96.5681 Seconds

Computing Query Hashes Node 0...
Computing Query Hashes Node 1...
Computing Query Hashes Node 2...
Computing Query Hashes Node 3...
Computing Query Hashes Node 4...
Query Hashes Computed Node 4: 0.00329797 Seconds

Query Hashes Computed Node 3: 0.00342836 Seconds

Query Hashes Computed Node 0: 0.0034384 Seconds

Query Hashes Computed Node 1: 0.00349808 Seconds

Query Hashes Computed Node 2: 0.00351596 Seconds

Extracting Top K (CMS) Node 0...
Extracting Top K (CMS) Node 1...
Extracting Top K (CMS) Node 2...
Extracting Top K (CMS) Node 3...
Extracting Top K (CMS) Node 4...
Top K Extracted Node 3: 1.74364 Seconds

Top K Extracted Node 1: 1.75472 Seconds

Top K Extracted Node 2: 2.22356 Seconds

Top K Extracted Node 4: 2.628 Seconds

Top K Extracted Node 0: 3.10635 Seconds

[readSparse]
[readSparse] Read 1540110000 numbers, 140010000 vectors. 


================================
TOP K CMS

[similarityMetric] Averaging output. 

S@k = s_out(s_true): In top k, average output similarity (average groundtruth similarity). 
S@1 = 0.824 
S@10 = 0.783 
S@20 = 0.759 
S@30 = 0.742 
S@32 = 0.739 
S@40 = 0.727 
S@50 = 0.714 
S@64 = 0.699 
S@100 = 0.670 
S@128 = 0.652 
1 10 20 30 32 40 50 64 100 128 
0.824 0.783 0.759 0.742 0.739 0.727 0.714 0.699 0.670 0.652 
Similarity Metric Computed
