slurmstepd: task/cgroup: unable to add task[pid=3381] to memory cg '(null)'
slurmstepd: unable to build slurm cgroup for ns memory: Cannot allocate memory
slurmstepd: jobacct_gather/cgroup: unable to instanciate user 17279 memory cgroup
slurmstepd: task/cgroup: unable to add task[pid=3446] to memory cg '(null)'
slurmstepd: task/cgroup: unable to add task[pid=3447] to memory cg '(null)'
slurmstepd: unable to build slurm cgroup for ns memory: Cannot allocate memory
slurmstepd: jobacct_gather/cgroup: unable to instanciate user 17279 memory cgroup
slurmstepd: unable to build slurm cgroup for ns memory: Cannot allocate memory
slurmstepd: jobacct_gather/cgroup: unable to instanciate user 17279 memory cgroup
LSH Initialized in Node 0
LSH Initialized in Node 1
CMS Initialized in Node 0
CMS Initialized in Node 1
LSH Reservoir Initialized in Node 1
LSH Reservoir Initialized in Node 0
FLASH Controller Initialized in Node 0

Reading Data Node 0...
FLASH Controller Initialized in Node 1

Reading Data Node 1...
[readSparse]
[readSparse]
[readSparse] Read 770000000 numbers, 70000000 vectors. 
[readSparse] Read 770000000 numbers, 70000000 vectors. 
Data Read Node 0: 205.728 Seconds

[readSparse]
Data Read Node 1: 205.728 Seconds

[readSparse] Read 110000 numbers, 10000 vectors. 
Adding Vectors Node 0...
Adding Vectors Node 1...
Node 1 Table Mem Usage ranges from 0.841675 to 0.927532, average 0.894589
Node 1 Table Mem Usage ranges from 0.999668 to 0.999763, average 0.999712
Node 1 Table Mem Usage ranges from 0.999668 to 0.999763, average 0.999712
Node 1 Table Mem Usage ranges from 0.999668 to 0.999763, average 0.999712
Node 1 Table Mem Usage ranges from 0.999668 to 0.999763, average 0.999712
Vectors Added Node 1: 190.629 Seconds

Node 0 Table Mem Usage ranges from 0.827801 to 0.919670, average 0.884918
Node 0 Table Mem Usage ranges from 0.999634 to 0.999771, average 0.999700
Node 0 Table Mem Usage ranges from 0.999634 to 0.999771, average 0.999700
Node 0 Table Mem Usage ranges from 0.999634 to 0.999771, average 0.999700
Node 0 Table Mem Usage ranges from 0.999634 to 0.999771, average 0.999700
Vectors Added Node 0: 206.025 Seconds

Computing Query Hashes Node 0...
Computing Query Hashes Node 1...
Query Hashes Computed Node 0: 0.00647064 Seconds

Extracting Top K (CMS) Node 0...
Query Hashes Computed Node 1: 0.00647475 Seconds

Extracting Top K (CMS) Node 1...
Top K Extracted Node 1: 1.82049 Seconds

Top K Extracted Node 0: 2.27732 Seconds

[readSparse]
[readSparse] Read 1540110000 numbers, 140010000 vectors. 


================================
TOP K CMS

[similarityMetric] Averaging output. 

S@k = s_out(s_true): In top k, average output similarity (average groundtruth similarity). 
S@1 = 0.815 
S@10 = 0.763 
S@20 = 0.731 
S@30 = 0.707 
S@32 = 0.702 
S@40 = 0.687 
S@50 = 0.670 
S@64 = 0.650 
S@100 = 0.612 
S@128 = 0.589 
1 10 20 30 32 40 50 64 100 128 
0.815 0.763 0.731 0.707 0.702 0.687 0.670 0.650 0.612 0.589 
Similarity Metric Computed
