=============
=== KDD12 ===
=============

LSH Initialized in Node 0
LSH Initialized in Node 2
LSH Initialized in Node 1
LSH Initialized in Node 3
CMS Initialized in Node 0
CMS Initialized in Node 1
CMS Initialized in Node 2
CMS Initialized in Node 3
LSH Reservoir Initialized in Node 1
LSH Reservoir Initialized in Node 3
LSH Reservoir Initialized in Node 2
LSH Reservoir Initialized in Node 0
FLASH Controller Initialized in Node 1

Reading Data Node 1...
FLASH Controller Initialized in Node 3

Reading Data Node 3...
FLASH Controller Initialized in Node 0

Reading Data Node 0...
FLASH Controller Initialized in Node 2

Reading Data Node 2...
[readSparse]
[readSparse]
[readSparse]
[readSparse]
[readSparse] Read 385000000 numbers, 35000000 vectors. 
[readSparse] Read 385000000 numbers, 35000000 vectors. 
[readSparse] Read 385000000 numbers, 35000000 vectors. 
[readSparse] Read 385000000 numbers, 35000000 vectors. 
Data Read Node 2: 161.961 Seconds

Data Read Node 3: 161.961 Seconds

Data Read Node 0: 161.961 Seconds

[readSparse]
Data Read Node 1: 161.961 Seconds

[readSparse] Read 110000 numbers, 10000 vectors. 
Adding Vectors Node 0...
Adding Vectors Node 1...
Adding Vectors Node 2...
Adding Vectors Node 3...
Node 2 Table Mem Usage ranges from 0.650272 to 0.762253, average 0.716701
Node 2 Table Mem Usage ranges from 0.998928 to 0.999718, average 0.999521
Node 2 Table Mem Usage ranges from 0.999565 to 0.999741, average 0.999679
Node 2 Table Mem Usage ranges from 0.999565 to 0.999741, average 0.999680
Node 2 Table Mem Usage ranges from 0.999565 to 0.999741, average 0.999680
Vectors Added Node 2: 102.444 Seconds

Node 3 Table Mem Usage ranges from 0.409599 to 0.590797, average 0.534624
Node 3 Table Mem Usage ranges from 0.983601 to 0.999554, average 0.997451
Node 3 Table Mem Usage ranges from 0.999649 to 0.999836, average 0.999746
Node 3 Table Mem Usage ranges from 0.999649 to 0.999836, average 0.999754
Node 3 Table Mem Usage ranges from 0.999649 to 0.999836, average 0.999754
Vectors Added Node 3: 104.643 Seconds

Node 1 Table Mem Usage ranges from 0.638386 to 0.750027, average 0.705716
Node 1 Table Mem Usage ranges from 0.999027 to 0.999706, average 0.999555
Node 1 Table Mem Usage ranges from 0.999668 to 0.999760, average 0.999705
Node 1 Table Mem Usage ranges from 0.999668 to 0.999760, average 0.999705
Node 1 Table Mem Usage ranges from 0.999668 to 0.999760, average 0.999705
Vectors Added Node 1: 109.283 Seconds

Node 0 Table Mem Usage ranges from 0.632862 to 0.748734, average 0.701643
Node 0 Table Mem Usage ranges from 0.999043 to 0.999691, average 0.999531
Node 0 Table Mem Usage ranges from 0.999626 to 0.999752, average 0.999699
Node 0 Table Mem Usage ranges from 0.999626 to 0.999752, average 0.999699
Node 0 Table Mem Usage ranges from 0.999626 to 0.999752, average 0.999699
Vectors Added Node 0: 112.256 Seconds

Computing Query Hashes Node 0...
Computing Query Hashes Node 1...
Computing Query Hashes Node 2...
Computing Query Hashes Node 3...
Query Hashes Computed Node 0: 0.00399605 Seconds

Query Hashes Computed Node 1: 0.00400011 Seconds

Extracting Top K (CMS) Node 1...
Query Hashes Computed Node 2: 0.00401704 Seconds

Extracting Top K (CMS) Node 2...
Query Hashes Computed Node 3: 0.00402711 Seconds

Extracting Top K (CMS) Node 3...
Extracting Top K (CMS) Node 0...
Top K Extracted Node 3: 1.7311 Seconds

Top K Extracted Node 1: 1.75333 Seconds

Top K Extracted Node 2: 2.18276 Seconds

Top K Extracted Node 0: 2.66856 Seconds

[readSparse]
[readSparse] Read 1540110000 numbers, 140010000 vectors. 


================================
TOP K CMS

[similarityMetric] Averaging output. 

S@k = s_out(s_true): In top k, average output similarity (average groundtruth similarity). 
S@1 = 0.829 
S@10 = 0.787 
S@20 = 0.763 
S@30 = 0.745 
S@32 = 0.742 
S@40 = 0.730 
S@50 = 0.716 
S@64 = 0.701 
S@100 = 0.671 
S@128 = 0.652 
1 10 20 30 32 40 50 64 100 128 
0.829 0.787 0.763 0.745 0.742 0.730 0.716 0.701 0.671 0.652 
Similarity Metric Computed
