
=================
== Webspam
=================

340000 Vectors, 10000 Queries
Nodes: 4
Tables: 24
RangePow: 18
Reservoir Size: 256
Hashes: 8
CMS Bucket Size: 1024
CMS Hashes: 4
LSH Initialized in Node 0
LSH Initialized in Node 2
LSH Initialized in Node 1
LSH Initialized in Node 3
CMS Initialized in Node 0
CMS Initialized in Node 1
CMS Initialized in Node 2
CMS Initialized in Node 3
LSH Reservoir Initialized in Node 3
LSH Reservoir Initialized in Node 1
LSH Reservoir Initialized in Node 2
LSH Reservoir Initialized in Node 0
FLASH Controller Initialized in Node 0

Reading Data Node 0...
FLASH Controller Initialized in Node 1

Reading Data Node 1...
FLASH Controller Initialized in Node 3

Reading Data Node 3...
[readSparse]
FLASH Controller Initialized in Node 2

Reading Data Node 2...
[readSparse]
[readSparse]
[readSparse]
[readSparse] Read 316858307 numbers, 85000 vectors. 
[readSparse] Read 316320716 numbers, 85000 vectors. 
[readSparse] Read 317907487 numbers, 85000 vectors. 
[readSparse] Read 316403218 numbers, 85000 vectors. 
Data Read Node 3: 148.596 Seconds

Data Read Node 2: 148.596 Seconds

Data Read Node 0: 148.596 Seconds

Data Read Node 1: 148.596 Seconds

[readSparse]
[readSparse] Read 37207718 numbers, 10000 vectors. 
Adding Vectors Node 0...
Adding Vectors Node 1...
Adding Vectors Node 2...
Adding Vectors Node 3...
Node 3 Table Mem Usage ranges from 0.003994 to 0.005074, average 0.004565
Node 3 Table Mem Usage ranges from 0.030422 to 0.040569, average 0.036237
Node 3 Table Mem Usage ranges from 0.051231 to 0.068546, average 0.061695
Node 3 Table Mem Usage ranges from 0.069530 to 0.093662, average 0.083981
Node 3 Table Mem Usage ranges from 0.086082 to 0.116737, average 0.104311
Vectors Added Node 3: 1.61339 Seconds

Node 1 Table Mem Usage ranges from 0.004017 to 0.005112, average 0.004626
Node 1 Table Mem Usage ranges from 0.030144 to 0.040257, average 0.036221
Node 1 Table Mem Usage ranges from 0.050606 to 0.068844, average 0.061305
Node 1 Table Mem Usage ranges from 0.068897 to 0.094055, average 0.083622
Node 1 Table Mem Usage ranges from 0.085651 to 0.117233, average 0.104149
Vectors Added Node 1: 1.61618 Seconds

Node 0 Table Mem Usage ranges from 0.003971 to 0.005009, average 0.004560
Node 0 Table Mem Usage ranges from 0.030136 to 0.040192, average 0.036144
Node 0 Table Mem Usage ranges from 0.050785 to 0.068253, average 0.061211
Node 0 Table Mem Usage ranges from 0.068634 to 0.093208, average 0.083208
Node 0 Table Mem Usage ranges from 0.085369 to 0.116322, average 0.103532
Vectors Added Node 0: 1.69565 Seconds

Computing Query Hashes Node 0...
Computing Query Hashes Node 1...
Node 2 Table Mem Usage ranges from 0.003891 to 0.005035, average 0.004456
Node 2 Table Mem Usage ranges from 0.030170 to 0.040165, average 0.035991
Node 2 Table Mem Usage ranges from 0.050655 to 0.068325, average 0.061015
Node 2 Table Mem Usage ranges from 0.069042 to 0.094082, average 0.083632
Node 2 Table Mem Usage ranges from 0.085453 to 0.117012, average 0.103814
Vectors Added Node 2: 1.69723 Seconds

Computing Query Hashes Node 2...
Computing Query Hashes Node 3...
Query Hashes Computed Node 0: 0.0438974 Seconds

Extracting Top K (CMS) Node 0...
Query Hashes Computed Node 1: 0.0438827 Seconds

Extracting Top K (CMS) Node 1...
Query Hashes Computed Node 2: 0.0438778 Seconds

Extracting Top K (CMS) Node 2...
Query Hashes Computed Node 3: 0.0439015 Seconds

Extracting Top K (CMS) Node 3...
Top K Extracted Node 1: 0.284101 Seconds

Top K Extracted Node 2: 0.366784 Seconds

Top K Extracted Node 3: 0.532386 Seconds

Top K Extracted Node 0: 6.15906 Seconds

Reading Groundtruth Node 0...
Groundtruth Read Node 0: 0.00372509 Seconds

[readSparse]
[readSparse] Read 1304697446 numbers, 350000 vectors. 


================================
TOP K CMS

[similarityMetric] Averaging gtruth. 
[similarityMetric] Averaging output. 

S@k = s_out(s_true): In top k, average output similarity (average groundtruth similarity). 
S@1 = 0.904 (0.000) 
S@10 = 0.860 (0.000) 
S@20 = 0.844 (0.000) 
S@30 = 0.835 (0.000) 
S@32 = 0.834 (0.000) 
S@40 = 0.829 (0.000) 
S@50 = 0.823 (0.000) 
S@64 = 0.817 (0.000) 
S@100 = 0.805 (0.000) 
S@128 = 0.798 (0.000) 
1 10 20 30 32 40 50 64 100 128 
0.904 0.860 0.844 0.835 0.834 0.829 0.823 0.817 0.805 0.798 
0.000 0.000 0.000 0.000 0.000 0.000 0.000 0.000 0.000 0.000 

Similarity Metric Computed
S@1 = 0.000 
S@10 = 0.000 
S@20 = 0.000 
S@30 = 0.000 
S@32 = 0.000 
S@40 = 0.000 
S@50 = 0.000 
S@64 = 0.000 
S@100 = 0.000 
S@128 = 0.000 
1 10 20 30 32 40 50 64 100 128 
0.000 0.000 0.000 0.000 0.000 0.000 0.000 0.000 0.000 0.000 

Similarity of Data Computed
Evaluation Complete
