
=================
== KDD12
=================

140000000 Vectors, 10000 Queries
Nodes: 4
Tables: 16
RangePow: 18
Reservoir Size: 256
Hashes: 4
Using Bruteforce Aggregation
Using Tree Aggregation
CMS Bucket Size: 2048
CMS Hashes: 4

LSH Initialized in Node 0
LSH Initialized in Node 1
LSH Initialized in Node 2
LSH Initialized in Node 3
CMS Initialized in Node 0
CMS Initialized in Node 2
CMS Initialized in Node 1
CMS Initialized in Node 3
LSH Reservoir Initialized in Node 3
LSH Reservoir Initialized in Node 1
LSH Reservoir Initialized in Node 2
LSH Reservoir Initialized in Node 0
FLASH Controller Initialized in Node 0

Reading Data Node 0...
FLASH Controller Initialized in Node 1

Reading Data Node 1...
FLASH Controller Initialized in Node 2

Reading Data Node 2...
FLASH Controller Initialized in Node 3

Reading Data Node 3...
[readSparse]
[readSparse]
[readSparse]
[readSparse]
[readSparse] Read 385000000 numbers, 35000000 vectors. 
[readSparse] Read 385000000 numbers, 35000000 vectors. 
[readSparse] Read 385000000 numbers, 35000000 vectors. 
[readSparse] Read 385000000 numbers, 35000000 vectors. 
Data Read Node 1: 107.914 Seconds

Data Read Node 3: 107.914 Seconds

Data Read Node 2: 107.914 Seconds

Data Read Node 0: 107.914 Seconds

[readSparse]
[readSparse] Read 110000 numbers, 10000 vectors. 
Adding Vectors Node 0...
Adding Vectors Node 1...
Adding Vectors Node 2...
Adding Vectors Node 3...
Node 2 Table Mem Usage ranges from 0.650303 to 0.762306, average 0.716700
Node 2 Table Mem Usage ranges from 0.998970 to 0.999687, average 0.999521
Node 2 Table Mem Usage ranges from 0.999611 to 0.999756, average 0.999679
Node 2 Table Mem Usage ranges from 0.999611 to 0.999760, average 0.999679
Node 2 Table Mem Usage ranges from 0.999611 to 0.999760, average 0.999679
Vectors Added Node 2: 103.498 Seconds

Node 3 Table Mem Usage ranges from 0.409657 to 0.590755, average 0.534623
Node 3 Table Mem Usage ranges from 0.983665 to 0.999607, average 0.997447
Node 3 Table Mem Usage ranges from 0.999664 to 0.999836, average 0.999741
Node 3 Table Mem Usage ranges from 0.999664 to 0.999866, average 0.999749
Node 3 Table Mem Usage ranges from 0.999664 to 0.999866, average 0.999749
Vectors Added Node 3: 103.763 Seconds

Node 1 Table Mem Usage ranges from 0.638412 to 0.750031, average 0.705724
Node 1 Table Mem Usage ranges from 0.999035 to 0.999714, average 0.999557
Node 1 Table Mem Usage ranges from 0.999649 to 0.999767, average 0.999707
Node 1 Table Mem Usage ranges from 0.999649 to 0.999767, average 0.999707
Node 1 Table Mem Usage ranges from 0.999649 to 0.999767, average 0.999707
Vectors Added Node 1: 108.802 Seconds

Node 0 Table Mem Usage ranges from 0.632832 to 0.748741, average 0.701633
Node 0 Table Mem Usage ranges from 0.999020 to 0.999691, average 0.999526
Node 0 Table Mem Usage ranges from 0.999653 to 0.999748, average 0.999694
Node 0 Table Mem Usage ranges from 0.999653 to 0.999748, average 0.999694
Node 0 Table Mem Usage ranges from 0.999653 to 0.999748, average 0.999694
Vectors Added Node 0: 113.365 Seconds

Computing Query Hashes Node 1...
Computing Query Hashes Node 3...
Computing Query Hashes Node 0...
Computing Query Hashes Node 2...
Query Hashes Computed Node 0: 0.00401455 Seconds

Query Hashes Computed Node 3: 0.00402456 Seconds

Query Hashes Computed Node 1: 0.00403156 Seconds

Query Hashes Computed Node 2: 0.00402272 Seconds

Extracting Top K (CMS) Node 0...
Extracting Top K (CMS) Node 1...
Extracting Top K (CMS) Node 2...
Extracting Top K (CMS) Node 3...
Top K Extracted Node 3: 1.73967 Seconds

Top K Extracted Node 1: 1.76321 Seconds

Top K Extracted Node 2: 2.19186 Seconds

Top K Extracted Node 0: 2.65266 Seconds

[readSparse]
[readSparse] Read 1540110000 numbers, 140010000 vectors. 


================================
TOP K CMS

[similarityMetric] Averaging output. 

S@k = s_out(s_true): In top k, average output similarity (average groundtruth similarity). 
S@1 = 0.830 
S@10 = 0.787 
S@20 = 0.763 
S@30 = 0.745 
S@32 = 0.742 
S@40 = 0.730 
S@50 = 0.716 
S@64 = 0.701 
S@100 = 0.671 
S@128 = 0.652 
1 10 20 30 32 40 50 64 100 128 
0.830 0.787 0.763 0.745 0.742 0.730 0.716 0.701 0.671 0.652 
Similarity Metric Computed
