
=================
== KDD12
=================

LSH Initialized in Node 9
LSH Initialized in Node 1
LSH Initialized in Node 4
LSH Initialized in Node 16
LSH Initialized in Node 12
LSH Initialized in Node 18
LSH Initialized in Node 8
LSH Initialized in Node 10
LSH Initialized in Node 3
LSH Initialized in Node 17
LSH Initialized in Node 13
LSH Initialized in Node 11
LSH Initialized in Node 2
LSH Initialized in Node 7
LSH Initialized in Node 5
LSH Initialized in Node 15
LSH Initialized in Node 14
LSH Initialized in Node 6
140000000 Vectors, 10000 Queries
Nodes: 19
Tables: 16
RangePow: 18
Reservoir Size: 256
Hashes: 4
CMS Bucket Size: 2048
CMS Hashes: 4

LSH Initialized in Node 0
CMS Initialized in Node 9
CMS Initialized in Node 1
CMS Initialized in Node 4
CMS Initialized in Node 10
CMS Initialized in Node 3
CMS Initialized in Node 2
CMS Initialized in Node 16
CMS Initialized in Node 12
CMS Initialized in Node 18
CMS Initialized in Node 7
CMS Initialized in Node 17
CMS Initialized in Node 5
CMS Initialized in Node 8
CMS Initialized in Node 13
CMS Initialized in Node 15
CMS Initialized in Node 14
CMS Initialized in Node 6
CMS Initialized in Node 11
CMS Initialized in Node 0
LSH Reservoir Initialized in Node 14
LSH Reservoir Initialized in Node 15
LSH Reservoir Initialized in Node 7
LSH Reservoir Initialized in Node 10
LSH Reservoir Initialized in Node 3
LSH Reservoir Initialized in Node 2
LSH Reservoir Initialized in Node 18
LSH Reservoir Initialized in Node 16
LSH Reservoir Initialized in Node 12
LSH Reservoir Initialized in Node 9
LSH Reservoir Initialized in Node 5
LSH Reservoir Initialized in Node 4
LSH Reservoir Initialized in Node 13
LSH Reservoir Initialized in Node 1
LSH Reservoir Initialized in Node 8
LSH Reservoir Initialized in Node 17
LSH Reservoir Initialized in Node 11
LSH Reservoir Initialized in Node 0
FLASH Controller Initialized in Node 1

Reading Data Node 1...
FLASH Controller Initialized in Node 2

Reading Data Node 2...
FLASH Controller Initialized in Node 12

Reading Data Node 12...
FLASH Controller Initialized in Node 15

Reading Data Node 15...
LSH Reservoir Initialized in Node 6
[readSparse]
FLASH Controller Initialized in Node 4

Reading Data Node 4...
FLASH Controller Initialized in Node 10

Reading Data Node 10...
[readSparse]
FLASH Controller Initialized in Node 3

Reading Data Node 3...
[readSparse]
[readSparse]
FLASH Controller Initialized in Node 16

Reading Data Node 16...
[readSparse]
FLASH Controller Initialized in Node 18

Reading Data Node 18...
[readSparse]
FLASH Controller Initialized in Node 17

Reading Data Node 17...
[readSparse]
FLASH Controller Initialized in Node 5

Reading Data Node 5...
[readSparse]
FLASH Controller Initialized in Node 13

Reading Data Node 13...
[readSparse]
[readSparse]
FLASH Controller Initialized in Node 14

Reading Data Node 14...
FLASH Controller Initialized in Node 6

Reading Data Node 6...
FLASH Controller Initialized in Node 11

Reading Data Node 11...
FLASH Controller Initialized in Node 9

Reading Data Node 9...
[readSparse]
[readSparse]
[readSparse]
FLASH Controller Initialized in Node 7

Reading Data Node 7...
[readSparse]
FLASH Controller Initialized in Node 8

Reading Data Node 8...
[readSparse]
[readSparse]
[readSparse]
[readSparse]
FLASH Controller Initialized in Node 0

Reading Data Node 0...
[readSparse]
[readSparse] Read 81052631 numbers, 7368421 vectors. 
[readSparse] Read 81052631 numbers, 7368421 vectors. 
[readSparse] Read 81052631 numbers, 7368421 vectors. 
[readSparse] Read 81052631 numbers, 7368421 vectors. 
[readSparse] Read 81052631 numbers, 7368421 vectors. 
[readSparse] Read 81052642 numbers, 7368422 vectors. 
[readSparse] Read 81052631 numbers, 7368421 vectors. 
[readSparse] Read 81052631 numbers, 7368421 vectors. 
[readSparse] Read 81052631 numbers, 7368421 vectors. 
[readSparse] Read 81052631 numbers, 7368421 vectors. 
[readSparse] Read 81052631 numbers, 7368421 vectors. 
[readSparse] Read 81052631 numbers, 7368421 vectors. 
[readSparse] Read 81052631 numbers, 7368421 vectors. 
[readSparse] Read 81052631 numbers, 7368421 vectors. 
[readSparse] Read 81052631 numbers, 7368421 vectors. 
[readSparse] Read 81052631 numbers, 7368421 vectors. 
[readSparse] Read 81052631 numbers, 7368421 vectors. 
[readSparse] Read 81052631 numbers, 7368421 vectors. 
[readSparse] Read 81052631 numbers, 7368421 vectors. 
Data Read Node 14: 94.0712 Seconds

Data Read Node 9: 94.0713 Seconds

Data Read Node 1: 94.0712 Seconds

Data Read Node 4: 94.0712 Seconds

Data Read Node 10: 94.0713 Seconds

Data Read Node 3: 94.0712 Seconds

Data Read Node 2: 94.0712 Seconds

Data Read Node 16: 94.0712 Seconds

Data Read Node 12: 94.0712 Seconds

Data Read Node 18: 94.0712 Seconds

Data Read Node 7: 94.0713 Seconds

Data Read Node 17: 94.0712 Seconds

Data Read Node 5: 94.0713 Seconds

Data Read Node 8: 94.0712 Seconds

Data Read Node 13: 94.0712 Seconds

Data Read Node 15: 94.0712 Seconds

Data Read Node 6: 94.0713 Seconds

Data Read Node 11: 94.0712 Seconds

Data Read Node 0: 94.0712 Seconds

[readSparse]
[readSparse] Read 110000 numbers, 10000 vectors. 
Adding Vectors Node 16...
Adding Vectors Node 12...
Adding Vectors Node 17...
Adding Vectors Node 15...
Adding Vectors Node 14...
Adding Vectors Node 6...
Adding Vectors Node 2...
Adding Vectors Node 18...
Adding Vectors Node 11...
Adding Vectors Node 1...
Adding Vectors Node 4...
Adding Vectors Node 10...
Adding Vectors Node 3...
Adding Vectors Node 5...
Adding Vectors Node 13...
Adding Vectors Node 0...
Adding Vectors Node 9...
Adding Vectors Node 7...
Adding Vectors Node 8...
Node 14 Table Mem Usage ranges from 0.112316 to 0.173141, average 0.151468
Node 14 Table Mem Usage ranges from 0.665947 to 0.867085, average 0.804927
Node 14 Table Mem Usage ranges from 0.847023 to 0.970493, average 0.940470
Node 14 Table Mem Usage ranges from 0.927223 to 0.990002, average 0.977717
Node 14 Table Mem Usage ranges from 0.962887 to 0.994419, average 0.988708
Vectors Added Node 14: 11.8923 Seconds

Node 13 Table Mem Usage ranges from 0.115490 to 0.183201, average 0.158528
Node 13 Table Mem Usage ranges from 0.663750 to 0.865170, average 0.806815
Node 13 Table Mem Usage ranges from 0.844761 to 0.971718, average 0.941792
Node 13 Table Mem Usage ranges from 0.922230 to 0.989807, average 0.977220
Node 13 Table Mem Usage ranges from 0.959465 to 0.993969, average 0.988319
Vectors Added Node 13: 12.1187 Seconds

Node 15 Table Mem Usage ranges from 0.116634 to 0.172886, average 0.152848
Node 15 Table Mem Usage ranges from 0.670021 to 0.870743, average 0.806995
Node 15 Table Mem Usage ranges from 0.848930 to 0.972942, average 0.941636
Node 15 Table Mem Usage ranges from 0.927067 to 0.989956, average 0.976928
Node 15 Table Mem Usage ranges from 0.974728 to 0.993103, average 0.989961
Vectors Added Node 15: 12.1369 Seconds

Node 12 Table Mem Usage ranges from 0.118454 to 0.179749, average 0.157977
Node 12 Table Mem Usage ranges from 0.658924 to 0.858192, average 0.799894
Node 12 Table Mem Usage ranges from 0.847431 to 0.971176, average 0.940852
Node 12 Table Mem Usage ranges from 0.924595 to 0.990540, average 0.977339
Node 12 Table Mem Usage ranges from 0.961395 to 0.994041, average 0.988872
Vectors Added Node 12: 12.2267 Seconds

Node 7 Table Mem Usage ranges from 0.237179 to 0.290226, average 0.268218
Node 7 Table Mem Usage ranges from 0.869408 to 0.939014, average 0.912987
Node 7 Table Mem Usage ranges from 0.965908 to 0.987610, average 0.980162
Node 7 Table Mem Usage ranges from 0.987366 to 0.992565, average 0.990950
Node 7 Table Mem Usage ranges from 0.992172 to 0.994076, average 0.993135
Vectors Added Node 7: 13.6437 Seconds

Node 10 Table Mem Usage ranges from 0.233192 to 0.286133, average 0.263865
Node 10 Table Mem Usage ranges from 0.866657 to 0.938709, average 0.911175
Node 10 Table Mem Usage ranges from 0.965263 to 0.987633, average 0.980143
Node 10 Table Mem Usage ranges from 0.987350 to 0.992554, average 0.991068
Node 10 Table Mem Usage ranges from 0.992401 to 0.993847, average 0.993150
Vectors Added Node 10: 13.6653 Seconds

Node 3 Table Mem Usage ranges from 0.239029 to 0.293175, average 0.269652
Node 3 Table Mem Usage ranges from 0.861420 to 0.937210, average 0.908388
Node 3 Table Mem Usage ranges from 0.962681 to 0.987537, average 0.979216
Node 3 Table Mem Usage ranges from 0.986511 to 0.992687, average 0.990899
Node 3 Table Mem Usage ranges from 0.992466 to 0.994553, average 0.993206
Vectors Added Node 3: 13.7607 Seconds

Node 8 Table Mem Usage ranges from 0.245438 to 0.300175, average 0.275543
Node 8 Table Mem Usage ranges from 0.872173 to 0.943127, average 0.915323
Node 8 Table Mem Usage ranges from 0.964073 to 0.988762, average 0.979801
Node 8 Table Mem Usage ranges from 0.986046 to 0.993721, average 0.990667
Node 8 Table Mem Usage ranges from 0.992043 to 0.994358, average 0.992919
Vectors Added Node 8: 13.7974 Seconds

Node 1 Table Mem Usage ranges from 0.239563 to 0.292866, average 0.269838
Node 1 Table Mem Usage ranges from 0.868580 to 0.941807, average 0.914520
Node 1 Table Mem Usage ranges from 0.964195 to 0.988216, average 0.980127
Node 1 Table Mem Usage ranges from 0.986126 to 0.993305, average 0.990869
Node 1 Table Mem Usage ranges from 0.991985 to 0.994213, average 0.993123
Vectors Added Node 1: 13.8248 Seconds

Node 16 Table Mem Usage ranges from 0.239277 to 0.292332, average 0.269182
Node 16 Table Mem Usage ranges from 0.869900 to 0.942654, average 0.914297
Node 16 Table Mem Usage ranges from 0.964493 to 0.988304, average 0.979599
Node 16 Table Mem Usage ranges from 0.985535 to 0.993176, average 0.990191
Node 16 Table Mem Usage ranges from 0.991558 to 0.994179, average 0.992406
Vectors Added Node 16: 13.8811 Seconds

Node 9 Table Mem Usage ranges from 0.239685 to 0.294956, average 0.271622
Node 9 Table Mem Usage ranges from 0.862267 to 0.939690, average 0.909606
Node 9 Table Mem Usage ranges from 0.960629 to 0.988060, average 0.978537
Node 9 Table Mem Usage ranges from 0.985313 to 0.993523, average 0.990466
Node 9 Table Mem Usage ranges from 0.991592 to 0.994102, average 0.992804
Vectors Added Node 9: 13.8944 Seconds

Node 17 Table Mem Usage ranges from 0.244267 to 0.296402, average 0.274366
Node 17 Table Mem Usage ranges from 0.865932 to 0.939362, average 0.912522
Node 17 Table Mem Usage ranges from 0.961441 to 0.985565, average 0.978018
Node 17 Table Mem Usage ranges from 0.984619 to 0.990902, average 0.989402
Node 17 Table Mem Usage ranges from 0.991158 to 0.992245, average 0.991783
Vectors Added Node 17: 13.9265 Seconds

Node 18 Table Mem Usage ranges from 0.239536 to 0.293652, average 0.269647
Node 18 Table Mem Usage ranges from 0.862671 to 0.937862, average 0.908435
Node 18 Table Mem Usage ranges from 0.963032 to 0.987095, average 0.979208
Node 18 Table Mem Usage ranges from 0.986526 to 0.992496, average 0.990816
Node 18 Table Mem Usage ranges from 0.992092 to 0.994045, average 0.993108
Vectors Added Node 18: 13.9409 Seconds

Node 5 Table Mem Usage ranges from 0.243637 to 0.298309, average 0.274996
Node 5 Table Mem Usage ranges from 0.869755 to 0.941708, average 0.914529
Node 5 Table Mem Usage ranges from 0.963783 to 0.988075, average 0.979745
Node 5 Table Mem Usage ranges from 0.986233 to 0.992859, average 0.990921
Node 5 Table Mem Usage ranges from 0.992542 to 0.994106, average 0.993311
Vectors Added Node 5: 14.112 Seconds

Node 11 Table Mem Usage ranges from 0.120506 to 0.179710, average 0.157375
Node 11 Table Mem Usage ranges from 0.669804 to 0.867493, average 0.806510
Node 11 Table Mem Usage ranges from 0.850857 to 0.973206, average 0.942517
Node 11 Table Mem Usage ranges from 0.926785 to 0.991310, average 0.978040
Node 11 Table Mem Usage ranges from 0.961872 to 0.994576, average 0.989326
Vectors Added Node 11: 14.3684 Seconds

Node 2 Table Mem Usage ranges from 0.244049 to 0.298347, average 0.274494
Node 2 Table Mem Usage ranges from 0.868301 to 0.941120, average 0.913733
Node 2 Table Mem Usage ranges from 0.963223 to 0.987835, average 0.979877
Node 2 Table Mem Usage ranges from 0.986362 to 0.993126, average 0.991186
Node 2 Table Mem Usage ranges from 0.992672 to 0.994061, average 0.993547
Vectors Added Node 2: 15.5883 Seconds

Node 4 Table Mem Usage ranges from 0.236256 to 0.288288, average 0.265931
Node 4 Table Mem Usage ranges from 0.871037 to 0.941963, average 0.914954
Node 4 Table Mem Usage ranges from 0.966671 to 0.988701, average 0.980994
Node 4 Table Mem Usage ranges from 0.987885 to 0.993324, average 0.991715
Node 4 Table Mem Usage ranges from 0.993027 to 0.995205, average 0.993865
Vectors Added Node 4: 15.6236 Seconds

Node 0 Table Mem Usage ranges from 0.235287 to 0.291218, average 0.267950
Node 0 Table Mem Usage ranges from 0.859520 to 0.938133, average 0.908923
Node 0 Table Mem Usage ranges from 0.963329 to 0.988960, average 0.980688
Node 0 Table Mem Usage ranges from 0.987541 to 0.994301, average 0.992400
Node 0 Table Mem Usage ranges from 0.993515 to 0.995132, average 0.994695
Vectors Added Node 0: 19.4586 Seconds

Computing Query Hashes Node 9...
Computing Query Hashes Node 1...
Computing Query Hashes Node 4...
Computing Query Hashes Node 10...
Computing Query Hashes Node 3...
Computing Query Hashes Node 2...
Computing Query Hashes Node 16...
Computing Query Hashes Node 12...
Computing Query Hashes Node 18...
Computing Query Hashes Node 7...
Computing Query Hashes Node 17...
Computing Query Hashes Node 5...
Computing Query Hashes Node 8...
Computing Query Hashes Node 13...
Computing Query Hashes Node 15...
Computing Query Hashes Node 14...
Node 6 Table Mem Usage ranges from 0.239544 to 0.292210, average 0.271103
Node 6 Table Mem Usage ranges from 0.863064 to 0.938728, average 0.909826
Node 6 Table Mem Usage ranges from 0.963646 to 0.987377, average 0.979510
Node 6 Table Mem Usage ranges from 0.987820 to 0.992744, average 0.991402
Node 6 Table Mem Usage ranges from 0.992908 to 0.995136, average 0.993732
Vectors Added Node 6: 23.9437 Seconds

Computing Query Hashes Node 11...
Computing Query Hashes Node 0...
Computing Query Hashes Node 6...
Query Hashes Computed Node 15: 0.00644808 Seconds

Query Hashes Computed Node 9: 0.00929297 Seconds

Query Hashes Computed Node 5: 0.009333 Seconds

Query Hashes Computed Node 8: 0.00931516 Seconds

Query Hashes Computed Node 14: 0.00653391 Seconds

Query Hashes Computed Node 6: 0.00944193 Seconds

Query Hashes Computed Node 0: 0.00947069 Seconds

Extracting Top K (TREE) Node 9...
Query Hashes Computed Node 2: 0.0137372 Seconds

Query Hashes Computed Node 16: 0.00933981 Seconds

Query Hashes Computed Node 12: 0.0137108 Seconds

Query Hashes Computed Node 18: 0.00935418 Seconds

Query Hashes Computed Node 7: 0.0137017 Seconds

Extracting Top K (TREE) Node 5...
Extracting Top K (TREE) Node 8...
Extracting Top K (TREE) Node 15...
Extracting Top K (TREE) Node 14...
Query Hashes Computed Node 11: 0.0139689 Seconds

Extracting Top K (TREE) Node 0...
Extracting Top K (TREE) Node 2...
Extracting Top K (TREE) Node 16...
Extracting Top K (TREE) Node 12...
Extracting Top K (TREE) Node 7...
Extracting Top K (TREE) Node 11...
Extracting Top K (TREE) Node 18...
Query Hashes Computed Node 13: 0.0132047 Seconds

Extracting Top K (TREE) Node 13...
Extracting Top K (TREE) Node 6...
Query Hashes Computed Node 3: 0.0134314 Seconds

Extracting Top K (TREE) Node 3...
Query Hashes Computed Node 1: 0.0135199 Seconds

Extracting Top K (TREE) Node 1...
Query Hashes Computed Node 4: 0.0135505 Seconds

Extracting Top K (TREE) Node 4...
Query Hashes Computed Node 10: 0.0133564 Seconds

Extracting Top K (TREE) Node 10...
Query Hashes Computed Node 17: 0.0134085 Seconds

Extracting Top K (TREE) Node 17...
Top K (TREE) Extracted Node 13: 0.794847 Seconds

Top K (TREE) Extracted Node 15: 0.824716 Seconds

Top K (TREE) Extracted Node 11: 0.839727 Seconds

Top K (TREE) Extracted Node 17: 0.847599 Seconds

Top K (TREE) Extracted Node 5: 0.866129 Seconds

Top K (TREE) Extracted Node 9: 0.887671 Seconds

Top K (TREE) Extracted Node 3: 0.895888 Seconds

Top K (TREE) Extracted Node 14: 1.05225 Seconds

Top K (TREE) Extracted Node 18: 1.07942 Seconds

Top K (TREE) Extracted Node 1: 1.11186 Seconds

Top K (TREE) Extracted Node 10: 1.12891 Seconds

Top K (TREE) Extracted Node 7: 1.1932 Seconds

Top K (TREE) Extracted Node 12: 1.35226 Seconds

Top K (TREE) Extracted Node 2: 1.39859 Seconds

Top K (TREE) Extracted Node 6: 1.48279 Seconds

Top K (TREE) Extracted Node 4: 1.69443 Seconds

Top K (TREE) Extracted Node 8: 1.93273 Seconds

Top K (TREE) Extracted Node 16: 2.16425 Seconds

Top K (TREE) Extracted Node 0: 2.51739 Seconds

Extracting Top K (LINEAR) Node 3...
Extracting Top K (LINEAR) Node 16...
Extracting Top K (LINEAR) Node 17...
Extracting Top K (LINEAR) Node 13...
Extracting Top K (LINEAR) Node 15...
Extracting Top K (LINEAR) Node 9...
Extracting Top K (LINEAR) Node 1...
Extracting Top K (LINEAR) Node 10...
Extracting Top K (LINEAR) Node 2...
Extracting Top K (LINEAR) Node 12...
Extracting Top K (LINEAR) Node 18...
Extracting Top K (LINEAR) Node 7...
Extracting Top K (LINEAR) Node 5...
Extracting Top K (LINEAR) Node 8...
Extracting Top K (LINEAR) Node 14...
Extracting Top K (LINEAR) Node 0...
Extracting Top K (LINEAR) Node 4...
Extracting Top K (LINEAR) Node 11...
Extracting Top K (LINEAR) Node 6...
Top K (LINEAR) Extracted Node 1: 1.1557 Seconds

Top K (LINEAR) Extracted Node 2: 1.34179 Seconds

Top K (LINEAR) Extracted Node 3: 1.52478 Seconds

Top K (LINEAR) Extracted Node 4: 1.70468 Seconds

Top K (LINEAR) Extracted Node 5: 1.88722 Seconds

Top K (LINEAR) Extracted Node 6: 2.06739 Seconds

Top K (LINEAR) Extracted Node 7: 2.25008 Seconds

Top K (LINEAR) Extracted Node 8: 2.42866 Seconds

Top K (LINEAR) Extracted Node 9: 2.61099 Seconds

Top K (LINEAR) Extracted Node 10: 2.79102 Seconds

Top K (LINEAR) Extracted Node 11: 2.97382 Seconds

Top K (LINEAR) Extracted Node 12: 3.14461 Seconds

Top K (LINEAR) Extracted Node 13: 3.3239 Seconds

Top K (LINEAR) Extracted Node 14: 3.50557 Seconds

Top K (LINEAR) Extracted Node 15: 3.68877 Seconds

Top K (LINEAR) Extracted Node 16: 3.9945 Seconds

Top K (LINEAR) Extracted Node 17: 4.1789 Seconds

Top K (LINEAR) Extracted Node 18: 4.36391 Seconds

Top K (LINEAR) Extracted Node 0: 8.32724 Seconds

Extracting Top K (BRUTEFORCE) Node 16...
Extracting Top K (BRUTEFORCE) Node 17...
Extracting Top K (BRUTEFORCE) Node 13...
Extracting Top K (BRUTEFORCE) Node 15...
Extracting Top K (BRUTEFORCE) Node 1...
Extracting Top K (BRUTEFORCE) Node 2...
Extracting Top K (BRUTEFORCE) Node 12...
Extracting Top K (BRUTEFORCE) Node 18...
Extracting Top K (BRUTEFORCE) Node 0...
Extracting Top K (BRUTEFORCE) Node 9...
Extracting Top K (BRUTEFORCE) Node 4...
Extracting Top K (BRUTEFORCE) Node 10...
Extracting Top K (BRUTEFORCE) Node 3...
Extracting Top K (BRUTEFORCE) Node 7...
Extracting Top K (BRUTEFORCE) Node 5...
Extracting Top K (BRUTEFORCE) Node 8...
Extracting Top K (BRUTEFORCE) Node 14...
Extracting Top K (BRUTEFORCE) Node 11...
Extracting Top K (BRUTEFORCE) Node 6...
Top K (BRUTEFORCE) Extracted Node 1: 0.157003 Seconds

Top K (BRUTEFORCE) Extracted Node 2: 0.200359 Seconds

Top K (BRUTEFORCE) Extracted Node 3: 0.246753 Seconds

Top K (BRUTEFORCE) Extracted Node 4: 0.291558 Seconds

Top K (BRUTEFORCE) Extracted Node 5: 0.338532 Seconds

Top K (BRUTEFORCE) Extracted Node 6: 0.384939 Seconds

Top K (BRUTEFORCE) Extracted Node 7: 0.427789 Seconds

Top K (BRUTEFORCE) Extracted Node 8: 0.472351 Seconds

Top K (BRUTEFORCE) Extracted Node 9: 0.516468 Seconds

Top K (BRUTEFORCE) Extracted Node 10: 0.560948 Seconds

Top K (BRUTEFORCE) Extracted Node 11: 0.606645 Seconds

Top K (BRUTEFORCE) Extracted Node 12: 0.651586 Seconds

Top K (BRUTEFORCE) Extracted Node 13: 0.692082 Seconds

Top K (BRUTEFORCE) Extracted Node 14: 0.734198 Seconds

Top K (BRUTEFORCE) Extracted Node 15: 0.776754 Seconds

Top K (BRUTEFORCE) Extracted Node 16: 0.821332 Seconds

Top K (BRUTEFORCE) Extracted Node 17: 0.865013 Seconds

Top K (BRUTEFORCE) Extracted Node 18: 0.964094 Seconds

Top K (BRUTEFORCE) Extracted Node 0: 14.7405 Seconds

