
=================
== KDD12
=================

140000000 Vectors, 10000 Queries
Nodes: 4
Tables: 16
RangePow: 18
Reservoir Size: 256
Hashes: 4
CMS Bucket Size: 2048
CMS Hashes: 4

LSH Initialized in Node 0
LSH Initialized in Node 2
LSH Initialized in Node 1
LSH Initialized in Node 3
CMS Initialized in Node 0
CMS Initialized in Node 1
CMS Initialized in Node 2
CMS Initialized in Node 3
LSH Reservoir Initialized in Node 3
LSH Reservoir Initialized in Node 1
LSH Reservoir Initialized in Node 2
LSH Reservoir Initialized in Node 0
FLASH Controller Initialized in Node 0

Reading Data Node 0...
FLASH Controller Initialized in Node 1

Reading Data Node 1...
FLASH Controller Initialized in Node 2

Reading Data Node 2...
FLASH Controller Initialized in Node 3

Reading Data Node 3...
[readSparse]
[readSparse]
[readSparse]
[readSparse]
[readSparse] Read 385000000 numbers, 35000000 vectors. 
[readSparse] Read 385000000 numbers, 35000000 vectors. 
[readSparse] Read 385000000 numbers, 35000000 vectors. 
[readSparse] Read 385000000 numbers, 35000000 vectors. 
Data Read Node 2: 154.21 Seconds

Data Read Node 3: 154.21 Seconds

Data Read Node 0: 154.21 Seconds

[readSparse]
Data Read Node 1: 154.21 Seconds

[readSparse] Read 110000 numbers, 10000 vectors. 
Adding Vectors Node 0...
Adding Vectors Node 1...
Adding Vectors Node 2...
Adding Vectors Node 3...
Node 2 Table Mem Usage ranges from 0.650318 to 0.762356, average 0.716722
Node 2 Table Mem Usage ranges from 0.998981 to 0.999706, average 0.999546
Node 2 Table Mem Usage ranges from 0.999599 to 0.999763, average 0.999704
Node 2 Table Mem Usage ranges from 0.999599 to 0.999767, average 0.999704
Node 2 Table Mem Usage ranges from 0.999599 to 0.999767, average 0.999704
Vectors Added Node 2: 101.997 Seconds

Node 3 Table Mem Usage ranges from 0.409588 to 0.590759, average 0.534628
Node 3 Table Mem Usage ranges from 0.983559 to 0.999596, average 0.997440
Node 3 Table Mem Usage ranges from 0.999641 to 0.999840, average 0.999735
Node 3 Table Mem Usage ranges from 0.999641 to 0.999840, average 0.999743
Node 3 Table Mem Usage ranges from 0.999641 to 0.999840, average 0.999743
Vectors Added Node 3: 106.186 Seconds

Node 1 Table Mem Usage ranges from 0.638378 to 0.750050, average 0.705713
Node 1 Table Mem Usage ranges from 0.999016 to 0.999710, average 0.999547
Node 1 Table Mem Usage ranges from 0.999615 to 0.999779, average 0.999698
Node 1 Table Mem Usage ranges from 0.999615 to 0.999779, average 0.999698
Node 1 Table Mem Usage ranges from 0.999615 to 0.999779, average 0.999698
Vectors Added Node 1: 112.49 Seconds

Node 0 Table Mem Usage ranges from 0.632828 to 0.748684, average 0.701626
Node 0 Table Mem Usage ranges from 0.999016 to 0.999702, average 0.999517
Node 0 Table Mem Usage ranges from 0.999622 to 0.999729, average 0.999686
Node 0 Table Mem Usage ranges from 0.999622 to 0.999729, average 0.999686
Node 0 Table Mem Usage ranges from 0.999622 to 0.999729, average 0.999686
Vectors Added Node 0: 112.669 Seconds

Computing Query Hashes Node 0...
Computing Query Hashes Node 1...
Computing Query Hashes Node 2...
Computing Query Hashes Node 3...
Query Hashes Computed Node 3: 0.00388338 Seconds

Query Hashes Computed Node 0: 0.00387768 Seconds

Query Hashes Computed Node 1: 0.00389872 Seconds

Query Hashes Computed Node 2: 0.00388291 Seconds

Extracting Top K (TREE) Node 0...
Extracting Top K (TREE) Node 1...
Extracting Top K (TREE) Node 2...
Extracting Top K (TREE) Node 3...
Top K (TREE) Extracted Node 3: 1.7209 Seconds

Top K (TREE) Extracted Node 1: 1.73584 Seconds

Top K (TREE) Extracted Node 2: 2.15542 Seconds

Top K (TREE) Extracted Node 0: 2.64576 Seconds

Extracting Top K (LINEAR) Node 0...
Extracting Top K (LINEAR) Node 1...
Extracting Top K (LINEAR) Node 2...
Extracting Top K (LINEAR) Node 3...
Top K (LINEAR) Extracted Node 1: 1.78893 Seconds

Top K (LINEAR) Extracted Node 2: 2.00818 Seconds

Top K (LINEAR) Extracted Node 3: 2.44503 Seconds

Top K (LINEAR) Extracted Node 0: 3.62932 Seconds

Extracting Top K (BRUTEFORCE) Node 0...
Extracting Top K (BRUTEFORCE) Node 1...
Extracting Top K (BRUTEFORCE) Node 3...
Extracting Top K (BRUTEFORCE) Node 2...
Top K (BRUTEFORCE) Extracted Node 1: 0.209804 Seconds

Top K (BRUTEFORCE) Extracted Node 2: 0.264493 Seconds

Top K (BRUTEFORCE) Extracted Node 3: 0.374172 Seconds

Top K (BRUTEFORCE) Extracted Node 0: 5.19254 Seconds

[readSparse]
[readSparse] Read 1540110000 numbers, 140010000 vectors. 


================================
TOP K TREE

[similarityMetric] Averaging output. 

S@k = s_out(s_true): In top k, average output similarity (average groundtruth similarity). 
S@1 = 0.829 
S@10 = 0.787 
S@20 = 0.763 
S@30 = 0.745 
S@32 = 0.742 
S@40 = 0.730 
S@50 = 0.717 
S@64 = 0.701 
S@100 = 0.671 
S@128 = 0.652 
1 10 20 30 32 40 50 64 100 128 
0.829 0.787 0.763 0.745 0.742 0.730 0.717 0.701 0.671 0.652 


================================
TOP K LINEAR

[similarityMetric] Averaging output. 

S@k = s_out(s_true): In top k, average output similarity (average groundtruth similarity). 
S@1 = 0.822 
S@10 = 0.778 
S@20 = 0.753 
S@30 = 0.734 
S@32 = 0.731 
S@40 = 0.719 
S@50 = 0.706 
S@64 = 0.692 
S@100 = 0.664 
S@128 = 0.647 
1 10 20 30 32 40 50 64 100 128 
0.822 0.778 0.753 0.734 0.731 0.719 0.706 0.692 0.664 0.647 


================================
TOP K BRUTEFORCE

[similarityMetric] Averaging output. 

S@k = s_out(s_true): In top k, average output similarity (average groundtruth similarity). 
S@1 = 0.843 
S@10 = 0.810 
S@20 = 0.793 
S@30 = 0.780 
S@32 = 0.778 
S@40 = 0.770 
S@50 = 0.761 
S@64 = 0.751 
S@100 = 0.735 
S@128 = 0.724 
1 10 20 30 32 40 50 64 100 128 
0.843 0.810 0.793 0.780 0.778 0.770 0.761 0.751 0.735 0.724 
Similarity Metric Computed
