LSH Initialized in Node 0
LSH Initialized in Node 1
LSH Initialized in Node 2
LSH Initialized in Node 3
CMS Initialized in Node 0
CMS Initialized in Node 1
CMS Initialized in Node 2
CMS Initialized in Node 3
LSH Reservoir Initialized in Node 2
LSH Reservoir Initialized in Node 0
LSH Reservoir Initialized in Node 3
LSH Reservoir Initialized in Node 1
FLASH Controller Initialized in Node 0
FLASH Controller Initialized in Node 2

Reading Data Node 0...
FLASH Controller Initialized in Node 3
FLASH Controller Initialized in Node 1
[readSparse]
1000
2000
3000
4000
5000
6000
7000
8000
9000
10000
[readSparse] Read 38357581 numbers, 10300 vectors. 
Data Read Node 0: 10.4552 Seconds

Reading Groundtruth Node 0...
Groundtruth Read Node 0: 0.00211746 Seconds

[Status Rank 0]:
	Data Vector Range: [300, 2800)
	Data Range: [1100633, 10531330)
	Query Vector Range: [0, 75)
	Query Range: [0, 260073)

Adding Vectors Node 0...
[Status Rank 1]:
	Data Vector Range: [2800, 5300)
	Data Range: [10531330, 19747643)
	Query Vector Range: [75, 150)
	Query Range: [260073, 536537)

Adding Vectors Node 1...
[Status Rank 2]:
	Data Vector Range: [5300, 7800)
	Data Range: [19747643, 29003925)
	Query Vector Range: [150, 225)
	Query Range: [536537, 821914)

Adding Vectors Node 2...
[Status Rank 3]:
	Data Vector Range: [7800, 10300)
	Data Range: [29003925, 38357581)
	Query Vector Range: [225, 300)
	Query Range: [821914, 1100633)

Adding Vectors Node 3...
Node 2 Table Mem Usage ranges from 0.000149 to 0.000191, average 0.000178
Node 2 Table Mem Usage ranges from 0.001385 to 0.001808, average 0.001630
Node 2 Table Mem Usage ranges from 0.002548 to 0.003365, average 0.002991
Node 2 Table Mem Usage ranges from 0.003590 to 0.004768, average 0.004241
Node 2 Table Mem Usage ranges from 0.004585 to 0.006126, average 0.005448
Vectors Added Node 2: 0.0557195 Seconds

Node 0 Table Mem Usage ranges from 0.000149 to 0.000187, average 0.000174
Node 0 Table Mem Usage ranges from 0.001369 to 0.001854, average 0.001635
Node 0 Table Mem Usage ranges from 0.002529 to 0.003422, average 0.003050
Node 0 Table Mem Usage ranges from 0.003616 to 0.004868, average 0.004327
Node 0 Table Mem Usage ranges from 0.004559 to 0.006256, average 0.005525
Vectors Added Node 0: 0.0567563 Seconds

Node 1 Table Mem Usage ranges from 0.000164 to 0.000191, average 0.000180
Node 1 Table Mem Usage ranges from 0.001427 to 0.001892, average 0.001665
Node 1 Table Mem Usage ranges from 0.002625 to 0.003414, average 0.003079
Node 1 Table Mem Usage ranges from 0.003681 to 0.004852, average 0.004370
Node 1 Table Mem Usage ranges from 0.004765 to 0.006294, average 0.005617
Vectors Added Node 1: 0.0623981 Seconds

Node 3 Table Mem Usage ranges from 0.000168 to 0.000191, average 0.000185
Node 3 Table Mem Usage ranges from 0.001438 to 0.001869, average 0.001677
Node 3 Table Mem Usage ranges from 0.002571 to 0.003410, average 0.003024
Node 3 Table Mem Usage ranges from 0.003632 to 0.004875, average 0.004277
Node 3 Table Mem Usage ranges from 0.004589 to 0.006203, average 0.005472
Vectors Added Node 3: 0.06288 Seconds

Computing Query Hashes Node 0...
Computing Query Hashes Node 2...
Computing Query Hashes Node 1...
Computing Query Hashes Node 3...
Query Hashes Computed Node 2: 0.00148115 Seconds

Query Hashes Computed Node 0: 0.00148547 Seconds

Query Hashes Computed Node 1: 0.00149048 Seconds

Query Hashes Computed Node 3: 0.00148904 Seconds

Extracting Top K (CMS) Node 0...
Extracting Top K (CMS) Node 1...
Extracting Top K (CMS) Node 2...
Extracting Top K (CMS) Node 3...
Top K Extracted Node 1: 0.117601 Seconds

Top K Extracted Node 2: 0.13087 Seconds

Top K Extracted Node 3: 0.158398 Seconds

Top K Extracted Node 0: 0.198621 Seconds



================================
TOP K CMS

[similarityMetric] Averaging gtruth. 
[similarityMetric] Averaging output. 

S@k = s_out(s_true): In top k, average output similarity (average groundtruth similarity). 
S@1 = 0.805 (0.000) 
S@10 = 0.738 (0.000) 
S@20 = 0.708 (0.000) 
S@30 = 0.688 (0.000) 
S@32 = 0.684 (0.000) 
S@40 = 0.672 (0.000) 
S@50 = 0.659 (0.000) 
S@64 = 0.645 (0.000) 
S@100 = 0.621 (0.000) 
S@128 = 0.605 (0.000) 
1 10 20 30 32 40 50 64 100 128 
0.805 0.738 0.708 0.688 0.684 0.672 0.659 0.645 0.621 0.605 
0.000 0.000 0.000 0.000 0.000 0.000 0.000 0.000 0.000 0.000 

Similarity Metric Computed
Evaluation Complete
