LSH Initialized in Node 2
[bc12u23n2:28217] *** Process received signal ***
[bc12u23n2:28217] Signal: Segmentation fault (11)
[bc12u23n2:28217] Signal code: Address not mapped (1)
[bc12u23n2:28217] Failing at address: 0x38
srun: error: bc12u25n3: task 2: Segmentation fault
srun: error: bc12u23n2: task 1: Segmentation fault
[bc12u25n3:49298] *** Process received signal ***
[bc12u25n3:49298] Signal: Segmentation fault (11)
[bc12u25n3:49298] Signal code: Address not mapped (1)
[bc12u25n3:49298] Failing at address: 0x38
[bc12u25n3:49298] [ 0] /usr/lib64/libpthread.so.0(+0xf5d0)[0x7fc1f6ac05d0]
[bc12u25n3:49298] [ 1] /opt/apps/software/Compiler/GCC/6.4.0/OpenMPI/2.1.3/lib/openmpi/mca_mtl_psm2.so(ompi_mtl_psm2_send+0xbc)[0x7fc1f4b0cd0c]
[bc12u25n3:49298] [ 2] /opt/apps/software/Compiler/GCC/6.4.0/OpenMPI/2.1.3/lib/openmpi/mca_pml_cm.so(+0x4015)[0x7fc1f4cd7015]
[bc12u25n3:49298] [ 3] /opt/apps/software/Compiler/GCC/6.4.0/OpenMPI/2.1.3/lib/libmpi.so.20(ompi_coll_base_barrier_intra_recursivedoubling+0x1c9)[0x7fc1f7312b49]
[bc12u25n3:49298] [ 4] /opt/apps/software/Compiler/GCC/6.4.0/OpenMPI/2.1.3/lib/libmpi.so.20(PMPI_Barrier+0x44)[0x7fc1f72cf7e4]
[bc12u25n3:49298] [ 5] /scratch/ncm5/Distributed-LSH-Algorithm-For-Similarity-Search/src/./runme[0x40d969]
[bc12u25n3:49298] [ 6] /scratch/ncm5/Distributed-LSH-Algorithm-For-Similarity-Search/src/./runme[0x402e89]
[bc12u25n3:49298] [ 7] /usr/lib64/libc.so.6(__libc_start_main+0xf5)[0x7fc1f67063d5]
[bc12u25n3:49298] [ 8] /scratch/ncm5/Distributed-LSH-Algorithm-For-Similarity-Search/src/./runme[0x4030f7]
[bc12u25n3:49298] *** End of error message ***
[bc12u23n2:28217] [ 0] /usr/lib64/libpthread.so.0(+0xf5d0)[0x7f68874515d0]
[bc12u23n2:28217] [ 1] /opt/apps/software/Compiler/GCC/6.4.0/OpenMPI/2.1.3/lib/openmpi/mca_mtl_psm2.so(ompi_mtl_psm2_isend+0x103)[0x7f688549e043]
[bc12u23n2:28217] [ 2] /opt/apps/software/Compiler/GCC/6.4.0/OpenMPI/2.1.3/lib/openmpi/mca_pml_cm.so(+0x327b)[0x7f688566727b]
[bc12u23n2:28217] [ 3] /opt/apps/software/Compiler/GCC/6.4.0/OpenMPI/2.1.3/lib/libmpi.so.20(ompi_coll_base_bcast_intra_generic+0x4b6)[0x7f6887c99826]
[bc12u23n2:28217] [ 4] /opt/apps/software/Compiler/GCC/6.4.0/OpenMPI/2.1.3/lib/libmpi.so.20(ompi_coll_base_bcast_intra_binomial+0xb2)[0x7f6887c99d02]
[bc12u23n2:28217] [ 5] /opt/apps/software/Compiler/GCC/6.4.0/OpenMPI/2.1.3/lib/openmpi/mca_coll_tuned.so(ompi_coll_tuned_bcast_intra_dec_fixed+0xcb)[0x7f68851e7e9b]
[bc12u23n2:28217] [ 6] /opt/apps/software/Compiler/GCC/6.4.0/OpenMPI/2.1.3/lib/libmpi.so.20(PMPI_Bcast+0x1a0)[0x7f6887c60cd0]
[bc12u23n2:28217] [ 7] /scratch/ncm5/Distributed-LSH-Algorithm-For-Similarity-Search/src/./runme[0x40c336]
[bc12u23n2:28217] [ 8] /scratch/ncm5/Distributed-LSH-Algorithm-For-Similarity-Search/src/./runme[0x40d961]
[bc12u23n2:28217] [ 9] /scratch/ncm5/Distributed-LSH-Algorithm-For-Similarity-Search/src/./runme[0x402e89]
[bc12u23n2:28217] [10] /usr/lib64/libc.so.6(__libc_start_main+0xf5)[0x7f68870973d5]
[bc12u23n2:28217] [11] /scratch/ncm5/Distributed-LSH-Algorithm-For-Similarity-Search/src/./runme[0x4030f7]
[bc12u23n2:28217] *** End of error message ***
