
=================
== Webspam
=================

340000 Vectors, 10000 Queries
Nodes: 4
Tables: 24
RangePow: 18
Reservoir Size: 256
Hashes: 8
Using CMS Aggregation
CMS Bucket Size: 1024
CMS Hashes: 4

LSH Initialized in Node 0
LSH Initialized in Node 2
LSH Initialized in Node 3
LSH Initialized in Node 1
CMS Initialized in Node 0
CMS Initialized in Node 1
CMS Initialized in Node 2
CMS Initialized in Node 3
LSH Reservoir Initialized in Node 3
LSH Reservoir Initialized in Node 1
LSH Reservoir Initialized in Node 2
LSH Reservoir Initialized in Node 0
FLASH Controller Initialized in Node 0

Reading Data Node 0...
FLASH Controller Initialized in Node 1

Reading Data Node 1...
FLASH Controller Initialized in Node 2

Reading Data Node 2...
FLASH Controller Initialized in Node 3

Reading Data Node 3...
[readSparse]
[readSparse]
[readSparse]
[readSparse]
[readSparse] Read 316858307 numbers, 85000 vectors. 
[readSparse] Read 316320716 numbers, 85000 vectors. 
[readSparse] Read 317907487 numbers, 85000 vectors. 
[readSparse] Read 316403218 numbers, 85000 vectors. 
Data Read Node 3: 145.401 Seconds

Data Read Node 1: 145.401 Seconds

Data Read Node 2: 145.401 Seconds

Data Read Node 0: 145.401 Seconds

[readSparse]
[readSparse] Read 37207718 numbers, 10000 vectors. 
Adding Vectors Node 0...
Adding Vectors Node 1...
Adding Vectors Node 2...
Adding Vectors Node 3...
Node 3 Table Mem Usage ranges from 0.003994 to 0.005077, average 0.004566
Node 3 Table Mem Usage ranges from 0.030415 to 0.040565, average 0.036236
Node 3 Table Mem Usage ranges from 0.051220 to 0.068546, average 0.061693
Node 3 Table Mem Usage ranges from 0.069515 to 0.093624, average 0.083979
Node 3 Table Mem Usage ranges from 0.086060 to 0.116695, average 0.104310
Vectors Added Node 3: 1.61473 Seconds

Node 1 Table Mem Usage ranges from 0.004025 to 0.005108, average 0.004626
Node 1 Table Mem Usage ranges from 0.030148 to 0.040253, average 0.036218
Node 1 Table Mem Usage ranges from 0.050610 to 0.068836, average 0.061302
Node 1 Table Mem Usage ranges from 0.068905 to 0.094048, average 0.083619
Node 1 Table Mem Usage ranges from 0.085667 to 0.117226, average 0.104149
Vectors Added Node 1: 1.61868 Seconds

Node 0 Table Mem Usage ranges from 0.003975 to 0.005013, average 0.004560
Node 0 Table Mem Usage ranges from 0.030144 to 0.040188, average 0.036145
Node 0 Table Mem Usage ranges from 0.050797 to 0.068256, average 0.061213
Node 0 Table Mem Usage ranges from 0.068645 to 0.093204, average 0.083205
Node 0 Table Mem Usage ranges from 0.085377 to 0.116337, average 0.103530
Vectors Added Node 0: 1.72572 Seconds

Node 2 Table Mem Usage ranges from 0.003891 to 0.005039, average 0.004456
Node 2 Table Mem Usage ranges from 0.030167 to 0.040173, average 0.035988
Node 2 Table Mem Usage ranges from 0.050629 to 0.068336, average 0.061011
Node 2 Table Mem Usage ranges from 0.069042 to 0.094097, average 0.083627
Node 2 Table Mem Usage ranges from 0.085453 to 0.117027, average 0.103808
Vectors Added Node 2: 1.72685 Seconds

Computing Query Hashes Node 1...
Computing Query Hashes Node 3...
Computing Query Hashes Node 0...
Computing Query Hashes Node 2...
Query Hashes Computed Node 0: 0.0451156 Seconds

Query Hashes Computed Node 1: 0.0451237 Seconds

Extracting Top K (CMS) Node 1...
Query Hashes Computed Node 2: 0.0451175 Seconds

Extracting Top K (CMS) Node 2...
Query Hashes Computed Node 3: 0.045127 Seconds

Extracting Top K (CMS) Node 3...
Extracting Top K (CMS) Node 0...
Top K Extracted Node 3: 1.83111 Seconds

Top K Extracted Node 1: 1.84098 Seconds

Top K Extracted Node 2: 2.03615 Seconds

Top K Extracted Node 0: 2.26454 Seconds

Reading Groundtruth Node 0...
Groundtruth Read Node 0: 0.00370906 Seconds

[readSparse]
[readSparse] Read 1304697446 numbers, 350000 vectors. 


================================
TOP K CMS

[similarityMetric] Averaging gtruth. 
[similarityMetric] Averaging output. 

S@k = s_out(s_true): In top k, average output similarity (average groundtruth similarity). 
S@1 = 0.901 (0.000) 
S@10 = 0.857 (0.000) 
S@20 = 0.841 (0.000) 
S@30 = 0.831 (0.000) 
S@32 = 0.829 (0.000) 
S@40 = 0.824 (0.000) 
S@50 = 0.818 (0.000) 
S@64 = 0.811 (0.000) 
S@100 = 0.799 (0.000) 
S@128 = 0.791 (0.000) 
1 10 20 30 32 40 50 64 100 128 
0.901 0.857 0.841 0.831 0.829 0.824 0.818 0.811 0.799 0.791 
0.000 0.000 0.000 0.000 0.000 0.000 0.000 0.000 0.000 0.000 

Similarity Metric Computed
S@1 = 0.000 
S@10 = 0.000 
S@20 = 0.000 
S@30 = 0.000 
S@32 = 0.000 
S@40 = 0.000 
S@50 = 0.000 
S@64 = 0.000 
S@100 = 0.000 
S@128 = 0.000 
1 10 20 30 32 40 50 64 100 128 
0.000 0.000 0.000 0.000 0.000 0.000 0.000 0.000 0.000 0.000 

Similarity of Data Computed
Evaluation Complete
