LSH Initialized in Node 0
LSH Initialized in Node 1
LSH Initialized in Node 2
LSH Initialized in Node 3
CMS Initialized in Node 0
CMS Initialized in Node 1
CMS Initialized in Node 2
CMS Initialized in Node 3
LSH Reservoir Initialized in Node 2
LSH Reservoir Initialized in Node 0
LSH Reservoir Initialized in Node 3
LSH Reservoir Initialized in Node 1
FLASH Controller Initialized in Node 1
FLASH Controller Initialized in Node 0

Reading Data Node 0...
FLASH Controller Initialized in Node 2
FLASH Controller Initialized in Node 3
[readSparse]
1000
2000
3000
4000
5000
6000
7000
8000
9000
10000
11000
12000
13000
14000
15000
16000
17000
18000
19000
20000
21000
22000
23000
24000
25000
26000
27000
28000
29000
30000
31000
32000
33000
34000
35000
36000
37000
38000
39000
40000
41000
42000
43000
44000
45000
46000
47000
48000
49000
50000
51000
52000
53000
54000
55000
56000
57000
58000
59000
60000
61000
62000
63000
64000
65000
66000
67000
68000
69000
70000
71000
72000
73000
74000
75000
76000
77000
78000
79000
80000
81000
82000
83000
84000
85000
86000
87000
88000
89000
90000
91000
92000
93000
94000
95000
96000
97000
98000
99000
100000
101000
102000
103000
104000
105000
106000
107000
108000
109000
110000
111000
112000
113000
114000
115000
116000
117000
118000
119000
120000
121000
122000
123000
124000
125000
126000
127000
128000
129000
130000
131000
132000
133000
134000
135000
136000
137000
138000
139000
140000
141000
142000
143000
144000
145000
146000
147000
148000
149000
150000
151000
152000
153000
154000
155000
156000
157000
158000
159000
160000
161000
162000
163000
164000
165000
166000
167000
168000
169000
170000
171000
172000
173000
174000
175000
176000
177000
178000
179000
180000
181000
182000
183000
184000
185000
186000
187000
188000
189000
190000
191000
192000
193000
194000
195000
196000
197000
198000
199000
200000
201000
202000
203000
204000
205000
206000
207000
208000
209000
210000
211000
212000
213000
214000
215000
216000
217000
218000
219000
220000
221000
222000
223000
224000
225000
226000
227000
228000
229000
230000
231000
232000
233000
234000
235000
236000
237000
238000
239000
240000
241000
242000
243000
244000
245000
246000
247000
248000
249000
250000
251000
252000
253000
254000
255000
256000
257000
258000
259000
260000
261000
262000
263000
264000
265000
266000
267000
268000
269000
270000
271000
272000
273000
274000
275000
276000
277000
278000
279000
280000
281000
282000
283000
284000
285000
286000
287000
288000
289000
290000
291000
292000
293000
294000
295000
296000
297000
298000
299000
300000
301000
302000
303000
304000
305000
306000
307000
308000
309000
310000
311000
312000
313000
314000
315000
316000
317000
318000
319000
320000
321000
322000
323000
324000
325000
326000
327000
328000
329000
330000
331000
332000
333000
334000
335000
336000
337000
338000
339000
340000
341000
342000
343000
344000
345000
346000
347000
348000
349000
[readSparse] Read 1304697446 numbers, 350000 vectors. 
Data Read Node 0: 371.062 Seconds

Reading Groundtruth Node 0...
Groundtruth Read Node 0: 0.00210524 Seconds

[bc12u11n1:23328] *** Process received signal ***
[bc12u11n1:23328] Signal: Bus error (7)
[bc12u11n1:23328] Signal code: Non-existant physical address (2)
[bc12u11n1:23328] Failing at address: 0x41143b
[bc12u11n1:23328] [ 0] /usr/lib64/libpthread.so.0(+0xf5d0)[0x7f516508e5d0]
[bc12u11n1:23328] [ 1] /scratch/ncm5/Distributed-LSH-Algorithm-For-Similarity-Search/src/./runme[0x41143b]
[bc12u11n1:23328] [ 2] /scratch/ncm5/Distributed-LSH-Algorithm-For-Similarity-Search/src/./runme[0x40e3b4]
[bc12u11n1:23328] [ 3] /scratch/ncm5/Distributed-LSH-Algorithm-For-Similarity-Search/src/./runme[0x402e89]
[bc12u11n1:23328] [ 4] /usr/lib64/libc.so.6(__libc_start_main+0xf5)[0x7f5164cd43d5]
[bc12u11n1:23328] [ 5] /scratch/ncm5/Distributed-LSH-Algorithm-For-Similarity-Search/src/./runme[0x4030f7]
[bc12u11n1:23328] *** End of error message ***
slurmstepd: Exceeded job memory limit at some point.
srun: error: bc12u11n1: task 1: Bus error
srun: Job step aborted: Waiting up to 32 seconds for job step to finish.
slurmstepd: *** JOB 9776681 ON bc12u11n1 CANCELLED AT 2019-10-16T18:06:46 DUE TO TIME LIMIT ***
slurmstepd: *** STEP 9776681.0 ON bc12u11n1 CANCELLED AT 2019-10-16T18:06:46 DUE TO TIME LIMIT ***
slurmstepd: Exceeded job memory limit at some point.
