slurmstepd: task/cgroup: unable to add task[pid=46241] to memory cg '(null)'
slurmstepd: unable to build slurm cgroup for ns memory: Cannot allocate memory
slurmstepd: jobacct_gather/cgroup: unable to instanciate user 17279 memory cgroup
slurmstepd: task/cgroup: unable to add task[pid=46307] to memory cg '(null)'
slurmstepd: task/cgroup: unable to add task[pid=46305] to memory cg '(null)'
slurmstepd: task/cgroup: unable to add task[pid=46306] to memory cg '(null)'
slurmstepd: task/cgroup: unable to add task[pid=46308] to memory cg '(null)'
slurmstepd: unable to build slurm cgroup for ns memory: Cannot allocate memory
slurmstepd: jobacct_gather/cgroup: unable to instanciate user 17279 memory cgroup
slurmstepd: unable to build slurm cgroup for ns memory: Cannot allocate memory
slurmstepd: jobacct_gather/cgroup: unable to instanciate user 17279 memory cgroup
slurmstepd: unable to build slurm cgroup for ns memory: Cannot allocate memory
slurmstepd: jobacct_gather/cgroup: unable to instanciate user 17279 memory cgroup
slurmstepd: unable to build slurm cgroup for ns memory: Cannot allocate memory
slurmstepd: jobacct_gather/cgroup: unable to instanciate user 17279 memory cgroup

=================
== KDD12
=================

140000000 Vectors, 10000 Queries
Nodes: 4
Tables: 16
RangePow: 18
Reservoir Size: 256
Hashes: 4
CMS Bucket Size: 2048
CMS Hashes: 4

LSH Initialized in Node 0
LSH Initialized in Node 2
LSH Initialized in Node 1
LSH Initialized in Node 3
CMS Initialized in Node 0
CMS Initialized in Node 1
CMS Initialized in Node 2
CMS Initialized in Node 3
LSH Reservoir Initialized in Node 3
LSH Reservoir Initialized in Node 1
LSH Reservoir Initialized in Node 2
LSH Reservoir Initialized in Node 0
FLASH Controller Initialized in Node 0

Reading Data Node 0...
FLASH Controller Initialized in Node 1

Reading Data Node 1...
FLASH Controller Initialized in Node 2

Reading Data Node 2...
FLASH Controller Initialized in Node 3

Reading Data Node 3...
[readSparse]
[readSparse]
[readSparse]
[readSparse]
[readSparse] Read 385000000 numbers, 35000000 vectors. 
[readSparse] Read 385000000 numbers, 35000000 vectors. 
[readSparse] Read 385000000 numbers, 35000000 vectors. 
[readSparse] Read 385000000 numbers, 35000000 vectors. 
Data Read Node 3: 194.156 Seconds

Data Read Node 2: 194.155 Seconds

Data Read Node 0: 194.156 Seconds

Data Read Node 1: 194.156 Seconds

[readSparse]
[readSparse] Read 110000 numbers, 10000 vectors. 
Adding Vectors Node 0...
Adding Vectors Node 1...
Adding Vectors Node 2...
Adding Vectors Node 3...
Node 2 Table Mem Usage ranges from 0.632278 to 0.745449, average 0.696521
Node 2 Table Mem Usage ranges from 0.974487 to 0.982456, average 0.978162
Node 2 Table Mem Usage ranges from 0.974518 to 0.982471, average 0.978320
Node 2 Table Mem Usage ranges from 0.974518 to 0.982471, average 0.978320
Node 2 Table Mem Usage ranges from 0.974518 to 0.982471, average 0.978320
Vectors Added Node 2: 38.4974 Seconds

Node 3 Table Mem Usage ranges from 0.404030 to 0.574657, average 0.521832
Node 3 Table Mem Usage ranges from 0.968513 to 0.985645, average 0.981098
Node 3 Table Mem Usage ranges from 0.970936 to 0.991726, average 0.983392
Node 3 Table Mem Usage ranges from 0.970936 to 0.991837, average 0.983401
Node 3 Table Mem Usage ranges from 0.970936 to 0.991837, average 0.983401
Vectors Added Node 3: 39.7524 Seconds

Node 1 Table Mem Usage ranges from 0.626919 to 0.731026, average 0.686672
Node 1 Table Mem Usage ranges from 0.932285 to 0.986073, average 0.979178
Node 1 Table Mem Usage ranges from 0.932316 to 0.986805, average 0.979328
Node 1 Table Mem Usage ranges from 0.932316 to 0.986805, average 0.979328
Node 1 Table Mem Usage ranges from 0.932316 to 0.986805, average 0.979328
Vectors Added Node 1: 41.1148 Seconds

Node 0 Table Mem Usage ranges from 0.621868 to 0.725201, average 0.682808
Node 0 Table Mem Usage ranges from 0.975067 to 0.986671, average 0.979481
Node 0 Table Mem Usage ranges from 0.975079 to 0.987362, average 0.979649
Node 0 Table Mem Usage ranges from 0.975079 to 0.987366, average 0.979650
Node 0 Table Mem Usage ranges from 0.975079 to 0.987366, average 0.979650
Vectors Added Node 0: 41.2232 Seconds

Computing Query Hashes Node 0...
Computing Query Hashes Node 1...
Computing Query Hashes Node 3...
Computing Query Hashes Node 2...
Query Hashes Computed Node 0: 0.00691916 Seconds

Query Hashes Computed Node 3: 0.00693086 Seconds

Query Hashes Computed Node 1: 0.00694623 Seconds

Query Hashes Computed Node 2: 0.0151616 Seconds

Extracting Top K (TREE) Node 0...
Extracting Top K (TREE) Node 1...
Extracting Top K (TREE) Node 2...
Extracting Top K (TREE) Node 3...
Top K (TREE) Extracted Node 3: 0.722265 Seconds

Top K (TREE) Extracted Node 1: 0.722418 Seconds

Top K (TREE) Extracted Node 2: 0.944248 Seconds

Top K (TREE) Extracted Node 0: 1.07516 Seconds

Extracting Top K (LINEAR) Node 0...
Extracting Top K (LINEAR) Node 1...
Extracting Top K (LINEAR) Node 2...
Extracting Top K (LINEAR) Node 3...
Top K (LINEAR) Extracted Node 1: 0.710195 Seconds

Top K (LINEAR) Extracted Node 2: 0.931828 Seconds

Top K (LINEAR) Extracted Node 3: 1.37496 Seconds

Top K (LINEAR) Extracted Node 0: 1.7043 Seconds

Extracting Top K (BRUTEFORCE) Node 0...
Extracting Top K (BRUTEFORCE) Node 1...
Extracting Top K (BRUTEFORCE) Node 3...
Extracting Top K (BRUTEFORCE) Node 2...
Top K (BRUTEFORCE) Extracted Node 1: 0.126624 Seconds

Top K (BRUTEFORCE) Extracted Node 2: 0.181867 Seconds

Top K (BRUTEFORCE) Extracted Node 3: 0.294075 Seconds

Top K (BRUTEFORCE) Extracted Node 0: 1.58764 Seconds

[readSparse]
[readSparse] Read 1540110000 numbers, 140010000 vectors. 


================================
TOP K TREE

[similarityMetric] Averaging output. 

S@k = s_out(s_true): In top k, average output similarity (average groundtruth similarity). 
S@1 = 0.828 
S@10 = 0.786 
S@20 = 0.762 
S@30 = 0.744 
S@32 = 0.741 
S@40 = 0.728 
S@50 = 0.715 
S@64 = 0.699 
S@100 = 0.669 
S@128 = 0.650 
1 10 20 30 32 40 50 64 100 128 
0.828 0.786 0.762 0.744 0.741 0.728 0.715 0.699 0.669 0.650 


================================
TOP K LINEAR

[similarityMetric] Averaging output. 

S@k = s_out(s_true): In top k, average output similarity (average groundtruth similarity). 
S@1 = 0.821 
S@10 = 0.777 
S@20 = 0.752 
S@30 = 0.733 
S@32 = 0.730 
S@40 = 0.718 
S@50 = 0.705 
S@64 = 0.690 
S@100 = 0.662 
S@128 = 0.645 
1 10 20 30 32 40 50 64 100 128 
0.821 0.777 0.752 0.733 0.730 0.718 0.705 0.690 0.662 0.645 


================================
TOP K BRUTEFORCE

[similarityMetric] Averaging output. 

S@k = s_out(s_true): In top k, average output similarity (average groundtruth similarity). 
S@1 = 0.843 
S@10 = 0.810 
S@20 = 0.793 
S@30 = 0.780 
S@32 = 0.778 
S@40 = 0.770 
S@50 = 0.761 
S@64 = 0.751 
S@100 = 0.734 
S@128 = 0.724 
1 10 20 30 32 40 50 64 100 128 
0.843 0.810 0.793 0.780 0.778 0.770 0.761 0.751 0.734 0.724 
Similarity Metric Computed
