
=================
== Webspam
=================

340000 Vectors, 10000 Queries
Nodes: 4
Tables: 24
RangePow: 18
Reservoir Size: 256
Hashes: 8
Using Bruteforce AggregationUsing Tree Aggregation
CMS Bucket Size: 1024
CMS Hashes: 4

LSH Initialized in Node 0
LSH Initialized in Node 2
LSH Initialized in Node 1
LSH Initialized in Node 3
CMS Initialized in Node 0
CMS Initialized in Node 1
CMS Initialized in Node 2
CMS Initialized in Node 3
LSH Reservoir Initialized in Node 3
LSH Reservoir Initialized in Node 2
LSH Reservoir Initialized in Node 1
LSH Reservoir Initialized in Node 0
FLASH Controller Initialized in Node 1

Reading Data Node 1...
FLASH Controller Initialized in Node 3

Reading Data Node 3...
FLASH Controller Initialized in Node 0

Reading Data Node 0...
[readSparse]
[readSparse]
FLASH Controller Initialized in Node 2

Reading Data Node 2...
[readSparse]
[readSparse]
[readSparse] Read 316858307 numbers, 85000 vectors. 
[readSparse] Read 316320716 numbers, 85000 vectors. 
[readSparse] Read 317907487 numbers, 85000 vectors. 
[readSparse] Read 316403218 numbers, 85000 vectors. 
Data Read Node 2: 130.316 Seconds

Data Read Node 3: 130.316 Seconds

Data Read Node 0: 130.316 Seconds

Data Read Node 1: 130.316 Seconds

[readSparse]
[readSparse] Read 37207718 numbers, 10000 vectors. 
Adding Vectors Node 0...
Adding Vectors Node 1...
Adding Vectors Node 2...
Adding Vectors Node 3...
Node 3 Table Mem Usage ranges from 0.003994 to 0.005081, average 0.004567
Node 3 Table Mem Usage ranges from 0.030426 to 0.040562, average 0.036237
Node 3 Table Mem Usage ranges from 0.051235 to 0.068565, average 0.061694
Node 3 Table Mem Usage ranges from 0.069530 to 0.093639, average 0.083980
Node 3 Table Mem Usage ranges from 0.086079 to 0.116718, average 0.104311
Vectors Added Node 3: 1.57899 Seconds

Node 1 Table Mem Usage ranges from 0.004025 to 0.005112, average 0.004625
Node 1 Table Mem Usage ranges from 0.030148 to 0.040253, average 0.036221
Node 1 Table Mem Usage ranges from 0.050617 to 0.068844, average 0.061303
Node 1 Table Mem Usage ranges from 0.068905 to 0.094059, average 0.083621
Node 1 Table Mem Usage ranges from 0.085667 to 0.117241, average 0.104150
Vectors Added Node 1: 1.58019 Seconds

Node 0 Table Mem Usage ranges from 0.003971 to 0.005013, average 0.004561
Node 0 Table Mem Usage ranges from 0.030140 to 0.040192, average 0.036143
Node 0 Table Mem Usage ranges from 0.050789 to 0.068237, average 0.061209
Node 0 Table Mem Usage ranges from 0.068634 to 0.093204, average 0.083204
Node 0 Table Mem Usage ranges from 0.085361 to 0.116314, average 0.103528
Vectors Added Node 0: 1.65598 Seconds

Node 2 Table Mem Usage ranges from 0.003891 to 0.005043, average 0.004456
Node 2 Table Mem Usage ranges from 0.030167 to 0.040173, average 0.035990
Node 2 Table Mem Usage ranges from 0.050652 to 0.068348, average 0.061013
Node 2 Table Mem Usage ranges from 0.069027 to 0.094101, average 0.083627
Node 2 Table Mem Usage ranges from 0.085423 to 0.117027, average 0.103810
Vectors Added Node 2: 1.65732 Seconds

Computing Query Hashes Node 1...
Computing Query Hashes Node 3...
Computing Query Hashes Node 0...
Computing Query Hashes Node 2...
Query Hashes Computed Node 0: 0.0430475 Seconds

Query Hashes Computed Node 2: 0.0430539 Seconds

Query Hashes Computed Node 1: 0.0430682 Seconds

Query Hashes Computed Node 3: 0.0430675 Seconds

Extracting Top K (CMS) Node 0...
Extracting Top K (CMS) Node 1...
Extracting Top K (CMS) Node 2...
Extracting Top K (CMS) Node 3...
Top K Extracted Node 1: 0.284386 Seconds

Top K Extracted Node 2: 0.366725 Seconds

Top K Extracted Node 3: 0.53098 Seconds

Top K Extracted Node 0: 6.3436 Seconds

Reading Groundtruth Node 0...
Groundtruth Read Node 0: 0.0025917 Seconds

[readSparse]
[readSparse] Read 1304697446 numbers, 350000 vectors. 


================================
TOP K CMS

[similarityMetric] Averaging gtruth. 
[similarityMetric] Averaging output. 

S@k = s_out(s_true): In top k, average output similarity (average groundtruth similarity). 
S@1 = 0.904 (0.000) 
S@10 = 0.860 (0.000) 
S@20 = 0.844 (0.000) 
S@30 = 0.835 (0.000) 
S@32 = 0.833 (0.000) 
S@40 = 0.829 (0.000) 
S@50 = 0.823 (0.000) 
S@64 = 0.817 (0.000) 
S@100 = 0.805 (0.000) 
S@128 = 0.798 (0.000) 
1 10 20 30 32 40 50 64 100 128 
0.904 0.860 0.844 0.835 0.833 0.829 0.823 0.817 0.805 0.798 
0.000 0.000 0.000 0.000 0.000 0.000 0.000 0.000 0.000 0.000 

Similarity Metric Computed
Evaluation Complete
