
=================
== KDD12
=================

140000000 Vectors, 10000 Queries
Nodes: 2
Tables: 16
RangePow: 18
Reservoir Size: 256
Hashes: 4
CMS Bucket Size: 2048
CMS Hashes: 4

LSH Initialized in Node 0
LSH Initialized in Node 1
CMS Initialized in Node 0
CMS Initialized in Node 1
LSH Reservoir Initialized in Node 1
LSH Reservoir Initialized in Node 0
FLASH Controller Initialized in Node 0
FLASH Controller Initialized in Node 1

Reading Data Node 1...

Reading Data Node 0...
[readSparse]
[readSparse]
[readSparse] Read 770000000 numbers, 70000000 vectors. 
[readSparse] Read 770000000 numbers, 70000000 vectors. 
Data Read Node 0: 236.212 Seconds

[readSparse]
Data Read Node 1: 236.213 Seconds

[readSparse] Read 110000 numbers, 10000 vectors. 
Adding Vectors Node 0...
Adding Vectors Node 1...
Node 1 Table Mem Usage ranges from 0.821430 to 0.899963, average 0.870100
Node 1 Table Mem Usage ranges from 0.972076 to 0.979244, average 0.975072
Node 1 Table Mem Usage ranges from 0.972076 to 0.979244, average 0.975072
Node 1 Table Mem Usage ranges from 0.972076 to 0.979244, average 0.975072
Node 1 Table Mem Usage ranges from 0.972076 to 0.979244, average 0.975072
Vectors Added Node 1: 68.7848 Seconds

Node 0 Table Mem Usage ranges from 0.810890 to 0.896942, average 0.864584
Node 0 Table Mem Usage ranges from 0.974987 to 0.982563, average 0.979182
Node 0 Table Mem Usage ranges from 0.974987 to 0.982563, average 0.979182
Node 0 Table Mem Usage ranges from 0.974987 to 0.982563, average 0.979182
Node 0 Table Mem Usage ranges from 0.974987 to 0.982563, average 0.979182
Vectors Added Node 0: 73.1123 Seconds

Computing Query Hashes Node 1...
Computing Query Hashes Node 0...
Query Hashes Computed Node 0: 0.00752827 Seconds

Query Hashes Computed Node 1: 0.0153879 Seconds

Extracting Top K (TREE) Node 0...
Extracting Top K (TREE) Node 1...
Top K (TREE) Extracted Node 1: 0.716592 Seconds

Top K (TREE) Extracted Node 0: 0.835286 Seconds

Extracting Top K (LINEAR) Node 1...
Extracting Top K (LINEAR) Node 0...
Top K (LINEAR) Extracted Node 1: 0.921884 Seconds

Top K (LINEAR) Extracted Node 0: 1.08093 Seconds

Extracting Top K (BRUTEFORCE) Node 1...
Extracting Top K (BRUTEFORCE) Node 0...
Top K (BRUTEFORCE) Extracted Node 1: 0.163188 Seconds

Top K (BRUTEFORCE) Extracted Node 0: 0.845161 Seconds

[readSparse]
[readSparse] Read 1540110000 numbers, 140010000 vectors. 


================================
TOP K TREE

[similarityMetric] Averaging output. 

S@k = s_out(s_true): In top k, average output similarity (average groundtruth similarity). 
S@1 = 0.815 
S@10 = 0.762 
S@20 = 0.729 
S@30 = 0.704 
S@32 = 0.699 
S@40 = 0.684 
S@50 = 0.666 
S@64 = 0.646 
S@100 = 0.608 
S@128 = 0.584 
1 10 20 30 32 40 50 64 100 128 
0.815 0.762 0.729 0.704 0.699 0.684 0.666 0.646 0.608 0.584 


================================
TOP K LINEAR

[similarityMetric] Averaging output. 

S@k = s_out(s_true): In top k, average output similarity (average groundtruth similarity). 
S@1 = 0.811 
S@10 = 0.754 
S@20 = 0.717 
S@30 = 0.691 
S@32 = 0.687 
S@40 = 0.670 
S@50 = 0.653 
S@64 = 0.633 
S@100 = 0.594 
S@128 = 0.571 
1 10 20 30 32 40 50 64 100 128 
0.811 0.754 0.717 0.691 0.687 0.670 0.653 0.633 0.594 0.571 


================================
TOP K BRUTEFORCE

[similarityMetric] Averaging output. 

S@k = s_out(s_true): In top k, average output similarity (average groundtruth similarity). 
S@1 = 0.832 
S@10 = 0.797 
S@20 = 0.778 
S@30 = 0.763 
S@32 = 0.761 
S@40 = 0.751 
S@50 = 0.741 
S@64 = 0.728 
S@100 = 0.704 
S@128 = 0.688 
1 10 20 30 32 40 50 64 100 128 
0.832 0.797 0.778 0.763 0.761 0.751 0.741 0.728 0.704 0.688 
Similarity Metric Computed
