LSH Initialized in Node 0
LSH Initialized in Node 1
LSH Initialized in Node 2
LSH Initialized in Node 3
LSH Initialized in Node 4
CMS Initialized in Node 0
CMS Initialized in Node 1
CMS Initialized in Node 2
CMS Initialized in Node 3
CMS Initialized in Node 4
LSH Reservoir Initialized in Node 4
LSH Reservoir Initialized in Node 3
LSH Reservoir Initialized in Node 1
LSH Reservoir Initialized in Node 2
LSH Reservoir Initialized in Node 0
FLASH Controller Initialized in Node 0

Reading Data Node 0...
FLASH Controller Initialized in Node 1

Reading Data Node 1...
FLASH Controller Initialized in Node 2

Reading Data Node 2...
FLASH Controller Initialized in Node 3

Reading Data Node 3...
[readSparse]
FLASH Controller Initialized in Node 4

Reading Data Node 4...
[readSparse]
[readSparse]
[readSparse]
[readSparse]
[readSparse] Read 308000000 numbers, 28000000 vectors. 
[readSparse] Read 308000000 numbers, 28000000 vectors. 
[readSparse] Read 308000000 numbers, 28000000 vectors. 
[readSparse] Read 308000000 numbers, 28000000 vectors. 
[readSparse] Read 308000000 numbers, 28000000 vectors. 
Data Read Node 4: 132.145 Seconds

Data Read Node 3: 132.145 Seconds

Data Read Node 1: 132.145 Seconds

Data Read Node 2: 132.145 Seconds

Data Read Node 0: 132.145 Seconds

[readSparse]
[readSparse] Read 110000 numbers, 10000 vectors. 
Adding Vectors Node 0...
Adding Vectors Node 1...
Adding Vectors Node 2...
Adding Vectors Node 3...
Adding Vectors Node 4...
Node 3 Table Mem Usage ranges from 0.357216 to 0.512363, average 0.463869
Node 3 Table Mem Usage ranges from 0.964600 to 0.998901, average 0.993402
Node 3 Table Mem Usage ranges from 0.997093 to 0.999786, average 0.999495
Node 3 Table Mem Usage ranges from 0.999504 to 0.999863, average 0.999739
Node 3 Table Mem Usage ranges from 0.999672 to 0.999863, average 0.999758
Vectors Added Node 3: 75.5753 Seconds

Node 1 Table Mem Usage ranges from 0.568424 to 0.679161, average 0.633539
Node 1 Table Mem Usage ranges from 0.997398 to 0.999615, average 0.999055
Node 1 Table Mem Usage ranges from 0.999622 to 0.999779, average 0.999686
Node 1 Table Mem Usage ranges from 0.999626 to 0.999779, average 0.999691
Node 1 Table Mem Usage ranges from 0.999626 to 0.999779, average 0.999692
Vectors Added Node 1: 87.3174 Seconds

Node 4 Table Mem Usage ranges from 0.347824 to 0.516388, average 0.458878
Node 4 Table Mem Usage ranges from 0.991837 to 0.999340, average 0.997965
Node 4 Table Mem Usage ranges from 0.999649 to 0.999825, average 0.999732
Node 4 Table Mem Usage ranges from 0.999649 to 0.999882, average 0.999740
Node 4 Table Mem Usage ranges from 0.999649 to 0.999886, average 0.999741
Vectors Added Node 4: 91.4309 Seconds

Node 2 Table Mem Usage ranges from 0.571468 to 0.677864, average 0.633723
Node 2 Table Mem Usage ranges from 0.997341 to 0.999619, average 0.999054
Node 2 Table Mem Usage ranges from 0.999607 to 0.999771, average 0.999690
Node 2 Table Mem Usage ranges from 0.999607 to 0.999775, average 0.999694
Node 2 Table Mem Usage ranges from 0.999607 to 0.999775, average 0.999694
Vectors Added Node 2: 91.6859 Seconds

Node 0 Table Mem Usage ranges from 0.565517 to 0.679249, average 0.631905
Node 0 Table Mem Usage ranges from 0.997250 to 0.999596, average 0.999014
Node 0 Table Mem Usage ranges from 0.999596 to 0.999779, average 0.999678
Node 0 Table Mem Usage ranges from 0.999596 to 0.999779, average 0.999683
Node 0 Table Mem Usage ranges from 0.999596 to 0.999779, average 0.999683
Vectors Added Node 0: 94.2372 Seconds

Computing Query Hashes Node 0...
Computing Query Hashes Node 1...
Computing Query Hashes Node 2...
Computing Query Hashes Node 3...
Computing Query Hashes Node 4...
Query Hashes Computed Node 4: 0.00324249 Seconds

Query Hashes Computed Node 0: 0.00338388 Seconds

Query Hashes Computed Node 3: 0.00336303 Seconds

Query Hashes Computed Node 2: 0.0034454 Seconds

Query Hashes Computed Node 1: 0.00344659 Seconds

Extracting Top K (CMS) Node 0...
Extracting Top K (CMS) Node 1...
Extracting Top K (CMS) Node 2...
Extracting Top K (CMS) Node 3...
Extracting Top K (CMS) Node 4...
Top K Extracted Node 3: 1.71952 Seconds

Top K Extracted Node 1: 1.73299 Seconds

Top K Extracted Node 2: 2.19791 Seconds

Top K Extracted Node 4: 2.60262 Seconds

Top K Extracted Node 0: 3.08214 Seconds

[readSparse]
[readSparse] Read 1540110000 numbers, 140010000 vectors. 


================================
TOP K CMS

[similarityMetric] Averaging output. 

S@k = s_out(s_true): In top k, average output similarity (average groundtruth similarity). 
S@1 = 0.824 
S@10 = 0.782 
S@20 = 0.759 
S@30 = 0.741 
S@32 = 0.738 
S@40 = 0.727 
S@50 = 0.714 
S@64 = 0.699 
S@100 = 0.670 
S@128 = 0.652 
1 10 20 30 32 40 50 64 100 128 
0.824 0.782 0.759 0.741 0.738 0.727 0.714 0.699 0.670 0.652 
Similarity Metric Computed
