slurmstepd: task/cgroup: unable to add task[pid=78407] to memory cg '(null)'
slurmstepd: unable to build slurm cgroup for ns memory: Cannot allocate memory
slurmstepd: jobacct_gather/cgroup: unable to instanciate user 17279 memory cgroup

=================
== KDD12
=================

140000000 Vectors, 10000 Queries
Nodes: 9
Tables: 16
RangePow: 18
Reservoir Size: 256
Hashes: 4
CMS Bucket Size: 2048
CMS Hashes: 4

LSH Initialized in Node 0
LSH Initialized in Node 8
LSH Initialized in Node 4
LSH Initialized in Node 5
LSH Initialized in Node 2
LSH Initialized in Node 6
LSH Initialized in Node 1
LSH Initialized in Node 7
LSH Initialized in Node 3
CMS Initialized in Node 4
CMS Initialized in Node 2
CMS Initialized in Node 6
CMS Initialized in Node 5
CMS Initialized in Node 1
CMS Initialized in Node 7
CMS Initialized in Node 3
CMS Initialized in Node 8
CMS Initialized in Node 0
LSH Reservoir Initialized in Node 4
LSH Reservoir Initialized in Node 7
LSH Reservoir Initialized in Node 5
LSH Reservoir Initialized in Node 0
LSH Reservoir Initialized in Node 1
LSH Reservoir Initialized in Node 6
LSH Reservoir Initialized in Node 2
LSH Reservoir Initialized in Node 8
FLASH Controller Initialized in Node 8

Reading Data Node 8...
FLASH Controller Initialized in Node 0

Reading Data Node 0...
[readSparse]
FLASH Controller Initialized in Node 7

Reading Data Node 7...
LSH Reservoir Initialized in Node 3
FLASH Controller Initialized in Node 5

Reading Data Node 5...
[readSparse]
FLASH Controller Initialized in Node 1

Reading Data Node 1...
FLASH Controller Initialized in Node 3

Reading Data Node 3...
[readSparse]
FLASH Controller Initialized in Node 6

Reading Data Node 6...
[readSparse]
[readSparse]
FLASH Controller Initialized in Node 2

Reading Data Node 2...
[readSparse]
FLASH Controller Initialized in Node 4

Reading Data Node 4...
[readSparse]
[readSparse]
[readSparse]
[readSparse] Read 171111127 numbers, 15555557 vectors. 
[readSparse] Read 171111127 numbers, 15555557 vectors. 
[readSparse] Read 171111116 numbers, 15555556 vectors. 
[readSparse] Read 171111116 numbers, 15555556 vectors. 
[readSparse] Read 171111127 numbers, 15555557 vectors. 
[readSparse] Read 171111127 numbers, 15555557 vectors. 
[readSparse] Read 171111127 numbers, 15555557 vectors. 
[readSparse] Read 171111116 numbers, 15555556 vectors. 
[readSparse] Read 171111116 numbers, 15555556 vectors. 
Data Read Node 8: 146.248 Seconds

Data Read Node 0: 146.248 Seconds

Data Read Node 1: 146.247 Seconds

[readSparse]
Data Read Node 4: 146.246 Seconds

Data Read Node 7: 146.248 Seconds

Data Read Node 5: 146.247 Seconds

Data Read Node 2: 146.246 Seconds

Data Read Node 3: 146.247 Seconds

Data Read Node 6: 146.246 Seconds

[readSparse] Read 110000 numbers, 10000 vectors. 
Adding Vectors Node 0...
Adding Vectors Node 1...
Adding Vectors Node 8...
Adding Vectors Node 4...
Adding Vectors Node 7...
Adding Vectors Node 5...
Adding Vectors Node 2...
Adding Vectors Node 6...
Adding Vectors Node 3...
Node 6 Table Mem Usage ranges from 0.227127 to 0.336952, average 0.301025
Node 6 Table Mem Usage ranges from 0.873020 to 0.977798, average 0.953340
Node 6 Table Mem Usage ranges from 0.967999 to 0.993858, average 0.990171
Node 6 Table Mem Usage ranges from 0.989540 to 0.995155, average 0.994135
Node 6 Table Mem Usage ranges from 0.993511 to 0.996246, average 0.994777
Vectors Added Node 6: 24.4218 Seconds

Node 5 Table Mem Usage ranges from 0.404552 to 0.490635, average 0.453656
Node 5 Table Mem Usage ranges from 0.924004 to 0.982037, average 0.966602
Node 5 Table Mem Usage ranges from 0.979942 to 0.992226, average 0.990474
Node 5 Table Mem Usage ranges from 0.991436 to 0.994720, average 0.992926
Node 5 Table Mem Usage ranges from 0.991745 to 0.995239, average 0.993311
Vectors Added Node 5: 24.8089 Seconds

Node 7 Table Mem Usage ranges from 0.226292 to 0.334587, average 0.299640
Node 7 Table Mem Usage ranges from 0.873577 to 0.979347, average 0.953844
Node 7 Table Mem Usage ranges from 0.969395 to 0.993328, average 0.989917
Node 7 Table Mem Usage ranges from 0.993183 to 0.996391, average 0.994369
Node 7 Table Mem Usage ranges from 0.993206 to 0.996872, average 0.994529
Vectors Added Node 7: 26.2294 Seconds

Node 2 Table Mem Usage ranges from 0.413582 to 0.498566, average 0.462566
Node 2 Table Mem Usage ranges from 0.971237 to 0.989468, average 0.983631
Node 2 Table Mem Usage ranges from 0.992027 to 0.994537, average 0.993135
Node 2 Table Mem Usage ranges from 0.992195 to 0.995308, average 0.993538
Node 2 Table Mem Usage ranges from 0.992203 to 0.995445, average 0.993564
Vectors Added Node 2: 27.5843 Seconds

Node 0 Table Mem Usage ranges from 0.397274 to 0.487671, average 0.450178
Node 0 Table Mem Usage ranges from 0.970516 to 0.988625, average 0.983149
Node 0 Table Mem Usage ranges from 0.992157 to 0.993366, average 0.992876
Node 0 Table Mem Usage ranges from 0.992210 to 0.994438, average 0.993314
Node 0 Table Mem Usage ranges from 0.992214 to 0.994576, average 0.993344
Vectors Added Node 0: 27.8238 Seconds

Node 4 Table Mem Usage ranges from 0.396191 to 0.484367, average 0.447886
Node 4 Table Mem Usage ranges from 0.971561 to 0.989460, average 0.984041
Node 4 Table Mem Usage ranges from 0.991974 to 0.994297, average 0.993441
Node 4 Table Mem Usage ranges from 0.992111 to 0.995171, average 0.993887
Node 4 Table Mem Usage ranges from 0.992115 to 0.995312, average 0.993913
Vectors Added Node 4: 28.0369 Seconds

Node 1 Table Mem Usage ranges from 0.406506 to 0.494167, average 0.456802
Node 1 Table Mem Usage ranges from 0.970787 to 0.988823, average 0.983001
Node 1 Table Mem Usage ranges from 0.991814 to 0.994553, average 0.992903
Node 1 Table Mem Usage ranges from 0.991955 to 0.995190, average 0.993304
Node 1 Table Mem Usage ranges from 0.991955 to 0.995335, average 0.993331
Vectors Added Node 1: 28.1829 Seconds

Node 8 Table Mem Usage ranges from 0.413792 to 0.499336, average 0.463851
Node 8 Table Mem Usage ranges from 0.972687 to 0.990219, average 0.984935
Node 8 Table Mem Usage ranges from 0.992794 to 0.994991, average 0.994288
Node 8 Table Mem Usage ranges from 0.992924 to 0.995884, average 0.994707
Node 8 Table Mem Usage ranges from 0.992928 to 0.996056, average 0.994738
Vectors Added Node 8: 33.147 Seconds

Computing Query Hashes Node 0...
Computing Query Hashes Node 4...
Node 3 Table Mem Usage ranges from 0.404728 to 0.491093, average 0.453579
Node 3 Table Mem Usage ranges from 0.972961 to 0.991474, average 0.984873
Node 3 Table Mem Usage ranges from 0.993172 to 0.995090, average 0.993910
Node 3 Table Mem Usage ranges from 0.993336 to 0.995190, average 0.994308
Node 3 Table Mem Usage ranges from 0.993340 to 0.995190, average 0.994337
Vectors Added Node 3: 39.8417 Seconds

Computing Query Hashes Node 3...
Computing Query Hashes Node 8...
Query Hashes Computed Node 0: 0.0072084 Seconds

Extracting Top K (TREE) Node 0...
Query Hashes Computed Node 4: 0.00733821 Seconds

Computing Query Hashes Node 7...
Computing Query Hashes Node 5...
Computing Query Hashes Node 2...
Computing Query Hashes Node 6...
Computing Query Hashes Node 1...
Query Hashes Computed Node 3: 0.00737887 Seconds

Query Hashes Computed Node 8: 0.0071724 Seconds

Extracting Top K (TREE) Node 4...
Query Hashes Computed Node 7: 0.00713925 Seconds

Extracting Top K (TREE) Node 7...
Query Hashes Computed Node 5: 0.0112906 Seconds

Extracting Top K (TREE) Node 5...
Query Hashes Computed Node 2: 0.0113627 Seconds

Extracting Top K (TREE) Node 2...
Query Hashes Computed Node 6: 0.00719945 Seconds

Extracting Top K (TREE) Node 6...
Query Hashes Computed Node 1: 0.00724531 Seconds

Extracting Top K (TREE) Node 3...
Extracting Top K (TREE) Node 8...
Extracting Top K (TREE) Node 1...
Top K (TREE) Extracted Node 7: 0.856642 Seconds

Top K (TREE) Extracted Node 5: 0.875182 Seconds

Top K (TREE) Extracted Node 1: 0.890931 Seconds

Top K (TREE) Extracted Node 6: 1.10557 Seconds

Top K (TREE) Extracted Node 3: 1.11934 Seconds

Top K (TREE) Extracted Node 2: 1.34052 Seconds

Top K (TREE) Extracted Node 4: 1.53127 Seconds

Top K (TREE) Extracted Node 8: 1.71565 Seconds

Top K (TREE) Extracted Node 0: 1.97264 Seconds

Extracting Top K (LINEAR) Node 7...
Extracting Top K (LINEAR) Node 8...
Extracting Top K (LINEAR) Node 0...
Extracting Top K (LINEAR) Node 4...
Extracting Top K (LINEAR) Node 5...
Extracting Top K (LINEAR) Node 2...
Extracting Top K (LINEAR) Node 6...
Extracting Top K (LINEAR) Node 1...
Extracting Top K (LINEAR) Node 3...
Top K (LINEAR) Extracted Node 1: 0.922085 Seconds

Top K (LINEAR) Extracted Node 2: 1.07995 Seconds

Top K (LINEAR) Extracted Node 3: 1.23793 Seconds

Top K (LINEAR) Extracted Node 4: 1.39534 Seconds

Top K (LINEAR) Extracted Node 5: 1.55288 Seconds

Top K (LINEAR) Extracted Node 6: 1.75408 Seconds

Top K (LINEAR) Extracted Node 7: 1.96858 Seconds

Top K (LINEAR) Extracted Node 8: 2.12283 Seconds

Top K (LINEAR) Extracted Node 0: 3.58754 Seconds

Extracting Top K (BRUTEFORCE) Node 8...
Extracting Top K (BRUTEFORCE) Node 0...
Extracting Top K (BRUTEFORCE) Node 4...
Extracting Top K (BRUTEFORCE) Node 7...
Extracting Top K (BRUTEFORCE) Node 5...
Extracting Top K (BRUTEFORCE) Node 2...
Extracting Top K (BRUTEFORCE) Node 6...
Extracting Top K (BRUTEFORCE) Node 1...
Extracting Top K (BRUTEFORCE) Node 3...
Top K (BRUTEFORCE) Extracted Node 1: 0.129899 Seconds

Top K (BRUTEFORCE) Extracted Node 2: 0.169857 Seconds

Top K (BRUTEFORCE) Extracted Node 3: 0.20914 Seconds

Top K (BRUTEFORCE) Extracted Node 4: 0.249226 Seconds

Top K (BRUTEFORCE) Extracted Node 5: 0.28811 Seconds

Top K (BRUTEFORCE) Extracted Node 6: 0.328245 Seconds

Top K (BRUTEFORCE) Extracted Node 7: 0.415526 Seconds

Top K (BRUTEFORCE) Extracted Node 8: 0.454339 Seconds

Top K (BRUTEFORCE) Extracted Node 0: 5.75685 Seconds

