
=================
== KDD12
=================

140000000 Vectors, 10000 Queries
Nodes: 17
Tables: 16
RangePow: 18
Reservoir Size: 256
Hashes: 4
CMS Bucket Size: 2048
CMS Hashes: 4

LSH Initialized in Node 0
LSH Initialized in Node 10
LSH Initialized in Node 16
LSH Initialized in Node 8
LSH Initialized in Node 9
LSH Initialized in Node 12
LSH Initialized in Node 4
LSH Initialized in Node 5
LSH Initialized in Node 14
LSH Initialized in Node 2
LSH Initialized in Node 13
LSH Initialized in Node 6
LSH Initialized in Node 1
LSH Initialized in Node 11
LSH Initialized in Node 15
LSH Initialized in Node 3
LSH Initialized in Node 7
CMS Initialized in Node 8
CMS Initialized in Node 5
CMS Initialized in Node 13
CMS Initialized in Node 9
CMS Initialized in Node 10
CMS Initialized in Node 2
CMS Initialized in Node 6
CMS Initialized in Node 14
CMS Initialized in Node 11
CMS Initialized in Node 3
CMS Initialized in Node 1
CMS Initialized in Node 15
CMS Initialized in Node 7
CMS Initialized in Node 12
CMS Initialized in Node 4
CMS Initialized in Node 0
CMS Initialized in Node 16
LSH Reservoir Initialized in Node 14
LSH Reservoir Initialized in Node 15
LSH Reservoir Initialized in Node 10
LSH Reservoir Initialized in Node 11
LSH Reservoir Initialized in Node 16
LSH Reservoir Initialized in Node 13
LSH Reservoir Initialized in Node 12
LSH Reservoir Initialized in Node 8
LSH Reservoir Initialized in Node 1
LSH Reservoir Initialized in Node 0
LSH Reservoir Initialized in Node 5
LSH Reservoir Initialized in Node 2
LSH Reservoir Initialized in Node 9
LSH Reservoir Initialized in Node 7
LSH Reservoir Initialized in Node 4
LSH Reservoir Initialized in Node 6
LSH Reservoir Initialized in Node 3
FLASH Controller Initialized in Node 11

Reading Data Node 11...
FLASH Controller Initialized in Node 16

Reading Data Node 16...
FLASH Controller Initialized in Node 3

Reading Data Node 3...
FLASH Controller Initialized in Node 2

Reading Data Node 2...
FLASH Controller Initialized in Node 0

Reading Data Node 0...
FLASH Controller Initialized in Node 12

Reading Data Node 12...
[readSparse]
FLASH Controller Initialized in Node 15

Reading Data Node 15...
[readSparse]
FLASH Controller Initialized in Node 14

Reading Data Node 14...
[readSparse]
FLASH Controller Initialized in Node 10

Reading Data Node 10...
[readSparse]
FLASH Controller Initialized in Node 13

Reading Data Node 13...
[readSparse]
FLASH Controller Initialized in Node 8

Reading Data Node 8...
FLASH Controller Initialized in Node 5

Reading Data Node 5...
FLASH Controller Initialized in Node 4

Reading Data Node 4...
FLASH Controller Initialized in Node 7

Reading Data Node 7...
FLASH Controller Initialized in Node 9

Reading Data Node 9...
[readSparse]
[readSparse]
FLASH Controller Initialized in Node 1

Reading Data Node 1...
FLASH Controller Initialized in Node 6

Reading Data Node 6...
[readSparse]
[readSparse]
[readSparse]
[readSparse]
[readSparse]
[readSparse]
[readSparse]
[readSparse]
[readSparse]
[readSparse]
[readSparse] Read 90588245 numbers, 8235295 vectors. 
[readSparse] Read 90588245 numbers, 8235295 vectors. 
[readSparse] Read 90588234 numbers, 8235294 vectors. 
[readSparse] Read 90588234 numbers, 8235294 vectors. 
[readSparse] Read 90588234 numbers, 8235294 vectors. 
[readSparse] Read 90588234 numbers, 8235294 vectors. 
[readSparse] Read 90588234 numbers, 8235294 vectors. 
[readSparse] Read 90588234 numbers, 8235294 vectors. 
[readSparse] Read 90588234 numbers, 8235294 vectors. 
[readSparse] Read 90588234 numbers, 8235294 vectors. 
[readSparse] Read 90588234 numbers, 8235294 vectors. 
[readSparse] Read 90588234 numbers, 8235294 vectors. 
[readSparse] Read 90588234 numbers, 8235294 vectors. 
[readSparse] Read 90588234 numbers, 8235294 vectors. 
[readSparse] Read 90588234 numbers, 8235294 vectors. 
[readSparse] Read 90588234 numbers, 8235294 vectors. 
[readSparse] Read 90588234 numbers, 8235294 vectors. 
Data Read Node 9: 37.5105 Seconds

Data Read Node 0: 37.5104 Seconds

Data Read Node 12: 37.5105 Seconds

Data Read Node 15: 37.5104 Seconds

Data Read Node 14: 37.5105 Seconds

Data Read Node 10: 37.5104 Seconds

Data Read Node 5: 37.5105 Seconds

Data Read Node 4: 37.5104 Seconds

Data Read Node 7: 37.5107 Seconds

Data Read Node 3: 37.5105 Seconds

Data Read Node 2: 37.5105 Seconds

Data Read Node 6: 37.5105 Seconds

[readSparse]
Data Read Node 11: 37.5106 Seconds

Data Read Node 8: 37.5104 Seconds

Data Read Node 1: 37.5105 Seconds

Data Read Node 16: 37.5104 Seconds

Data Read Node 13: 37.5105 Seconds

[readSparse] Read 110000 numbers, 10000 vectors. 
Adding Vectors Node 0...
Adding Vectors Node 2...
Adding Vectors Node 8...
Adding Vectors Node 7...
Adding Vectors Node 9...
Adding Vectors Node 1...
Adding Vectors Node 6...
Adding Vectors Node 14...
Adding Vectors Node 11...
Adding Vectors Node 10...
Adding Vectors Node 3...
Adding Vectors Node 15...
Adding Vectors Node 13...
Adding Vectors Node 5...
Adding Vectors Node 12...
Adding Vectors Node 16...
Adding Vectors Node 4...
Node 13 Table Mem Usage ranges from 0.139587 to 0.205948, average 0.182177
Node 13 Table Mem Usage ranges from 0.711670 to 0.890911, average 0.841941
Node 13 Table Mem Usage ranges from 0.880806 to 0.979557, average 0.956964
Node 13 Table Mem Usage ranges from 0.944218 to 0.992184, average 0.983626
Node 13 Table Mem Usage ranges from 0.972897 to 0.994114, average 0.991247
Vectors Added Node 13: 13.1413 Seconds

Node 11 Table Mem Usage ranges from 0.136730 to 0.202045, average 0.177624
Node 11 Table Mem Usage ranges from 0.702240 to 0.893547, average 0.835603
Node 11 Table Mem Usage ranges from 0.875748 to 0.978691, average 0.954994
Node 11 Table Mem Usage ranges from 0.942905 to 0.991730, average 0.982757
Node 11 Table Mem Usage ranges from 0.971588 to 0.993950, average 0.990639
Vectors Added Node 11: 13.3152 Seconds

Node 10 Table Mem Usage ranges from 0.131695 to 0.200420, average 0.175404
Node 10 Table Mem Usage ranges from 0.704266 to 0.892223, average 0.837472
Node 10 Table Mem Usage ranges from 0.872696 to 0.978443, average 0.953901
Node 10 Table Mem Usage ranges from 0.940567 to 0.991615, average 0.982563
Node 10 Table Mem Usage ranges from 0.969910 to 0.993977, average 0.990567
Vectors Added Node 10: 13.4076 Seconds

Node 12 Table Mem Usage ranges from 0.137127 to 0.205296, average 0.182719
Node 12 Table Mem Usage ranges from 0.701752 to 0.896366, average 0.837638
Node 12 Table Mem Usage ranges from 0.875259 to 0.980007, average 0.955395
Node 12 Table Mem Usage ranges from 0.942005 to 0.992126, average 0.983106
Node 12 Table Mem Usage ranges from 0.971386 to 0.994148, average 0.991024
Vectors Added Node 12: 13.561 Seconds

Node 14 Table Mem Usage ranges from 0.132744 to 0.198734, average 0.173514
Node 14 Table Mem Usage ranges from 0.855724 to 0.934872, average 0.906408
Node 14 Table Mem Usage ranges from 0.969322 to 0.988880, average 0.982545
Node 14 Table Mem Usage ranges from 0.990074 to 0.993847, average 0.992370
Node 14 Table Mem Usage ranges from 0.993076 to 0.995686, average 0.993942
Vectors Added Node 14: 15.1531 Seconds

Node 16 Table Mem Usage ranges from 0.260723 to 0.319584, average 0.295069
Node 16 Table Mem Usage ranges from 0.887962 to 0.954613, average 0.929072
Node 16 Table Mem Usage ranges from 0.971462 to 0.990364, average 0.984313
Node 16 Table Mem Usage ranges from 0.989582 to 0.993828, average 0.992478
Node 16 Table Mem Usage ranges from 0.992085 to 0.994659, average 0.993871
Vectors Added Node 16: 15.577 Seconds

Node 15 Table Mem Usage ranges from 0.258778 to 0.317051, average 0.292265
Node 15 Table Mem Usage ranges from 0.891945 to 0.955059, average 0.931953
Node 15 Table Mem Usage ranges from 0.972897 to 0.989841, average 0.984869
Node 15 Table Mem Usage ranges from 0.989655 to 0.993050, average 0.992359
Node 15 Table Mem Usage ranges from 0.992302 to 0.994736, average 0.993757
Vectors Added Node 15: 15.5919 Seconds

Node 4 Table Mem Usage ranges from 0.260841 to 0.321465, average 0.295150
Node 4 Table Mem Usage ranges from 0.883667 to 0.952156, average 0.927109
Node 4 Table Mem Usage ranges from 0.970978 to 0.991020, average 0.984425
Node 4 Table Mem Usage ranges from 0.989449 to 0.994331, average 0.992573
Node 4 Table Mem Usage ranges from 0.993229 to 0.994778, average 0.993937
Vectors Added Node 4: 17.2725 Seconds

Node 2 Table Mem Usage ranges from 0.258991 to 0.320114, average 0.293777
Node 2 Table Mem Usage ranges from 0.883541 to 0.952873, average 0.927045
Node 2 Table Mem Usage ranges from 0.971786 to 0.991474, average 0.984734
Node 2 Table Mem Usage ranges from 0.989620 to 0.994659, average 0.992750
Node 2 Table Mem Usage ranges from 0.993237 to 0.995052, average 0.994105
Vectors Added Node 2: 17.7611 Seconds

Node 1 Table Mem Usage ranges from 0.264767 to 0.324905, average 0.299548
Node 1 Table Mem Usage ranges from 0.892166 to 0.956715, average 0.932223
Node 1 Table Mem Usage ranges from 0.972065 to 0.991211, average 0.984466
Node 1 Table Mem Usage ranges from 0.988823 to 0.994358, average 0.992052
Node 1 Table Mem Usage ranges from 0.992615 to 0.994827, average 0.993487
Vectors Added Node 1: 18.0512 Seconds

Node 0 Table Mem Usage ranges from 0.254642 to 0.314346, average 0.289799
Node 0 Table Mem Usage ranges from 0.881313 to 0.950157, average 0.925222
Node 0 Table Mem Usage ranges from 0.971081 to 0.989044, average 0.983338
Node 0 Table Mem Usage ranges from 0.988731 to 0.992195, average 0.991349
Node 0 Table Mem Usage ranges from 0.991962 to 0.993412, average 0.992735
Vectors Added Node 0: 18.0997 Seconds

Node 8 Table Mem Usage ranges from 0.262833 to 0.321384, average 0.297333
Node 8 Table Mem Usage ranges from 0.887508 to 0.954166, average 0.929246
Node 8 Table Mem Usage ranges from 0.971233 to 0.990810, average 0.984607
Node 8 Table Mem Usage ranges from 0.989487 to 0.994251, average 0.992815
Node 8 Table Mem Usage ranges from 0.992889 to 0.995216, average 0.994210
Vectors Added Node 8: 18.1503 Seconds

Node 9 Table Mem Usage ranges from 0.256435 to 0.311817, average 0.288106
Node 9 Table Mem Usage ranges from 0.893429 to 0.954906, average 0.932099
Node 9 Table Mem Usage ranges from 0.974342 to 0.990417, average 0.985378
Node 9 Table Mem Usage ranges from 0.990551 to 0.993580, average 0.992640
Node 9 Table Mem Usage ranges from 0.992939 to 0.995277, average 0.994013
Vectors Added Node 9: 18.1882 Seconds

Node 7 Table Mem Usage ranges from 0.259048 to 0.315876, average 0.291523
Node 7 Table Mem Usage ranges from 0.893112 to 0.955654, average 0.932588
Node 7 Table Mem Usage ranges from 0.974438 to 0.990616, average 0.985343
Node 7 Table Mem Usage ranges from 0.990345 to 0.993828, average 0.992650
Node 7 Table Mem Usage ranges from 0.992825 to 0.995426, average 0.994012
Vectors Added Node 7: 18.1886 Seconds

Node 5 Table Mem Usage ranges from 0.257210 to 0.317806, average 0.291614
Node 5 Table Mem Usage ranges from 0.893982 to 0.957073, average 0.932942
Node 5 Table Mem Usage ranges from 0.973534 to 0.991768, average 0.985272
Node 5 Table Mem Usage ranges from 0.989704 to 0.994781, average 0.992624
Node 5 Table Mem Usage ranges from 0.993427 to 0.995113, average 0.994022
Vectors Added Node 5: 19.1834 Seconds

Node 6 Table Mem Usage ranges from 0.262856 to 0.321434, average 0.295910
Node 6 Table Mem Usage ranges from 0.886375 to 0.954876, average 0.929038
Node 6 Table Mem Usage ranges from 0.972031 to 0.991222, average 0.984636
Node 6 Table Mem Usage ranges from 0.989731 to 0.994667, average 0.992703
Node 6 Table Mem Usage ranges from 0.993317 to 0.994923, average 0.994063
Vectors Added Node 6: 19.6084 Seconds

Computing Query Hashes Node 5...
Computing Query Hashes Node 9...
Node 3 Table Mem Usage ranges from 0.264721 to 0.323242, average 0.298711
Node 3 Table Mem Usage ranges from 0.892666 to 0.956478, average 0.933071
Node 3 Table Mem Usage ranges from 0.972958 to 0.990982, average 0.985357
Node 3 Table Mem Usage ranges from 0.989971 to 0.994156, average 0.992839
Node 3 Table Mem Usage ranges from 0.993298 to 0.994740, average 0.994231
Vectors Added Node 3: 19.6696 Seconds

Computing Query Hashes Node 2...
Computing Query Hashes Node 6...
Computing Query Hashes Node 0...
Computing Query Hashes Node 15...
Computing Query Hashes Node 14...
Computing Query Hashes Node 11...
Computing Query Hashes Node 10...
Computing Query Hashes Node 8...
Computing Query Hashes Node 7...
Computing Query Hashes Node 3...
Computing Query Hashes Node 1...
Computing Query Hashes Node 12...
Computing Query Hashes Node 16...
Computing Query Hashes Node 13...
Computing Query Hashes Node 4...
Query Hashes Computed Node 0: 0.00731886 Seconds

Query Hashes Computed Node 12: 0.0116681 Seconds

Query Hashes Computed Node 15: 0.00720636 Seconds

Query Hashes Computed Node 14: 0.0116521 Seconds

Query Hashes Computed Node 11: 0.0116059 Seconds

Query Hashes Computed Node 16: 0.0115524 Seconds

Query Hashes Computed Node 5: 0.00715631 Seconds

Query Hashes Computed Node 7: 0.00709662 Seconds

Query Hashes Computed Node 3: 0.00721382 Seconds

Query Hashes Computed Node 2: 0.00721397 Seconds

Query Hashes Computed Node 1: 0.0115318 Seconds

Query Hashes Computed Node 8: 0.0126397 Seconds

Query Hashes Computed Node 13: 0.00730183 Seconds

Query Hashes Computed Node 9: 0.00737494 Seconds

Query Hashes Computed Node 6: 0.0127276 Seconds

Extracting Top K (TREE) Node 14...
Extracting Top K (TREE) Node 11...
Query Hashes Computed Node 10: 0.0157236 Seconds

Extracting Top K (TREE) Node 16...
Extracting Top K (TREE) Node 8...
Extracting Top K (TREE) Node 7...
Extracting Top K (TREE) Node 0...
Extracting Top K (TREE) Node 15...
Extracting Top K (TREE) Node 12...
Extracting Top K (TREE) Node 5...
Extracting Top K (TREE) Node 3...
Extracting Top K (TREE) Node 10...
Extracting Top K (TREE) Node 13...
Extracting Top K (TREE) Node 9...
Extracting Top K (TREE) Node 2...
Extracting Top K (TREE) Node 1...
Extracting Top K (TREE) Node 6...
Query Hashes Computed Node 4: 0.0155927 Seconds

Extracting Top K (TREE) Node 4...
Top K (TREE) Extracted Node 11: 0.766424 Seconds

Top K (TREE) Extracted Node 13: 0.773925 Seconds

Top K (TREE) Extracted Node 15: 0.829822 Seconds

Top K (TREE) Extracted Node 1: 1.01029 Seconds

Top K (TREE) Extracted Node 9: 1.02113 Seconds

Top K (TREE) Extracted Node 5: 1.03316 Seconds

Top K (TREE) Extracted Node 7: 1.03863 Seconds

Top K (TREE) Extracted Node 3: 1.03566 Seconds

Top K (TREE) Extracted Node 14: 1.05396 Seconds

Top K (TREE) Extracted Node 2: 1.28058 Seconds

Top K (TREE) Extracted Node 10: 1.28298 Seconds

Top K (TREE) Extracted Node 6: 1.32288 Seconds

Top K (TREE) Extracted Node 12: 1.52769 Seconds

Top K (TREE) Extracted Node 4: 1.54069 Seconds

Top K (TREE) Extracted Node 8: 1.76332 Seconds

Top K (TREE) Extracted Node 16: 1.982 Seconds

Top K (TREE) Extracted Node 0: 2.32703 Seconds

Extracting Top K (LINEAR) Node 0...
Extracting Top K (LINEAR) Node 15...
Extracting Top K (LINEAR) Node 11...
Extracting Top K (LINEAR) Node 10...
Extracting Top K (LINEAR) Node 7...
Extracting Top K (LINEAR) Node 3...
Extracting Top K (LINEAR) Node 2...
Extracting Top K (LINEAR) Node 1...
Extracting Top K (LINEAR) Node 6...
Extracting Top K (LINEAR) Node 14...
Extracting Top K (LINEAR) Node 16...
Extracting Top K (LINEAR) Node 8...
Extracting Top K (LINEAR) Node 5...
Extracting Top K (LINEAR) Node 4...
Extracting Top K (LINEAR) Node 9...
Extracting Top K (LINEAR) Node 12...
Extracting Top K (LINEAR) Node 13...
Top K (LINEAR) Extracted Node 1: 1.04966 Seconds

Top K (LINEAR) Extracted Node 2: 1.21901 Seconds

Top K (LINEAR) Extracted Node 3: 1.38632 Seconds

Top K (LINEAR) Extracted Node 4: 1.5526 Seconds

Top K (LINEAR) Extracted Node 5: 1.71763 Seconds

Top K (LINEAR) Extracted Node 6: 1.8834 Seconds

Top K (LINEAR) Extracted Node 7: 2.04837 Seconds

Top K (LINEAR) Extracted Node 8: 2.21309 Seconds

Top K (LINEAR) Extracted Node 9: 2.37824 Seconds

Top K (LINEAR) Extracted Node 10: 2.5442 Seconds

Top K (LINEAR) Extracted Node 11: 2.77807 Seconds

Top K (LINEAR) Extracted Node 12: 3.0367 Seconds

Top K (LINEAR) Extracted Node 13: 3.20193 Seconds

Top K (LINEAR) Extracted Node 14: 3.36728 Seconds

Top K (LINEAR) Extracted Node 15: 3.53406 Seconds

Top K (LINEAR) Extracted Node 16: 3.7 Seconds

Top K (LINEAR) Extracted Node 0: 7.04369 Seconds

Extracting Top K (BRUTEFORCE) Node 0...
Extracting Top K (BRUTEFORCE) Node 14...
Extracting Top K (BRUTEFORCE) Node 11...
Extracting Top K (BRUTEFORCE) Node 4...
Extracting Top K (BRUTEFORCE) Node 2...
Extracting Top K (BRUTEFORCE) Node 12...
Extracting Top K (BRUTEFORCE) Node 15...
Extracting Top K (BRUTEFORCE) Node 16...
Extracting Top K (BRUTEFORCE) Node 13...
Extracting Top K (BRUTEFORCE) Node 8...
Extracting Top K (BRUTEFORCE) Node 5...
Extracting Top K (BRUTEFORCE) Node 7...
Extracting Top K (BRUTEFORCE) Node 9...
Extracting Top K (BRUTEFORCE) Node 3...
Extracting Top K (BRUTEFORCE) Node 1...
Extracting Top K (BRUTEFORCE) Node 6...
Extracting Top K (BRUTEFORCE) Node 10...
Top K (BRUTEFORCE) Extracted Node 1: 0.141412 Seconds

Top K (BRUTEFORCE) Extracted Node 2: 0.18406 Seconds

Top K (BRUTEFORCE) Extracted Node 3: 0.225547 Seconds

Top K (BRUTEFORCE) Extracted Node 4: 0.267468 Seconds

Top K (BRUTEFORCE) Extracted Node 5: 0.308706 Seconds

Top K (BRUTEFORCE) Extracted Node 6: 0.35134 Seconds

Top K (BRUTEFORCE) Extracted Node 7: 0.392057 Seconds

Top K (BRUTEFORCE) Extracted Node 8: 0.433101 Seconds

Top K (BRUTEFORCE) Extracted Node 9: 0.47562 Seconds

Top K (BRUTEFORCE) Extracted Node 10: 0.516797 Seconds

Top K (BRUTEFORCE) Extracted Node 11: 0.558982 Seconds

Top K (BRUTEFORCE) Extracted Node 12: 0.601086 Seconds

Top K (BRUTEFORCE) Extracted Node 13: 0.643193 Seconds

Top K (BRUTEFORCE) Extracted Node 14: 0.685638 Seconds

Top K (BRUTEFORCE) Extracted Node 15: 0.726327 Seconds

Top K (BRUTEFORCE) Extracted Node 16: 0.818767 Seconds

Top K (BRUTEFORCE) Extracted Node 0: 10.9672 Seconds

