
=================
== KDD12
=================

LSH Initialized in Node 2
140000000 Vectors, 10000 Queries
Nodes: 3
Tables: 16
RangePow: 18
Reservoir Size: 256
Hashes: 4
CMS Bucket Size: 2048
CMS Hashes: 4

LSH Initialized in Node 0
LSH Initialized in Node 1
CMS Initialized in Node 0
CMS Initialized in Node 1
CMS Initialized in Node 2
LSH Reservoir Initialized in Node 1
LSH Reservoir Initialized in Node 2
LSH Reservoir Initialized in Node 0
FLASH Controller Initialized in Node 0

Reading Data Node 0...
[readSparse]
FLASH Controller Initialized in Node 1

Reading Data Node 1...
[readSparse]
FLASH Controller Initialized in Node 2

Reading Data Node 2...
[readSparse]
[readSparse] Read 513333359 numbers, 46666669 vectors. 
[readSparse] Read 513333359 numbers, 46666669 vectors. 
[readSparse] Read 513333348 numbers, 46666668 vectors. 
Data Read Node 2: 191.551 Seconds

Data Read Node 0: 191.551 Seconds

[readSparse]
Data Read Node 1: 191.552 Seconds

[readSparse] Read 110000 numbers, 10000 vectors. 
Adding Vectors Node 2...
Adding Vectors Node 0...
Adding Vectors Node 1...
Node 2 Table Mem Usage ranges from 0.502033 to 0.691078, average 0.634361
Node 2 Table Mem Usage ranges from 0.990284 to 0.995247, average 0.993706
Node 2 Table Mem Usage ranges from 0.993317 to 0.995823, average 0.994285
Node 2 Table Mem Usage ranges from 0.993317 to 0.995857, average 0.994292
Node 2 Table Mem Usage ranges from 0.993317 to 0.995857, average 0.994292
Vectors Added Node 2: 77.499 Seconds

Node 1 Table Mem Usage ranges from 0.730392 to 0.832642, average 0.791218
Node 1 Table Mem Usage ranges from 0.992279 to 0.993988, average 0.992980
Node 1 Table Mem Usage ranges from 0.992283 to 0.994095, average 0.992997
Node 1 Table Mem Usage ranges from 0.992283 to 0.994095, average 0.992997
Node 1 Table Mem Usage ranges from 0.992283 to 0.994095, average 0.992997
Vectors Added Node 1: 84.8575 Seconds

Node 0 Table Mem Usage ranges from 0.715588 to 0.823433, average 0.779976
Node 0 Table Mem Usage ranges from 0.991207 to 0.996136, average 0.993222
Node 0 Table Mem Usage ranges from 0.991211 to 0.996227, average 0.993240
Node 0 Table Mem Usage ranges from 0.991211 to 0.996227, average 0.993240
Node 0 Table Mem Usage ranges from 0.991211 to 0.996227, average 0.993240
Vectors Added Node 0: 86.6414 Seconds

Computing Query Hashes Node 0...
Computing Query Hashes Node 2...
Computing Query Hashes Node 1...
Query Hashes Computed Node 2: 0.00729675 Seconds

Extracting Top K (TREE) Node 2...
Query Hashes Computed Node 1: 0.0073184 Seconds

Extracting Top K (TREE) Node 1...
Query Hashes Computed Node 0: 0.00719783 Seconds

Extracting Top K (TREE) Node 0...
Top K (TREE) Extracted Node 1: 0.977691 Seconds

Top K (TREE) Extracted Node 2: 1.16752 Seconds

Top K (TREE) Extracted Node 0: 1.41284 Seconds

Extracting Top K (LINEAR) Node 0...
Extracting Top K (LINEAR) Node 2...
Extracting Top K (LINEAR) Node 1...
Top K (LINEAR) Extracted Node 1: 1.01918 Seconds

Top K (LINEAR) Extracted Node 2: 1.25658 Seconds

Top K (LINEAR) Extracted Node 0: 1.70077 Seconds

Extracting Top K (BRUTEFORCE) Node 0...
Extracting Top K (BRUTEFORCE) Node 1...
Extracting Top K (BRUTEFORCE) Node 2...
Top K (BRUTEFORCE) Extracted Node 1: 0.130501 Seconds

Top K (BRUTEFORCE) Extracted Node 2: 0.211883 Seconds

Top K (BRUTEFORCE) Extracted Node 0: 2.18077 Seconds

slurmstepd: Exceeded step memory limit at some point.
slurmstepd: Exceeded job memory limit at some point.
