
=================
== KDD12
=================

140000000 Vectors, 10000 Queries
Nodes: 20
Tables: 16
RangePow: 18
Reservoir Size: 256
Hashes: 4
CMS Bucket Size: 2048
CMS Hashes: 4

LSH Initialized in Node 0
LSH Initialized in Node 2
LSH Initialized in Node 1
LSH Initialized in Node 3
LSH Initialized in Node 17
LSH Initialized in Node 5
LSH Initialized in Node 14
LSH Initialized in Node 9
LSH Initialized in Node 19
LSH Initialized in Node 11
LSH Initialized in Node 18
LSH Initialized in Node 12
LSH Initialized in Node 6
LSH Initialized in Node 8
LSH Initialized in Node 16
LSH Initialized in Node 15
LSH Initialized in Node 7
LSH Initialized in Node 10
LSH Initialized in Node 13
LSH Initialized in Node 4
CMS Initialized in Node 1
CMS Initialized in Node 17
CMS Initialized in Node 12
CMS Initialized in Node 4
CMS Initialized in Node 8
CMS Initialized in Node 2
CMS Initialized in Node 13
CMS Initialized in Node 3
CMS Initialized in Node 18
CMS Initialized in Node 14
CMS Initialized in Node 5
CMS Initialized in Node 9
CMS Initialized in Node 19
CMS Initialized in Node 15
CMS Initialized in Node 6
CMS Initialized in Node 10
CMS Initialized in Node 7
CMS Initialized in Node 11
CMS Initialized in Node 0
CMS Initialized in Node 16
LSH Reservoir Initialized in Node 1
LSH Reservoir Initialized in Node 15
LSH Reservoir Initialized in Node 17
LSH Reservoir Initialized in Node 19
LSH Reservoir Initialized in Node 7
LSH Reservoir Initialized in Node 5
LSH Reservoir Initialized in Node 3
LSH Reservoir Initialized in Node 13
LSH Reservoir Initialized in Node 11
LSH Reservoir Initialized in Node 9
LSH Reservoir Initialized in Node 4
LSH Reservoir Initialized in Node 8
LSH Reservoir Initialized in Node 2
LSH Reservoir Initialized in Node 18
LSH Reservoir Initialized in Node 6
LSH Reservoir Initialized in Node 12
LSH Reservoir Initialized in Node 10
LSH Reservoir Initialized in Node 16
LSH Reservoir Initialized in Node 14
LSH Reservoir Initialized in Node 0
FLASH Controller Initialized in Node 0

Reading Data Node 0...
FLASH Controller Initialized in Node 1

Reading Data Node 1...
FLASH Controller Initialized in Node 2

Reading Data Node 2...
FLASH Controller Initialized in Node 3

Reading Data Node 3...
[readSparse]
[readSparse]
[readSparse]
[readSparse]
FLASH Controller Initialized in Node 16

Reading Data Node 16...
FLASH Controller Initialized in Node 17

Reading Data Node 17...
FLASH Controller Initialized in Node 18

Reading Data Node 18...
FLASH Controller Initialized in Node 19

Reading Data Node 19...
[readSparse]
[readSparse]
[readSparse]
[readSparse]
FLASH Controller Initialized in Node 8

Reading Data Node 8...
FLASH Controller Initialized in Node 9

Reading Data Node 9...
FLASH Controller Initialized in Node 12

Reading Data Node 12...
FLASH Controller Initialized in Node 10

Reading Data Node 10...
FLASH Controller Initialized in Node 14

Reading Data Node 14...
FLASH Controller Initialized in Node 11

Reading Data Node 11...
FLASH Controller Initialized in Node 13

Reading Data Node 13...
FLASH Controller Initialized in Node 15

Reading Data Node 15...
[readSparse]
[readSparse]
[readSparse]
[readSparse]
[readSparse]
[readSparse]
[readSparse]
[readSparse]
FLASH Controller Initialized in Node 5

Reading Data Node 5...
FLASH Controller Initialized in Node 6

Reading Data Node 6...
FLASH Controller Initialized in Node 7

Reading Data Node 7...
FLASH Controller Initialized in Node 4

Reading Data Node 4...
[readSparse]
[readSparse]
[readSparse]
[readSparse]
[readSparse] Read 77000000 numbers, 7000000 vectors. 
[readSparse] Read 77000000 numbers, 7000000 vectors. 
[readSparse] Read 77000000 numbers, 7000000 vectors. 
[readSparse] Read 77000000 numbers, 7000000 vectors. 
[readSparse] Read 77000000 numbers, 7000000 vectors. 
[readSparse] Read 77000000 numbers, 7000000 vectors. 
[readSparse] Read 77000000 numbers, 7000000 vectors. 
[readSparse] Read 77000000 numbers, 7000000 vectors. 
[readSparse] Read 77000000 numbers, 7000000 vectors. 
[readSparse] Read 77000000 numbers, 7000000 vectors. 
[readSparse] Read 77000000 numbers, 7000000 vectors. 
[readSparse] Read 77000000 numbers, 7000000 vectors. 
[readSparse] Read 77000000 numbers, 7000000 vectors. 
[readSparse] Read 77000000 numbers, 7000000 vectors. 
[readSparse] Read 77000000 numbers, 7000000 vectors. 
[readSparse] Read 77000000 numbers, 7000000 vectors. 
[readSparse] Read 77000000 numbers, 7000000 vectors. 
[readSparse] Read 77000000 numbers, 7000000 vectors. 
[readSparse] Read 77000000 numbers, 7000000 vectors. 
[readSparse] Read 77000000 numbers, 7000000 vectors. 
Data Read Node 0: 122.118 Seconds

[readSparse]
Data Read Node 16: 122.118 Seconds

Data Read Node 12: 122.117 Seconds

Data Read Node 1: 122.118 Seconds

Data Read Node 17: 122.118 Seconds

Data Read Node 4: 122.117 Seconds

Data Read Node 8: 122.117 Seconds

Data Read Node 2: 122.118 Seconds

Data Read Node 18: 122.118 Seconds

Data Read Node 13: 122.117 Seconds

Data Read Node 3: 122.118 Seconds

Data Read Node 19: 122.118 Seconds

Data Read Node 14: 122.117 Seconds

Data Read Node 15: 122.117 Seconds

Data Read Node 5: 122.117 Seconds

Data Read Node 9: 122.117 Seconds

Data Read Node 6: 122.117 Seconds

Data Read Node 10: 122.117 Seconds

Data Read Node 7: 122.117 Seconds

Data Read Node 11: 122.117 Seconds

[readSparse] Read 110000 numbers, 10000 vectors. 
Adding Vectors Node 0...
Adding Vectors Node 16...
Adding Vectors Node 1...
Adding Vectors Node 2...
Adding Vectors Node 12...
Adding Vectors Node 4...
Adding Vectors Node 3...
Adding Vectors Node 13...
Adding Vectors Node 8...
Adding Vectors Node 17...
Adding Vectors Node 14...
Adding Vectors Node 5...
Adding Vectors Node 18...
Adding Vectors Node 15...
Adding Vectors Node 6...
Adding Vectors Node 19...
Adding Vectors Node 7...
Adding Vectors Node 9...
Adding Vectors Node 10...
Adding Vectors Node 11...
Node 15 Table Mem Usage ranges from 0.110172 to 0.166336, average 0.146392
Node 15 Table Mem Usage ranges from 0.641266 to 0.835674, average 0.782074
Node 15 Table Mem Usage ranges from 0.833031 to 0.957165, average 0.927825
Node 15 Table Mem Usage ranges from 0.915318 to 0.979317, average 0.967244
Node 15 Table Mem Usage ranges from 0.952133 to 0.984421, average 0.979616
Vectors Added Node 15: 7.47036 Seconds

Node 13 Table Mem Usage ranges from 0.114269 to 0.166794, average 0.149596
Node 13 Table Mem Usage ranges from 0.645535 to 0.843994, average 0.780859
Node 13 Table Mem Usage ranges from 0.832458 to 0.956619, average 0.925842
Node 13 Table Mem Usage ranges from 0.913227 to 0.978558, average 0.965407
Node 13 Table Mem Usage ranges from 0.950027 to 0.984486, average 0.977972
Vectors Added Node 13: 7.49475 Seconds

Node 14 Table Mem Usage ranges from 0.113049 to 0.168957, average 0.149045
Node 14 Table Mem Usage ranges from 0.645168 to 0.841343, average 0.784437
Node 14 Table Mem Usage ranges from 0.828560 to 0.956497, average 0.925255
Node 14 Table Mem Usage ranges from 0.910316 to 0.978001, average 0.964771
Node 14 Table Mem Usage ranges from 0.948242 to 0.983505, average 0.977355
Vectors Added Node 14: 7.69472 Seconds

Node 12 Table Mem Usage ranges from 0.116165 to 0.169827, average 0.152405
Node 12 Table Mem Usage ranges from 0.647308 to 0.840057, average 0.781453
Node 12 Table Mem Usage ranges from 0.828754 to 0.957672, average 0.924773
Node 12 Table Mem Usage ranges from 0.909386 to 0.979473, average 0.965130
Node 12 Table Mem Usage ranges from 0.948528 to 0.983776, average 0.978113
Vectors Added Node 12: 7.72367 Seconds

Node 11 Table Mem Usage ranges from 0.224930 to 0.277756, average 0.255140
Node 11 Table Mem Usage ranges from 0.837093 to 0.916462, average 0.884652
Node 11 Table Mem Usage ranges from 0.922985 to 0.965652, average 0.952279
Node 11 Table Mem Usage ranges from 0.953514 to 0.977833, average 0.970131
Node 11 Table Mem Usage ranges from 0.967354 to 0.980957, average 0.975773
Vectors Added Node 11: 7.97349 Seconds

Node 16 Table Mem Usage ranges from 0.109024 to 0.174129, average 0.145485
Node 16 Table Mem Usage ranges from 0.647232 to 0.843838, average 0.784611
Node 16 Table Mem Usage ranges from 0.834072 to 0.956238, average 0.925550
Node 16 Table Mem Usage ranges from 0.930279 to 0.979679, average 0.968421
Node 16 Table Mem Usage ranges from 0.977413 to 0.987530, average 0.981912
Vectors Added Node 16: 8.10354 Seconds

Node 9 Table Mem Usage ranges from 0.218807 to 0.268581, average 0.247341
Node 9 Table Mem Usage ranges from 0.847813 to 0.919910, average 0.892941
Node 9 Table Mem Usage ranges from 0.950264 to 0.973690, average 0.966059
Node 9 Table Mem Usage ranges from 0.975281 to 0.980057, average 0.978708
Node 9 Table Mem Usage ranges from 0.979866 to 0.982674, average 0.981429
Vectors Added Node 9: 8.66252 Seconds

Node 1 Table Mem Usage ranges from 0.221760 to 0.268810, average 0.249308
Node 1 Table Mem Usage ranges from 0.845119 to 0.918640, average 0.891074
Node 1 Table Mem Usage ranges from 0.948177 to 0.971699, average 0.964198
Node 1 Table Mem Usage ranges from 0.972919 to 0.978745, average 0.976907
Node 1 Table Mem Usage ranges from 0.976517 to 0.981125, average 0.979635
Vectors Added Node 1: 8.7069 Seconds

Node 3 Table Mem Usage ranges from 0.230473 to 0.283001, average 0.259732
Node 3 Table Mem Usage ranges from 0.843281 to 0.922657, average 0.890119
Node 3 Table Mem Usage ranges from 0.945305 to 0.974651, average 0.963154
Node 3 Table Mem Usage ranges from 0.971954 to 0.981720, average 0.976871
Node 3 Table Mem Usage ranges from 0.977303 to 0.983166, average 0.979759
Vectors Added Node 3: 8.7328 Seconds

Node 19 Table Mem Usage ranges from 0.222710 to 0.272602, average 0.251333
Node 19 Table Mem Usage ranges from 0.838825 to 0.914642, average 0.885816
Node 19 Table Mem Usage ranges from 0.946995 to 0.970802, average 0.963655
Node 19 Table Mem Usage ranges from 0.973160 to 0.978264, average 0.977072
Node 19 Table Mem Usage ranges from 0.977814 to 0.981873, average 0.979920
Vectors Added Node 19: 8.77293 Seconds

Node 7 Table Mem Usage ranges from 0.230053 to 0.275715, average 0.256891
Node 7 Table Mem Usage ranges from 0.846142 to 0.914959, average 0.888970
Node 7 Table Mem Usage ranges from 0.948776 to 0.968395, average 0.961716
Node 7 Table Mem Usage ranges from 0.973278 to 0.980099, average 0.975380
Node 7 Table Mem Usage ranges from 0.974304 to 0.983746, average 0.978221
Vectors Added Node 7: 8.78447 Seconds

Node 17 Table Mem Usage ranges from 0.232353 to 0.276955, average 0.257149
Node 17 Table Mem Usage ranges from 0.852814 to 0.918606, average 0.892900
Node 17 Table Mem Usage ranges from 0.951160 to 0.969009, average 0.963209
Node 17 Table Mem Usage ranges from 0.973785 to 0.980907, average 0.975854
Node 17 Table Mem Usage ranges from 0.975636 to 0.984547, average 0.978723
Vectors Added Node 17: 8.80987 Seconds

Node 0 Table Mem Usage ranges from 0.222679 to 0.268272, average 0.248699
Node 0 Table Mem Usage ranges from 0.839066 to 0.910519, average 0.883164
Node 0 Table Mem Usage ranges from 0.949963 to 0.967022, average 0.961399
Node 0 Table Mem Usage ranges from 0.972412 to 0.982033, average 0.975177
Node 0 Table Mem Usage ranges from 0.974403 to 0.985737, average 0.978029
Vectors Added Node 0: 8.81404 Seconds

Node 10 Table Mem Usage ranges from 0.226925 to 0.280361, average 0.256281
Node 10 Table Mem Usage ranges from 0.845181 to 0.922474, average 0.892397
Node 10 Table Mem Usage ranges from 0.946487 to 0.973297, average 0.963468
Node 10 Table Mem Usage ranges from 0.971783 to 0.980816, average 0.976125
Node 10 Table Mem Usage ranges from 0.976437 to 0.982075, average 0.978933
Vectors Added Node 10: 8.8193 Seconds

Node 5 Table Mem Usage ranges from 0.217800 to 0.263149, average 0.244596
Node 5 Table Mem Usage ranges from 0.842693 to 0.911816, average 0.886251
Node 5 Table Mem Usage ranges from 0.945229 to 0.965096, average 0.959062
Node 5 Table Mem Usage ranges from 0.969391 to 0.972649, average 0.971523
Node 5 Table Mem Usage ranges from 0.971378 to 0.976257, average 0.974206
Vectors Added Node 5: 8.84588 Seconds

Node 2 Table Mem Usage ranges from 0.231285 to 0.275208, average 0.255543
Node 2 Table Mem Usage ranges from 0.852180 to 0.916832, average 0.890826
Node 2 Table Mem Usage ranges from 0.952072 to 0.967590, average 0.962147
Node 2 Table Mem Usage ranges from 0.972511 to 0.980659, average 0.974833
Node 2 Table Mem Usage ranges from 0.973804 to 0.984318, average 0.977692
Vectors Added Node 2: 8.85241 Seconds

Node 6 Table Mem Usage ranges from 0.231319 to 0.275711, average 0.256997
Node 6 Table Mem Usage ranges from 0.852295 to 0.915859, average 0.891272
Node 6 Table Mem Usage ranges from 0.951820 to 0.967609, average 0.962214
Node 6 Table Mem Usage ranges from 0.972290 to 0.981277, average 0.974790
Node 6 Table Mem Usage ranges from 0.973663 to 0.985039, average 0.977680
Vectors Added Node 6: 8.87215 Seconds

Node 18 Table Mem Usage ranges from 0.225849 to 0.280262, average 0.255398
Node 18 Table Mem Usage ranges from 0.839565 to 0.922359, average 0.888055
Node 18 Table Mem Usage ranges from 0.943058 to 0.975418, average 0.961246
Node 18 Table Mem Usage ranges from 0.970558 to 0.982361, average 0.975249
Node 18 Table Mem Usage ranges from 0.974251 to 0.983570, average 0.978155
Vectors Added Node 18: 8.87548 Seconds

Node 8 Table Mem Usage ranges from 0.223522 to 0.271198, average 0.251495
Node 8 Table Mem Usage ranges from 0.842735 to 0.914043, average 0.886364
Node 8 Table Mem Usage ranges from 0.951992 to 0.970707, average 0.964383
Node 8 Table Mem Usage ranges from 0.975609 to 0.983009, average 0.978024
Node 8 Table Mem Usage ranges from 0.977867 to 0.986664, average 0.980820
Vectors Added Node 8: 8.94096 Seconds

Computing Query Hashes Node 0...
Computing Query Hashes Node 16...
Computing Query Hashes Node 8...
Computing Query Hashes Node 1...
Computing Query Hashes Node 17...
Computing Query Hashes Node 12...
Node 4 Table Mem Usage ranges from 0.219791 to 0.267578, average 0.247786
Node 4 Table Mem Usage ranges from 0.833683 to 0.910469, average 0.881629
Node 4 Table Mem Usage ranges from 0.944450 to 0.968224, average 0.960184
Node 4 Table Mem Usage ranges from 0.971043 to 0.975124, average 0.973766
Node 4 Table Mem Usage ranges from 0.974552 to 0.978207, average 0.976577
Vectors Added Node 4: 8.94446 Seconds

Computing Query Hashes Node 4...
Computing Query Hashes Node 9...
Computing Query Hashes Node 2...
Computing Query Hashes Node 18...
Computing Query Hashes Node 5...
Computing Query Hashes Node 10...
Computing Query Hashes Node 3...
Computing Query Hashes Node 19...
Computing Query Hashes Node 13...
Computing Query Hashes Node 6...
Computing Query Hashes Node 11...
Computing Query Hashes Node 14...
Computing Query Hashes Node 7...
Computing Query Hashes Node 15...
Query Hashes Computed Node 5: 0.00777878 Seconds

Query Hashes Computed Node 6: 0.00775497 Seconds

Query Hashes Computed Node 4: 0.00792817 Seconds

Query Hashes Computed Node 3: 0.00803027 Seconds

Query Hashes Computed Node 19: 0.00798658 Seconds

Query Hashes Computed Node 17: 0.00805144 Seconds

Query Hashes Computed Node 18: 0.00805458 Seconds

Query Hashes Computed Node 2: 0.00803887 Seconds

Query Hashes Computed Node 8: 0.00796293 Seconds

Query Hashes Computed Node 12: 0.00801389 Seconds

Query Hashes Computed Node 11: 0.00808781 Seconds

Query Hashes Computed Node 14: 0.00800663 Seconds

Query Hashes Computed Node 10: 0.00810603 Seconds

Query Hashes Computed Node 15: 0.00803292 Seconds

Query Hashes Computed Node 9: 0.00816041 Seconds

Query Hashes Computed Node 13: 0.00809034 Seconds

Query Hashes Computed Node 7: 0.0122242 Seconds

Query Hashes Computed Node 0: 0.0129533 Seconds

Query Hashes Computed Node 1: 0.0141445 Seconds

Extracting Top K (TREE) Node 0...
Query Hashes Computed Node 16: 0.0163732 Seconds

Extracting Top K (TREE) Node 1...
Extracting Top K (TREE) Node 16...
Extracting Top K (TREE) Node 4...
Extracting Top K (TREE) Node 2...
Extracting Top K (TREE) Node 17...
Extracting Top K (TREE) Node 5...
Extracting Top K (TREE) Node 18...
Extracting Top K (TREE) Node 6...
Extracting Top K (TREE) Node 8...
Extracting Top K (TREE) Node 19...
Extracting Top K (TREE) Node 12...
Extracting Top K (TREE) Node 7...
Extracting Top K (TREE) Node 9...
Extracting Top K (TREE) Node 13...
Extracting Top K (TREE) Node 10...
Extracting Top K (TREE) Node 14...
Extracting Top K (TREE) Node 11...
Extracting Top K (TREE) Node 15...
Extracting Top K (TREE) Node 3...
Top K (TREE) Extracted Node 13: 0.629207 Seconds

Top K (TREE) Extracted Node 15: 0.637135 Seconds

Top K (TREE) Extracted Node 7: 0.665406 Seconds

Top K (TREE) Extracted Node 5: 0.665644 Seconds

Top K (TREE) Extracted Node 17: 0.671754 Seconds

Top K (TREE) Extracted Node 9: 0.675227 Seconds

Top K (TREE) Extracted Node 3: 0.676432 Seconds

Top K (TREE) Extracted Node 1: 0.678428 Seconds

Top K (TREE) Extracted Node 19: 0.679794 Seconds

Top K (TREE) Extracted Node 11: 0.68035 Seconds

Top K (TREE) Extracted Node 14: 0.874696 Seconds

Top K (TREE) Extracted Node 6: 0.909208 Seconds

Top K (TREE) Extracted Node 18: 0.91692 Seconds

Top K (TREE) Extracted Node 2: 0.919135 Seconds

Top K (TREE) Extracted Node 10: 0.922722 Seconds

Top K (TREE) Extracted Node 4: 1.05608 Seconds

Top K (TREE) Extracted Node 12: 1.06064 Seconds

Top K (TREE) Extracted Node 8: 1.19482 Seconds

Top K (TREE) Extracted Node 16: 1.32214 Seconds

Top K (TREE) Extracted Node 0: 1.46245 Seconds

Extracting Top K (LINEAR) Node 0...
Extracting Top K (LINEAR) Node 1...
Extracting Top K (LINEAR) Node 2...
Extracting Top K (LINEAR) Node 16...
Extracting Top K (LINEAR) Node 12...
Extracting Top K (LINEAR) Node 5...
Extracting Top K (LINEAR) Node 8...
Extracting Top K (LINEAR) Node 3...
Extracting Top K (LINEAR) Node 7...
Extracting Top K (LINEAR) Node 4...
Extracting Top K (LINEAR) Node 17...
Extracting Top K (LINEAR) Node 13...
Extracting Top K (LINEAR) Node 6...
Extracting Top K (LINEAR) Node 18...
Extracting Top K (LINEAR) Node 14...
Extracting Top K (LINEAR) Node 9...
Extracting Top K (LINEAR) Node 19...
Extracting Top K (LINEAR) Node 15...
Extracting Top K (LINEAR) Node 10...
Extracting Top K (LINEAR) Node 11...
terminate called after throwing an instance of 'std::bad_array_new_length'
  what():  std::bad_array_new_length
[bc12u11n1:55710] *** Process received signal ***
[bc12u11n1:55710] Signal: Aborted (6)
[bc12u11n1:55710] Signal code:  (-6)
[bc12u11n1:55710] [ 0] /usr/lib64/libpthread.so.0(+0xf5d0)[0x7fcefe3f45d0]
[bc12u11n1:55710] [ 1] /usr/lib64/libc.so.6(gsignal+0x37)[0x7fcefe04e207]
[bc12u11n1:55710] [ 2] /usr/lib64/libc.so.6(abort+0x148)[0x7fcefe04f8f8]
[bc12u11n1:55710] [ 3] /opt/apps/software/Core/GCCcore/6.4.0/lib64/libstdc++.so.6(_ZN9__gnu_cxx27__verbose_terminate_handlerEv+0x15d)[0x7fcefe99d4dd]
[bc12u11n1:55710] [ 4] /opt/apps/software/Core/GCCcore/6.4.0/lib64/libstdc++.so.6(+0x984a6)[0x7fcefe99b4a6]
[bc12u11n1:55710] [ 5] /opt/apps/software/Core/GCCcore/6.4.0/lib64/libstdc++.so.6(+0x984f1)[0x7fcefe99b4f1]
[bc12u11n1:55710] [ 6] /opt/apps/software/Core/GCCcore/6.4.0/lib64/libstdc++.so.6(+0x98709)[0x7fcefe99b709]
[bc12u11n1:55710] [ 7] /opt/apps/software/Core/GCCcore/6.4.0/lib64/libstdc++.so.6(+0x97482)[0x7fcefe99a482]
[bc12u11n1:55710] [ 8] /scratch/ncm5/Distributed-LSH-Algorithm-For-Similarity-Search/src/./runme[0x409aee]
[bc12u11n1:55710] [ 9] /scratch/ncm5/Distributed-LSH-Algorithm-For-Similarity-Search/src/./runme[0x40b8c8]
[bc12u11n1:55710] [10] /scratch/ncm5/Distributed-LSH-Algorithm-For-Similarity-Search/src/./runme[0x4062c5]
[bc12u11n1:55710] [11] /scratch/ncm5/Distributed-LSH-Algorithm-For-Similarity-Search/src/./runme[0x402a79]
[bc12u11n1:55710] [12] /usr/lib64/libc.so.6(__libc_start_main+0xf5)[0x7fcefe03a3d5]
[bc12u11n1:55710] [13] /scratch/ncm5/Distributed-LSH-Algorithm-For-Similarity-Search/src/./runme[0x402c57]
[bc12u11n1:55710] *** End of error message ***
srun: error: bc12u11n1: task 0: Aborted
srun: Job step aborted: Waiting up to 32 seconds for job step to finish.
slurmstepd: *** JOB 48416 ON bc12u11n1 CANCELLED AT 2019-11-26T16:30:27 DUE TO TIME LIMIT ***
slurmstepd: *** STEP 48416.0 ON bc12u11n1 CANCELLED AT 2019-11-26T16:30:27 DUE TO TIME LIMIT ***
