
=================
== Webspam
=================

340000 Vectors, 10000 Queries
Nodes: 5
Tables: 24
RangePow: 18
Reservoir Size: 256
Hashes: 8
Using CMS Aggregation
CMS Bucket Size: 1024
CMS Hashes: 4

LSH Initialized in Node 0
LSH Initialized in Node 2
LSH Initialized in Node 4
LSH Initialized in Node 1
LSH Initialized in Node 3
CMS Initialized in Node 0
CMS Initialized in Node 1
CMS Initialized in Node 2
CMS Initialized in Node 3
CMS Initialized in Node 4
LSH Reservoir Initialized in Node 3
LSH Reservoir Initialized in Node 1
LSH Reservoir Initialized in Node 4
LSH Reservoir Initialized in Node 2
LSH Reservoir Initialized in Node 0
FLASH Controller Initialized in Node 0

Reading Data Node 0...
FLASH Controller Initialized in Node 3

Reading Data Node 3...
FLASH Controller Initialized in Node 1

Reading Data Node 1...
[readSparse]
FLASH Controller Initialized in Node 2

Reading Data Node 2...
[readSparse]
FLASH Controller Initialized in Node 4

Reading Data Node 4...
[readSparse]
[readSparse]
[readSparse]
[readSparse] Read 253645866 numbers, 68000 vectors. 
[readSparse] Read 252759461 numbers, 68000 vectors. 
[readSparse] Read 254017273 numbers, 68000 vectors. 
[readSparse] Read 254019522 numbers, 68000 vectors. 
[readSparse] Read 253047606 numbers, 68000 vectors. 
Data Read Node 4: 121.186 Seconds

Data Read Node 3: 121.186 Seconds

Data Read Node 1: 121.186 Seconds

Data Read Node 0: 121.186 Seconds

Data Read Node 2: 121.186 Seconds

[readSparse]
[readSparse] Read 37207718 numbers, 10000 vectors. 
Adding Vectors Node 0...
Adding Vectors Node 1...
Adding Vectors Node 2...
Adding Vectors Node 3...
Adding Vectors Node 4...
Node 1 Table Mem Usage ranges from 0.003288 to 0.004108, average 0.003744
Node 1 Table Mem Usage ranges from 0.025452 to 0.033661, average 0.030346
Node 1 Table Mem Usage ranges from 0.042866 to 0.057465, average 0.051616
Node 1 Table Mem Usage ranges from 0.058128 to 0.078564, average 0.070365
Node 1 Table Mem Usage ranges from 0.072124 to 0.098175, average 0.087684
Vectors Added Node 1: 1.29174 Seconds

Node 3 Table Mem Usage ranges from 0.003235 to 0.004097, average 0.003753
Node 3 Table Mem Usage ranges from 0.025417 to 0.033482, average 0.030221
Node 3 Table Mem Usage ranges from 0.042690 to 0.057213, average 0.051458
Node 3 Table Mem Usage ranges from 0.058071 to 0.078426, average 0.070117
Node 3 Table Mem Usage ranges from 0.072140 to 0.098137, average 0.087642
Vectors Added Node 3: 1.29595 Seconds

Node 4 Table Mem Usage ranges from 0.003315 to 0.004185, average 0.003766
Node 4 Table Mem Usage ranges from 0.025372 to 0.033604, average 0.030211
Node 4 Table Mem Usage ranges from 0.042946 to 0.057350, average 0.051652
Node 4 Table Mem Usage ranges from 0.058331 to 0.078510, average 0.070468
Node 4 Table Mem Usage ranges from 0.072414 to 0.098080, average 0.087684
Vectors Added Node 4: 1.37398 Seconds

Node 2 Table Mem Usage ranges from 0.003296 to 0.004215, average 0.003785
Node 2 Table Mem Usage ranges from 0.025486 to 0.033619, average 0.030280
Node 2 Table Mem Usage ranges from 0.042824 to 0.057213, average 0.051440
Node 2 Table Mem Usage ranges from 0.058033 to 0.078144, average 0.070030
Node 2 Table Mem Usage ranges from 0.072216 to 0.097790, average 0.087471
Vectors Added Node 2: 1.37795 Seconds

Node 0 Table Mem Usage ranges from 0.003281 to 0.004086, average 0.003758
Node 0 Table Mem Usage ranges from 0.025112 to 0.033360, average 0.030035
Node 0 Table Mem Usage ranges from 0.042477 to 0.056786, average 0.051127
Node 0 Table Mem Usage ranges from 0.057667 to 0.078049, average 0.069797
Node 0 Table Mem Usage ranges from 0.071709 to 0.097500, average 0.086944
Vectors Added Node 0: 1.3785 Seconds

Computing Query Hashes Node 0...
Computing Query Hashes Node 1...
Computing Query Hashes Node 2...
Computing Query Hashes Node 3...
Computing Query Hashes Node 4...
Query Hashes Computed Node 4: 0.03633 Seconds

Query Hashes Computed Node 0: 0.0365058 Seconds

Query Hashes Computed Node 3: 0.0365526 Seconds

Query Hashes Computed Node 1: 0.0366023 Seconds

Query Hashes Computed Node 2: 0.0366146 Seconds

Extracting Top K (CMS) Node 0...
Extracting Top K (CMS) Node 1...
Extracting Top K (CMS) Node 2...
Extracting Top K (CMS) Node 3...
Extracting Top K (CMS) Node 4...
Top K Extracted Node 3: 1.81801 Seconds

Top K Extracted Node 1: 1.82444 Seconds

Top K Extracted Node 2: 2.02511 Seconds

Top K Extracted Node 4: 2.23183 Seconds

Top K Extracted Node 0: 2.4656 Seconds

Reading Groundtruth Node 0...
Groundtruth Read Node 0: 0.0049562 Seconds

[readSparse]
[readSparse] Read 1304697446 numbers, 350000 vectors. 


================================
TOP K CMS

[similarityMetric] Averaging gtruth. 
[similarityMetric] Averaging output. 

S@k = s_out(s_true): In top k, average output similarity (average groundtruth similarity). 
S@1 = 0.901 (0.000) 
S@10 = 0.857 (0.000) 
S@20 = 0.840 (0.000) 
S@30 = 0.831 (0.000) 
S@32 = 0.829 (0.000) 
S@40 = 0.824 (0.000) 
S@50 = 0.818 (0.000) 
S@64 = 0.811 (0.000) 
S@100 = 0.798 (0.000) 
S@128 = 0.790 (0.000) 
1 10 20 30 32 40 50 64 100 128 
0.901 0.857 0.840 0.831 0.829 0.824 0.818 0.811 0.798 0.790 
0.000 0.000 0.000 0.000 0.000 0.000 0.000 0.000 0.000 0.000 

Similarity Metric Computed
S@1 = 0.000 
S@10 = 0.000 
S@20 = 0.000 
S@30 = 0.000 
S@32 = 0.000 
S@40 = 0.000 
S@50 = 0.000 
S@64 = 0.000 
S@100 = 0.000 
S@128 = 0.000 
1 10 20 30 32 40 50 64 100 128 
0.000 0.000 0.000 0.000 0.000 0.000 0.000 0.000 0.000 0.000 

Similarity of Data Computed
Evaluation Complete
