
=================
== KDD12
=================

140000000 Vectors, 10000 Queries
Nodes: 2
Tables: 16
RangePow: 18
Reservoir Size: 256
Hashes: 4
CMS Bucket Size: 2048
CMS Hashes: 4

LSH Initialized in Node 0
LSH Initialized in Node 1
CMS Initialized in Node 0
CMS Initialized in Node 1
LSH Reservoir Initialized in Node 1
LSH Reservoir Initialized in Node 0
FLASH Controller Initialized in Node 0

Reading Data Node 0...
[readSparse]
FLASH Controller Initialized in Node 1

Reading Data Node 1...
[readSparse]
[readSparse] Read 770000000 numbers, 70000000 vectors. 
[readSparse] Read 770000000 numbers, 70000000 vectors. 
Data Read Node 1: 278.142 Seconds

Data Read Node 0: 278.142 Seconds

[readSparse]
[readSparse] Read 110000 numbers, 10000 vectors. 
Adding Vectors Node 0...
Adding Vectors Node 1...
Node 1 Table Mem Usage ranges from 0.835846 to 0.919743, average 0.887724
Node 1 Table Mem Usage ranges from 0.991901 to 0.993828, average 0.992792
Node 1 Table Mem Usage ranges from 0.991901 to 0.993828, average 0.992792
Node 1 Table Mem Usage ranges from 0.991901 to 0.993828, average 0.992792
Node 1 Table Mem Usage ranges from 0.991901 to 0.993828, average 0.992792
Vectors Added Node 1: 119.47 Seconds

Node 0 Table Mem Usage ranges from 0.823532 to 0.913620, average 0.879324
Node 0 Table Mem Usage ranges from 0.992218 to 0.995350, average 0.994049
Node 0 Table Mem Usage ranges from 0.992218 to 0.995350, average 0.994049
Node 0 Table Mem Usage ranges from 0.992218 to 0.995350, average 0.994049
Node 0 Table Mem Usage ranges from 0.992218 to 0.995350, average 0.994049
Vectors Added Node 0: 125.372 Seconds

Computing Query Hashes Node 0...
Computing Query Hashes Node 1...
Query Hashes Computed Node 0: 0.00849467 Seconds

Extracting Top K (TREE) Node 0...
Query Hashes Computed Node 1: 0.0170341 Seconds

Extracting Top K (TREE) Node 1...
Top K (TREE) Extracted Node 1: 1.04196 Seconds

Top K (TREE) Extracted Node 0: 1.2705 Seconds

Extracting Top K (LINEAR) Node 1...
Extracting Top K (LINEAR) Node 0...
Top K (LINEAR) Extracted Node 1: 1.25296 Seconds

Top K (LINEAR) Extracted Node 0: 1.57438 Seconds

Extracting Top K (BRUTEFORCE) Node 0...
Extracting Top K (BRUTEFORCE) Node 1...
Top K (BRUTEFORCE) Extracted Node 1: 0.135617 Seconds

Top K (BRUTEFORCE) Extracted Node 0: 1.46688 Seconds

slurmstepd: Exceeded step memory limit at some point.
