slurmstepd: unable to build slurm cgroup for ns memory: Cannot allocate memory
slurmstepd: jobacct_gather/cgroup: unable to instanciate user 17279 memory cgroup
slurmstepd: task/cgroup: unable to add task[pid=57823] to memory cg '(null)'
slurmstepd: unable to build slurm cgroup for ns memory: Cannot allocate memory
slurmstepd: jobacct_gather/cgroup: unable to instanciate user 17279 memory cgroup
slurmstepd: task/cgroup: unable to add task[pid=57822] to memory cg '(null)'

=================
== KDD12
=================

140000000 Vectors, 10000 Queries
Nodes: 6
Tables: 16
RangePow: 18
Reservoir Size: 256
Hashes: 4
CMS Bucket Size: 2048
CMS Hashes: 4

LSH Initialized in Node 0
LSH Initialized in Node 1
LSH Initialized in Node 4
LSH Initialized in Node 5
LSH Initialized in Node 2
LSH Initialized in Node 3
CMS Initialized in Node 4
CMS Initialized in Node 5
CMS Initialized in Node 0
CMS Initialized in Node 2
CMS Initialized in Node 1
CMS Initialized in Node 3
LSH Reservoir Initialized in Node 5
LSH Reservoir Initialized in Node 1
LSH Reservoir Initialized in Node 0
LSH Reservoir Initialized in Node 4
LSH Reservoir Initialized in Node 2
FLASH Controller Initialized in Node 4

Reading Data Node 4...
FLASH Controller Initialized in Node 0

Reading Data Node 0...
[readSparse]
LSH Reservoir Initialized in Node 3
FLASH Controller Initialized in Node 1

Reading Data Node 1...
[readSparse]
FLASH Controller Initialized in Node 5

Reading Data Node 5...
[readSparse]
[readSparse]
FLASH Controller Initialized in Node 2

Reading Data Node 2...
FLASH Controller Initialized in Node 3

Reading Data Node 3...
[readSparse]
[readSparse]
[readSparse] Read 256666685 numbers, 23333335 vectors. 
[readSparse] Read 256666685 numbers, 23333335 vectors. 
[readSparse] Read 256666674 numbers, 23333334 vectors. 
[readSparse] Read 256666674 numbers, 23333334 vectors. 
[readSparse] Read 256666674 numbers, 23333334 vectors. 
[readSparse] Read 256666674 numbers, 23333334 vectors. 
Data Read Node 2: 132.15 Seconds

Data Read Node 0: 132.195 Seconds

[readSparse]
Data Read Node 1: 132.195 Seconds

Data Read Node 3: 132.15 Seconds

Data Read Node 4: 132.195 Seconds

Data Read Node 5: 132.195 Seconds

[readSparse] Read 110000 numbers, 10000 vectors. 
Adding Vectors Node 4...
Adding Vectors Node 0...
Adding Vectors Node 2...
Adding Vectors Node 5...
Adding Vectors Node 1...
Adding Vectors Node 3...
Node 4 Table Mem Usage ranges from 0.307178 to 0.447189, average 0.401947
Node 4 Table Mem Usage ranges from 0.933197 to 0.978268, average 0.969666
Node 4 Table Mem Usage ranges from 0.977467 to 0.986572, average 0.980813
Node 4 Table Mem Usage ranges from 0.977489 to 0.987083, average 0.981487
Node 4 Table Mem Usage ranges from 0.977489 to 0.987286, average 0.981544
Vectors Added Node 4: 23.0313 Seconds

Node 3 Table Mem Usage ranges from 0.518085 to 0.609936, average 0.571004
Node 3 Table Mem Usage ranges from 0.972946 to 0.981869, average 0.975841
Node 3 Table Mem Usage ranges from 0.973309 to 0.984890, average 0.977496
Node 3 Table Mem Usage ranges from 0.973309 to 0.985085, average 0.977525
Node 3 Table Mem Usage ranges from 0.973309 to 0.985085, average 0.977525
Vectors Added Node 3: 24.3783 Seconds

Node 5 Table Mem Usage ranges from 0.498569 to 0.598183, average 0.555500
Node 5 Table Mem Usage ranges from 0.973927 to 0.977753, average 0.975873
Node 5 Table Mem Usage ranges from 0.974403 to 0.981602, average 0.977547
Node 5 Table Mem Usage ranges from 0.974403 to 0.981728, average 0.977572
Node 5 Table Mem Usage ranges from 0.974403 to 0.981731, average 0.977572
Vectors Added Node 5: 25.4761 Seconds

Node 1 Table Mem Usage ranges from 0.499367 to 0.590908, average 0.552968
Node 1 Table Mem Usage ranges from 0.972294 to 0.982777, average 0.976045
Node 1 Table Mem Usage ranges from 0.972637 to 0.986668, average 0.977704
Node 1 Table Mem Usage ranges from 0.972641 to 0.986778, average 0.977724
Node 1 Table Mem Usage ranges from 0.972641 to 0.986778, average 0.977724
Vectors Added Node 1: 25.6553 Seconds

Node 0 Table Mem Usage ranges from 0.495728 to 0.595959, average 0.554537
Node 0 Table Mem Usage ranges from 0.972385 to 0.976025, average 0.974365
Node 0 Table Mem Usage ranges from 0.972755 to 0.980328, average 0.976061
Node 0 Table Mem Usage ranges from 0.972759 to 0.980473, average 0.976089
Node 0 Table Mem Usage ranges from 0.972759 to 0.980476, average 0.976089
Vectors Added Node 0: 25.8632 Seconds

Computing Query Hashes Node 4...
Computing Query Hashes Node 0...
Node 2 Table Mem Usage ranges from 0.509243 to 0.610321, average 0.565482
Node 2 Table Mem Usage ranges from 0.974533 to 0.981106, average 0.977028
Node 2 Table Mem Usage ranges from 0.974812 to 0.981682, average 0.978678
Node 2 Table Mem Usage ranges from 0.974812 to 0.981682, average 0.978705
Node 2 Table Mem Usage ranges from 0.974812 to 0.981682, average 0.978705
Vectors Added Node 2: 25.8799 Seconds

Computing Query Hashes Node 2...
Computing Query Hashes Node 5...
Computing Query Hashes Node 1...
Computing Query Hashes Node 3...
Query Hashes Computed Node 4: 0.00643027 Seconds

Query Hashes Computed Node 5: 0.00645614 Seconds

Query Hashes Computed Node 0: 0.00672509 Seconds

Query Hashes Computed Node 2: 0.00666458 Seconds

Query Hashes Computed Node 3: 0.010867 Seconds

Query Hashes Computed Node 1: 0.0138415 Seconds

Extracting Top K (TREE) Node 0...
Extracting Top K (TREE) Node 1...
Extracting Top K (TREE) Node 2...
Extracting Top K (TREE) Node 3...
Extracting Top K (TREE) Node 4...
Extracting Top K (TREE) Node 5...
Top K (TREE) Extracted Node 3: 0.669436 Seconds

Top K (TREE) Extracted Node 5: 0.67026 Seconds

Top K (TREE) Extracted Node 1: 0.67933 Seconds

Top K (TREE) Extracted Node 2: 0.811564 Seconds

Top K (TREE) Extracted Node 4: 0.932049 Seconds

Extracting Top K (LINEAR) Node 5...
Top K (TREE) Extracted Node 0: 1.06105 Seconds

Extracting Top K (LINEAR) Node 0...
Extracting Top K (LINEAR) Node 3...
Extracting Top K (LINEAR) Node 4...
Extracting Top K (LINEAR) Node 1...
Extracting Top K (LINEAR) Node 2...
Top K (LINEAR) Extracted Node 1: 0.682895 Seconds

Top K (LINEAR) Extracted Node 2: 0.837414 Seconds

Top K (LINEAR) Extracted Node 3: 0.996616 Seconds

Top K (LINEAR) Extracted Node 4: 1.24029 Seconds

Top K (LINEAR) Extracted Node 5: 1.44224 Seconds

Top K (LINEAR) Extracted Node 0: 1.94343 Seconds

Extracting Top K (BRUTEFORCE) Node 5...
Extracting Top K (BRUTEFORCE) Node 0...
Extracting Top K (BRUTEFORCE) Node 1...
Extracting Top K (BRUTEFORCE) Node 4...
Extracting Top K (BRUTEFORCE) Node 2...
Extracting Top K (BRUTEFORCE) Node 3...
Top K (BRUTEFORCE) Extracted Node 1: 0.114291 Seconds

Top K (BRUTEFORCE) Extracted Node 2: 0.150483 Seconds

Top K (BRUTEFORCE) Extracted Node 3: 0.189077 Seconds

Top K (BRUTEFORCE) Extracted Node 4: 0.27611 Seconds

Top K (BRUTEFORCE) Extracted Node 5: 0.314277 Seconds

Top K (BRUTEFORCE) Extracted Node 0: 2.17803 Seconds

[readSparse]
[readSparse] Read 1540110000 numbers, 140010000 vectors. 


================================
TOP K TREE

[similarityMetric] Averaging output. 

S@k = s_out(s_true): In top k, average output similarity (average groundtruth similarity). 
S@1 = 0.831 
S@10 = 0.792 
S@20 = 0.770 
S@30 = 0.753 
S@32 = 0.750 
S@40 = 0.740 
S@50 = 0.728 
S@64 = 0.713 
S@100 = 0.686 
S@128 = 0.669 
1 10 20 30 32 40 50 64 100 128 
0.831 0.792 0.770 0.753 0.750 0.740 0.728 0.713 0.686 0.669 


================================
TOP K LINEAR

[similarityMetric] Averaging output. 

S@k = s_out(s_true): In top k, average output similarity (average groundtruth similarity). 
S@1 = 0.828 
S@10 = 0.786 
S@20 = 0.763 
S@30 = 0.746 
S@32 = 0.743 
S@40 = 0.733 
S@50 = 0.721 
S@64 = 0.707 
S@100 = 0.683 
S@128 = 0.667 
1 10 20 30 32 40 50 64 100 128 
0.828 0.786 0.763 0.746 0.743 0.733 0.721 0.707 0.683 0.667 


================================
TOP K BRUTEFORCE

[similarityMetric] Averaging output. 

S@k = s_out(s_true): In top k, average output similarity (average groundtruth similarity). 
S@1 = 0.846 
S@10 = 0.813 
S@20 = 0.797 
S@30 = 0.784 
S@32 = 0.782 
S@40 = 0.774 
S@50 = 0.765 
S@64 = 0.756 
S@100 = 0.740 
S@128 = 0.730 
1 10 20 30 32 40 50 64 100 128 
0.846 0.813 0.797 0.784 0.782 0.774 0.765 0.756 0.740 0.730 
Similarity Metric Computed
