LSH Initialized in Node 0
LSH Initialized in Node 2
LSH Initialized in Node 1
LSH Initialized in Node 3
CMS Initialized in Node 0
CMS Initialized in Node 1
CMS Initialized in Node 2
CMS Initialized in Node 3
LSH Reservoir Initialized in Node 3
LSH Reservoir Initialized in Node 1
LSH Reservoir Initialized in Node 2
LSH Reservoir Initialized in Node 0
FLASH Controller Initialized in Node 1
FLASH Controller Initialized in Node 3
FLASH Controller Initialized in Node 0
FLASH Controller Initialized in Node 2

Reading Data Node 0...
[readSparse]
[readSparse]
[readSparse]
[readSparse]
[readSparse] Read 316858307 numbers, 85000 vectors. 
[readSparse] Read 316320716 numbers, 85000 vectors. 
[readSparse] Read 317907487 numbers, 85000 vectors. 
[readSparse] Read 316403218 numbers, 85000 vectors. 
Data Read Node 0: 144.051 Seconds

[readSparse]
[readSparse] Read 37207718 numbers, 10000 vectors. 
Adding Vectors Node 0...
Adding Vectors Node 2...
Adding Vectors Node 1...
Adding Vectors Node 3...
Node 3 Table Mem Usage ranges from 0.003952 to 0.005199, average 0.004643
Node 3 Table Mem Usage ranges from 0.030781 to 0.042110, average 0.037042
Node 3 Table Mem Usage ranges from 0.052177 to 0.072266, average 0.063211
Node 3 Table Mem Usage ranges from 0.070808 to 0.099056, average 0.086077
Node 3 Table Mem Usage ranges from 0.087910 to 0.123474, average 0.107023
Vectors Added Node 3: 1.7825 Seconds

Node 1 Table Mem Usage ranges from 0.003967 to 0.005268, average 0.004699
Node 1 Table Mem Usage ranges from 0.030849 to 0.042183, average 0.037104
Node 1 Table Mem Usage ranges from 0.051975 to 0.072201, average 0.062877
Node 1 Table Mem Usage ranges from 0.070663 to 0.098873, average 0.085676
Node 1 Table Mem Usage ranges from 0.087929 to 0.123177, average 0.106737
Vectors Added Node 1: 1.78576 Seconds

Node 2 Table Mem Usage ranges from 0.003792 to 0.005085, average 0.004516
Node 2 Table Mem Usage ranges from 0.030296 to 0.042099, average 0.036793
Node 2 Table Mem Usage ranges from 0.051548 to 0.071846, average 0.062485
Node 2 Table Mem Usage ranges from 0.070435 to 0.098816, average 0.085671
Node 2 Table Mem Usage ranges from 0.087273 to 0.122898, average 0.106461
Vectors Added Node 2: 1.86505 Seconds

Node 0 Table Mem Usage ranges from 0.003883 to 0.005253, average 0.004628
Node 0 Table Mem Usage ranges from 0.030697 to 0.042049, average 0.037041
Node 0 Table Mem Usage ranges from 0.051693 to 0.071835, average 0.062783
Node 0 Table Mem Usage ranges from 0.070320 to 0.098091, average 0.085442
Node 0 Table Mem Usage ranges from 0.087685 to 0.122318, average 0.106312
Vectors Added Node 0: 1.86836 Seconds

Computing Query Hashes Node 0...
Computing Query Hashes Node 1...
Computing Query Hashes Node 2...
Computing Query Hashes Node 3...
Query Hashes Computed Node 3: 0.0473476 Seconds

Query Hashes Computed Node 1: 0.0473623 Seconds

Query Hashes Computed Node 0: 0.0474484 Seconds

Query Hashes Computed Node 2: 0.0474569 Seconds

Extracting Top K (CMS) Node 1...
Extracting Top K (CMS) Node 0...
Extracting Top K (CMS) Node 2...
Extracting Top K (CMS) Node 3...
Iteration 0: Node 3: Send from 2
Top K Extracted Node 3: 5.62143 Seconds

Iteration 0: Node 1: Send from 0
Top K Extracted Node 1: 5.63193 Seconds

Iteration 0: Node 2: Recv from 3
Iteration 1: Node 2: Send from 0
Top K Extracted Node 2: 6.46229 Seconds

Iteration 0: Node 0: Recv from 1
Iteration 1: Node 0: Recv from 2
Top K Extracted Node 0: 7.16052 Seconds

Reading Groundtruth Node 0...
Groundtruth Read Node 0: 0.00155482 Seconds

[readSparse]
slurmstepd: Exceeded job memory limit at some point.
[readSparse] Read 1304697446 numbers, 350000 vectors. 


================================
TOP K CMS

[similarityMetric] Averaging gtruth. 
[similarityMetric] Averaging output. 

S@k = s_out(s_true): In top k, average output similarity (average groundtruth similarity). 
S@1 = 0.905 (0.000) 
S@10 = 0.860 (0.000) 
S@20 = 0.842 (0.000) 
S@30 = 0.833 (0.000) 
S@32 = 0.832 (0.000) 
S@40 = 0.826 (0.000) 
S@50 = 0.821 (0.000) 
S@64 = 0.815 (0.000) 
S@100 = 0.804 (0.000) 
S@128 = 0.797 (0.000) 
1 10 20 30 32 40 50 64 100 128 
0.905 0.860 0.842 0.833 0.832 0.826 0.821 0.815 0.804 0.797 
0.000 0.000 0.000 0.000 0.000 0.000 0.000 0.000 0.000 0.000 

Similarity Metric Computed
S@1 = 0.000 
S@10 = 0.000 
S@20 = 0.000 
S@30 = 0.000 
S@32 = 0.000 
S@40 = 0.000 
S@50 = 0.000 
S@64 = 0.000 
S@100 = 0.000 
S@128 = 0.000 
1 10 20 30 32 40 50 64 100 128 
0.000 0.000 0.000 0.000 0.000 0.000 0.000 0.000 0.000 0.000 

Similarity of Data Computed
Evaluation Complete
slurmstepd: Exceeded job memory limit at some point.
