
=================
== Webspam
=================

340000 Vectors, 10000 Queries
Nodes: 5
Tables: 24
RangePow: 18
Reservoir Size: 256
Hashes: 8
Using CMS Aggregation
Using Tree Aggregation
CMS Bucket Size: 1024
CMS Hashes: 4

LSH Initialized in Node 0
LSH Initialized in Node 2
LSH Initialized in Node 4
LSH Initialized in Node 1
LSH Initialized in Node 3
CMS Initialized in Node 0
CMS Initialized in Node 1
CMS Initialized in Node 2
CMS Initialized in Node 3
CMS Initialized in Node 4
LSH Reservoir Initialized in Node 3
LSH Reservoir Initialized in Node 1
LSH Reservoir Initialized in Node 4
LSH Reservoir Initialized in Node 2
LSH Reservoir Initialized in Node 0
FLASH Controller Initialized in Node 0

Reading Data Node 0...
FLASH Controller Initialized in Node 1

Reading Data Node 1...
FLASH Controller Initialized in Node 2

Reading Data Node 2...
FLASH Controller Initialized in Node 3

Reading Data Node 3...
FLASH Controller Initialized in Node 4

Reading Data Node 4...
[readSparse]
[readSparse]
[readSparse]
[readSparse]
[readSparse]
[readSparse] Read 253645866 numbers, 68000 vectors. 
[readSparse] Read 252759461 numbers, 68000 vectors. 
[readSparse] Read 254017273 numbers, 68000 vectors. 
[readSparse] Read 254019522 numbers, 68000 vectors. 
[readSparse] Read 253047606 numbers, 68000 vectors. 
Data Read Node 4: 138.093 Seconds

Data Read Node 3: 138.093 Seconds

Data Read Node 0: 138.093 Seconds

Data Read Node 1: 138.093 Seconds

Data Read Node 2: 138.093 Seconds

[readSparse]
[readSparse] Read 37207718 numbers, 10000 vectors. 
Adding Vectors Node 0...
Adding Vectors Node 1...
Adding Vectors Node 2...
Adding Vectors Node 3...
Adding Vectors Node 4...
Node 1 Table Mem Usage ranges from 0.003281 to 0.004108, average 0.003744
Node 1 Table Mem Usage ranges from 0.025444 to 0.033657, average 0.030346
Node 1 Table Mem Usage ranges from 0.042850 to 0.057468, average 0.051618
Node 1 Table Mem Usage ranges from 0.058117 to 0.078579, average 0.070367
Node 1 Table Mem Usage ranges from 0.072117 to 0.098179, average 0.087686
Vectors Added Node 1: 1.26502 Seconds

Node 3 Table Mem Usage ranges from 0.003235 to 0.004097, average 0.003753
Node 3 Table Mem Usage ranges from 0.025421 to 0.033482, average 0.030221
Node 3 Table Mem Usage ranges from 0.042694 to 0.057209, average 0.051456
Node 3 Table Mem Usage ranges from 0.058079 to 0.078423, average 0.070115
Node 3 Table Mem Usage ranges from 0.072147 to 0.098137, average 0.087637
Vectors Added Node 3: 1.26849 Seconds

Node 4 Table Mem Usage ranges from 0.003315 to 0.004189, average 0.003766
Node 4 Table Mem Usage ranges from 0.025364 to 0.033596, average 0.030210
Node 4 Table Mem Usage ranges from 0.042942 to 0.057354, average 0.051648
Node 4 Table Mem Usage ranges from 0.058323 to 0.078484, average 0.070461
Node 4 Table Mem Usage ranges from 0.072407 to 0.098049, average 0.087677
Vectors Added Node 4: 1.35831 Seconds

Node 2 Table Mem Usage ranges from 0.003296 to 0.004215, average 0.003784
Node 2 Table Mem Usage ranges from 0.025497 to 0.033600, average 0.030273
Node 2 Table Mem Usage ranges from 0.042835 to 0.057201, average 0.051430
Node 2 Table Mem Usage ranges from 0.058048 to 0.078121, average 0.070020
Node 2 Table Mem Usage ranges from 0.072235 to 0.097767, average 0.087460
Vectors Added Node 2: 1.36403 Seconds

Node 0 Table Mem Usage ranges from 0.003281 to 0.004089, average 0.003758
Node 0 Table Mem Usage ranges from 0.025112 to 0.033352, average 0.030033
Node 0 Table Mem Usage ranges from 0.042488 to 0.056774, average 0.051125
Node 0 Table Mem Usage ranges from 0.057682 to 0.078041, average 0.069794
Node 0 Table Mem Usage ranges from 0.071724 to 0.097504, average 0.086942
Vectors Added Node 0: 1.36437 Seconds

Computing Query Hashes Node 3...
Computing Query Hashes Node 0...
Computing Query Hashes Node 1...
Computing Query Hashes Node 2...
Computing Query Hashes Node 4...
Query Hashes Computed Node 4: 0.0356205 Seconds

Query Hashes Computed Node 0: 0.0356718 Seconds

Query Hashes Computed Node 3: 0.0357225 Seconds

Query Hashes Computed Node 1: 0.0357665 Seconds

Query Hashes Computed Node 2: 0.035797 Seconds

Extracting Top K (CMS) Node 2...
Extracting Top K (CMS) Node 0...
Extracting Top K (CMS) Node 1...
Extracting Top K (CMS) Node 3...
Extracting Top K (CMS) Node 4...
Top K Extracted Node 3: 1.81655 Seconds

Top K Extracted Node 1: 1.82274 Seconds

Top K Extracted Node 2: 2.02256 Seconds

Top K Extracted Node 4: 2.22807 Seconds

Top K Extracted Node 0: 2.46147 Seconds

Reading Groundtruth Node 0...
Groundtruth Read Node 0: 0.00335196 Seconds

[readSparse]
[readSparse] Read 1304697446 numbers, 350000 vectors. 


================================
TOP K CMS

[similarityMetric] Averaging gtruth. 
[similarityMetric] Averaging output. 

S@k = s_out(s_true): In top k, average output similarity (average groundtruth similarity). 
S@1 = 0.900 (0.000) 
S@10 = 0.857 (0.000) 
S@20 = 0.840 (0.000) 
S@30 = 0.831 (0.000) 
S@32 = 0.829 (0.000) 
S@40 = 0.824 (0.000) 
S@50 = 0.818 (0.000) 
S@64 = 0.811 (0.000) 
S@100 = 0.798 (0.000) 
S@128 = 0.790 (0.000) 
1 10 20 30 32 40 50 64 100 128 
0.900 0.857 0.840 0.831 0.829 0.824 0.818 0.811 0.798 0.790 
0.000 0.000 0.000 0.000 0.000 0.000 0.000 0.000 0.000 0.000 

Similarity Metric Computed
Evaluation Complete
