
=================
== KDD12
=================

140000000 Vectors, 10000 Queries
Nodes: 18
Tables: 16
RangePow: 18
Reservoir Size: 256
Hashes: 4
CMS Bucket Size: 2048
CMS Hashes: 4

LSH Initialized in Node 0
LSH Initialized in Node 16
LSH Initialized in Node 12
LSH Initialized in Node 8
LSH Initialized in Node 11
LSH Initialized in Node 10
LSH Initialized in Node 17
LSH Initialized in Node 4
LSH Initialized in Node 9
LSH Initialized in Node 1
LSH Initialized in Node 13
LSH Initialized in Node 2
LSH Initialized in Node 5
LSH Initialized in Node 3
LSH Initialized in Node 14
LSH Initialized in Node 6
LSH Initialized in Node 7
LSH Initialized in Node 15
CMS Initialized in Node 11
CMS Initialized in Node 17
CMS Initialized in Node 10
CMS Initialized in Node 13
CMS Initialized in Node 5
CMS Initialized in Node 6
CMS Initialized in Node 14
CMS Initialized in Node 2
CMS Initialized in Node 3
CMS Initialized in Node 7
CMS Initialized in Node 15
CMS Initialized in Node 8
CMS Initialized in Node 9
CMS Initialized in Node 1
CMS Initialized in Node 4
CMS Initialized in Node 12
CMS Initialized in Node 0
CMS Initialized in Node 16
LSH Reservoir Initialized in Node 10
LSH Reservoir Initialized in Node 14
LSH Reservoir Initialized in Node 12
LSH Reservoir Initialized in Node 11
LSH Reservoir Initialized in Node 15
LSH Reservoir Initialized in Node 13
LSH Reservoir Initialized in Node 17
LSH Reservoir Initialized in Node 16
LSH Reservoir Initialized in Node 3
LSH Reservoir Initialized in Node 4
LSH Reservoir Initialized in Node 0
LSH Reservoir Initialized in Node 1
LSH Reservoir Initialized in Node 8
LSH Reservoir Initialized in Node 9
LSH Reservoir Initialized in Node 2
LSH Reservoir Initialized in Node 6
LSH Reservoir Initialized in Node 7
LSH Reservoir Initialized in Node 5
FLASH Controller Initialized in Node 0

Reading Data Node 0...
[readSparse]
FLASH Controller Initialized in Node 11

Reading Data Node 11...
FLASH Controller Initialized in Node 1

Reading Data Node 1...
FLASH Controller Initialized in Node 6

Reading Data Node 6...
[readSparse]
FLASH Controller Initialized in Node 8

Reading Data Node 8...
[readSparse]
FLASH Controller Initialized in Node 7

Reading Data Node 7...
[readSparse]
FLASH Controller Initialized in Node 4

Reading Data Node 4...
[readSparse]
FLASH Controller Initialized in Node 16

Reading Data Node 16...
[readSparse]
[readSparse]
FLASH Controller Initialized in Node 13

Reading Data Node 13...
[readSparse]
FLASH Controller Initialized in Node 10

Reading Data Node 10...
[readSparse]
FLASH Controller Initialized in Node 12

Reading Data Node 12...
[readSparse]
FLASH Controller Initialized in Node 14

Reading Data Node 14...
[readSparse]
FLASH Controller Initialized in Node 3

Reading Data Node 3...
[readSparse]
FLASH Controller Initialized in Node 15

Reading Data Node 15...
[readSparse]
FLASH Controller Initialized in Node 9

Reading Data Node 9...
[readSparse]
FLASH Controller Initialized in Node 2

Reading Data Node 2...
[readSparse]
FLASH Controller Initialized in Node 17

Reading Data Node 17...
FLASH Controller Initialized in Node 5

Reading Data Node 5...
[readSparse]
[readSparse]
[readSparse]
[readSparse] Read 85555569 numbers, 7777779 vectors. 
[readSparse] Read 85555569 numbers, 7777779 vectors. 
[readSparse] Read 85555569 numbers, 7777779 vectors. 
[readSparse] Read 85555569 numbers, 7777779 vectors. 
[readSparse] Read 85555569 numbers, 7777779 vectors. 
[readSparse] Read 85555558 numbers, 7777778 vectors. 
[readSparse] Read 85555569 numbers, 7777779 vectors. 
[readSparse] Read 85555569 numbers, 7777779 vectors. 
[readSparse] Read 85555569 numbers, 7777779 vectors. 
[readSparse] Read 85555569 numbers, 7777779 vectors. 
[readSparse] Read 85555569 numbers, 7777779 vectors. 
[readSparse] Read 85555569 numbers, 7777779 vectors. 
[readSparse] Read 85555569 numbers, 7777779 vectors. 
[readSparse] Read 85555569 numbers, 7777779 vectors. 
[readSparse] Read 85555569 numbers, 7777779 vectors. 
[readSparse] Read 85555558 numbers, 7777778 vectors. 
[readSparse] Read 85555558 numbers, 7777778 vectors. 
[readSparse] Read 85555558 numbers, 7777778 vectors. 
Data Read Node 15: 182.564 Seconds

Data Read Node 16: 182.566 Seconds

Data Read Node 13: 182.566 Seconds

Data Read Node 10: 182.566 Seconds

Data Read Node 0: 182.569 Seconds

Data Read Node 17: 182.563 Seconds

Data Read Node 14: 182.565 Seconds

Data Read Node 4: 182.566 Seconds

Data Read Node 2: 182.564 Seconds

Data Read Node 3: 182.565 Seconds

Data Read Node 1: 182.568 Seconds

Data Read Node 6: 182.568 Seconds

[readSparse]
Data Read Node 11: 182.568 Seconds

Data Read Node 12: 182.565 Seconds

Data Read Node 5: 182.563 Seconds

Data Read Node 7: 182.567 Seconds

Data Read Node 9: 182.564 Seconds

Data Read Node 8: 182.567 Seconds

[readSparse] Read 110000 numbers, 10000 vectors. 
Adding Vectors Node 0...
Adding Vectors Node 10...
Adding Vectors Node 16...
Adding Vectors Node 5...
Adding Vectors Node 3...
Adding Vectors Node 2...
Adding Vectors Node 1...
Adding Vectors Node 6...
Adding Vectors Node 15...
Adding Vectors Node 11...
Adding Vectors Node 17...
Adding Vectors Node 14...
Adding Vectors Node 12...
Adding Vectors Node 13...
Adding Vectors Node 9...
Adding Vectors Node 8...
Adding Vectors Node 4...
Adding Vectors Node 7...
Node 14 Table Mem Usage ranges from 0.128693 to 0.193897, average 0.171400
Node 14 Table Mem Usage ranges from 0.689621 to 0.877392, average 0.823329
Node 14 Table Mem Usage ranges from 0.863419 to 0.976658, average 0.948766
Node 14 Table Mem Usage ranges from 0.934593 to 0.991310, average 0.980253
Node 14 Table Mem Usage ranges from 0.967163 to 0.993526, average 0.989564
Vectors Added Node 14: 12.5206 Seconds

Node 12 Table Mem Usage ranges from 0.126419 to 0.192940, average 0.169936
Node 12 Table Mem Usage ranges from 0.691521 to 0.875950, average 0.822136
Node 12 Table Mem Usage ranges from 0.863628 to 0.976273, average 0.948626
Node 12 Table Mem Usage ranges from 0.933998 to 0.992069, average 0.980585
Node 12 Table Mem Usage ranges from 0.966393 to 0.994633, average 0.990136
Vectors Added Node 12: 12.6949 Seconds

Node 11 Table Mem Usage ranges from 0.123367 to 0.184929, average 0.161726
Node 11 Table Mem Usage ranges from 0.685139 to 0.880486, average 0.821805
Node 11 Table Mem Usage ranges from 0.858128 to 0.976433, average 0.947717
Node 11 Table Mem Usage ranges from 0.931629 to 0.991802, average 0.980434
Node 11 Table Mem Usage ranges from 0.965904 to 0.994572, average 0.990333
Vectors Added Node 11: 12.6978 Seconds

Node 13 Table Mem Usage ranges from 0.125874 to 0.190121, average 0.170039
Node 13 Table Mem Usage ranges from 0.685406 to 0.881500, average 0.824324
Node 13 Table Mem Usage ranges from 0.861629 to 0.976093, average 0.948124
Node 13 Table Mem Usage ranges from 0.933582 to 0.990509, average 0.979892
Node 13 Table Mem Usage ranges from 0.967041 to 0.993080, average 0.989525
Vectors Added Node 13: 12.7707 Seconds

Node 10 Table Mem Usage ranges from 0.247910 to 0.303604, average 0.280557
Node 10 Table Mem Usage ranges from 0.811054 to 0.917191, average 0.880483
Node 10 Table Mem Usage ranges from 0.916164 to 0.979889, average 0.962560
Node 10 Table Mem Usage ranges from 0.958202 to 0.989998, average 0.983491
Node 10 Table Mem Usage ranges from 0.976952 to 0.991917, average 0.989583
Vectors Added Node 10: 12.9438 Seconds

Node 17 Table Mem Usage ranges from 0.248928 to 0.305126, average 0.280991
Node 17 Table Mem Usage ranges from 0.875652 to 0.945854, average 0.918453
Node 17 Table Mem Usage ranges from 0.967812 to 0.988319, average 0.981427
Node 17 Table Mem Usage ranges from 0.988548 to 0.992859, average 0.991247
Node 17 Table Mem Usage ranges from 0.991791 to 0.995010, average 0.993062
Vectors Added Node 17: 14.5372 Seconds

Node 15 Table Mem Usage ranges from 0.246243 to 0.300407, average 0.276770
Node 15 Table Mem Usage ranges from 0.873470 to 0.942730, average 0.917106
Node 15 Table Mem Usage ranges from 0.968327 to 0.987995, average 0.981551
Node 15 Table Mem Usage ranges from 0.988129 to 0.992176, average 0.990939
Node 15 Table Mem Usage ranges from 0.991344 to 0.994190, average 0.992723
Vectors Added Node 15: 14.5807 Seconds

Node 16 Table Mem Usage ranges from 0.257900 to 0.310806, average 0.288081
Node 16 Table Mem Usage ranges from 0.882229 to 0.947182, average 0.923061
Node 16 Table Mem Usage ranges from 0.969162 to 0.987606, average 0.981753
Node 16 Table Mem Usage ranges from 0.988853 to 0.993168, average 0.990949
Node 16 Table Mem Usage ranges from 0.991375 to 0.995255, average 0.992795
Vectors Added Node 16: 14.6498 Seconds

Node 1 Table Mem Usage ranges from 0.253193 to 0.311573, average 0.287427
Node 1 Table Mem Usage ranges from 0.882168 to 0.950138, average 0.924692
Node 1 Table Mem Usage ranges from 0.968971 to 0.990131, average 0.983164
Node 1 Table Mem Usage ranges from 0.988251 to 0.994221, average 0.992189
Node 1 Table Mem Usage ranges from 0.993290 to 0.994934, average 0.994024
Vectors Added Node 1: 17.1793 Seconds

Node 0 Table Mem Usage ranges from 0.244030 to 0.301476, average 0.277889
Node 0 Table Mem Usage ranges from 0.869720 to 0.943409, average 0.916317
Node 0 Table Mem Usage ranges from 0.966747 to 0.988079, average 0.981222
Node 0 Table Mem Usage ranges from 0.987522 to 0.992252, average 0.991027
Node 0 Table Mem Usage ranges from 0.992474 to 0.993176, average 0.992836
Vectors Added Node 0: 17.3328 Seconds

Node 4 Table Mem Usage ranges from 0.256523 to 0.310654, average 0.287614
Node 4 Table Mem Usage ranges from 0.882523 to 0.949352, average 0.923459
Node 4 Table Mem Usage ranges from 0.968300 to 0.989094, average 0.982448
Node 4 Table Mem Usage ranges from 0.988815 to 0.992996, average 0.991801
Node 4 Table Mem Usage ranges from 0.992462 to 0.995274, average 0.993643
Vectors Added Node 4: 18.3147 Seconds

Node 5 Table Mem Usage ranges from 0.248005 to 0.303413, average 0.280384
Node 5 Table Mem Usage ranges from 0.873375 to 0.944134, average 0.917790
Node 5 Table Mem Usage ranges from 0.968834 to 0.989109, average 0.982413
Node 5 Table Mem Usage ranges from 0.989548 to 0.993416, average 0.992171
Node 5 Table Mem Usage ranges from 0.992992 to 0.995621, average 0.993923
Vectors Added Node 5: 18.3837 Seconds

Node 2 Table Mem Usage ranges from 0.252743 to 0.309010, average 0.282566
Node 2 Table Mem Usage ranges from 0.877701 to 0.947666, average 0.919932
Node 2 Table Mem Usage ranges from 0.960186 to 0.989525, average 0.980988
Node 2 Table Mem Usage ranges from 0.967148 to 0.993656, average 0.990944
Node 2 Table Mem Usage ranges from 0.968113 to 0.995186, average 0.992751
Vectors Added Node 2: 18.3974 Seconds

Node 8 Table Mem Usage ranges from 0.244637 to 0.300358, average 0.277544
Node 8 Table Mem Usage ranges from 0.873741 to 0.944706, average 0.918636
Node 8 Table Mem Usage ranges from 0.967934 to 0.988956, average 0.982352
Node 8 Table Mem Usage ranges from 0.987911 to 0.992893, average 0.991676
Node 8 Table Mem Usage ranges from 0.993073 to 0.993996, average 0.993464
Vectors Added Node 8: 18.417 Seconds

Node 7 Table Mem Usage ranges from 0.252792 to 0.308586, average 0.284664
Node 7 Table Mem Usage ranges from 0.878555 to 0.947704, average 0.921448
Node 7 Table Mem Usage ranges from 0.967827 to 0.989128, average 0.982118
Node 7 Table Mem Usage ranges from 0.988850 to 0.993240, average 0.992003
Node 7 Table Mem Usage ranges from 0.992588 to 0.994877, average 0.993843
Vectors Added Node 7: 18.454 Seconds

Node 3 Table Mem Usage ranges from 0.242340 to 0.296791, average 0.274413
Node 3 Table Mem Usage ranges from 0.876041 to 0.946701, average 0.920695
Node 3 Table Mem Usage ranges from 0.968750 to 0.989433, average 0.982942
Node 3 Table Mem Usage ranges from 0.988770 to 0.993469, average 0.992209
Node 3 Table Mem Usage ranges from 0.993221 to 0.994633, average 0.993980
Vectors Added Node 3: 18.4862 Seconds

Node 9 Table Mem Usage ranges from 0.253456 to 0.311375, average 0.286532
Node 9 Table Mem Usage ranges from 0.880020 to 0.950439, average 0.924196
Node 9 Table Mem Usage ranges from 0.968605 to 0.990238, average 0.983017
Node 9 Table Mem Usage ranges from 0.988155 to 0.994350, average 0.992205
Node 9 Table Mem Usage ranges from 0.993237 to 0.994843, average 0.993981
Vectors Added Node 9: 18.5687 Seconds

Computing Query Hashes Node 0...
Computing Query Hashes Node 15...
Computing Query Hashes Node 11...
Computing Query Hashes Node 17...
Computing Query Hashes Node 13...
Computing Query Hashes Node 5...
Computing Query Hashes Node 2...
Computing Query Hashes Node 3...
Computing Query Hashes Node 9...
Node 6 Table Mem Usage ranges from 0.247326 to 0.302616, average 0.278938
Node 6 Table Mem Usage ranges from 0.884472 to 0.949425, average 0.924318
Node 6 Table Mem Usage ranges from 0.971012 to 0.989368, average 0.983256
Node 6 Table Mem Usage ranges from 0.989235 to 0.993366, average 0.992188
Node 6 Table Mem Usage ranges from 0.992672 to 0.995571, average 0.993968
Vectors Added Node 6: 18.5896 Seconds

Computing Query Hashes Node 10...
Computing Query Hashes Node 14...
Computing Query Hashes Node 12...
Computing Query Hashes Node 16...
Computing Query Hashes Node 4...
Computing Query Hashes Node 7...
Computing Query Hashes Node 8...
Computing Query Hashes Node 1...
Computing Query Hashes Node 6...
Query Hashes Computed Node 15: 0.0125092 Seconds

Query Hashes Computed Node 14: 0.016659 Seconds

Query Hashes Computed Node 17: 0.0167271 Seconds

Query Hashes Computed Node 12: 0.0167595 Seconds

Query Hashes Computed Node 16: 0.0167481 Seconds

Query Hashes Computed Node 7: 0.0173293 Seconds

Query Hashes Computed Node 0: 0.0174686 Seconds

Extracting Top K (TREE) Node 15...
Query Hashes Computed Node 11: 0.0164479 Seconds

Extracting Top K (TREE) Node 11...
Query Hashes Computed Node 10: 0.0164476 Seconds

Extracting Top K (TREE) Node 17...
Extracting Top K (TREE) Node 14...
Extracting Top K (TREE) Node 12...
Extracting Top K (TREE) Node 16...
Query Hashes Computed Node 4: 0.0177191 Seconds

Extracting Top K (TREE) Node 4...
Query Hashes Computed Node 13: 0.0209857 Seconds

Query Hashes Computed Node 5: 0.0177604 Seconds

Extracting Top K (TREE) Node 5...
Query Hashes Computed Node 2: 0.0181351 Seconds

Query Hashes Computed Node 3: 0.0126133 Seconds

Extracting Top K (TREE) Node 7...
Query Hashes Computed Node 9: 0.0125574 Seconds

Query Hashes Computed Node 8: 0.012522 Seconds

Query Hashes Computed Node 1: 0.0180503 Seconds

Query Hashes Computed Node 6: 0.0125752 Seconds

Extracting Top K (TREE) Node 0...
Extracting Top K (TREE) Node 10...
Extracting Top K (TREE) Node 13...
Extracting Top K (TREE) Node 2...
Extracting Top K (TREE) Node 3...
Extracting Top K (TREE) Node 9...
Extracting Top K (TREE) Node 8...
Extracting Top K (TREE) Node 1...
Extracting Top K (TREE) Node 6...
Top K (TREE) Extracted Node 13: 0.784344 Seconds

Top K (TREE) Extracted Node 11: 0.808174 Seconds

Top K (TREE) Extracted Node 15: 0.830509 Seconds

Top K (TREE) Extracted Node 17: 0.841499 Seconds

Top K (TREE) Extracted Node 1: 0.992447 Seconds

Top K (TREE) Extracted Node 3: 1.042 Seconds

Top K (TREE) Extracted Node 5: 1.04314 Seconds

Top K (TREE) Extracted Node 7: 1.04811 Seconds

Top K (TREE) Extracted Node 9: 1.04961 Seconds

Top K (TREE) Extracted Node 14: 1.0571 Seconds

Top K (TREE) Extracted Node 10: 1.33397 Seconds

Top K (TREE) Extracted Node 2: 1.33233 Seconds

Top K (TREE) Extracted Node 6: 1.33277 Seconds

Top K (TREE) Extracted Node 4: 1.586 Seconds

Top K (TREE) Extracted Node 12: 1.59604 Seconds

Top K (TREE) Extracted Node 8: 1.83583 Seconds

Top K (TREE) Extracted Node 16: 2.04198 Seconds

Top K (TREE) Extracted Node 0: 2.39355 Seconds

Extracting Top K (LINEAR) Node 0...
Extracting Top K (LINEAR) Node 15...
Extracting Top K (LINEAR) Node 11...
Extracting Top K (LINEAR) Node 10...
Extracting Top K (LINEAR) Node 17...
Extracting Top K (LINEAR) Node 14...
Extracting Top K (LINEAR) Node 12...
Extracting Top K (LINEAR) Node 16...
Extracting Top K (LINEAR) Node 4...
Extracting Top K (LINEAR) Node 13...
Extracting Top K (LINEAR) Node 5...
Extracting Top K (LINEAR) Node 2...
Extracting Top K (LINEAR) Node 3...
Extracting Top K (LINEAR) Node 7...
Extracting Top K (LINEAR) Node 9...
Extracting Top K (LINEAR) Node 8...
Extracting Top K (LINEAR) Node 1...
Extracting Top K (LINEAR) Node 6...
Top K (LINEAR) Extracted Node 1: 1.02544 Seconds

Top K (LINEAR) Extracted Node 2: 1.19327 Seconds

Top K (LINEAR) Extracted Node 3: 1.3606 Seconds

Top K (LINEAR) Extracted Node 4: 1.52785 Seconds

Top K (LINEAR) Extracted Node 5: 1.69478 Seconds

Top K (LINEAR) Extracted Node 6: 1.8614 Seconds

Top K (LINEAR) Extracted Node 7: 2.02842 Seconds

Top K (LINEAR) Extracted Node 8: 2.19575 Seconds

Top K (LINEAR) Extracted Node 9: 2.36297 Seconds

Top K (LINEAR) Extracted Node 10: 2.53005 Seconds

Top K (LINEAR) Extracted Node 11: 2.69773 Seconds

Top K (LINEAR) Extracted Node 12: 2.86444 Seconds

Top K (LINEAR) Extracted Node 13: 3.03203 Seconds

Top K (LINEAR) Extracted Node 14: 3.19797 Seconds

Top K (LINEAR) Extracted Node 15: 3.46776 Seconds

Top K (LINEAR) Extracted Node 16: 3.63449 Seconds

Top K (LINEAR) Extracted Node 17: 3.80018 Seconds

Top K (LINEAR) Extracted Node 0: 7.43051 Seconds

Extracting Top K (BRUTEFORCE) Node 0...
Extracting Top K (BRUTEFORCE) Node 15...
Extracting Top K (BRUTEFORCE) Node 11...
Extracting Top K (BRUTEFORCE) Node 10...
Extracting Top K (BRUTEFORCE) Node 17...
Extracting Top K (BRUTEFORCE) Node 14...
Extracting Top K (BRUTEFORCE) Node 12...
Extracting Top K (BRUTEFORCE) Node 16...
Extracting Top K (BRUTEFORCE) Node 4...
Extracting Top K (BRUTEFORCE) Node 13...
Extracting Top K (BRUTEFORCE) Node 5...
Extracting Top K (BRUTEFORCE) Node 2...
Extracting Top K (BRUTEFORCE) Node 3...
Extracting Top K (BRUTEFORCE) Node 7...
Extracting Top K (BRUTEFORCE) Node 9...
Extracting Top K (BRUTEFORCE) Node 8...
Extracting Top K (BRUTEFORCE) Node 1...
Extracting Top K (BRUTEFORCE) Node 6...
Top K (BRUTEFORCE) Extracted Node 1: 0.133315 Seconds

Top K (BRUTEFORCE) Extracted Node 2: 0.174764 Seconds

Top K (BRUTEFORCE) Extracted Node 3: 0.215811 Seconds

Top K (BRUTEFORCE) Extracted Node 4: 0.257629 Seconds

Top K (BRUTEFORCE) Extracted Node 5: 0.299178 Seconds

Top K (BRUTEFORCE) Extracted Node 6: 0.339851 Seconds

Top K (BRUTEFORCE) Extracted Node 7: 0.38214 Seconds

Top K (BRUTEFORCE) Extracted Node 8: 0.423178 Seconds

Top K (BRUTEFORCE) Extracted Node 9: 0.463573 Seconds

Top K (BRUTEFORCE) Extracted Node 10: 0.505743 Seconds

Top K (BRUTEFORCE) Extracted Node 11: 0.547728 Seconds

Top K (BRUTEFORCE) Extracted Node 12: 0.589242 Seconds

Top K (BRUTEFORCE) Extracted Node 13: 0.631126 Seconds

Top K (BRUTEFORCE) Extracted Node 14: 0.672198 Seconds

Top K (BRUTEFORCE) Extracted Node 15: 0.713678 Seconds

Top K (BRUTEFORCE) Extracted Node 16: 0.805078 Seconds

Top K (BRUTEFORCE) Extracted Node 17: 0.84567 Seconds

Top K (BRUTEFORCE) Extracted Node 0: 13.0114 Seconds

