slurmstepd: task/cgroup: unable to add task[pid=19319] to memory cg '(null)'
slurmstepd: unable to build slurm cgroup for ns memory: Cannot allocate memory
slurmstepd: jobacct_gather/cgroup: unable to instanciate user 17279 memory cgroup
slurmstepd: task/cgroup: unable to add task[pid=19392] to memory cg '(null)'
slurmstepd: task/cgroup: unable to add task[pid=19390] to memory cg '(null)'
slurmstepd: task/cgroup: unable to add task[pid=19391] to memory cg '(null)'
slurmstepd: unable to build slurm cgroup for ns memory: Cannot allocate memory
slurmstepd: jobacct_gather/cgroup: unable to instanciate user 17279 memory cgroup
slurmstepd: unable to build slurm cgroup for ns memory: Cannot allocate memory
slurmstepd: jobacct_gather/cgroup: unable to instanciate user 17279 memory cgroup
slurmstepd: unable to build slurm cgroup for ns memory: Cannot allocate memory
slurmstepd: jobacct_gather/cgroup: unable to instanciate user 17279 memory cgroup

=================
== KDD12
=================

140000000 Vectors, 10000 Queries
Nodes: 9
Tables: 16
RangePow: 18
Reservoir Size: 256
Hashes: 4
CMS Bucket Size: 2048
CMS Hashes: 4

LSH Initialized in Node 0
LSH Initialized in Node 1
LSH Initialized in Node 2
LSH Initialized in Node 3
LSH Initialized in Node 6
LSH Initialized in Node 4
LSH Initialized in Node 5
LSH Initialized in Node 7
LSH Initialized in Node 8
CMS Initialized in Node 0
CMS Initialized in Node 3
CMS Initialized in Node 6
CMS Initialized in Node 1
CMS Initialized in Node 7
CMS Initialized in Node 2
CMS Initialized in Node 4
CMS Initialized in Node 8
CMS Initialized in Node 5
LSH Reservoir Initialized in Node 4
LSH Reservoir Initialized in Node 1
LSH Reservoir Initialized in Node 7
LSH Reservoir Initialized in Node 3
LSH Reservoir Initialized in Node 6
LSH Reservoir Initialized in Node 5
LSH Reservoir Initialized in Node 8
LSH Reservoir Initialized in Node 2
LSH Reservoir Initialized in Node 0
FLASH Controller Initialized in Node 0

Reading Data Node 0...
FLASH Controller Initialized in Node 6

Reading Data Node 6...
FLASH Controller Initialized in Node 1

Reading Data Node 1...
FLASH Controller Initialized in Node 8

Reading Data Node 8...
FLASH Controller Initialized in Node 2

Reading Data Node 2...
[readSparse]
FLASH Controller Initialized in Node 7

Reading Data Node 7...
[readSparse]
[readSparse]
FLASH Controller Initialized in Node 3

Reading Data Node 3...
[readSparse]
[readSparse]
FLASH Controller Initialized in Node 4

Reading Data Node 4...
[readSparse]
FLASH Controller Initialized in Node 5

Reading Data Node 5...
[readSparse]
[readSparse]
[readSparse]
[readSparse] Read 171111127 numbers, 15555557 vectors. 
[readSparse] Read 171111127 numbers, 15555557 vectors. 
[readSparse] Read 171111127 numbers, 15555557 vectors. 
[readSparse] Read 171111127 numbers, 15555557 vectors. 
[readSparse] Read 171111127 numbers, 15555557 vectors. 
[readSparse] Read 171111116 numbers, 15555556 vectors. 
[readSparse] Read 171111116 numbers, 15555556 vectors. 
[readSparse] Read 171111116 numbers, 15555556 vectors. 
[readSparse] Read 171111116 numbers, 15555556 vectors. 
Data Read Node 8: 138.626 Seconds

Data Read Node 7: 138.626 Seconds

Data Read Node 6: 138.626 Seconds

Data Read Node 0: 138.626 Seconds

[readSparse]
Data Read Node 3: 138.625 Seconds

Data Read Node 1: 138.626 Seconds

Data Read Node 2: 138.626 Seconds

Data Read Node 4: 138.625 Seconds

Data Read Node 5: 138.625 Seconds

[readSparse] Read 110000 numbers, 10000 vectors. 
Adding Vectors Node 0...
Adding Vectors Node 3...
Adding Vectors Node 6...
Adding Vectors Node 1...
Adding Vectors Node 2...
Adding Vectors Node 7...
Adding Vectors Node 4...
Adding Vectors Node 8...
Adding Vectors Node 5...
Node 7 Table Mem Usage ranges from 0.222244 to 0.329727, average 0.293672
Node 7 Table Mem Usage ranges from 0.865749 to 0.966389, average 0.943152
Node 7 Table Mem Usage ranges from 0.961483 to 0.984837, average 0.979209
Node 7 Table Mem Usage ranges from 0.980183 to 0.988304, average 0.983660
Node 7 Table Mem Usage ranges from 0.980198 to 0.988789, average 0.983820
Vectors Added Node 7: 16.2057 Seconds

Node 6 Table Mem Usage ranges from 0.223717 to 0.330536, average 0.295426
Node 6 Table Mem Usage ranges from 0.866478 to 0.967216, average 0.944009
Node 6 Table Mem Usage ranges from 0.961411 to 0.985958, average 0.980829
Node 6 Table Mem Usage ranges from 0.982605 to 0.988503, average 0.984792
Node 6 Table Mem Usage ranges from 0.982628 to 0.989010, average 0.985435
Vectors Added Node 6: 16.8173 Seconds

Node 1 Table Mem Usage ranges from 0.397533 to 0.479900, average 0.445306
Node 1 Table Mem Usage ranges from 0.958916 to 0.973385, average 0.968438
Node 1 Table Mem Usage ranges from 0.975155 to 0.981697, average 0.978338
Node 1 Table Mem Usage ranges from 0.975204 to 0.983315, average 0.978740
Node 1 Table Mem Usage ranges from 0.975204 to 0.983459, average 0.978766
Vectors Added Node 1: 17.2503 Seconds

Node 4 Table Mem Usage ranges from 0.386044 to 0.473808, average 0.436146
Node 4 Table Mem Usage ranges from 0.958260 to 0.975433, average 0.969069
Node 4 Table Mem Usage ranges from 0.975197 to 0.980209, average 0.978468
Node 4 Table Mem Usage ranges from 0.975254 to 0.981869, average 0.978914
Node 4 Table Mem Usage ranges from 0.975254 to 0.982010, average 0.978941
Vectors Added Node 4: 17.3528 Seconds

Node 5 Table Mem Usage ranges from 0.398190 to 0.475929, average 0.442105
Node 5 Table Mem Usage ranges from 0.915340 to 0.964603, average 0.952193
Node 5 Table Mem Usage ranges from 0.971272 to 0.982635, average 0.976059
Node 5 Table Mem Usage ranges from 0.974430 to 0.984936, average 0.978511
Node 5 Table Mem Usage ranges from 0.974720 to 0.986294, average 0.978896
Vectors Added Node 5: 17.3651 Seconds

Node 8 Table Mem Usage ranges from 0.407074 to 0.482811, average 0.450880
Node 8 Table Mem Usage ranges from 0.962955 to 0.972694, average 0.968626
Node 8 Table Mem Usage ranges from 0.973907 to 0.984520, average 0.977979
Node 8 Table Mem Usage ranges from 0.973969 to 0.986145, average 0.978398
Node 8 Table Mem Usage ranges from 0.973969 to 0.986317, average 0.978429
Vectors Added Node 8: 18.9975 Seconds

Node 3 Table Mem Usage ranges from 0.397217 to 0.475925, average 0.442286
Node 3 Table Mem Usage ranges from 0.962627 to 0.974983, average 0.970199
Node 3 Table Mem Usage ranges from 0.975445 to 0.982834, average 0.979235
Node 3 Table Mem Usage ranges from 0.975517 to 0.984390, average 0.979634
Node 3 Table Mem Usage ranges from 0.975517 to 0.984554, average 0.979662
Vectors Added Node 3: 19.1732 Seconds

Node 2 Table Mem Usage ranges from 0.401993 to 0.490532, average 0.450764
Node 2 Table Mem Usage ranges from 0.956528 to 0.978577, average 0.968796
Node 2 Table Mem Usage ranges from 0.974369 to 0.982925, average 0.978299
Node 2 Table Mem Usage ranges from 0.974403 to 0.983040, average 0.978702
Node 2 Table Mem Usage ranges from 0.974403 to 0.983040, average 0.978729
Vectors Added Node 2: 19.2674 Seconds

Node 0 Table Mem Usage ranges from 0.392944 to 0.472294, average 0.438192
Node 0 Table Mem Usage ranges from 0.961979 to 0.973785, average 0.967756
Node 0 Table Mem Usage ranges from 0.972935 to 0.986286, average 0.977482
Node 0 Table Mem Usage ranges from 0.973038 to 0.987804, average 0.977920
Node 0 Table Mem Usage ranges from 0.973038 to 0.987942, average 0.977950
Vectors Added Node 0: 19.302 Seconds

Computing Query Hashes Node 0...
Computing Query Hashes Node 3...
Computing Query Hashes Node 6...
Computing Query Hashes Node 1...
Computing Query Hashes Node 7...
Computing Query Hashes Node 2...
Computing Query Hashes Node 4...
Computing Query Hashes Node 8...
Computing Query Hashes Node 5...
Query Hashes Computed Node 1: 0.00646462 Seconds

Query Hashes Computed Node 2: 0.00643305 Seconds

Query Hashes Computed Node 3: 0.00650702 Seconds

Query Hashes Computed Node 8: 0.00648219 Seconds

Query Hashes Computed Node 0: 0.00649613 Seconds

Query Hashes Computed Node 7: 0.0065975 Seconds

Query Hashes Computed Node 5: 0.00661024 Seconds

Query Hashes Computed Node 4: 0.0109606 Seconds

Extracting Top K (TREE) Node 0...
Extracting Top K (TREE) Node 3...
Query Hashes Computed Node 6: 0.0143919 Seconds

Extracting Top K (TREE) Node 6...
Extracting Top K (TREE) Node 1...
Extracting Top K (TREE) Node 2...
Extracting Top K (TREE) Node 7...
Extracting Top K (TREE) Node 5...
Extracting Top K (TREE) Node 8...
Extracting Top K (TREE) Node 4...
Top K (TREE) Extracted Node 3: 0.600828 Seconds

Top K (TREE) Extracted Node 7: 0.650606 Seconds

Top K (TREE) Extracted Node 5: 0.664618 Seconds

Top K (TREE) Extracted Node 1: 0.679758 Seconds

Top K (TREE) Extracted Node 6: 0.806262 Seconds

Top K (TREE) Extracted Node 2: 0.906244 Seconds

Top K (TREE) Extracted Node 4: 1.03134 Seconds

Top K (TREE) Extracted Node 8: 1.15163 Seconds

Top K (TREE) Extracted Node 0: 1.28482 Seconds

Extracting Top K (LINEAR) Node 7...
Extracting Top K (LINEAR) Node 1...
Extracting Top K (LINEAR) Node 3...
Extracting Top K (LINEAR) Node 6...
Extracting Top K (LINEAR) Node 2...
Extracting Top K (LINEAR) Node 8...
Extracting Top K (LINEAR) Node 4...
Extracting Top K (LINEAR) Node 5...
Extracting Top K (LINEAR) Node 0...
Top K (LINEAR) Extracted Node 1: 0.671778 Seconds

Top K (LINEAR) Extracted Node 2: 0.888527 Seconds

Top K (LINEAR) Extracted Node 3: 1.0503 Seconds

Top K (LINEAR) Extracted Node 4: 1.21301 Seconds

Top K (LINEAR) Extracted Node 5: 1.37621 Seconds

Top K (LINEAR) Extracted Node 6: 1.70295 Seconds

Top K (LINEAR) Extracted Node 7: 1.86731 Seconds

Top K (LINEAR) Extracted Node 8: 2.02417 Seconds

Top K (LINEAR) Extracted Node 0: 2.78799 Seconds

Extracting Top K (BRUTEFORCE) Node 7...
Extracting Top K (BRUTEFORCE) Node 0...
Extracting Top K (BRUTEFORCE) Node 3...
Extracting Top K (BRUTEFORCE) Node 6...
Extracting Top K (BRUTEFORCE) Node 1...
Extracting Top K (BRUTEFORCE) Node 8...
Extracting Top K (BRUTEFORCE) Node 2...
Extracting Top K (BRUTEFORCE) Node 5...
Extracting Top K (BRUTEFORCE) Node 4...
Top K (BRUTEFORCE) Extracted Node 1: 0.124842 Seconds

Top K (BRUTEFORCE) Extracted Node 2: 0.178289 Seconds

Top K (BRUTEFORCE) Extracted Node 3: 0.21508 Seconds

Top K (BRUTEFORCE) Extracted Node 4: 0.253932 Seconds

Top K (BRUTEFORCE) Extracted Node 5: 0.293615 Seconds

Top K (BRUTEFORCE) Extracted Node 6: 0.332879 Seconds

Top K (BRUTEFORCE) Extracted Node 7: 0.375666 Seconds

Top K (BRUTEFORCE) Extracted Node 8: 0.458187 Seconds

Top K (BRUTEFORCE) Extracted Node 0: 3.16023 Seconds

[readSparse]
[readSparse] Read 1540110000 numbers, 140010000 vectors. 


================================
TOP K TREE

[similarityMetric] Averaging output. 

S@k = s_out(s_true): In top k, average output similarity (average groundtruth similarity). 
S@1 = 0.832 
S@10 = 0.793 
S@20 = 0.771 
S@30 = 0.754 
S@32 = 0.752 
S@40 = 0.741 
S@50 = 0.730 
S@64 = 0.716 
S@100 = 0.690 
S@128 = 0.674 
1 10 20 30 32 40 50 64 100 128 
0.832 0.793 0.771 0.754 0.752 0.741 0.730 0.716 0.690 0.674 


================================
TOP K LINEAR

[similarityMetric] Averaging output. 

S@k = s_out(s_true): In top k, average output similarity (average groundtruth similarity). 
S@1 = 0.825 
S@10 = 0.783 
S@20 = 0.761 
S@30 = 0.745 
S@32 = 0.743 
S@40 = 0.733 
S@50 = 0.722 
S@64 = 0.709 
S@100 = 0.686 
S@128 = 0.671 
1 10 20 30 32 40 50 64 100 128 
0.825 0.783 0.761 0.745 0.743 0.733 0.722 0.709 0.686 0.671 


================================
TOP K BRUTEFORCE

[similarityMetric] Averaging output. 

S@k = s_out(s_true): In top k, average output similarity (average groundtruth similarity). 
S@1 = 0.848 
S@10 = 0.816 
S@20 = 0.800 
S@30 = 0.787 
S@32 = 0.785 
S@40 = 0.778 
S@50 = 0.769 
S@64 = 0.760 
S@100 = 0.744 
S@128 = 0.735 
1 10 20 30 32 40 50 64 100 128 
0.848 0.816 0.800 0.787 0.785 0.778 0.769 0.760 0.744 0.735 
Similarity Metric Computed
