
=================
== KDD12
=================

140000000 Vectors, 10000 Queries
Nodes: 11
Tables: 16
RangePow: 18
Reservoir Size: 256
Hashes: 4
CMS Bucket Size: 2048
CMS Hashes: 4

LSH Initialized in Node 0
LSH Initialized in Node 4
LSH Initialized in Node 8
LSH Initialized in Node 6
LSH Initialized in Node 5
LSH Initialized in Node 9
LSH Initialized in Node 1
LSH Initialized in Node 10
LSH Initialized in Node 3
LSH Initialized in Node 2
LSH Initialized in Node 7
CMS Initialized in Node 5
CMS Initialized in Node 0
CMS Initialized in Node 9
CMS Initialized in Node 4
CMS Initialized in Node 8
CMS Initialized in Node 6
CMS Initialized in Node 10
CMS Initialized in Node 2
CMS Initialized in Node 3
CMS Initialized in Node 7
CMS Initialized in Node 1
LSH Reservoir Initialized in Node 7
LSH Reservoir Initialized in Node 9
LSH Reservoir Initialized in Node 8
LSH Reservoir Initialized in Node 6
LSH Reservoir Initialized in Node 3
LSH Reservoir Initialized in Node 4
LSH Reservoir Initialized in Node 0
LSH Reservoir Initialized in Node 5
LSH Reservoir Initialized in Node 1
LSH Reservoir Initialized in Node 2
FLASH Controller Initialized in Node 1

Reading Data Node 1...
FLASH Controller Initialized in Node 9

Reading Data Node 9...
FLASH Controller Initialized in Node 6

Reading Data Node 6...
FLASH Controller Initialized in Node 3

Reading Data Node 3...
FLASH Controller Initialized in Node 4

Reading Data Node 4...
FLASH Controller Initialized in Node 8

Reading Data Node 8...
FLASH Controller Initialized in Node 5

Reading Data Node 5...
LSH Reservoir Initialized in Node 10
FLASH Controller Initialized in Node 2

Reading Data Node 2...
FLASH Controller Initialized in Node 0

Reading Data Node 0...
[readSparse]
[readSparse]
[readSparse]
FLASH Controller Initialized in Node 7

Reading Data Node 7...
[readSparse]
[readSparse]
FLASH Controller Initialized in Node 10

Reading Data Node 10...
[readSparse]
[readSparse]
[readSparse]
[readSparse]
[readSparse]
[readSparse]
[readSparse] Read 140000014 numbers, 12727274 vectors. 
[readSparse] Read 140000014 numbers, 12727274 vectors. 
[readSparse] Read 140000014 numbers, 12727274 vectors. 
[readSparse] Read 140000014 numbers, 12727274 vectors. 
[readSparse] Read 140000014 numbers, 12727274 vectors. 
[readSparse] Read 140000014 numbers, 12727274 vectors. 
[readSparse] Read 140000003 numbers, 12727273 vectors. 
[readSparse] Read 140000014 numbers, 12727274 vectors. 
[readSparse] Read 140000014 numbers, 12727274 vectors. 
[readSparse] Read 140000003 numbers, 12727273 vectors. 
[readSparse] Read 140000003 numbers, 12727273 vectors. 
Data Read Node 10: 138.456 Seconds

Data Read Node 0: 138.456 Seconds

Data Read Node 9: 138.455 Seconds

Data Read Node 3: 138.456 Seconds

Data Read Node 4: 138.456 Seconds

Data Read Node 8: 138.455 Seconds

Data Read Node 5: 138.456 Seconds

[readSparse]
Data Read Node 1: 138.455 Seconds

Data Read Node 6: 138.456 Seconds

Data Read Node 7: 138.455 Seconds

Data Read Node 2: 138.456 Seconds

[readSparse] Read 110000 numbers, 10000 vectors. 
Adding Vectors Node 0...
Adding Vectors Node 1...
Adding Vectors Node 3...
Adding Vectors Node 9...
Adding Vectors Node 4...
Adding Vectors Node 6...
Adding Vectors Node 8...
Adding Vectors Node 5...
Adding Vectors Node 7...
Adding Vectors Node 10...
Adding Vectors Node 2...
Node 8 Table Mem Usage ranges from 0.196915 to 0.297417, average 0.263024
Node 8 Table Mem Usage ranges from 0.826080 to 0.963989, average 0.928003
Node 8 Table Mem Usage ranges from 0.948517 to 0.992256, average 0.984963
Node 8 Table Mem Usage ranges from 0.982590 to 0.994560, average 0.993078
Node 8 Table Mem Usage ranges from 0.992191 to 0.995380, average 0.994569
Vectors Added Node 8: 20.3561 Seconds

Node 7 Table Mem Usage ranges from 0.190674 to 0.285027, average 0.252886
Node 7 Table Mem Usage ranges from 0.824505 to 0.961590, average 0.926401
Node 7 Table Mem Usage ranges from 0.948215 to 0.992302, average 0.984363
Node 7 Table Mem Usage ranges from 0.981205 to 0.994061, average 0.992431
Node 7 Table Mem Usage ranges from 0.991280 to 0.995071, average 0.994022
Vectors Added Node 7: 20.5142 Seconds

Node 6 Table Mem Usage ranges from 0.360210 to 0.437313, average 0.404916
Node 6 Table Mem Usage ranges from 0.946041 to 0.981995, average 0.969974
Node 6 Table Mem Usage ranges from 0.982517 to 0.992229, average 0.990302
Node 6 Table Mem Usage ranges from 0.990852 to 0.993774, average 0.992875
Node 6 Table Mem Usage ranges from 0.991684 to 0.994118, average 0.993340
Vectors Added Node 6: 21.2348 Seconds

Node 9 Table Mem Usage ranges from 0.200710 to 0.298645, average 0.263857
Node 9 Table Mem Usage ranges from 0.927990 to 0.978027, average 0.962392
Node 9 Table Mem Usage ranges from 0.990433 to 0.994991, average 0.993191
Node 9 Table Mem Usage ranges from 0.993568 to 0.995907, average 0.994817
Node 9 Table Mem Usage ranges from 0.993603 to 0.996506, average 0.994959
Vectors Added Node 9: 22.9006 Seconds

Node 4 Table Mem Usage ranges from 0.348240 to 0.426651, average 0.394042
Node 4 Table Mem Usage ranges from 0.954845 to 0.984383, average 0.974087
Node 4 Table Mem Usage ranges from 0.990425 to 0.993423, average 0.992337
Node 4 Table Mem Usage ranges from 0.992306 to 0.994274, average 0.993578
Node 4 Table Mem Usage ranges from 0.992329 to 0.994720, average 0.993697
Vectors Added Node 4: 23.2684 Seconds

Node 5 Table Mem Usage ranges from 0.354492 to 0.432724, average 0.400669
Node 5 Table Mem Usage ranges from 0.953846 to 0.986176, average 0.974602
Node 5 Table Mem Usage ranges from 0.989483 to 0.994457, average 0.992097
Node 5 Table Mem Usage ranges from 0.992191 to 0.994873, average 0.993349
Node 5 Table Mem Usage ranges from 0.992241 to 0.994877, average 0.993468
Vectors Added Node 5: 23.658 Seconds

Node 2 Table Mem Usage ranges from 0.359482 to 0.438831, average 0.405549
Node 2 Table Mem Usage ranges from 0.954514 to 0.984631, average 0.974347
Node 2 Table Mem Usage ranges from 0.990788 to 0.993111, average 0.992474
Node 2 Table Mem Usage ranges from 0.992096 to 0.994751, average 0.993735
Node 2 Table Mem Usage ranges from 0.992157 to 0.995224, average 0.993845
Vectors Added Node 2: 25.4028 Seconds

Node 3 Table Mem Usage ranges from 0.353668 to 0.430679, average 0.397676
Node 3 Table Mem Usage ranges from 0.951981 to 0.982533, average 0.972031
Node 3 Table Mem Usage ranges from 0.990265 to 0.993046, average 0.991436
Node 3 Table Mem Usage ranges from 0.991344 to 0.994640, average 0.992664
Node 3 Table Mem Usage ranges from 0.991364 to 0.994946, average 0.992791
Vectors Added Node 3: 25.9079 Seconds

Node 0 Table Mem Usage ranges from 0.347809 to 0.429955, average 0.395523
Node 0 Table Mem Usage ranges from 0.951942 to 0.985516, average 0.973928
Node 0 Table Mem Usage ranges from 0.990700 to 0.994793, average 0.993230
Node 0 Table Mem Usage ranges from 0.993774 to 0.995174, average 0.994492
Node 0 Table Mem Usage ranges from 0.993832 to 0.995232, average 0.994619
Vectors Added Node 0: 26.9599 Seconds

Node 10 Table Mem Usage ranges from 0.351830 to 0.431694, average 0.397580
Node 10 Table Mem Usage ranges from 0.953674 to 0.984581, average 0.973874
Node 10 Table Mem Usage ranges from 0.991848 to 0.994286, average 0.993028
Node 10 Table Mem Usage ranges from 0.992954 to 0.995838, average 0.994282
Node 10 Table Mem Usage ranges from 0.992981 to 0.996395, average 0.994404
Vectors Added Node 10: 27.4043 Seconds

Node 1 Table Mem Usage ranges from 0.349613 to 0.428493, average 0.394869
Node 1 Table Mem Usage ranges from 0.955544 to 0.986183, average 0.975760
Node 1 Table Mem Usage ranges from 0.991112 to 0.994720, average 0.993582
Node 1 Table Mem Usage ranges from 0.993172 to 0.995682, average 0.994845
Node 1 Table Mem Usage ranges from 0.993172 to 0.995789, average 0.994967
Vectors Added Node 1: 29.515 Seconds

Computing Query Hashes Node 6...
Computing Query Hashes Node 0...
Computing Query Hashes Node 9...
Computing Query Hashes Node 3...
Computing Query Hashes Node 4...
Computing Query Hashes Node 8...
Computing Query Hashes Node 5...
Computing Query Hashes Node 10...
Computing Query Hashes Node 2...
Computing Query Hashes Node 1...
Computing Query Hashes Node 7...
Query Hashes Computed Node 0: 0.0070644 Seconds

Query Hashes Computed Node 9: 0.00680424 Seconds

Query Hashes Computed Node 3: 0.00703177 Seconds

Query Hashes Computed Node 4: 0.00699698 Seconds

Query Hashes Computed Node 7: 0.0068796 Seconds

Query Hashes Computed Node 10: 0.00674642 Seconds

Query Hashes Computed Node 6: 0.0069607 Seconds

Query Hashes Computed Node 8: 0.00688198 Seconds

Query Hashes Computed Node 5: 0.0155757 Seconds

Query Hashes Computed Node 2: 0.0119343 Seconds

Query Hashes Computed Node 1: 0.0167705 Seconds

Extracting Top K (TREE) Node 3...
Extracting Top K (TREE) Node 0...
Extracting Top K (TREE) Node 9...
Extracting Top K (TREE) Node 8...
Extracting Top K (TREE) Node 10...
Extracting Top K (TREE) Node 1...
Extracting Top K (TREE) Node 6...
Extracting Top K (TREE) Node 4...
Extracting Top K (TREE) Node 7...
Extracting Top K (TREE) Node 5...
Extracting Top K (TREE) Node 2...
Top K (TREE) Extracted Node 7: 0.855565 Seconds

Top K (TREE) Extracted Node 9: 0.864319 Seconds

Top K (TREE) Extracted Node 5: 0.898093 Seconds

Top K (TREE) Extracted Node 3: 0.931735 Seconds

Top K (TREE) Extracted Node 1: 1.03526 Seconds

Top K (TREE) Extracted Node 10: 1.084 Seconds

Top K (TREE) Extracted Node 6: 1.12481 Seconds

Top K (TREE) Extracted Node 2: 1.25833 Seconds

Top K (TREE) Extracted Node 4: 1.45325 Seconds

Top K (TREE) Extracted Node 8: 1.64055 Seconds

Top K (TREE) Extracted Node 0: 1.90486 Seconds

Extracting Top K (LINEAR) Node 9...
Extracting Top K (LINEAR) Node 7...
Extracting Top K (LINEAR) Node 5...
Extracting Top K (LINEAR) Node 1...
Extracting Top K (LINEAR) Node 6...
Extracting Top K (LINEAR) Node 3...
Extracting Top K (LINEAR) Node 10...
Extracting Top K (LINEAR) Node 2...
Extracting Top K (LINEAR) Node 0...
Extracting Top K (LINEAR) Node 4...
Extracting Top K (LINEAR) Node 8...
Top K (LINEAR) Extracted Node 1: 0.998426 Seconds

Top K (LINEAR) Extracted Node 2: 1.15766 Seconds

Top K (LINEAR) Extracted Node 3: 1.31728 Seconds

Top K (LINEAR) Extracted Node 4: 1.47658 Seconds

Top K (LINEAR) Extracted Node 5: 1.63945 Seconds

Top K (LINEAR) Extracted Node 6: 1.79481 Seconds

Top K (LINEAR) Extracted Node 7: 1.95702 Seconds

Top K (LINEAR) Extracted Node 8: 2.27178 Seconds

Top K (LINEAR) Extracted Node 9: 2.43317 Seconds

Top K (LINEAR) Extracted Node 10: 2.58684 Seconds

Top K (LINEAR) Extracted Node 0: 4.39192 Seconds

Extracting Top K (BRUTEFORCE) Node 0...
Extracting Top K (BRUTEFORCE) Node 9...
Extracting Top K (BRUTEFORCE) Node 3...
Extracting Top K (BRUTEFORCE) Node 4...
Extracting Top K (BRUTEFORCE) Node 5...
Extracting Top K (BRUTEFORCE) Node 10...
Extracting Top K (BRUTEFORCE) Node 2...
Extracting Top K (BRUTEFORCE) Node 1...
Extracting Top K (BRUTEFORCE) Node 6...
Extracting Top K (BRUTEFORCE) Node 7...
Extracting Top K (BRUTEFORCE) Node 8...
Top K (BRUTEFORCE) Extracted Node 1: 0.141512 Seconds

Top K (BRUTEFORCE) Extracted Node 2: 0.180884 Seconds

Top K (BRUTEFORCE) Extracted Node 3: 0.219437 Seconds

Top K (BRUTEFORCE) Extracted Node 4: 0.260118 Seconds

Top K (BRUTEFORCE) Extracted Node 5: 0.298799 Seconds

Top K (BRUTEFORCE) Extracted Node 6: 0.339758 Seconds

Top K (BRUTEFORCE) Extracted Node 7: 0.379002 Seconds

Top K (BRUTEFORCE) Extracted Node 8: 0.418114 Seconds

Top K (BRUTEFORCE) Extracted Node 9: 0.50646 Seconds

Top K (BRUTEFORCE) Extracted Node 10: 0.544966 Seconds

Top K (BRUTEFORCE) Extracted Node 0: 6.83785 Seconds

