
=================
== KDD12
=================

140000000 Vectors, 10000 Queries
Nodes: 2
Tables: 16
RangePow: 18
Reservoir Size: 256
Hashes: 4
CMS Bucket Size: 2048
CMS Hashes: 4
LSH Initialized in Node 0
LSH Initialized in Node 1
CMS Initialized in Node 0
CMS Initialized in Node 1
LSH Reservoir Initialized in Node 1
LSH Reservoir Initialized in Node 0
FLASH Controller Initialized in Node 0

Reading Data Node 0...
FLASH Controller Initialized in Node 1

Reading Data Node 1...
[readSparse]
[readSparse]
[readSparse] Read 770000000 numbers, 70000000 vectors. 
[readSparse] Read 770000000 numbers, 70000000 vectors. 
Data Read Node 1: 232.399 Seconds

Data Read Node 0: 232.399 Seconds

[readSparse]
[readSparse] Read 110000 numbers, 10000 vectors. 
Adding Vectors Node 0...
Adding Vectors Node 1...
Node 1 Table Mem Usage ranges from 0.841705 to 0.927479, average 0.894585
Node 1 Table Mem Usage ranges from 0.999630 to 0.999790, average 0.999710
Node 1 Table Mem Usage ranges from 0.999630 to 0.999790, average 0.999710
Node 1 Table Mem Usage ranges from 0.999630 to 0.999790, average 0.999710
Node 1 Table Mem Usage ranges from 0.999630 to 0.999790, average 0.999710
Vectors Added Node 1: 190.877 Seconds

Node 0 Table Mem Usage ranges from 0.827793 to 0.919678, average 0.884915
Node 0 Table Mem Usage ranges from 0.999546 to 0.999756, average 0.999696
Node 0 Table Mem Usage ranges from 0.999546 to 0.999756, average 0.999696
Node 0 Table Mem Usage ranges from 0.999546 to 0.999756, average 0.999696
Node 0 Table Mem Usage ranges from 0.999546 to 0.999756, average 0.999696
Vectors Added Node 0: 205.737 Seconds

Computing Query Hashes Node 0...
Computing Query Hashes Node 1...
Query Hashes Computed Node 0: 0.00635821 Seconds

Extracting Top K (CMS) Node 0...
Query Hashes Computed Node 1: 0.00637118 Seconds

Extracting Top K (CMS) Node 1...
Top K Extracted Node 1: 1.78571 Seconds

Top K Extracted Node 0: 2.22557 Seconds

[readSparse]
[readSparse] Read 1540110000 numbers, 140010000 vectors. 


================================
TOP K CMS

[similarityMetric] Averaging output. 

S@k = s_out(s_true): In top k, average output similarity (average groundtruth similarity). 
S@1 = 0.815 
S@10 = 0.763 
S@20 = 0.731 
S@30 = 0.707 
S@32 = 0.702 
S@40 = 0.687 
S@50 = 0.670 
S@64 = 0.651 
S@100 = 0.613 
S@128 = 0.589 
1 10 20 30 32 40 50 64 100 128 
0.815 0.763 0.731 0.707 0.702 0.687 0.670 0.651 0.613 0.589 
Similarity Metric Computed
