LSH Initialized in Node 0
LSH Initialized in Node 1
LSH Initialized in Node 2
LSH Initialized in Node 3
CMS Initialized in Node 0
CMS Initialized in Node 1
CMS Initialized in Node 2
CMS Initialized in Node 3
LSH Reservoir Initialized in Node 3
LSH Reservoir Initialized in Node 1
LSH Reservoir Initialized in Node 2
LSH Reservoir Initialized in Node 0
FLASH Controller Initialized in Node 1
FLASH Controller Initialized in Node 3
FLASH Controller Initialized in Node 0
FLASH Controller Initialized in Node 2

Reading Data Node 0...
[readSparse]
[readSparse]
[readSparse]
[readSparse]
[readSparse] Read 316858307 numbers, 85000 vectors. 
[readSparse] Read 316320716 numbers, 85000 vectors. 
[readSparse] Read 317907487 numbers, 85000 vectors. 
[readSparse] Read 316403218 numbers, 85000 vectors. 
Data Read Node 0: 137.544 Seconds

[readSparse]
[readSparse] Read 37207718 numbers, 10000 vectors. 
Adding Vectors Node 0...
Adding Vectors Node 1...
Adding Vectors Node 2...
Adding Vectors Node 3...
Node 3 Table Mem Usage ranges from 0.003952 to 0.005192, average 0.004643
Node 3 Table Mem Usage ranges from 0.030781 to 0.042107, average 0.037044
Node 3 Table Mem Usage ranges from 0.052193 to 0.072258, average 0.063213
Node 3 Table Mem Usage ranges from 0.070820 to 0.099072, average 0.086082
Node 3 Table Mem Usage ranges from 0.087921 to 0.123482, average 0.107030
Vectors Added Node 3: 1.78897 Seconds

Node 1 Table Mem Usage ranges from 0.003971 to 0.005268, average 0.004700
Node 1 Table Mem Usage ranges from 0.030846 to 0.042179, average 0.037103
Node 1 Table Mem Usage ranges from 0.051971 to 0.072208, average 0.062877
Node 1 Table Mem Usage ranges from 0.070660 to 0.098896, average 0.085677
Node 1 Table Mem Usage ranges from 0.087925 to 0.123211, average 0.106740
Vectors Added Node 1: 1.79119 Seconds

Node 2 Table Mem Usage ranges from 0.003788 to 0.005089, average 0.004516
Node 2 Table Mem Usage ranges from 0.030296 to 0.042107, average 0.036796
Node 2 Table Mem Usage ranges from 0.051556 to 0.071838, average 0.062489
Node 2 Table Mem Usage ranges from 0.070442 to 0.098808, average 0.085674
Node 2 Table Mem Usage ranges from 0.087292 to 0.122898, average 0.106465
Vectors Added Node 2: 1.87087 Seconds

Node 0 Table Mem Usage ranges from 0.003883 to 0.005257, average 0.004628
Node 0 Table Mem Usage ranges from 0.030697 to 0.042061, average 0.037043
Node 0 Table Mem Usage ranges from 0.051693 to 0.071819, average 0.062786
Node 0 Table Mem Usage ranges from 0.070316 to 0.098080, average 0.085444
Node 0 Table Mem Usage ranges from 0.087681 to 0.122307, average 0.106313
Vectors Added Node 0: 1.87128 Seconds

Computing Query Hashes Node 1...
Computing Query Hashes Node 3...
Computing Query Hashes Node 0...
Computing Query Hashes Node 2...
Query Hashes Computed Node 0: 0.0474778 Seconds

Extracting Top K (CMS) Node 0...
Query Hashes Computed Node 1: 0.0474599 Seconds

Extracting Top K (CMS) Node 1...
Query Hashes Computed Node 2: 0.0474617 Seconds

Extracting Top K (CMS) Node 2...
Query Hashes Computed Node 3: 0.0474568 Seconds

Extracting Top K (CMS) Node 3...
Top K Extracted Node 1: 5.55417 Seconds

Top K Extracted Node 2: 6.29912 Seconds

Top K Extracted Node 3: 7.90282 Seconds

Top K Extracted Node 0: 9.77796 Seconds

Reading Groundtruth Node 0...
Groundtruth Read Node 0: 0.00164282 Seconds

[readSparse]
slurmstepd: Exceeded job memory limit at some point.
[readSparse] Read 1304697446 numbers, 350000 vectors. 


================================
TOP K CMS

[similarityMetric] Averaging gtruth. 
[similarityMetric] Averaging output. 

S@k = s_out(s_true): In top k, average output similarity (average groundtruth similarity). 
S@1 = 0.905 (0.000) 
S@10 = 0.860 (0.000) 
S@20 = 0.842 (0.000) 
S@30 = 0.833 (0.000) 
S@32 = 0.831 (0.000) 
S@40 = 0.826 (0.000) 
S@50 = 0.821 (0.000) 
S@64 = 0.815 (0.000) 
S@100 = 0.804 (0.000) 
S@128 = 0.797 (0.000) 
1 10 20 30 32 40 50 64 100 128 
0.905 0.860 0.842 0.833 0.831 0.826 0.821 0.815 0.804 0.797 
0.000 0.000 0.000 0.000 0.000 0.000 0.000 0.000 0.000 0.000 

Similarity Metric Computed
S@1 = 0.000 
S@10 = 0.000 
S@20 = 0.000 
S@30 = 0.000 
S@32 = 0.000 
S@40 = 0.000 
S@50 = 0.000 
S@64 = 0.000 
S@100 = 0.000 
S@128 = 0.000 
1 10 20 30 32 40 50 64 100 128 
0.000 0.000 0.000 0.000 0.000 0.000 0.000 0.000 0.000 0.000 

Similarity of Data Computed
Evaluation Complete
slurmstepd: Exceeded job memory limit at some point.
