slurmstepd: task/cgroup: unable to add task[pid=59380] to memory cg '(null)'
slurmstepd: unable to build slurm cgroup for ns memory: Cannot allocate memory
slurmstepd: jobacct_gather/cgroup: unable to instanciate user 17279 memory cgroup
slurmstepd: task/cgroup: unable to add task[pid=59445] to memory cg '(null)'
slurmstepd: task/cgroup: unable to add task[pid=59446] to memory cg '(null)'
slurmstepd: task/cgroup: unable to add task[pid=59447] to memory cg '(null)'
slurmstepd: unable to build slurm cgroup for ns memory: Cannot allocate memory
slurmstepd: jobacct_gather/cgroup: unable to instanciate user 17279 memory cgroup
slurmstepd: unable to build slurm cgroup for ns memory: Cannot allocate memory
slurmstepd: jobacct_gather/cgroup: unable to instanciate user 17279 memory cgroup
slurmstepd: unable to build slurm cgroup for ns memory: Cannot allocate memory
slurmstepd: jobacct_gather/cgroup: unable to instanciate user 17279 memory cgroup
LSH Initialized in Node 1
LSH Initialized in Node 0
LSH Initialized in Node 2
CMS Initialized in Node 0
CMS Initialized in Node 1
CMS Initialized in Node 2
LSH Reservoir Initialized in Node 1
LSH Reservoir Initialized in Node 2
LSH Reservoir Initialized in Node 0
FLASH Controller Initialized in Node 0

Reading Data Node 0...
FLASH Controller Initialized in Node 1

Reading Data Node 1...
FLASH Controller Initialized in Node 2

Reading Data Node 2...
[readSparse]
[readSparse]
[readSparse]
[readSparse] Read 513333359 numbers, 46666669 vectors. 
[readSparse] Read 513333359 numbers, 46666669 vectors. 
[readSparse] Read 513333348 numbers, 46666668 vectors. 
Data Read Node 2: 168.116 Seconds

Data Read Node 1: 168.116 Seconds

Data Read Node 0: 168.116 Seconds

[readSparse]
[readSparse] Read 110000 numbers, 10000 vectors. 
Adding Vectors Node 0...
Adding Vectors Node 1...
Adding Vectors Node 2...
Node 1 Table Mem Usage ranges from 0.735809 to 0.839935, average 0.797739
Node 1 Table Mem Usage ranges from 0.999638 to 0.999790, average 0.999706
Node 1 Table Mem Usage ranges from 0.999638 to 0.999798, average 0.999723
Node 1 Table Mem Usage ranges from 0.999638 to 0.999798, average 0.999723
Node 1 Table Mem Usage ranges from 0.999638 to 0.999798, average 0.999723
Vectors Added Node 1: 132.897 Seconds

Node 2 Table Mem Usage ranges from 0.505295 to 0.696690, average 0.639181
Node 2 Table Mem Usage ranges from 0.994236 to 0.999695, average 0.999148
Node 2 Table Mem Usage ranges from 0.999660 to 0.999828, average 0.999726
Node 2 Table Mem Usage ranges from 0.999660 to 0.999828, average 0.999733
Node 2 Table Mem Usage ranges from 0.999660 to 0.999828, average 0.999733
Vectors Added Node 2: 138.349 Seconds

Node 0 Table Mem Usage ranges from 0.718834 to 0.830864, average 0.786206
Node 0 Table Mem Usage ranges from 0.999615 to 0.999752, average 0.999679
Node 0 Table Mem Usage ranges from 0.999615 to 0.999767, average 0.999698
Node 0 Table Mem Usage ranges from 0.999615 to 0.999767, average 0.999698
Node 0 Table Mem Usage ranges from 0.999615 to 0.999767, average 0.999698
Vectors Added Node 0: 148.042 Seconds

Computing Query Hashes Node 0...
Computing Query Hashes Node 1...
Computing Query Hashes Node 2...
Query Hashes Computed Node 0: 0.00458346 Seconds

Query Hashes Computed Node 2: 0.00467669 Seconds

Query Hashes Computed Node 1: 0.00475299 Seconds

Extracting Top K (CMS) Node 0...
Extracting Top K (CMS) Node 1...
Extracting Top K (CMS) Node 2...
Top K Extracted Node 1: 1.8189 Seconds

Top K Extracted Node 2: 2.23483 Seconds

Top K Extracted Node 0: 2.68351 Seconds

[readSparse]
[readSparse] Read 1540110000 numbers, 140010000 vectors. 


================================
TOP K CMS

[similarityMetric] Averaging output. 

S@k = s_out(s_true): In top k, average output similarity (average groundtruth similarity). 
S@1 = 0.824 
S@10 = 0.780 
S@20 = 0.753 
S@30 = 0.734 
S@32 = 0.730 
S@40 = 0.717 
S@50 = 0.702 
S@64 = 0.684 
S@100 = 0.650 
S@128 = 0.628 
1 10 20 30 32 40 50 64 100 128 
0.824 0.780 0.753 0.734 0.730 0.717 0.702 0.684 0.650 0.628 
Similarity Metric Computed
