=============
=== KDD12 ===
=============

LSH Initialized in Node 0
LSH Initialized in Node 2
LSH Initialized in Node 1
LSH Initialized in Node 3
CMS Initialized in Node 0
CMS Initialized in Node 2
CMS Initialized in Node 1
CMS Initialized in Node 3
LSH Reservoir Initialized in Node 2
LSH Reservoir Initialized in Node 0
LSH Reservoir Initialized in Node 3
LSH Reservoir Initialized in Node 1
FLASH Controller Initialized in Node 0

Reading Data Node 0...
FLASH Controller Initialized in Node 1

Reading Data Node 1...
FLASH Controller Initialized in Node 2

Reading Data Node 2...
FLASH Controller Initialized in Node 3

Reading Data Node 3...
[readSparse]
[readSparse]
[readSparse]
[readSparse]
[readSparse] Read 275000000 numbers, 25000000 vectors. 
[readSparse] Read 275000000 numbers, 25000000 vectors. 
[readSparse] Read 275000000 numbers, 25000000 vectors. 
[readSparse] Read 275000000 numbers, 25000000 vectors. 
Data Read Node 3: 106.032 Seconds

Data Read Node 2: 106.032 Seconds

Data Read Node 0: 106.032 Seconds

Data Read Node 1: 106.032 Seconds

[readSparse]
[readSparse] Read 110000 numbers, 10000 vectors. 
Adding Vectors Node 0...
Adding Vectors Node 1...
Adding Vectors Node 2...
Adding Vectors Node 3...
Node 3 Table Mem Usage ranges from 0.941803 to 0.983353, average 0.968828
Node 3 Table Mem Usage ranges from 0.999603 to 0.999786, average 0.999701
Node 3 Table Mem Usage ranges from 0.999603 to 0.999786, average 0.999701
Node 3 Table Mem Usage ranges from 0.999603 to 0.999786, average 0.999701
Node 3 Table Mem Usage ranges from 0.999603 to 0.999786, average 0.999701
Vectors Added Node 3: 58.3721 Seconds

Node 1 Table Mem Usage ranges from 0.940414 to 0.983017, average 0.968768
Node 1 Table Mem Usage ranges from 0.999588 to 0.999802, average 0.999718
Node 1 Table Mem Usage ranges from 0.999588 to 0.999802, average 0.999718
Node 1 Table Mem Usage ranges from 0.999588 to 0.999802, average 0.999718
Node 1 Table Mem Usage ranges from 0.999588 to 0.999802, average 0.999718
Vectors Added Node 1: 61.9221 Seconds

Node 0 Table Mem Usage ranges from 0.933289 to 0.980988, average 0.964458
Node 0 Table Mem Usage ranges from 0.999573 to 0.999832, average 0.999699
Node 0 Table Mem Usage ranges from 0.999573 to 0.999832, average 0.999699
Node 0 Table Mem Usage ranges from 0.999573 to 0.999832, average 0.999699
Node 0 Table Mem Usage ranges from 0.999573 to 0.999832, average 0.999699
Vectors Added Node 0: 62.8348 Seconds

Computing Query Hashes Node 1...
Node 2 Table Mem Usage ranges from 0.934738 to 0.982407, average 0.965842
Node 2 Table Mem Usage ranges from 0.999588 to 0.999771, average 0.999682
Node 2 Table Mem Usage ranges from 0.999588 to 0.999771, average 0.999682
Node 2 Table Mem Usage ranges from 0.999588 to 0.999771, average 0.999682
Node 2 Table Mem Usage ranges from 0.999588 to 0.999771, average 0.999682
Vectors Added Node 2: 63.4147 Seconds

Computing Query Hashes Node 2...
Computing Query Hashes Node 3...
Computing Query Hashes Node 0...
Query Hashes Computed Node 0: 0.00370762 Seconds

Extracting Top K (CMS) Node 0...
Query Hashes Computed Node 1: 0.00373725 Seconds

Extracting Top K (CMS) Node 1...
Query Hashes Computed Node 2: 0.0037387 Seconds

Query Hashes Computed Node 3: 0.00374821 Seconds

Extracting Top K (CMS) Node 3...
Extracting Top K (CMS) Node 2...
Top K Extracted Node 3: 1.62372 Seconds

Top K Extracted Node 1: 1.62708 Seconds

Top K Extracted Node 2: 1.78281 Seconds

Top K Extracted Node 0: 1.96407 Seconds

[readSparse]
[readSparse] Read 1100110000 numbers, 100010000 vectors. 


================================
TOP K CMS

[similarityMetric] Averaging output. 

S@k = s_out(s_true): In top k, average output similarity (average groundtruth similarity). 
S@1 = 0.789 
S@10 = 0.707 
S@20 = 0.664 
S@30 = 0.635 
S@32 = 0.630 
S@40 = 0.614 
S@50 = 0.597 
S@64 = 0.579 
S@100 = 0.547 
S@128 = 0.530 
1 10 20 30 32 40 50 64 100 128 
0.789 0.707 0.664 0.635 0.630 0.614 0.597 0.579 0.547 0.530 
Similarity Metric Computed
