slurmstepd: task/cgroup: unable to add task[pid=52782] to memory cg '(null)'
slurmstepd: unable to build slurm cgroup for ns memory: Cannot allocate memory
slurmstepd: jobacct_gather/cgroup: unable to instanciate user 17279 memory cgroup
slurmstepd: task/cgroup: unable to add task[pid=3594] to memory cg '(null)'
slurmstepd: unable to build slurm cgroup for ns memory: Cannot allocate memory
slurmstepd: jobacct_gather/cgroup: unable to instanciate user 17279 memory cgroup

=================
== KDD12
=================

140000000 Vectors, 10000 Queries
Nodes: 8
Tables: 16
RangePow: 18
Reservoir Size: 256
Hashes: 4
CMS Bucket Size: 2048
CMS Hashes: 4

LSH Initialized in Node 0
LSH Initialized in Node 4
LSH Initialized in Node 5
LSH Initialized in Node 1
LSH Initialized in Node 2
LSH Initialized in Node 6
LSH Initialized in Node 3
LSH Initialized in Node 7
CMS Initialized in Node 0
CMS Initialized in Node 3
CMS Initialized in Node 5
CMS Initialized in Node 1
CMS Initialized in Node 4
CMS Initialized in Node 6
CMS Initialized in Node 7
CMS Initialized in Node 2
LSH Reservoir Initialized in Node 2
LSH Reservoir Initialized in Node 4
LSH Reservoir Initialized in Node 6
LSH Reservoir Initialized in Node 3
LSH Reservoir Initialized in Node 1
LSH Reservoir Initialized in Node 5
LSH Reservoir Initialized in Node 7
LSH Reservoir Initialized in Node 0
FLASH Controller Initialized in Node 0

Reading Data Node 0...
[readSparse]
FLASH Controller Initialized in Node 5

Reading Data Node 5...
FLASH Controller Initialized in Node 1

Reading Data Node 1...
FLASH Controller Initialized in Node 4

Reading Data Node 4...
FLASH Controller Initialized in Node 3

Reading Data Node 3...
[readSparse]
FLASH Controller Initialized in Node 6

Reading Data Node 6...
[readSparse]
FLASH Controller Initialized in Node 7

Reading Data Node 7...
[readSparse]
[readSparse]
FLASH Controller Initialized in Node 2

Reading Data Node 2...
[readSparse]
[readSparse]
[readSparse]
[readSparse] Read 192500000 numbers, 17500000 vectors. 
[readSparse] Read 192500000 numbers, 17500000 vectors. 
[readSparse] Read 192500000 numbers, 17500000 vectors. 
[readSparse] Read 192500000 numbers, 17500000 vectors. 
[readSparse] Read 192500000 numbers, 17500000 vectors. 
[readSparse] Read 192500000 numbers, 17500000 vectors. 
[readSparse] Read 192500000 numbers, 17500000 vectors. 
[readSparse] Read 192500000 numbers, 17500000 vectors. 
Data Read Node 7: 123.542 Seconds

Data Read Node 5: 123.545 Seconds

Data Read Node 4: 123.544 Seconds

Data Read Node 0: 123.555 Seconds

Data Read Node 6: 123.543 Seconds

Data Read Node 3: 123.543 Seconds

[readSparse]
Data Read Node 1: 123.544 Seconds

Data Read Node 2: 123.542 Seconds

[readSparse] Read 110000 numbers, 10000 vectors. 
Adding Vectors Node 0...
Adding Vectors Node 4...
Adding Vectors Node 7...
Adding Vectors Node 3...
Adding Vectors Node 5...
Adding Vectors Node 1...
Adding Vectors Node 6...
Adding Vectors Node 2...
Node 5 Table Mem Usage ranges from 0.249031 to 0.368958, average 0.328485
Node 5 Table Mem Usage ranges from 0.893402 to 0.983780, average 0.964065
Node 5 Table Mem Usage ranges from 0.977013 to 0.994328, average 0.991843
Node 5 Table Mem Usage ranges from 0.992157 to 0.995991, average 0.994330
Node 5 Table Mem Usage ranges from 0.993572 to 0.996212, average 0.994698
Vectors Added Node 5: 27.5855 Seconds

Node 6 Table Mem Usage ranges from 0.245056 to 0.360718, average 0.324040
Node 6 Table Mem Usage ranges from 0.898392 to 0.984158, average 0.965913
Node 6 Table Mem Usage ranges from 0.977581 to 0.994583, average 0.992050
Node 6 Table Mem Usage ranges from 0.992485 to 0.996185, average 0.994475
Node 6 Table Mem Usage ranges from 0.993755 to 0.996395, average 0.994871
Vectors Added Node 6: 28.7031 Seconds

Node 4 Table Mem Usage ranges from 0.442867 to 0.536285, average 0.496688
Node 4 Table Mem Usage ranges from 0.978657 to 0.991734, average 0.987428
Node 4 Table Mem Usage ranges from 0.992386 to 0.994087, average 0.993407
Node 4 Table Mem Usage ranges from 0.992462 to 0.994629, average 0.993598
Node 4 Table Mem Usage ranges from 0.992462 to 0.994743, average 0.993611
Vectors Added Node 4: 29.4288 Seconds

Node 1 Table Mem Usage ranges from 0.427692 to 0.519485, average 0.481117
Node 1 Table Mem Usage ranges from 0.979424 to 0.991119, average 0.987552
Node 1 Table Mem Usage ranges from 0.992458 to 0.995075, average 0.993544
Node 1 Table Mem Usage ranges from 0.992504 to 0.995461, average 0.993748
Node 1 Table Mem Usage ranges from 0.992504 to 0.995514, average 0.993757
Vectors Added Node 1: 30.6504 Seconds

Node 2 Table Mem Usage ranges from 0.430611 to 0.520298, average 0.483841
Node 2 Table Mem Usage ranges from 0.979847 to 0.991322, average 0.987664
Node 2 Table Mem Usage ranges from 0.992474 to 0.994831, average 0.993446
Node 2 Table Mem Usage ranges from 0.992523 to 0.995274, average 0.993648
Node 2 Table Mem Usage ranges from 0.992523 to 0.995338, average 0.993657
Vectors Added Node 2: 30.7765 Seconds

Node 3 Table Mem Usage ranges from 0.443123 to 0.534294, average 0.495989
Node 3 Table Mem Usage ranges from 0.979355 to 0.991615, average 0.987689
Node 3 Table Mem Usage ranges from 0.992668 to 0.994331, average 0.993496
Node 3 Table Mem Usage ranges from 0.992699 to 0.994869, average 0.993691
Node 3 Table Mem Usage ranges from 0.992702 to 0.994915, average 0.993698
Vectors Added Node 3: 31.172 Seconds

Node 7 Table Mem Usage ranges from 0.426193 to 0.518452, average 0.479067
Node 7 Table Mem Usage ranges from 0.978569 to 0.991409, average 0.987575
Node 7 Table Mem Usage ranges from 0.992695 to 0.994324, average 0.993560
Node 7 Table Mem Usage ranges from 0.992844 to 0.994854, average 0.993767
Node 7 Table Mem Usage ranges from 0.992844 to 0.994946, average 0.993780
Vectors Added Node 7: 31.1798 Seconds

Computing Query Hashes Node 3...
Computing Query Hashes Node 5...
Node 0 Table Mem Usage ranges from 0.428093 to 0.522945, average 0.483430
Node 0 Table Mem Usage ranges from 0.977268 to 0.989742, average 0.986115
Node 0 Table Mem Usage ranges from 0.991451 to 0.992962, average 0.992293
Node 0 Table Mem Usage ranges from 0.991470 to 0.993641, average 0.992509
Node 0 Table Mem Usage ranges from 0.991470 to 0.993694, average 0.992520
Vectors Added Node 0: 33.9427 Seconds

Computing Query Hashes Node 0...
Computing Query Hashes Node 1...
Computing Query Hashes Node 4...
Computing Query Hashes Node 6...
Computing Query Hashes Node 7...
Computing Query Hashes Node 2...
Query Hashes Computed Node 0: 0.00668101 Seconds

Query Hashes Computed Node 3: 0.00735949 Seconds

Query Hashes Computed Node 4: 0.00734288 Seconds

Query Hashes Computed Node 7: 0.0140837 Seconds

Query Hashes Computed Node 6: 0.0113085 Seconds

Query Hashes Computed Node 2: 0.0113362 Seconds

Query Hashes Computed Node 5: 0.0113221 Seconds

Extracting Top K (TREE) Node 5...
Query Hashes Computed Node 1: 0.0157939 Seconds

Extracting Top K (TREE) Node 4...
Extracting Top K (TREE) Node 6...
Extracting Top K (TREE) Node 7...
Extracting Top K (TREE) Node 2...
Extracting Top K (TREE) Node 0...
Extracting Top K (TREE) Node 1...
Extracting Top K (TREE) Node 3...
Top K (TREE) Extracted Node 5: 0.867437 Seconds

Top K (TREE) Extracted Node 3: 0.904415 Seconds

Top K (TREE) Extracted Node 7: 0.927989 Seconds

Top K (TREE) Extracted Node 1: 0.981667 Seconds

Top K (TREE) Extracted Node 6: 1.14721 Seconds

Top K (TREE) Extracted Node 2: 1.2327 Seconds

Top K (TREE) Extracted Node 4: 1.4526 Seconds

Top K (TREE) Extracted Node 0: 1.7577 Seconds

Extracting Top K (LINEAR) Node 3...
Extracting Top K (LINEAR) Node 5...
Extracting Top K (LINEAR) Node 0...
Extracting Top K (LINEAR) Node 1...
Extracting Top K (LINEAR) Node 7...
Extracting Top K (LINEAR) Node 4...
Extracting Top K (LINEAR) Node 6...
Extracting Top K (LINEAR) Node 2...
Top K (LINEAR) Extracted Node 1: 1.07666 Seconds

Top K (LINEAR) Extracted Node 2: 1.24441 Seconds

Top K (LINEAR) Extracted Node 3: 1.4114 Seconds

Top K (LINEAR) Extracted Node 4: 1.61658 Seconds

Top K (LINEAR) Extracted Node 5: 1.91189 Seconds

Top K (LINEAR) Extracted Node 6: 2.07734 Seconds

Top K (LINEAR) Extracted Node 7: 2.24454 Seconds

Top K (LINEAR) Extracted Node 0: 3.83739 Seconds

Extracting Top K (BRUTEFORCE) Node 3...
Extracting Top K (BRUTEFORCE) Node 5...
Extracting Top K (BRUTEFORCE) Node 0...
Extracting Top K (BRUTEFORCE) Node 1...
Extracting Top K (BRUTEFORCE) Node 4...
Extracting Top K (BRUTEFORCE) Node 6...
Extracting Top K (BRUTEFORCE) Node 7...
Extracting Top K (BRUTEFORCE) Node 2...
Top K (BRUTEFORCE) Extracted Node 1: 0.162033 Seconds

Top K (BRUTEFORCE) Extracted Node 2: 0.204871 Seconds

Top K (BRUTEFORCE) Extracted Node 3: 0.246154 Seconds

Top K (BRUTEFORCE) Extracted Node 4: 0.288145 Seconds

Top K (BRUTEFORCE) Extracted Node 5: 0.329131 Seconds

Top K (BRUTEFORCE) Extracted Node 6: 0.408179 Seconds

Top K (BRUTEFORCE) Extracted Node 7: 0.462972 Seconds

Top K (BRUTEFORCE) Extracted Node 0: 6.20978 Seconds

