LSH Initialized in Node 0
LSH Initialized in Node 1
LSH Initialized in Node 2
LSH Initialized in Node 3
CMS Initialized in Node 0
CMS Initialized in Node 2
CMS Initialized in Node 1
CMS Initialized in Node 3
LSH Reservoir Initialized in Node 3
LSH Reservoir Initialized in Node 1
LSH Reservoir Initialized in Node 2
LSH Reservoir Initialized in Node 0
FLASH Controller Initialized in Node 0

Reading Data Node 0...
FLASH Controller Initialized in Node 1
FLASH Controller Initialized in Node 2
FLASH Controller Initialized in Node 3
[readSparse]
[readSparse]
[readSparse]
[readSparse]
[readSparse] Read 231949323 numbers, 62500 vectors. 
[readSparse] Read 233315947 numbers, 62500 vectors. 
[readSparse] Read 233452634 numbers, 62500 vectors. 
[readSparse] Read 233569128 numbers, 62500 vectors. 
Data Read Node 0: 65.9871 Seconds

[readSparse]
[readSparse] Read 37207718 numbers, 10000 vectors. 
Adding Vectors Node 0...
Adding Vectors Node 1...
Adding Vectors Node 2...
Adding Vectors Node 3...
Node 1 Table Mem Usage ranges from 0.003025 to 0.004025, average 0.003590
Node 1 Table Mem Usage ranges from 0.023834 to 0.032574, average 0.028752
Node 1 Table Mem Usage ranges from 0.040970 to 0.056568, average 0.049512
Node 1 Table Mem Usage ranges from 0.055923 to 0.077564, average 0.067577
Node 1 Table Mem Usage ranges from 0.069492 to 0.097240, average 0.084328
Vectors Added Node 1: 1.32431 Seconds

Node 3 Table Mem Usage ranges from 0.002934 to 0.003876, average 0.003483
Node 3 Table Mem Usage ranges from 0.023712 to 0.032417, average 0.028486
Node 3 Table Mem Usage ranges from 0.040619 to 0.056076, average 0.048948
Node 3 Table Mem Usage ranges from 0.055416 to 0.077530, average 0.067333
Node 3 Table Mem Usage ranges from 0.069080 to 0.096760, average 0.084005
Vectors Added Node 3: 1.32633 Seconds

Node 2 Table Mem Usage ranges from 0.003059 to 0.003979, average 0.003573
Node 2 Table Mem Usage ranges from 0.023800 to 0.032650, average 0.028707
Node 2 Table Mem Usage ranges from 0.040840 to 0.056450, average 0.049205
Node 2 Table Mem Usage ranges from 0.055553 to 0.077435, average 0.067374
Node 2 Table Mem Usage ranges from 0.069180 to 0.096970, average 0.083990
Vectors Added Node 2: 1.3763 Seconds

Node 0 Table Mem Usage ranges from 0.003048 to 0.004013, average 0.003554
Node 0 Table Mem Usage ranges from 0.023743 to 0.032387, average 0.028564
Node 0 Table Mem Usage ranges from 0.040462 to 0.055817, average 0.048934
Node 0 Table Mem Usage ranges from 0.055103 to 0.076702, average 0.066987
Node 0 Table Mem Usage ranges from 0.068810 to 0.095940, average 0.083647
Vectors Added Node 0: 1.38005 Seconds

Computing Query Hashes Node 0...
Computing Query Hashes Node 1...
Computing Query Hashes Node 2...
Computing Query Hashes Node 3...
Query Hashes Computed Node 1: 0.0476258 Seconds

Query Hashes Computed Node 3: 0.0476198 Seconds

Query Hashes Computed Node 0: 0.0476751 Seconds

Query Hashes Computed Node 2: 0.0476464 Seconds

Extracting Top K (CMS) Node 0...
Extracting Top K (CMS) Node 1...
Extracting Top K (CMS) Node 2...
Extracting Top K (CMS) Node 3...
Top K Extracted Node 1: 4.63232 Seconds

Top K Extracted Node 2: 5.0757 Seconds

Top K Extracted Node 3: 5.9597 Seconds

Top K Extracted Node 0: 7.62633 Seconds

Reading Groundtruth Node 0...
Groundtruth Read Node 0: 0.00128413 Seconds

[readSparse]
[readSparse] Read 969494750 numbers, 260000 vectors. 


================================
TOP K CMS

[similarityMetric] Averaging gtruth. 
[similarityMetric] Averaging output. 

S@k = s_out(s_true): In top k, average output similarity (average groundtruth similarity). 
S@1 = 0.899 (0.000) 
S@10 = 0.853 (0.000) 
S@20 = 0.836 (0.000) 
S@30 = 0.826 (0.000) 
S@32 = 0.824 (0.000) 
S@40 = 0.819 (0.000) 
S@50 = 0.814 (0.000) 
S@64 = 0.807 (0.000) 
S@100 = 0.795 (0.000) 
S@128 = 0.787 (0.000) 
1 10 20 30 32 40 50 64 100 128 
0.899 0.853 0.836 0.826 0.824 0.819 0.814 0.807 0.795 0.787 
0.000 0.000 0.000 0.000 0.000 0.000 0.000 0.000 0.000 0.000 

Similarity Metric Computed
S@1 = 0.000 
S@10 = 0.000 
S@20 = 0.000 
S@30 = 0.000 
S@32 = 0.000 
S@40 = 0.000 
S@50 = 0.000 
S@64 = 0.000 
S@100 = 0.000 
S@128 = 0.000 
1 10 20 30 32 40 50 64 100 128 
0.000 0.000 0.000 0.000 0.000 0.000 0.000 0.000 0.000 0.000 

Similarity of Data Computed
Evaluation Complete
