
=================
== KDD12
=================

140000000 Vectors, 10000 Queries
Nodes: 30
Tables: 16
RangePow: 18
Reservoir Size: 256
Hashes: 4
CMS Bucket Size: 2048
CMS Hashes: 4

LSH Initialized in Node 0
LSH Initialized in Node 16
LSH Initialized in Node 17
LSH Initialized in Node 1
LSH Initialized in Node 9
LSH Initialized in Node 20
LSH Initialized in Node 18
LSH Initialized in Node 19
LSH Initialized in Node 24
LSH Initialized in Node 8
LSH Initialized in Node 21
LSH Initialized in Node 5
LSH Initialized in Node 4
LSH Initialized in Node 12
LSH Initialized in Node 25
LSH Initialized in Node 10
LSH Initialized in Node 15
LSH Initialized in Node 26
LSH Initialized in Node 23
LSH Initialized in Node 28
LSH Initialized in Node 3
LSH Initialized in Node 29
LSH Initialized in Node 2
LSH Initialized in Node 7
LSH Initialized in Node 13
LSH Initialized in Node 27
LSH Initialized in Node 22
LSH Initialized in Node 11
LSH Initialized in Node 14
LSH Initialized in Node 6
CMS Initialized in Node 17
CMS Initialized in Node 10
CMS Initialized in Node 3
CMS Initialized in Node 20
CMS Initialized in Node 26
CMS Initialized in Node 29
CMS Initialized in Node 19
CMS Initialized in Node 24
CMS Initialized in Node 21
CMS Initialized in Node 0
CMS Initialized in Node 1
CMS Initialized in Node 5
CMS Initialized in Node 9
CMS Initialized in Node 18
CMS Initialized in Node 7
CMS Initialized in Node 15
CMS Initialized in Node 4
CMS Initialized in Node 12
CMS Initialized in Node 13
CMS Initialized in Node 16
CMS Initialized in Node 8
CMS Initialized in Node 27
CMS Initialized in Node 23
CMS Initialized in Node 25
CMS Initialized in Node 28
CMS Initialized in Node 11
CMS Initialized in Node 14
CMS Initialized in Node 22
CMS Initialized in Node 2
CMS Initialized in Node 6
LSH Reservoir Initialized in Node 21
LSH Reservoir Initialized in Node 28
LSH Reservoir Initialized in Node 27
LSH Reservoir Initialized in Node 14
LSH Reservoir Initialized in Node 16
LSH Reservoir Initialized in Node 20
LSH Reservoir Initialized in Node 15
LSH Reservoir Initialized in Node 26
LSH Reservoir Initialized in Node 19
LSH Reservoir Initialized in Node 2
LSH Reservoir Initialized in Node 4
LSH Reservoir Initialized in Node 9
LSH Reservoir Initialized in Node 1
LSH Reservoir Initialized in Node 13
LSH Reservoir Initialized in Node 25
LSH Reservoir Initialized in Node 17
LSH Reservoir Initialized in Node 24
LSH Reservoir Initialized in Node 22
LSH Reservoir Initialized in Node 29
LSH Reservoir Initialized in Node 18
LSH Reservoir Initialized in Node 10
LSH Reservoir Initialized in Node 23
LSH Reservoir Initialized in Node 5
LSH Reservoir Initialized in Node 3
LSH Reservoir Initialized in Node 8
LSH Reservoir Initialized in Node 12
LSH Reservoir Initialized in Node 7
LSH Reservoir Initialized in Node 11
LSH Reservoir Initialized in Node 6
LSH Reservoir Initialized in Node 0
FLASH Controller Initialized in Node 0

Reading Data Node 0...
FLASH Controller Initialized in Node 17

Reading Data Node 17...
FLASH Controller Initialized in Node 3

Reading Data Node 3...
FLASH Controller Initialized in Node 9

Reading Data Node 9...
FLASH Controller Initialized in Node 19

Reading Data Node 19...
FLASH Controller Initialized in Node 24

Reading Data Node 24...
FLASH Controller Initialized in Node 21

Reading Data Node 21...
[readSparse]
[readSparse]
FLASH Controller Initialized in Node 1

Reading Data Node 1...
[readSparse]
FLASH Controller Initialized in Node 10

Reading Data Node 10...
[readSparse]
FLASH Controller Initialized in Node 14

Reading Data Node 14...
FLASH Controller Initialized in Node 5

Reading Data Node 5...
[readSparse]
[readSparse]
FLASH Controller Initialized in Node 20

Reading Data Node 20...
FLASH Controller Initialized in Node 22

Reading Data Node 22...
FLASH Controller Initialized in Node 7

Reading Data Node 7...
[readSparse]
FLASH Controller Initialized in Node 15

Reading Data Node 15...
[readSparse]
FLASH Controller Initialized in Node 2

Reading Data Node 2...
[readSparse]
FLASH Controller Initialized in Node 26

Reading Data Node 26...
FLASH Controller Initialized in Node 29

Reading Data Node 29...
[readSparse]
[readSparse]
FLASH Controller Initialized in Node 4

Reading Data Node 4...
[readSparse]
FLASH Controller Initialized in Node 12

Reading Data Node 12...
[readSparse]
FLASH Controller Initialized in Node 13

Reading Data Node 13...
[readSparse]
FLASH Controller Initialized in Node 16

Reading Data Node 16...
[readSparse]
FLASH Controller Initialized in Node 8

Reading Data Node 8...
[readSparse]
FLASH Controller Initialized in Node 27

Reading Data Node 27...
FLASH Controller Initialized in Node 23

Reading Data Node 23...
FLASH Controller Initialized in Node 25

Reading Data Node 25...
FLASH Controller Initialized in Node 28

Reading Data Node 28...
[readSparse]
[readSparse]
[readSparse]
FLASH Controller Initialized in Node 18

Reading Data Node 18...
[readSparse]
[readSparse]
[readSparse]
[readSparse]
[readSparse]
[readSparse]
[readSparse]
[readSparse]
[readSparse]
FLASH Controller Initialized in Node 11

Reading Data Node 11...
[readSparse]
FLASH Controller Initialized in Node 6

Reading Data Node 6...
[readSparse]
[readSparse] Read 51333337 numbers, 4666667 vectors. 
[readSparse] Read 51333337 numbers, 4666667 vectors. 
[readSparse] Read 51333337 numbers, 4666667 vectors. 
[readSparse] Read 51333337 numbers, 4666667 vectors. 
[readSparse] Read 51333337 numbers, 4666667 vectors. 
[readSparse] Read 51333337 numbers, 4666667 vectors. 
[readSparse] Read 51333337 numbers, 4666667 vectors. 
[readSparse] Read 51333337 numbers, 4666667 vectors. 
[readSparse] Read 51333337 numbers, 4666667 vectors. 
[readSparse] Read 51333337 numbers, 4666667 vectors. 
[readSparse] Read 51333337 numbers, 4666667 vectors. 
[readSparse] Read 51333337 numbers, 4666667 vectors. 
[readSparse] Read 51333337 numbers, 4666667 vectors. 
[readSparse] Read 51333337 numbers, 4666667 vectors. 
[readSparse] Read 51333337 numbers, 4666667 vectors. 
[readSparse] Read 51333337 numbers, 4666667 vectors. 
[readSparse] Read 51333337 numbers, 4666667 vectors. 
[readSparse] Read 51333337 numbers, 4666667 vectors. 
[readSparse] Read 51333337 numbers, 4666667 vectors. 
[readSparse] Read 51333337 numbers, 4666667 vectors. 
[readSparse] Read 51333326 numbers, 4666666 vectors. 
[readSparse] Read 51333326 numbers, 4666666 vectors. 
[readSparse] Read 51333326 numbers, 4666666 vectors. 
[readSparse] Read 51333326 numbers, 4666666 vectors. 
[readSparse] Read 51333326 numbers, 4666666 vectors. 
[readSparse] Read 51333326 numbers, 4666666 vectors. 
[readSparse] Read 51333326 numbers, 4666666 vectors. 
[readSparse] Read 51333326 numbers, 4666666 vectors. 
[readSparse] Read 51333326 numbers, 4666666 vectors. 
[readSparse] Read 51333326 numbers, 4666666 vectors. 
Data Read Node 29: 174.777 Seconds

Data Read Node 17: 174.777 Seconds

Data Read Node 10: 174.776 Seconds

Data Read Node 5: 174.777 Seconds

Data Read Node 9: 174.777 Seconds

Data Read Node 20: 174.776 Seconds

Data Read Node 18: 174.776 Seconds

Data Read Node 22: 174.777 Seconds

Data Read Node 15: 174.777 Seconds

Data Read Node 2: 174.777 Seconds

Data Read Node 26: 174.776 Seconds

Data Read Node 19: 174.777 Seconds

Data Read Node 24: 174.777 Seconds

Data Read Node 4: 174.777 Seconds

Data Read Node 16: 174.777 Seconds

Data Read Node 27: 174.777 Seconds

Data Read Node 23: 174.777 Seconds

Data Read Node 28: 174.776 Seconds

Data Read Node 0: 174.777 Seconds

Data Read Node 1: 174.777 Seconds

Data Read Node 3: 174.777 Seconds

Data Read Node 14: 174.777 Seconds

Data Read Node 7: 174.777 Seconds

Data Read Node 12: 174.777 Seconds

Data Read Node 13: 174.777 Seconds

Data Read Node 8: 174.777 Seconds

Data Read Node 25: 174.777 Seconds

Data Read Node 21: 174.777 Seconds

Data Read Node 11: 174.777 Seconds

[readSparse]
Data Read Node 6: 174.777 Seconds

[readSparse] Read 110000 numbers, 10000 vectors. 
Adding Vectors Node 0...
Adding Vectors Node 5...
Adding Vectors Node 9...
Adding Vectors Node 22...
Adding Vectors Node 2...
Adding Vectors Node 26...
Adding Vectors Node 29...
Adding Vectors Node 19...
Adding Vectors Node 4...
Adding Vectors Node 13...
Adding Vectors Node 8...
Adding Vectors Node 27...
Adding Vectors Node 23...
Adding Vectors Node 25...
Adding Vectors Node 21...
Adding Vectors Node 17...
Adding Vectors Node 1...
Adding Vectors Node 10...
Adding Vectors Node 3...
Adding Vectors Node 14...
Adding Vectors Node 20...
Adding Vectors Node 18...
Adding Vectors Node 7...
Adding Vectors Node 24...
Adding Vectors Node 12...
Adding Vectors Node 16...
Adding Vectors Node 28...
Adding Vectors Node 11...
Adding Vectors Node 15...
Adding Vectors Node 6...
Node 24 Table Mem Usage ranges from 0.079224 to 0.123470, average 0.104961
Node 24 Table Mem Usage ranges from 0.525387 to 0.730106, average 0.666031
Node 24 Table Mem Usage ranges from 0.727627 to 0.910999, average 0.856318
Node 24 Table Mem Usage ranges from 0.837418 to 0.968288, average 0.933466
Node 24 Table Mem Usage ranges from 0.895695 to 0.985092, average 0.964968
Vectors Added Node 24: 7.10213 Seconds

Node 21 Table Mem Usage ranges from 0.080818 to 0.118645, average 0.106382
Node 21 Table Mem Usage ranges from 0.529926 to 0.728237, average 0.669219
Node 21 Table Mem Usage ranges from 0.723782 to 0.910423, average 0.857211
Node 21 Table Mem Usage ranges from 0.831062 to 0.966995, average 0.932829
Node 21 Table Mem Usage ranges from 0.894142 to 0.985039, average 0.965091
Vectors Added Node 21: 7.30524 Seconds

Node 20 Table Mem Usage ranges from 0.079800 to 0.123619, average 0.108286
Node 20 Table Mem Usage ranges from 0.531601 to 0.723667, average 0.666054
Node 20 Table Mem Usage ranges from 0.733704 to 0.906578, average 0.857605
Node 20 Table Mem Usage ranges from 0.836754 to 0.965584, average 0.932655
Node 20 Table Mem Usage ranges from 0.896355 to 0.984558, average 0.964811
Vectors Added Node 20: 7.35407 Seconds

Node 19 Table Mem Usage ranges from 0.071308 to 0.112080, average 0.098192
Node 19 Table Mem Usage ranges from 0.515339 to 0.716965, average 0.655134
Node 19 Table Mem Usage ranges from 0.721542 to 0.902931, average 0.853599
Node 19 Table Mem Usage ranges from 0.831188 to 0.963413, average 0.931635
Node 19 Table Mem Usage ranges from 0.892345 to 0.983841, average 0.964385
Vectors Added Node 19: 7.36749 Seconds

Node 17 Table Mem Usage ranges from 0.080467 to 0.119270, average 0.105940
Node 17 Table Mem Usage ranges from 0.522991 to 0.726212, average 0.661150
Node 17 Table Mem Usage ranges from 0.722248 to 0.908257, average 0.853304
Node 17 Table Mem Usage ranges from 0.831665 to 0.966137, average 0.930992
Node 17 Table Mem Usage ranges from 0.893215 to 0.985039, average 0.964212
Vectors Added Node 17: 7.40621 Seconds

Node 18 Table Mem Usage ranges from 0.082497 to 0.120529, average 0.107735
Node 18 Table Mem Usage ranges from 0.529793 to 0.725388, average 0.664716
Node 18 Table Mem Usage ranges from 0.723625 to 0.906883, average 0.853945
Node 18 Table Mem Usage ranges from 0.830647 to 0.965496, average 0.931281
Node 18 Table Mem Usage ranges from 0.893173 to 0.984890, average 0.964584
Vectors Added Node 18: 7.48319 Seconds

Node 22 Table Mem Usage ranges from 0.080688 to 0.121189, average 0.107062
Node 22 Table Mem Usage ranges from 0.519375 to 0.724819, average 0.656527
Node 22 Table Mem Usage ranges from 0.724789 to 0.909794, average 0.855420
Node 22 Table Mem Usage ranges from 0.830448 to 0.964657, average 0.931640
Node 22 Table Mem Usage ranges from 0.893524 to 0.984241, average 0.964983
Vectors Added Node 22: 7.97046 Seconds

Node 23 Table Mem Usage ranges from 0.086056 to 0.127640, average 0.112100
Node 23 Table Mem Usage ranges from 0.530907 to 0.730747, average 0.670015
Node 23 Table Mem Usage ranges from 0.734047 to 0.907501, average 0.860634
Node 23 Table Mem Usage ranges from 0.841511 to 0.966209, average 0.934981
Node 23 Table Mem Usage ranges from 0.900372 to 0.985413, average 0.966749
Vectors Added Node 23: 8.03728 Seconds

Node 14 Table Mem Usage ranges from 0.169094 to 0.208080, average 0.191322
Node 14 Table Mem Usage ranges from 0.755379 to 0.855938, average 0.816525
Node 14 Table Mem Usage ranges from 0.903214 to 0.961952, average 0.940869
Node 14 Table Mem Usage ranges from 0.956032 to 0.985783, average 0.975750
Node 14 Table Mem Usage ranges from 0.977646 to 0.991653, average 0.987279
Vectors Added Node 14: 8.41125 Seconds

Node 3 Table Mem Usage ranges from 0.171879 to 0.208118, average 0.192048
Node 3 Table Mem Usage ranges from 0.759834 to 0.856575, average 0.817586
Node 3 Table Mem Usage ranges from 0.907280 to 0.962677, average 0.941655
Node 3 Table Mem Usage ranges from 0.959438 to 0.985241, average 0.976131
Node 3 Table Mem Usage ranges from 0.979145 to 0.990643, average 0.987081
Vectors Added Node 3: 8.48343 Seconds

Node 27 Table Mem Usage ranges from 0.170097 to 0.207314, average 0.191976
Node 27 Table Mem Usage ranges from 0.751976 to 0.854286, average 0.814659
Node 27 Table Mem Usage ranges from 0.901283 to 0.961292, average 0.939740
Node 27 Table Mem Usage ranges from 0.955448 to 0.985115, average 0.975382
Node 27 Table Mem Usage ranges from 0.978001 to 0.991222, average 0.987430
Vectors Added Node 27: 8.48671 Seconds

Node 25 Table Mem Usage ranges from 0.164932 to 0.200943, average 0.185062
Node 25 Table Mem Usage ranges from 0.744205 to 0.847588, average 0.805983
Node 25 Table Mem Usage ranges from 0.901215 to 0.960655, average 0.938886
Node 25 Table Mem Usage ranges from 0.958023 to 0.985847, average 0.976297
Node 25 Table Mem Usage ranges from 0.979549 to 0.991730, average 0.987863
Vectors Added Node 25: 8.52588 Seconds

Node 15 Table Mem Usage ranges from 0.170956 to 0.208065, average 0.192390
Node 15 Table Mem Usage ranges from 0.757149 to 0.857994, average 0.817989
Node 15 Table Mem Usage ranges from 0.903751 to 0.962681, average 0.941297
Node 15 Table Mem Usage ranges from 0.956551 to 0.984989, average 0.975619
Node 15 Table Mem Usage ranges from 0.977551 to 0.990700, average 0.986552
Vectors Added Node 15: 8.52736 Seconds

Node 28 Table Mem Usage ranges from 0.169456 to 0.208633, average 0.192256
Node 28 Table Mem Usage ranges from 0.757648 to 0.858093, average 0.817155
Node 28 Table Mem Usage ranges from 0.905064 to 0.963577, average 0.940924
Node 28 Table Mem Usage ranges from 0.956314 to 0.986557, average 0.975323
Node 28 Table Mem Usage ranges from 0.976910 to 0.991924, average 0.986405
Vectors Added Node 28: 8.5557 Seconds

Node 10 Table Mem Usage ranges from 0.165798 to 0.203194, average 0.187534
Node 10 Table Mem Usage ranges from 0.757954 to 0.857975, average 0.817488
Node 10 Table Mem Usage ranges from 0.907974 to 0.964241, average 0.942502
Node 10 Table Mem Usage ranges from 0.959236 to 0.986866, average 0.976789
Node 10 Table Mem Usage ranges from 0.979263 to 0.992203, average 0.987636
Vectors Added Node 10: 8.57628 Seconds

Node 16 Table Mem Usage ranges from 0.167797 to 0.204109, average 0.188930
Node 16 Table Mem Usage ranges from 0.758396 to 0.856892, average 0.818058
Node 16 Table Mem Usage ranges from 0.908401 to 0.963116, average 0.943252
Node 16 Table Mem Usage ranges from 0.959049 to 0.985767, average 0.977216
Node 16 Table Mem Usage ranges from 0.979507 to 0.991283, average 0.987935
Vectors Added Node 16: 8.58228 Seconds

Node 12 Table Mem Usage ranges from 0.165852 to 0.205055, average 0.188579
Node 12 Table Mem Usage ranges from 0.745335 to 0.848927, average 0.806812
Node 12 Table Mem Usage ranges from 0.899734 to 0.961086, average 0.937973
Node 12 Table Mem Usage ranges from 0.955978 to 0.986649, average 0.975701
Node 12 Table Mem Usage ranges from 0.978607 to 0.992565, average 0.987674
Vectors Added Node 12: 8.60981 Seconds

Node 1 Table Mem Usage ranges from 0.169090 to 0.205154, average 0.190159
Node 1 Table Mem Usage ranges from 0.752647 to 0.852467, average 0.812258
Node 1 Table Mem Usage ranges from 0.901230 to 0.960091, average 0.938370
Node 1 Table Mem Usage ranges from 0.955791 to 0.984501, average 0.974836
Node 1 Table Mem Usage ranges from 0.978363 to 0.990627, average 0.986845
Vectors Added Node 1: 8.61775 Seconds

Node 8 Table Mem Usage ranges from 0.170361 to 0.209614, average 0.192847
Node 8 Table Mem Usage ranges from 0.754818 to 0.857105, average 0.815680
Node 8 Table Mem Usage ranges from 0.902534 to 0.963341, average 0.940577
Node 8 Table Mem Usage ranges from 0.955330 to 0.986061, average 0.975297
Node 8 Table Mem Usage ranges from 0.977238 to 0.992012, average 0.986889
Vectors Added Node 8: 8.64231 Seconds

Node 13 Table Mem Usage ranges from 0.167770 to 0.206390, average 0.189803
Node 13 Table Mem Usage ranges from 0.748791 to 0.854145, average 0.811928
Node 13 Table Mem Usage ranges from 0.899441 to 0.961964, average 0.938995
Node 13 Table Mem Usage ranges from 0.954678 to 0.986187, average 0.975355
Node 13 Table Mem Usage ranges from 0.977345 to 0.992332, average 0.987433
Vectors Added Node 13: 8.64608 Seconds

Node 7 Table Mem Usage ranges from 0.167408 to 0.205124, average 0.189284
Node 7 Table Mem Usage ranges from 0.750099 to 0.850872, average 0.811468
Node 7 Table Mem Usage ranges from 0.898506 to 0.960072, average 0.937863
Node 7 Table Mem Usage ranges from 0.953358 to 0.984749, average 0.974401
Node 7 Table Mem Usage ranges from 0.976654 to 0.990780, average 0.986554
Vectors Added Node 7: 8.66585 Seconds

Node 5 Table Mem Usage ranges from 0.163029 to 0.199318, average 0.184197
Node 5 Table Mem Usage ranges from 0.743809 to 0.847317, average 0.807041
Node 5 Table Mem Usage ranges from 0.902073 to 0.961445, average 0.940248
Node 5 Table Mem Usage ranges from 0.957298 to 0.985619, average 0.976404
Node 5 Table Mem Usage ranges from 0.978294 to 0.991409, average 0.987588
Vectors Added Node 5: 8.67124 Seconds

Node 9 Table Mem Usage ranges from 0.170650 to 0.208717, average 0.192925
Node 9 Table Mem Usage ranges from 0.759190 to 0.858612, average 0.818509
Node 9 Table Mem Usage ranges from 0.906307 to 0.963097, average 0.941995
Node 9 Table Mem Usage ranges from 0.958000 to 0.986130, average 0.976316
Node 9 Table Mem Usage ranges from 0.978210 to 0.991684, average 0.987171
Vectors Added Node 9: 8.66694 Seconds

Node 2 Table Mem Usage ranges from 0.172009 to 0.207554, average 0.192627
Node 2 Table Mem Usage ranges from 0.755123 to 0.855160, average 0.815950
Node 2 Table Mem Usage ranges from 0.904236 to 0.962234, average 0.940787
Node 2 Table Mem Usage ranges from 0.957294 to 0.985401, average 0.975645
Node 2 Table Mem Usage ranges from 0.978771 to 0.991100, average 0.987149
Vectors Added Node 2: 8.71006 Seconds

Node 4 Table Mem Usage ranges from 0.165115 to 0.202599, average 0.187294
Node 4 Table Mem Usage ranges from 0.756870 to 0.856621, average 0.817163
Node 4 Table Mem Usage ranges from 0.906914 to 0.963089, average 0.942508
Node 4 Table Mem Usage ranges from 0.958523 to 0.985680, average 0.976815
Node 4 Table Mem Usage ranges from 0.978725 to 0.991180, average 0.987526
Vectors Added Node 4: 8.75974 Seconds

Node 26 Table Mem Usage ranges from 0.167404 to 0.205608, average 0.189326
Node 26 Table Mem Usage ranges from 0.747341 to 0.849842, average 0.808872
Node 26 Table Mem Usage ranges from 0.900299 to 0.960022, average 0.938166
Node 26 Table Mem Usage ranges from 0.957623 to 0.985462, average 0.975972
Node 26 Table Mem Usage ranges from 0.980095 to 0.991562, average 0.988029
Vectors Added Node 26: 9.91327 Seconds

Node 29 Table Mem Usage ranges from 0.173412 to 0.210144, average 0.194216
Node 29 Table Mem Usage ranges from 0.761890 to 0.858639, average 0.820562
Node 29 Table Mem Usage ranges from 0.908352 to 0.964375, average 0.943901
Node 29 Table Mem Usage ranges from 0.960171 to 0.987045, average 0.977736
Node 29 Table Mem Usage ranges from 0.980099 to 0.992496, average 0.988472
Vectors Added Node 29: 9.94417 Seconds

Node 11 Table Mem Usage ranges from 0.163208 to 0.199680, average 0.183906
Node 11 Table Mem Usage ranges from 0.748981 to 0.849751, average 0.809661
Node 11 Table Mem Usage ranges from 0.905262 to 0.962635, average 0.941551
Node 11 Table Mem Usage ranges from 0.959290 to 0.987045, average 0.977426
Node 11 Table Mem Usage ranges from 0.980019 to 0.992870, average 0.988573
Vectors Added Node 11: 10.0189 Seconds

Node 6 Table Mem Usage ranges from 0.166325 to 0.203136, average 0.188240
Node 6 Table Mem Usage ranges from 0.743683 to 0.851208, average 0.808177
Node 6 Table Mem Usage ranges from 0.900013 to 0.962353, average 0.939034
Node 6 Table Mem Usage ranges from 0.957951 to 0.987804, average 0.977346
Node 6 Table Mem Usage ranges from 0.980022 to 0.993721, average 0.989159
Vectors Added Node 6: 11.5797 Seconds

Node 0 Table Mem Usage ranges from 0.164246 to 0.203743, average 0.187405
Node 0 Table Mem Usage ranges from 0.742325 to 0.850128, average 0.807486
Node 0 Table Mem Usage ranges from 0.899010 to 0.961842, average 0.938958
Node 0 Table Mem Usage ranges from 0.956848 to 0.987049, average 0.976849
Node 0 Table Mem Usage ranges from 0.979637 to 0.993008, average 0.988865
Vectors Added Node 0: 12.3289 Seconds

Computing Query Hashes Node 9...
Computing Query Hashes Node 22...
Computing Query Hashes Node 15...
Computing Query Hashes Node 2...
Computing Query Hashes Node 29...
Computing Query Hashes Node 8...
Computing Query Hashes Node 23...
Computing Query Hashes Node 0...
Computing Query Hashes Node 17...
Computing Query Hashes Node 1...
Computing Query Hashes Node 10...
Computing Query Hashes Node 3...
Computing Query Hashes Node 14...
Computing Query Hashes Node 5...
Computing Query Hashes Node 20...
Computing Query Hashes Node 18...
Computing Query Hashes Node 7...
Computing Query Hashes Node 26...
Computing Query Hashes Node 19...
Computing Query Hashes Node 24...
Computing Query Hashes Node 4...
Computing Query Hashes Node 12...
Computing Query Hashes Node 13...
Computing Query Hashes Node 16...
Computing Query Hashes Node 27...
Computing Query Hashes Node 25...
Computing Query Hashes Node 21...
Computing Query Hashes Node 28...
Computing Query Hashes Node 11...
Computing Query Hashes Node 6...
Query Hashes Computed Node 8: 0.00997132 Seconds

Query Hashes Computed Node 13: 0.00979472 Seconds

Query Hashes Computed Node 21: 0.0140358 Seconds

Query Hashes Computed Node 10: 0.0141389 Seconds

Query Hashes Computed Node 14: 0.00991351 Seconds

Query Hashes Computed Node 5: 0.0100533 Seconds

Query Hashes Computed Node 18: 0.00993016 Seconds

Query Hashes Computed Node 19: 0.0142156 Seconds

Query Hashes Computed Node 20: 0.0141704 Seconds

Query Hashes Computed Node 22: 0.0141902 Seconds

Query Hashes Computed Node 28: 0.014264 Seconds

Query Hashes Computed Node 27: 0.0143178 Seconds

Query Hashes Computed Node 9: 0.00997605 Seconds

Query Hashes Computed Node 7: 0.0144692 Seconds

Query Hashes Computed Node 25: 0.0100151 Seconds

Query Hashes Computed Node 2: 0.00998029 Seconds

Query Hashes Computed Node 11: 0.0140736 Seconds

Query Hashes Computed Node 6: 0.0100202 Seconds

Query Hashes Computed Node 16: 0.0140149 Seconds

Query Hashes Computed Node 0: 0.0163942 Seconds

Query Hashes Computed Node 29: 0.0139958 Seconds

Query Hashes Computed Node 4: 0.0140328 Seconds

Query Hashes Computed Node 12: 0.0138313 Seconds

Query Hashes Computed Node 1: 0.0140267 Seconds

Query Hashes Computed Node 24: 0.0140082 Seconds

Query Hashes Computed Node 15: 0.0139618 Seconds

Query Hashes Computed Node 23: 0.013979 Seconds

Query Hashes Computed Node 3: 0.0100511 Seconds

Query Hashes Computed Node 17: 0.0184712 Seconds

Extracting Top K (TREE) Node 0...
Extracting Top K (TREE) Node 17...
Extracting Top K (TREE) Node 1...
Extracting Top K (TREE) Node 10...
Extracting Top K (TREE) Node 3...
Extracting Top K (TREE) Node 5...
Extracting Top K (TREE) Node 9...
Extracting Top K (TREE) Node 20...
Extracting Top K (TREE) Node 18...
Extracting Top K (TREE) Node 22...
Extracting Top K (TREE) Node 7...
Extracting Top K (TREE) Node 15...
Extracting Top K (TREE) Node 2...
Query Hashes Computed Node 26: 0.0185724 Seconds

Extracting Top K (TREE) Node 24...
Extracting Top K (TREE) Node 4...
Extracting Top K (TREE) Node 12...
Extracting Top K (TREE) Node 13...
Extracting Top K (TREE) Node 16...
Extracting Top K (TREE) Node 27...
Extracting Top K (TREE) Node 23...
Extracting Top K (TREE) Node 25...
Extracting Top K (TREE) Node 21...
Extracting Top K (TREE) Node 28...
Extracting Top K (TREE) Node 26...
Extracting Top K (TREE) Node 29...
Extracting Top K (TREE) Node 19...
Extracting Top K (TREE) Node 8...
Extracting Top K (TREE) Node 6...
Extracting Top K (TREE) Node 14...
Extracting Top K (TREE) Node 11...
Top K (TREE) Extracted Node 21: 0.76114 Seconds

Top K (TREE) Extracted Node 23: 0.763348 Seconds

Top K (TREE) Extracted Node 19: 0.775321 Seconds

Top K (TREE) Extracted Node 25: 0.807311 Seconds

Top K (TREE) Extracted Node 15: 0.829682 Seconds

Top K (TREE) Extracted Node 17: 0.832578 Seconds

Top K (TREE) Extracted Node 13: 0.835101 Seconds

Top K (TREE) Extracted Node 9: 0.841447 Seconds

Top K (TREE) Extracted Node 29: 0.852592 Seconds

Top K (TREE) Extracted Node 27: 0.853829 Seconds

Top K (TREE) Extracted Node 5: 0.855663 Seconds

Top K (TREE) Extracted Node 11: 0.863102 Seconds

Top K (TREE) Extracted Node 3: 0.87345 Seconds

Top K (TREE) Extracted Node 22: 0.987706 Seconds

Top K (TREE) Extracted Node 1: 1.04045 Seconds

Top K (TREE) Extracted Node 14: 1.06405 Seconds

Top K (TREE) Extracted Node 18: 1.06533 Seconds

Top K (TREE) Extracted Node 26: 1.08761 Seconds

Top K (TREE) Extracted Node 10: 1.0914 Seconds

Top K (TREE) Extracted Node 7: 1.16878 Seconds

Top K (TREE) Extracted Node 28: 1.29727 Seconds

Top K (TREE) Extracted Node 20: 1.29968 Seconds

Top K (TREE) Extracted Node 12: 1.30877 Seconds

Top K (TREE) Extracted Node 2: 1.31176 Seconds

Top K (TREE) Extracted Node 24: 1.51275 Seconds

Top K (TREE) Extracted Node 6: 1.5455 Seconds

Top K (TREE) Extracted Node 4: 1.75788 Seconds

Top K (TREE) Extracted Node 8: 1.99179 Seconds

Top K (TREE) Extracted Node 16: 2.215 Seconds

Top K (TREE) Extracted Node 0: 2.53722 Seconds

Extracting Top K (LINEAR) Node 5...
Extracting Top K (LINEAR) Node 9...
Extracting Top K (LINEAR) Node 7...
Extracting Top K (LINEAR) Node 15...
Extracting Top K (LINEAR) Node 26...
Extracting Top K (LINEAR) Node 27...
Extracting Top K (LINEAR) Node 23...
Extracting Top K (LINEAR) Node 25...
Extracting Top K (LINEAR) Node 21...
Extracting Top K (LINEAR) Node 28...
Extracting Top K (LINEAR) Node 17...
Extracting Top K (LINEAR) Node 1...
Extracting Top K (LINEAR) Node 10...
Extracting Top K (LINEAR) Node 3...
Extracting Top K (LINEAR) Node 14...
Extracting Top K (LINEAR) Node 20...
Extracting Top K (LINEAR) Node 18...
Extracting Top K (LINEAR) Node 22...
Extracting Top K (LINEAR) Node 2...
Extracting Top K (LINEAR) Node 29...
Extracting Top K (LINEAR) Node 19...
Extracting Top K (LINEAR) Node 24...
Extracting Top K (LINEAR) Node 4...
Extracting Top K (LINEAR) Node 12...
Extracting Top K (LINEAR) Node 16...
Extracting Top K (LINEAR) Node 8...
Extracting Top K (LINEAR) Node 11...
Extracting Top K (LINEAR) Node 6...
Extracting Top K (LINEAR) Node 0...
Extracting Top K (LINEAR) Node 13...
Top K (LINEAR) Extracted Node 1: 1.05934 Seconds

Top K (LINEAR) Extracted Node 2: 1.24229 Seconds

Top K (LINEAR) Extracted Node 3: 1.42155 Seconds

Top K (LINEAR) Extracted Node 4: 1.60226 Seconds

Top K (LINEAR) Extracted Node 5: 1.78192 Seconds

Top K (LINEAR) Extracted Node 6: 1.96243 Seconds

Top K (LINEAR) Extracted Node 7: 2.14249 Seconds

Top K (LINEAR) Extracted Node 8: 2.3236 Seconds

Top K (LINEAR) Extracted Node 9: 2.50502 Seconds

Top K (LINEAR) Extracted Node 10: 2.68426 Seconds

Top K (LINEAR) Extracted Node 11: 2.86333 Seconds

Top K (LINEAR) Extracted Node 12: 3.04326 Seconds

Top K (LINEAR) Extracted Node 13: 3.22184 Seconds

Top K (LINEAR) Extracted Node 14: 3.39905 Seconds

Top K (LINEAR) Extracted Node 15: 3.57791 Seconds

Top K (LINEAR) Extracted Node 16: 3.75316 Seconds

Top K (LINEAR) Extracted Node 17: 3.92761 Seconds

Top K (LINEAR) Extracted Node 18: 4.09622 Seconds

Top K (LINEAR) Extracted Node 19: 4.27578 Seconds

Top K (LINEAR) Extracted Node 20: 4.45278 Seconds

Top K (LINEAR) Extracted Node 21: 4.63479 Seconds

Top K (LINEAR) Extracted Node 22: 4.81438 Seconds

Top K (LINEAR) Extracted Node 23: 4.99375 Seconds

Top K (LINEAR) Extracted Node 24: 5.17319 Seconds

Top K (LINEAR) Extracted Node 25: 5.34915 Seconds

Top K (LINEAR) Extracted Node 26: 5.52761 Seconds

Top K (LINEAR) Extracted Node 27: 5.82454 Seconds

Top K (LINEAR) Extracted Node 28: 6.00249 Seconds

Top K (LINEAR) Extracted Node 29: 6.17636 Seconds

Top K (LINEAR) Extracted Node 0: 11.9251 Seconds

Extracting Top K (BRUTEFORCE) Node 9...
Extracting Top K (BRUTEFORCE) Node 29...
Extracting Top K (BRUTEFORCE) Node 24...
Extracting Top K (BRUTEFORCE) Node 25...
Extracting Top K (BRUTEFORCE) Node 0...
Extracting Top K (BRUTEFORCE) Node 17...
Extracting Top K (BRUTEFORCE) Node 1...
Extracting Top K (BRUTEFORCE) Node 10...
Extracting Top K (BRUTEFORCE) Node 3...
Extracting Top K (BRUTEFORCE) Node 14...
Extracting Top K (BRUTEFORCE) Node 20...
Extracting Top K (BRUTEFORCE) Node 18...
Extracting Top K (BRUTEFORCE) Node 22...
Extracting Top K (BRUTEFORCE) Node 7...
Extracting Top K (BRUTEFORCE) Node 15...
Extracting Top K (BRUTEFORCE) Node 2...
Extracting Top K (BRUTEFORCE) Node 26...
Extracting Top K (BRUTEFORCE) Node 19...
Extracting Top K (BRUTEFORCE) Node 4...
Extracting Top K (BRUTEFORCE) Node 12...
Extracting Top K (BRUTEFORCE) Node 13...
Extracting Top K (BRUTEFORCE) Node 16...
Extracting Top K (BRUTEFORCE) Node 8...
Extracting Top K (BRUTEFORCE) Node 27...
Extracting Top K (BRUTEFORCE) Node 23...
Extracting Top K (BRUTEFORCE) Node 21...
Extracting Top K (BRUTEFORCE) Node 28...
Extracting Top K (BRUTEFORCE) Node 11...
Extracting Top K (BRUTEFORCE) Node 6...
Extracting Top K (BRUTEFORCE) Node 5...
Top K (BRUTEFORCE) Extracted Node 1: 0.159292 Seconds

Top K (BRUTEFORCE) Extracted Node 2: 0.202482 Seconds

Top K (BRUTEFORCE) Extracted Node 3: 0.248866 Seconds

Top K (BRUTEFORCE) Extracted Node 4: 0.294828 Seconds

Top K (BRUTEFORCE) Extracted Node 5: 0.340857 Seconds

Top K (BRUTEFORCE) Extracted Node 6: 0.38635 Seconds

Top K (BRUTEFORCE) Extracted Node 7: 0.431241 Seconds

Top K (BRUTEFORCE) Extracted Node 8: 0.475884 Seconds

Top K (BRUTEFORCE) Extracted Node 9: 0.52078 Seconds

Top K (BRUTEFORCE) Extracted Node 10: 0.567638 Seconds

Top K (BRUTEFORCE) Extracted Node 11: 0.611618 Seconds

Top K (BRUTEFORCE) Extracted Node 12: 0.656569 Seconds

Top K (BRUTEFORCE) Extracted Node 13: 0.703531 Seconds

Top K (BRUTEFORCE) Extracted Node 14: 0.748127 Seconds

Top K (BRUTEFORCE) Extracted Node 15: 0.79457 Seconds

Top K (BRUTEFORCE) Extracted Node 16: 0.839805 Seconds

Top K (BRUTEFORCE) Extracted Node 17: 0.885516 Seconds

Top K (BRUTEFORCE) Extracted Node 18: 0.930339 Seconds

Top K (BRUTEFORCE) Extracted Node 19: 0.976195 Seconds

Top K (BRUTEFORCE) Extracted Node 20: 1.02101 Seconds

Top K (BRUTEFORCE) Extracted Node 21: 1.06553 Seconds

Top K (BRUTEFORCE) Extracted Node 22: 1.11108 Seconds

Top K (BRUTEFORCE) Extracted Node 23: 1.15716 Seconds

Top K (BRUTEFORCE) Extracted Node 24: 1.20198 Seconds

Top K (BRUTEFORCE) Extracted Node 25: 1.24923 Seconds

Top K (BRUTEFORCE) Extracted Node 26: 1.29306 Seconds

Top K (BRUTEFORCE) Extracted Node 27: 1.33976 Seconds

Top K (BRUTEFORCE) Extracted Node 28: 1.38509 Seconds

Top K (BRUTEFORCE) Extracted Node 29: 1.48989 Seconds

Top K (BRUTEFORCE) Extracted Node 0: 21.8518 Seconds

