
=================
== KDD12
=================

140000000 Vectors, 10000 Queries
Nodes: 8
Tables: 16
RangePow: 18
Reservoir Size: 256
Hashes: 4
Using Bruteforce Aggregation
Using Linear Aggregation
CMS Bucket Size: 2048
CMS Hashes: 4

LSH Initialized in Node 0
LSH Initialized in Node 2
LSH Initialized in Node 4
LSH Initialized in Node 1
LSH Initialized in Node 3
LSH Initialized in Node 5
LSH Initialized in Node 6
LSH Initialized in Node 7
CMS Initialized in Node 0
CMS Initialized in Node 1
CMS Initialized in Node 2
CMS Initialized in Node 3
CMS Initialized in Node 4
CMS Initialized in Node 5
CMS Initialized in Node 6
CMS Initialized in Node 7
LSH Reservoir Initialized in Node 7
LSH Reservoir Initialized in Node 5
LSH Reservoir Initialized in Node 4
LSH Reservoir Initialized in Node 3
LSH Reservoir Initialized in Node 6
LSH Reservoir Initialized in Node 1
LSH Reservoir Initialized in Node 2
LSH Reservoir Initialized in Node 0
FLASH Controller Initialized in Node 0

Reading Data Node 0...
FLASH Controller Initialized in Node 1

Reading Data Node 1...
FLASH Controller Initialized in Node 3

Reading Data Node 3...
FLASH Controller Initialized in Node 2

Reading Data Node 2...
FLASH Controller Initialized in Node 4

Reading Data Node 4...
FLASH Controller Initialized in Node 5

Reading Data Node 5...
FLASH Controller Initialized in Node 6

Reading Data Node 6...
FLASH Controller Initialized in Node 7

Reading Data Node 7...
[readSparse]
[readSparse]
[readSparse]
[readSparse]
[readSparse]
[readSparse]
[readSparse]
[readSparse]
[readSparse] Read 192500000 numbers, 17500000 vectors. 
[readSparse] Read 192500000 numbers, 17500000 vectors. 
[readSparse] Read 192500000 numbers, 17500000 vectors. 
[readSparse] Read 192500000 numbers, 17500000 vectors. 
[readSparse] Read 192500000 numbers, 17500000 vectors. 
[readSparse] Read 192500000 numbers, 17500000 vectors. 
[readSparse] Read 192500000 numbers, 17500000 vectors. 
[readSparse] Read 192500000 numbers, 17500000 vectors. 
Data Read Node 7: 112.182 Seconds

Data Read Node 4: 112.182 Seconds

Data Read Node 6: 112.182 Seconds

Data Read Node 0: 112.182 Seconds

Data Read Node 2: 112.182 Seconds

Data Read Node 3: 112.182 Seconds

[readSparse]
Data Read Node 1: 112.182 Seconds

Data Read Node 5: 112.182 Seconds

[readSparse] Read 110000 numbers, 10000 vectors. 
Adding Vectors Node 0...
Adding Vectors Node 1...
Adding Vectors Node 2...
Adding Vectors Node 3...
Adding Vectors Node 4...
Adding Vectors Node 5...
Adding Vectors Node 6...
Adding Vectors Node 7...
Node 5 Table Mem Usage ranges from 0.250710 to 0.372616, average 0.331314
Node 5 Table Mem Usage ranges from 0.896820 to 0.989822, average 0.969048
Node 5 Table Mem Usage ranges from 0.980442 to 0.999516, average 0.996830
Node 5 Table Mem Usage ranges from 0.995586 to 0.999763, average 0.999317
Node 5 Table Mem Usage ranges from 0.998905 to 0.999840, average 0.999685
Vectors Added Node 5: 51.0154 Seconds

Node 6 Table Mem Usage ranges from 0.246822 to 0.364311, average 0.326822
Node 6 Table Mem Usage ranges from 0.901726 to 0.989918, average 0.970787
Node 6 Table Mem Usage ranges from 0.980949 to 0.999474, average 0.996929
Node 6 Table Mem Usage ranges from 0.995853 to 0.999779, average 0.999353
Node 6 Table Mem Usage ranges from 0.999638 to 0.999840, average 0.999750
Vectors Added Node 6: 54.6188 Seconds

Node 4 Table Mem Usage ranges from 0.446579 to 0.540806, average 0.501438
Node 4 Table Mem Usage ranges from 0.983578 to 0.997952, average 0.993497
Node 4 Table Mem Usage ranges from 0.998711 to 0.999718, average 0.999476
Node 4 Table Mem Usage ranges from 0.999554 to 0.999760, average 0.999667
Node 4 Table Mem Usage ranges from 0.999584 to 0.999760, average 0.999681
Vectors Added Node 4: 56.6907 Seconds

Node 7 Table Mem Usage ranges from 0.429722 to 0.523365, average 0.483586
Node 7 Table Mem Usage ranges from 0.983368 to 0.997795, average 0.993491
Node 7 Table Mem Usage ranges from 0.998756 to 0.999680, average 0.999476
Node 7 Table Mem Usage ranges from 0.999546 to 0.999756, average 0.999683
Node 7 Table Mem Usage ranges from 0.999569 to 0.999756, average 0.999696
Vectors Added Node 7: 59.3761 Seconds

Node 3 Table Mem Usage ranges from 0.446514 to 0.539715, average 0.500673
Node 3 Table Mem Usage ranges from 0.984135 to 0.997883, average 0.993681
Node 3 Table Mem Usage ranges from 0.998844 to 0.999710, average 0.999488
Node 3 Table Mem Usage ranges from 0.999592 to 0.999760, average 0.999684
Node 3 Table Mem Usage ranges from 0.999615 to 0.999771, average 0.999690
Vectors Added Node 3: 60.1894 Seconds

Node 1 Table Mem Usage ranges from 0.430691 to 0.525097, average 0.485670
Node 1 Table Mem Usage ranges from 0.983635 to 0.997646, average 0.993487
Node 1 Table Mem Usage ranges from 0.998718 to 0.999691, average 0.999479
Node 1 Table Mem Usage ranges from 0.999619 to 0.999737, average 0.999683
Node 1 Table Mem Usage ranges from 0.999619 to 0.999760, average 0.999692
Vectors Added Node 1: 60.4171 Seconds

Node 0 Table Mem Usage ranges from 0.432552 to 0.529640, average 0.489033
Node 0 Table Mem Usage ranges from 0.983227 to 0.997681, average 0.993282
Node 0 Table Mem Usage ranges from 0.998711 to 0.999729, average 0.999460
Node 0 Table Mem Usage ranges from 0.999599 to 0.999794, average 0.999676
Node 0 Table Mem Usage ranges from 0.999611 to 0.999794, average 0.999687
Vectors Added Node 0: 60.6772 Seconds

Computing Query Hashes Node 1...
Node 2 Table Mem Usage ranges from 0.433689 to 0.525616, average 0.488432
Node 2 Table Mem Usage ranges from 0.984219 to 0.997913, average 0.993693
Node 2 Table Mem Usage ranges from 0.998798 to 0.999687, average 0.999475
Node 2 Table Mem Usage ranges from 0.999615 to 0.999741, average 0.999677
Node 2 Table Mem Usage ranges from 0.999615 to 0.999744, average 0.999686
Vectors Added Node 2: 61.6615 Seconds

Computing Query Hashes Node 2...
Computing Query Hashes Node 3...
Computing Query Hashes Node 7...
Computing Query Hashes Node 0...
Computing Query Hashes Node 4...
Computing Query Hashes Node 5...
Computing Query Hashes Node 6...
Query Hashes Computed Node 3: 0.00255561 Seconds

Query Hashes Computed Node 4: 0.0025477 Seconds

Query Hashes Computed Node 5: 0.00255905 Seconds

Query Hashes Computed Node 6: 0.00254401 Seconds

Query Hashes Computed Node 0: 0.00259183 Seconds

Query Hashes Computed Node 1: 0.00263395 Seconds

Query Hashes Computed Node 2: 0.00259317 Seconds

Extracting Top K (CMS) Node 2...
Query Hashes Computed Node 7: 0.00261606 Seconds

Extracting Top K (CMS) Node 7...
Extracting Top K (CMS) Node 0...
Extracting Top K (CMS) Node 1...
Extracting Top K (CMS) Node 3...
Extracting Top K (CMS) Node 4...
Extracting Top K (CMS) Node 5...
Extracting Top K (CMS) Node 6...
Top K Extracted Node 1: 1.67947 Seconds

Top K Extracted Node 2: 1.899 Seconds

Top K Extracted Node 3: 2.13855 Seconds

Top K Extracted Node 4: 2.50575 Seconds

Top K Extracted Node 5: 2.92765 Seconds

Top K Extracted Node 6: 3.33836 Seconds

Top K Extracted Node 7: 4.24482 Seconds

Top K Extracted Node 0: 6.80476 Seconds

[readSparse]
slurmstepd: Exceeded job memory limit at some point.
[readSparse] Read 1540110000 numbers, 140010000 vectors. 


================================
TOP K CMS

[similarityMetric] Averaging output. 

S@k = s_out(s_true): In top k, average output similarity (average groundtruth similarity). 
S@1 = 0.829 
S@10 = 0.786 
S@20 = 0.763 
S@30 = 0.746 
S@32 = 0.743 
S@40 = 0.732 
S@50 = 0.720 
S@64 = 0.705 
S@100 = 0.678 
S@128 = 0.661 
1 10 20 30 32 40 50 64 100 128 
0.829 0.786 0.763 0.746 0.743 0.732 0.720 0.705 0.678 0.661 
Similarity Metric Computed
slurmstepd: Exceeded job memory limit at some point.
