
=================
== KDD12
=================

140000000 Vectors, 10000 Queries
Nodes: 9
Tables: 16
RangePow: 18
Reservoir Size: 256
Hashes: 4
Using CMS Aggregation
Using Linear Aggregation
CMS Bucket Size: 2048
CMS Hashes: 4

LSH Initialized in Node 0
LSH Initialized in Node 1
LSH Initialized in Node 2
LSH Initialized in Node 4
LSH Initialized in Node 5
LSH Initialized in Node 6
LSH Initialized in Node 8
LSH Initialized in Node 3
LSH Initialized in Node 7
CMS Initialized in Node 0
CMS Initialized in Node 1
CMS Initialized in Node 3
CMS Initialized in Node 4
CMS Initialized in Node 5
CMS Initialized in Node 7
CMS Initialized in Node 8
CMS Initialized in Node 2
CMS Initialized in Node 6
LSH Reservoir Initialized in Node 7
LSH Reservoir Initialized in Node 5
LSH Reservoir Initialized in Node 3
LSH Reservoir Initialized in Node 1
LSH Reservoir Initialized in Node 4
LSH Reservoir Initialized in Node 6
LSH Reservoir Initialized in Node 8
LSH Reservoir Initialized in Node 2
LSH Reservoir Initialized in Node 0
FLASH Controller Initialized in Node 0

Reading Data Node 0...
FLASH Controller Initialized in Node 7

Reading Data Node 7...
FLASH Controller Initialized in Node 1

Reading Data Node 1...
FLASH Controller Initialized in Node 2

Reading Data Node 2...
FLASH Controller Initialized in Node 3

Reading Data Node 3...
FLASH Controller Initialized in Node 4

Reading Data Node 4...
FLASH Controller Initialized in Node 5

Reading Data Node 5...
FLASH Controller Initialized in Node 6

Reading Data Node 6...
[readSparse]
FLASH Controller Initialized in Node 8

Reading Data Node 8...
[readSparse]
[readSparse]
[readSparse]
[readSparse]
[readSparse]
[readSparse]
[readSparse]
[readSparse]
[readSparse] Read 171111127 numbers, 15555557 vectors. 
[readSparse] Read 171111127 numbers, 15555557 vectors. 
[readSparse] Read 171111127 numbers, 15555557 vectors. 
[readSparse] Read 171111127 numbers, 15555557 vectors. 
[readSparse] Read 171111127 numbers, 15555557 vectors. 
[readSparse] Read 171111116 numbers, 15555556 vectors. 
[readSparse] Read 171111116 numbers, 15555556 vectors. 
[readSparse] Read 171111116 numbers, 15555556 vectors. 
[readSparse] Read 171111116 numbers, 15555556 vectors. 
Data Read Node 7: 105.243 Seconds

Data Read Node 8: 105.243 Seconds

Data Read Node 0: 105.243 Seconds

Data Read Node 1: 105.243 Seconds

Data Read Node 2: 105.243 Seconds

Data Read Node 3: 105.243 Seconds

Data Read Node 4: 105.243 Seconds

Data Read Node 5: 105.243 Seconds

[readSparse]
Data Read Node 6: 105.243 Seconds

[readSparse] Read 110000 numbers, 10000 vectors. 
Adding Vectors Node 0...
Adding Vectors Node 1...
Adding Vectors Node 2...
Adding Vectors Node 3...
Adding Vectors Node 4...
Adding Vectors Node 5...
Adding Vectors Node 6...
Adding Vectors Node 7...
Adding Vectors Node 8...
Node 5 Table Mem Usage ranges from 0.407120 to 0.496521, average 0.458395
Node 5 Table Mem Usage ranges from 0.927784 to 0.989239, average 0.972907
Node 5 Table Mem Usage ranges from 0.983738 to 0.999306, average 0.996781
Node 5 Table Mem Usage ranges from 0.995781 to 0.999691, average 0.999234
Node 5 Table Mem Usage ranges from 0.998760 to 0.999760, average 0.999619
Vectors Added Node 5: 46.4943 Seconds

Node 7 Table Mem Usage ranges from 0.227444 to 0.337917, average 0.302341
Node 7 Table Mem Usage ranges from 0.876629 to 0.985352, average 0.959058
Node 7 Table Mem Usage ranges from 0.972477 to 0.999332, average 0.995140
Node 7 Table Mem Usage ranges from 0.998554 to 0.999737, average 0.999592
Node 7 Table Mem Usage ranges from 0.999657 to 0.999821, average 0.999751
Vectors Added Node 7: 49.5947 Seconds

Node 3 Table Mem Usage ranges from 0.408092 to 0.494579, average 0.457513
Node 3 Table Mem Usage ranges from 0.977779 to 0.996311, average 0.990247
Node 3 Table Mem Usage ranges from 0.997993 to 0.999622, average 0.999285
Node 3 Table Mem Usage ranges from 0.999550 to 0.999741, average 0.999683
Node 3 Table Mem Usage ranges from 0.999668 to 0.999771, average 0.999712
Vectors Added Node 3: 53.6966 Seconds

Node 1 Table Mem Usage ranges from 0.409569 to 0.499653, average 0.461550
Node 1 Table Mem Usage ranges from 0.975227 to 0.995983, average 0.989375
Node 1 Table Mem Usage ranges from 0.998013 to 0.999653, average 0.999277
Node 1 Table Mem Usage ranges from 0.999630 to 0.999775, average 0.999679
Node 1 Table Mem Usage ranges from 0.999653 to 0.999775, average 0.999706
Vectors Added Node 1: 54.6644 Seconds

Node 6 Table Mem Usage ranges from 0.228516 to 0.340263, average 0.303626
Node 6 Table Mem Usage ranges from 0.876030 to 0.984062, average 0.958200
Node 6 Table Mem Usage ranges from 0.971054 to 0.999310, average 0.995041
Node 6 Table Mem Usage ranges from 0.992596 to 0.999805, average 0.999005
Node 6 Table Mem Usage ranges from 0.997982 to 0.999847, average 0.999647
Vectors Added Node 6: 60.0146 Seconds

Node 4 Table Mem Usage ranges from 0.399281 to 0.489372, average 0.452155
Node 4 Table Mem Usage ranges from 0.976009 to 0.996395, average 0.989900
Node 4 Table Mem Usage ranges from 0.997963 to 0.999779, average 0.999300
Node 4 Table Mem Usage ranges from 0.999622 to 0.999840, average 0.999747
Node 4 Table Mem Usage ranges from 0.999702 to 0.999840, average 0.999773
Vectors Added Node 4: 73.4558 Seconds

Node 2 Table Mem Usage ranges from 0.416592 to 0.503956, average 0.467241
Node 2 Table Mem Usage ranges from 0.975582 to 0.996330, average 0.989841
Node 2 Table Mem Usage ranges from 0.998089 to 0.999714, average 0.999344
Node 2 Table Mem Usage ranges from 0.999653 to 0.999809, average 0.999747
Node 2 Table Mem Usage ranges from 0.999729 to 0.999809, average 0.999774
Vectors Added Node 2: 73.9757 Seconds

Node 0 Table Mem Usage ranges from 0.401054 to 0.493538, average 0.454999
Node 0 Table Mem Usage ranges from 0.975731 to 0.996006, average 0.989555
Node 0 Table Mem Usage ranges from 0.997959 to 0.999737, average 0.999282
Node 0 Table Mem Usage ranges from 0.999649 to 0.999790, average 0.999720
Node 0 Table Mem Usage ranges from 0.999702 to 0.999794, average 0.999750
Vectors Added Node 0: 74.0683 Seconds

Node 8 Table Mem Usage ranges from 0.416584 to 0.503769, average 0.467635
Node 8 Table Mem Usage ranges from 0.976460 to 0.996231, average 0.989978
Node 8 Table Mem Usage ranges from 0.998032 to 0.999737, average 0.999332
Node 8 Table Mem Usage ranges from 0.999653 to 0.999798, average 0.999751
Node 8 Table Mem Usage ranges from 0.999718 to 0.999844, average 0.999782
Vectors Added Node 8: 75.539 Seconds

Computing Query Hashes Node 8...
Computing Query Hashes Node 0...
Computing Query Hashes Node 1...
Computing Query Hashes Node 2...
Computing Query Hashes Node 3...
Computing Query Hashes Node 4...
Computing Query Hashes Node 5...
Computing Query Hashes Node 6...
Computing Query Hashes Node 7...
Query Hashes Computed Node 7: 0.0024032 Seconds

Query Hashes Computed Node 8: 0.00236621 Seconds

Query Hashes Computed Node 3: 0.00244201 Seconds

Query Hashes Computed Node 4: 0.00240966 Seconds

Query Hashes Computed Node 5: 0.00245013 Seconds

Query Hashes Computed Node 6: 0.0024436 Seconds

Query Hashes Computed Node 0: 0.00245914 Seconds

Query Hashes Computed Node 1: 0.00251057 Seconds

Query Hashes Computed Node 2: 0.00250873 Seconds

Extracting Top K (CMS) Node 0...
Extracting Top K (CMS) Node 1...
Extracting Top K (CMS) Node 2...
Extracting Top K (CMS) Node 3...
Extracting Top K (CMS) Node 4...
Extracting Top K (CMS) Node 5...
Extracting Top K (CMS) Node 6...
Extracting Top K (CMS) Node 7...
Extracting Top K (CMS) Node 8...
Top K Extracted Node 1: 2.20998 Seconds

Top K Extracted Node 2: 2.62797 Seconds

Top K Extracted Node 3: 3.05251 Seconds

Top K Extracted Node 4: 3.47187 Seconds

Top K Extracted Node 5: 3.88721 Seconds

Top K Extracted Node 6: 4.29433 Seconds

Top K Extracted Node 7: 4.70577 Seconds

Top K Extracted Node 8: 5.52237 Seconds

Top K Extracted Node 0: 8.578 Seconds

[readSparse]
slurmstepd: Exceeded job memory limit at some point.
[readSparse] Read 1540110000 numbers, 140010000 vectors. 


================================
TOP K CMS

[similarityMetric] Averaging output. 

S@k = s_out(s_true): In top k, average output similarity (average groundtruth similarity). 
S@1 = 0.831 
S@10 = 0.789 
S@20 = 0.765 
S@30 = 0.748 
S@32 = 0.745 
S@40 = 0.735 
S@50 = 0.723 
S@64 = 0.709 
S@100 = 0.682 
S@128 = 0.665 
1 10 20 30 32 40 50 64 100 128 
0.831 0.789 0.765 0.748 0.745 0.735 0.723 0.709 0.682 0.665 
Similarity Metric Computed
slurmstepd: Exceeded job memory limit at some point.
